   LOG10(FN) FN  Magnitudes: Lamda11, Lamda22 ...
 -0.30103000         0.50000000         0.25412295E-11     0.61458680E-12     0.61430533E-12     0.26001477E-12     0.47545702E-14     0.47637989E-14     0.10116080E-13
 -0.23801970         0.57806983         0.29393365E-11     0.71055113E-12     0.71022567E-12     0.30072569E-12     0.55140410E-14     0.55256080E-14     0.13328149E-13
 -0.17500940         0.66832946         0.34001259E-11     0.82150064E-12     0.82112431E-12     0.34784095E-12     0.64012219E-14     0.64159706E-14     0.17595693E-13
 -0.11199910         0.77268219         0.39336019E-11     0.94977574E-12     0.94934056E-12     0.40238200E-12     0.74408817E-14     0.74600375E-14     0.23264745E-13
 -0.48988796E-01     0.89332853         0.45514259E-11     0.10980825E-11     0.10975793E-11     0.46554013E-12     0.86641651E-14     0.86895211E-14     0.30793395E-13
  0.14021504E-01      1.0328125         0.52672193E-11     0.12695501E-11     0.12689680E-11     0.53870812E-12     0.10110847E-13     0.10145037E-13     0.40787164E-13
  0.77031804E-01      1.1940755         0.60969347E-11     0.14677965E-11     0.14671233E-11     0.62352001E-12     0.11832524E-13     0.11879421E-13     0.54044830E-13
  0.14004210          1.3805181         0.70593176E-11     0.16970059E-11     0.16962270E-11     0.72190156E-12     0.13897138E-13     0.13962423E-13     0.71617250E-13
  0.20305240          1.5960717         0.81764890E-11     0.19620169E-11     0.19611156E-11     0.83613644E-12     0.16395324E-13     0.16487294E-13     0.94881828E-13
  0.26606270          1.8452818         0.94746945E-11     0.22684252E-11     0.22673820E-11     0.96895583E-12     0.19449262E-13     0.19579934E-13     0.12563480E-12
  0.32907300          2.1334035         0.10985286E-10     0.26227032E-11     0.26214953E-11     0.11236645E-11     0.23224833E-13     0.23411439E-13     0.16620189E-12
  0.39208330          2.4665124         0.12746035E-10     0.30323378E-11     0.30309383E-11     0.13043272E-11     0.27948060E-13     0.28215003E-13     0.21956313E-12
  0.45509360          2.8516328         0.14802939E-10     0.35059904E-11     0.35043680E-11     0.15160583E-11     0.33927021E-13     0.34308385E-13     0.28947776E-12
  0.51810390          3.2968858         0.17212750E-10     0.40536832E-11     0.40518007E-11     0.17655001E-11     0.41580665E-13     0.42123376E-13     0.38057200E-12
  0.58111420          3.8116604         0.20046612E-10     0.46870157E-11     0.46848287E-11     0.20616547E-11     0.51476414E-13     0.52244193E-13     0.49830628E-12
  0.64412450          4.4068118         0.23395412E-10     0.54194162E-11     0.54168716E-11     0.24174007E-11     0.64379138E-13     0.65457429E-13     0.64864713E-12
  0.70713480          5.0948899         0.27377776E-10     0.62664359E-11     0.62634692E-11     0.28522844E-11     0.81315200E-13     0.82817335E-13     0.83712521E-12
  0.77014510          5.8904043         0.32152201E-10     0.72460925E-11     0.72426248E-11     0.33972697E-11     0.10365668E-12     0.10573157E-12     0.10669088E-11
  0.83315540          6.8101300         0.37935449E-10     0.83792728E-11     0.83752061E-11     0.41004803E-11     0.13323281E-12     0.13607446E-12     0.13363339E-11
  0.89616570          7.8734614         0.45030093E-10     0.96902068E-11     0.96854181E-11     0.50269044E-11     0.17247782E-12     0.17633661E-12     0.16391641E-11
  0.95917600          9.1028210         0.53864226E-10     0.11207028E-10     0.11201360E-10     0.62430960E-11     0.22462691E-12     0.22982246E-12     0.19712622E-11
   1.0221863          10.524132         0.65045007E-10     0.12962435E-10     0.12955688E-10     0.77991443E-11     0.29397593E-12     0.30091017E-12     0.23372202E-11
   1.0851966          12.167367         0.79424316E-10     0.14994487E-10     0.14986400E-10     0.97280182E-11     0.38622397E-12     0.39539212E-12     0.27487425E-11
   1.1482069          14.067175         0.98171719E-10     0.17347555E-10     0.17337789E-10     0.12055152E-10     0.50892443E-12     0.52091931E-12     0.32204339E-11
   1.2112172          16.263619         0.12285359E-09     0.20073465E-10     0.20061585E-10     0.14808401E-10     0.67207677E-12     0.68757939E-12     0.37684668E-11
   1.2742275          18.803015         0.15552962E-09     0.23232906E-10     0.23218357E-10     0.18028454E-10     0.88890133E-12     0.90864784E-12     0.44112540E-11
   1.3372378          21.738912         0.19888875E-09     0.26897136E-10     0.26879235E-10     0.21779016E-10     0.11768518E-11     0.12015654E-11     0.51707016E-11
   1.4002481          25.133218         0.25644528E-09     0.31150120E-10     0.31128058E-10     0.26155305E-10     0.15589376E-11     0.15892166E-11     0.60735996E-11
   1.4632584          29.057510         0.33280871E-09     0.36091192E-10     0.36064077E-10     0.31291898E-10     0.20654501E-11     0.21016147E-11     0.71530848E-11
   1.5262687          33.594540         0.43403893E-09     0.41838467E-10     0.41805404E-10     0.37372599E-10     0.27362183E-11     0.27781404E-11     0.84501567E-11
   1.5892790          38.839980         0.56810412E-09     0.48533245E-10     0.48493479E-10     0.44644827E-10     0.36235533E-11     0.36705279E-11     0.10015193E-10
   1.6522893          44.904442         0.74546572E-09     0.56345854E-10     0.56298934E-10     0.53440142E-10     0.47960874E-11     0.48468327E-11     0.11909428E-10
   1.7152996          51.915806         0.97982229E-09     0.65483496E-10     0.65429419E-10     0.64201570E-10     0.63437638E-11     0.63966443E-11     0.14206488E-10
   1.7783099          60.021923         0.12890519E-08     0.76200944E-10     0.76140212E-10     0.77517171E-10     0.83842927E-11     0.84378160E-11     0.16994421E-10
   1.8413202          69.393725         0.16964043E-08     0.88815295E-10     0.88748797E-10     0.94157731E-10     0.11071453E-10     0.11125002E-10     0.20379162E-10
   1.9043305          80.228838         0.22320154E-08     0.10372647E-09     0.10365520E-09     0.11511503E-09     0.14605670E-10     0.14660317E-10     0.24490910E-10
   1.9673408          92.755742         0.29348583E-08     0.12144592E-09     0.12137061E-09     0.14163699E-09     0.19247293E-10     0.19306487E-10     0.29495005E-10
   2.0303511          107.23859         0.38553137E-08     0.14263727E-09     0.14255813E-09     0.17525817E-09     0.25332954E-10     0.25402863E-10     0.35608527E-10
   2.0933614          123.98279         0.50586490E-08     0.16817406E-09     0.16809089E-09     0.21782872E-09     0.33295205E-10     0.33384636E-10     0.43123298E-10
   2.1563717          143.34142         0.66298236E-08     0.19922236E-09     0.19913514E-09     0.27155159E-09     0.43685487E-10     0.43805435E-10     0.52435908E-10
   2.2193820          165.72270         0.86801512E-08     0.23735886E-09     0.23726878E-09     0.33904604E-09     0.57200291E-10     0.57363344E-10     0.64086081E-10
   2.2823923          191.59859         0.11356412E-07     0.28473766E-09     0.28464819E-09     0.42346319E-09     0.74710723E-10     0.74930601E-10     0.78805812E-10
   2.3454026          221.51473         0.14853012E-07     0.34432037E-09     0.34423781E-09     0.52868139E-09     0.97297303E-10     0.97588787E-10     0.97582954E-10
   2.4084129          256.10196         0.19427796E-07     0.42017917E-09     0.42011211E-09     0.65960118E-09     0.12629704E-09     0.12667638E-09     0.12174431E-09
   2.4714232          296.08963         0.25422328E-07     0.51786864E-09     0.51782626E-09     0.82254077E-09     0.16338018E-09     0.16386584E-09     0.15306532E-09
   2.5344335          342.32097         0.33287836E-07     0.64484325E-09     0.64483301E-09     0.10257126E-08     0.21068721E-09     0.21130098E-09     0.19391611E-09
   2.5974438          395.77085         0.43618755E-07     0.81089888E-09     0.81092466E-09     0.12797544E-08     0.27106036E-09     0.27182856E-09     0.24745735E-09
   2.6604541          457.56638         0.57196669E-07     0.10286701E-08     0.10287317E-08     0.15983065E-08     0.34838259E-09     0.34933795E-09     0.31790332E-09
   2.7234644          529.01063         0.75048569E-07     0.13142961E-08     0.13143904E-08     0.19986712E-08     0.44800807E-09     0.44919243E-09     0.41087431E-09
   2.7864747          611.61018         0.98524525E-07     0.16883964E-08     0.16885187E-08     0.25026498E-08     0.57727108E-09     0.57873933E-09     0.53386697E-09
   2.8494850          707.10678         0.12940119E-06     0.21774476E-08     0.21775933E-08     0.31376947E-08     0.74610531E-09     0.74793064E-09     0.69688091E-09
   2.9124953          817.51419         0.17001903E-06     0.28156137E-08     0.28157791E-08     0.39385239E-08     0.96784861E-09     0.97012930E-09     0.91325383E-09
   2.9755056          945.16058         0.22346323E-06     0.36471028E-08     0.36472851E-08     0.49493056E-08     0.12603269E-08     0.12631946E-08     0.12007754E-08
   3.0385159          1092.7376         0.29380133E-06     0.47291830E-08     0.47293806E-08     0.62264818E-08     0.16473206E-08     0.16509510E-08     0.15831751E-08
   3.1015262          1263.3573         0.38639540E-06     0.61360605E-08     0.61362725E-08     0.78423266E-08     0.21605400E-08     0.21651649E-08     0.20921088E-08
   3.1645365          1460.6175         0.50831309E-06     0.79638837E-08     0.79641101E-08     0.98894362E-08     0.28422730E-08     0.28481965E-08     0.27698125E-08
   3.2275468          1688.6778         0.66886997E-06     0.10337225E-07     0.10337466E-07     0.12486508E-07     0.37489285E-08     0.37565456E-08     0.36726457E-08
   3.2905571          1952.3474         0.88034505E-06     0.13417483E-07     0.13417741E-07     0.15785884E-07     0.49557722E-08     0.49655892E-08     0.48758195E-08
   3.3535674          2257.1863         0.11589246E-05     0.17413797E-07     0.17414072E-07     0.19983420E-07     0.65632558E-08     0.65759105E-08     0.64797087E-08
   3.4165777          2609.6226         0.15259458E-05     0.22597228E-07     0.22597522E-07     0.25331343E-07     0.87054746E-08     0.87217480E-08     0.86182720E-08
   3.4795880          3017.0882         0.20095363E-05     0.29319211E-07     0.29319526E-07     0.32155003E-07     0.11561473E-07     0.11582280E-07     0.11470285E-07
   3.5425983          3488.1753         0.26467740E-05     0.38035571E-07     0.38035912E-07     0.40874700E-07     0.15370353E-07     0.15396686E-07     0.15274324E-07
   3.6056086          4032.8178         0.34865334E-05     0.49337827E-07     0.49338196E-07     0.52034214E-07     0.20451444E-07     0.20484259E-07     0.20348761E-07
   3.6686189          4662.5006         0.45932371E-05     0.63993994E-07     0.63994395E-07     0.66338135E-07     0.27231207E-07     0.27271251E-07     0.27118495E-07
   3.7316292          5390.5019         0.60517965E-05     0.83001825E-07     0.83002263E-07     0.84700748E-07     0.36279018E-07     0.36326693E-07     0.36150725E-07
   3.7946395          6232.1730         0.79741208E-05     0.10765830E-06     0.10765878E-06     0.10831011E-06     0.48354881E-07     0.48410201E-07     0.48202730E-07
   3.8576498          7205.2624         0.10507690E-04     0.13965031E-06     0.13965084E-06     0.13871212E-06     0.64473202E-07     0.64535742E-07     0.64285478E-07
   3.9206601          8330.2896         0.13846844E-04     0.18117312E-06     0.18117369E-06     0.17792089E-06     0.85987916E-07     0.86056677E-07     0.85748368E-07
   3.9836704          9630.9782         0.18247645E-04     0.23508482E-06     0.23508544E-06     0.22856376E-06     0.11470591E-06     0.11477915E-06     0.11439228E-06
   4.0466807          11134.756         0.24047444E-04     0.30510802E-06     0.30510868E-06     0.29407189E-06     0.15303810E-06     0.15311323E-06     0.15262034E-06
   4.1096910          12873.333         0.31690627E-04     0.39609283E-06     0.39609354E-06     0.37893091E-06     0.20420086E-06     0.20427441E-06     0.20363889E-06
   4.1727013          14883.371         0.41762498E-04     0.51436016E-06     0.51436088E-06     0.48901095E-06     0.27248451E-06     0.27255221E-06     0.27172525E-06
   4.2357116          17207.255         0.55033842E-04     0.66815034E-06     0.66815106E-06     0.63200123E-06     0.36361154E-06     0.36366855E-06     0.36258496E-06
   4.2987219          19893.990         0.72519535E-04     0.86821132E-06     0.86821199E-06     0.81798372E-06     0.48521477E-06     0.48525619E-06     0.48382872E-06
   4.3617322          23000.231         0.95555593E-04     0.11285732E-05     0.11285737E-05     0.10601912E-05     0.64747656E-06     0.64749826E-06     0.64560996E-06
   4.4247425          26591.479         0.12590044E-03     0.14675736E-05     0.14675740E-05     0.13760116E-05     0.86398438E-06     0.86398407E-06     0.86147801E-06
   4.4877528          30743.464         0.16586799E-03     0.19092217E-05     0.19092220E-05     0.17883206E-05     0.11528768E-05     0.11528551E-05     0.11495207E-05
   4.5507631          35543.738         0.21850237E-03     0.24840759E-05     0.24840760E-05     0.23272052E-05     0.15383784E-05     0.15383390E-05     0.15338944E-05
   4.6137734          41093.525         0.28780747E-03     0.32352914E-05     0.32352913E-05     0.30324948E-05     0.20528538E-05     0.20528040E-05     0.20468717E-05
   4.6767837          47509.855         0.37904810E-03     0.42165703E-05     0.42165699E-05     0.39566241E-05     0.27395521E-05     0.27395004E-05     0.27315768E-05
   4.7397940          54928.027         0.49914517E-03     0.54997935E-05     0.54997930E-05     0.51689377E-05     0.36562691E-05     0.36562239E-05     0.36456377E-05
   4.8028043          63504.471         0.65719400E-03     0.71797889E-05     0.71797885E-05     0.67611379E-05     0.48802349E-05     0.48802022E-05     0.48660590E-05
   4.8658146          73420.037         0.86514369E-03     0.93817046E-05     0.93817043E-05     0.88545625E-05     0.65146334E-05     0.65146157E-05     0.64957235E-05
   4.9288249          84883.817         0.11386873E-02     0.12270756E-04     0.12270756E-04     0.11609847E-04     0.86973090E-05     0.86973048E-05     0.86720736E-05
   4.9918352          98137.548         0.14984276E-02     0.16065149E-04     0.16065149E-04     0.15239766E-04     0.11612398E-04     0.11612404E-04     0.11578711E-04
   5.0548455          113460.71         0.19714031E-02     0.21053247E-04     0.21053247E-04     0.20026312E-04     0.15505881E-04     0.15505890E-04     0.15460900E-04
   5.1178558          131176.43         0.25930839E-02     0.27616415E-04     0.27616415E-04     0.26343433E-04     0.20706370E-04     0.20706378E-04     0.20646302E-04
   5.1808661          151658.27         0.34099817E-02     0.36259429E-04     0.36259429E-04     0.34687295E-04     0.27652907E-04     0.27652911E-04     0.27572685E-04
   5.2438764          175338.14         0.44830595E-02     0.47650925E-04     0.47650925E-04     0.45716586E-04     0.36932118E-04     0.36932119E-04     0.36824975E-04
   5.3068867          202715.38         0.58921836E-02     0.62677201E-04     0.62677201E-04     0.60306170E-04     0.49327858E-04     0.49327857E-04     0.49184754E-04
   5.3698970          234367.29         0.77419330E-02     0.82513722E-04     0.82513722E-04     0.79618542E-04     0.65887546E-04     0.65887545E-04     0.65696404E-04
   5.4329073          270961.32         0.10169173E-01     0.10872024E-03     0.10872024E-03     0.10519900E-03     0.88010806E-04     0.88010805E-04     0.87755484E-04
   5.4959176          313269.13         0.13352923E-01     0.14336739E-03     0.14336739E-03     0.13910245E-03     0.11756791E-03     0.11756791E-03     0.11722685E-03
   5.5589279          362182.87         0.17527203E-01     0.18920520E-03     0.18920520E-03     0.18406243E-03     0.15705811E-03     0.15705811E-03     0.15660249E-03
   5.6219382          418733.98         0.22997739E-01     0.24988767E-03     0.24988767E-03     0.24371643E-03     0.20982120E-03     0.20982120E-03     0.20921251E-03
   5.6849485          484114.96         0.30163676E-01     0.33027184E-03     0.33027184E-03     0.32290627E-03     0.28032031E-03     0.28032031E-03     0.27950711E-03
   5.7479588          559704.50         0.39545765E-01     0.43681639E-03     0.43681639E-03     0.42807875E-03     0.37451985E-03     0.37451985E-03     0.37343337E-03
   5.8109691          647096.57         0.51822932E-01     0.57811273E-03     0.57811273E-03     0.56781993E-03     0.50039057E-03     0.50039057E-03     0.49893895E-03
   5.8739794          748134.01         0.67879654E-01     0.76559307E-03     0.76559307E-03     0.75356783E-03     0.66858471E-03     0.66858471E-03     0.66664516E-03
   5.9369897          864947.40         0.88867308E-01     0.10144745E-02     0.10144745E-02     0.10005634E-02     0.89333815E-03     0.89333815E-03     0.89074666E-03
   6.0000000          1000000.0         0.11628350         0.13450177E-02     0.13450177E-02     0.13291190E-02     0.11936764E-02     0.11936764E-02     0.11902136E-02
