   LOG10(FN)  FN  Calc./Fitted |Hmode| H1c, H1f, H2c, H2f ...
 -0.30103000         0.50000000         0.99835038         0.99840085         0.99592173         0.99588533         0.96859655         0.96843846         0.95138244         0.95103497         0.90515730         0.90515183    
 -0.23801970         0.57806983         0.99823387         0.99829966         0.99566026         0.99563649         0.96635445         0.96629355         0.94782872         0.94760597         0.89863834         0.89879239    
 -0.17500940         0.66832946         0.99808634         0.99816494         0.99538915         0.99537494         0.96396838         0.96403665         0.94402413         0.94400816         0.89173758         0.89196784    
 -0.11199910         0.77268219         0.99789804         0.99798528         0.99510966         0.99510003         0.96143265         0.96161520         0.93995245         0.94015397         0.88444561         0.88462835    
 -0.48988796E-01     0.89332853         0.99765630         0.99774671         0.99482349         0.99481360         0.95874228         0.95898224         0.93559661         0.93595432         0.87675569         0.87677962    
  0.14021504E-01      1.0328125         0.99734455         0.99743205         0.99453274         0.99451962         0.95589321         0.95610922         0.93093877         0.93133772         0.86866457         0.86847936    
  0.77031804E-01      1.1940755         0.99694115         0.99702000         0.99423995         0.99422326         0.95288270         0.95299600         0.92596031         0.92626655         0.86017338         0.85981485    
  0.14004210          1.3805181         0.99641783         0.99648376         0.99394803         0.99392955         0.94970974         0.94967472         0.92064184         0.92074540         0.85128876         0.85086896    
  0.20305240          1.5960717         0.99573768         0.99578906         0.99366018         0.99364225         0.94637562         0.94620406         0.91496327         0.91481696         0.84202410         0.84168822    
  0.26606270          1.8452818         0.99485262         0.99489142         0.99337970         0.99336330         0.94288458         0.94265301         0.90890389         0.90854407         0.83240110         0.83226726    
  0.32907300          2.1334035         0.99370024         0.99373252         0.99310976         0.99309304         0.93924456         0.93907593         0.90244240         0.90198220         0.82245149         0.82255775    
  0.39208330          2.4665124         0.99220002         0.99223572         0.99285302         0.99283100         0.93546804         0.93548254         0.89555706         0.89515180         0.81221902         0.81250005    
  0.45509360          2.8516328         0.99024910         0.99030099         0.99261132         0.99257672         0.93157270         0.93180480         0.88822586         0.88802107         0.80176172         0.80206715    
  0.51810390          3.2968858         0.98771822         0.98779980         0.99238529         0.99233029         0.92758145         0.92787264         0.88042661         0.88050630         0.79115428         0.79130528    
  0.58111420          3.8116604         0.98444979         0.98457143         0.99217401         0.99209231         0.92352011         0.92352143         0.87213724         0.87249036         0.78049051         0.78035487    
  0.64412450          4.4068118         0.98026304         0.98042569         0.99197489         0.99186321         0.91940895         0.91913418         0.86333600         0.86385412         0.76988532         0.76944107    
  0.70713480          5.0948899         0.97497794         0.97516624         0.99178352         0.99164239         0.91523808         0.91535133         0.85400183         0.85451156         0.75947562         0.75883401    
  0.77014510          5.8904043         0.96848061         0.96866276         0.99159376         0.99142725         0.91090719         0.91140958         0.84411465         0.84443686         0.74941849         0.74879188    
  0.83315540          6.8101300         0.96084825         0.96098951         0.99139771         0.99121259         0.90611484         0.90641548         0.83365584         0.83367271         0.73988410         0.73950677    
  0.89616570          7.8734614         0.95245516         0.95253766         0.99118568         0.99099029         0.90027478         0.90003838         0.82260871         0.82231336         0.73103964         0.73107090    
  0.95917600          9.1028210         0.94383466         0.94388113         0.99094611         0.99074915         0.89268011         0.89209126         0.81095908         0.81046605         0.72302019         0.72346951    
   1.0221863          10.524132         0.93534437         0.93542224         0.99066519         0.99047481         0.88287833         0.88240775         0.79869586         0.79820466         0.71588615         0.71659560    
   1.0851966          12.167367         0.92706135         0.92723119         0.99032650         0.99014951         0.87083433         0.87087536         0.78581180         0.78553509         0.70957676         0.71027543    
   1.1482069          14.067175         0.91891670         0.91919258         0.98991045         0.98975183         0.85682989         0.85749060         0.77230424         0.77238798         0.70388305         0.70429346    
   1.2112172          16.263619         0.91081155         0.91117153         0.98939369         0.98925627         0.84131565         0.84240177         0.75817596         0.75864299         0.69846342         0.69840920    
   1.2742275          18.803015         0.90265695         0.90306377         0.98874857         0.98863302         0.82478203         0.82592071         0.74343608         0.74417649         0.69289951         0.69236246    
   1.3372378          21.738912         0.89437771         0.89478786         0.98794268         0.98784783         0.80766085         0.80848979         0.72810107         0.72891496         0.68675847         0.68586769    
   1.4002481          25.133218         0.88590677         0.88627507         0.98693848         0.98686211         0.79027563         0.79060431         0.71219574         0.71287334         0.67962801         0.67860107    
   1.4632584          29.057510         0.87717927         0.87746704         0.98569294         0.98563309         0.77283641         0.77270943         0.69575441         0.69616128         0.67111786         0.67018611    
   1.5262687          33.594540         0.86812934         0.86831446         0.98415689         0.98411338         0.75545525         0.75510359         0.67882200         0.67895248         0.66084244         0.66018392    
   1.5892790          38.839980         0.85869112         0.85877368         0.98227371         0.98224927         0.73816136         0.73787799         0.66145518         0.66142863         0.64840218         0.64809454    
   1.6522893          44.904442         0.84880488         0.84880489         0.97997684         0.97997683         0.72090595         0.72090594         0.64372331         0.64372330         0.63337462         0.63337463    
   1.7152996          51.915806         0.83842885         0.83837807         0.97718595         0.97721561         0.70355642         0.70387772         0.62570924         0.62589241         0.61532223         0.61547653    
   1.7783099          60.021923         0.82755485         0.82748817         0.97380205         0.97386113         0.68588543         0.68636566         0.60750964         0.60792593         0.59382196         0.59391098    
   1.8413202          69.393725         0.81622360         0.81617352         0.96970204         0.96977877         0.66756429         0.66790167         0.58923475         0.58979601         0.56851992         0.56833012    
   1.9043305          80.228838         0.80453280         0.80452711         0.96473376         0.96480222         0.64817294         0.64805125         0.57100744         0.57152005         0.53921027         0.53861765    
   1.9673408          92.755742         0.79263238         0.79269253         0.95871248         0.95873902         0.62723667         0.62647046         0.55296119         0.55320981         0.50592767         0.50496218    
   2.0303511          107.23859         0.78070604         0.78084470         0.95142016         0.95138075         0.60429267         0.60293532         0.53523659         0.53508249         0.46902874         0.46788521    
   2.0933614          123.98279         0.76894500         0.76916373         0.94260949         0.94250926         0.57897771         0.57734021         0.51797562         0.51742496         0.42922613         0.42820349    
   2.1563717          143.34142         0.75752247         0.75781208         0.93201595         0.93188941         0.55111676         0.54967362         0.50131234         0.50052243         0.38754101         0.38692759    
   2.2193820          165.72270         0.74657520         0.74692043         0.91938198         0.91926104         0.52078465         0.51999181         0.48535833         0.48457768         0.34516586         0.34512384    
   2.2823923          191.59859         0.73619437         0.73658108         0.90449888         0.90437553         0.48831474         0.48841180         0.47018006         0.46964806         0.30327294         0.30378057    
   2.3454026          221.51473         0.72642460         0.72684542         0.88727045         0.88710333         0.45424265         0.45513194         0.45576626         0.45561669         0.26283870         0.26371483    
   2.4084129          256.10196         0.71726920         0.71772420         0.86779495         0.86756155         0.41919871         0.42046643         0.44198587         0.44219851         0.22455110         0.22553771    
   2.4714232          296.08963         0.70869959         0.70919246         0.84644320         0.84617663         0.38378703         0.38486616         0.42854675         0.42897141         0.18882483         0.18967668    
   2.5344335          342.32097         0.70066638         0.70119972         0.82388378         0.82364579         0.34849750         0.34890194         0.41497926         0.41542102         0.15589574         0.15643915    
   2.5974438          395.77085         0.69310953         0.69368285         0.80100076         0.80081740         0.31368099         0.31320618         0.40067639         0.40099180         0.12593487         0.12609186    
   2.6604541          457.56638         0.68596508         0.68657643         0.77870286         0.77853493         0.27958764         0.27839078         0.38499882         0.38514266         0.99125159E-01     0.98920829E-01
   2.7234644          529.01063         0.67916785         0.67981662         0.75771315         0.75749277         0.24643901         0.24496936         0.36740578         0.36740696         0.75671363E-01     0.75233787E-01
   2.7864747          611.61018         0.67265148         0.67333901         0.73845167         0.73814278         0.21449256         0.21330672         0.34754997         0.34745436         0.55749750E-01     0.55286133E-01
   2.8494850          707.10678         0.66634797         0.66707472         0.72104380         0.72066858         0.18406607         0.18360668         0.32530911         0.32514532         0.39431773E-01     0.39162805E-01
   2.9124953          817.51419         0.66018824         0.66094955         0.70540297         0.70501991         0.15551510         0.15593842         0.30077242         0.30056347         0.26623716E-01     0.26693297E-01
   2.9755056          945.16058         0.65410351         0.65488760         0.69132323         0.69098385         0.12918282         0.13029698         0.27421272         0.27401162         0.17049335E-01     0.17460793E-01
   3.0385159          1092.7376         0.64802692         0.64881693         0.67854888         0.67826649         0.10535144         0.10668862         0.24606058         0.24596778         0.10277703E-01     0.10896328E-01
   3.1015262          1263.3573         0.64189436         0.64267262         0.66681665         0.66656392         0.84213731E-01     0.85217462E-01     0.21688160         0.21701496         0.57809398E-02     0.63977951E-02
   3.1645365          1460.6175         0.63564435         0.63639469         0.65587700         0.65560953         0.65864421E-01     0.66124818E-01     0.18735099         0.18777340         0.30028477E-02     0.34207578E-02
   3.2275468          1688.6778         0.62921696         0.62992193         0.64550257         0.64519253         0.50301842E-01     0.49726930E-01     0.15821940         0.15886602         0.14233194E-02     0.15267852E-02
   3.2905571          1952.3474         0.62255222         0.62318572         0.63548911         0.63515013         0.37432748E-01     0.36257391E-01     0.13026638         0.13093111         0.60714651E-03     0.44483131E-03
   3.3535674          2257.1863         0.61558801         0.61610766         0.62565279         0.62534326         0.27080428E-01     0.25715716E-01     0.10424206         0.10466087         0.22937624E-03     0.49339347E-03
   3.4165777          2609.6226         0.60825738         0.60860134         0.61582575         0.61562973         0.18998559E-01     0.17832930E-01     0.80801933E-01     0.80804533E-01     0.75335633E-04     0.81950621E-03
   3.4795880          3017.0882         0.60048439         0.60057506         0.60585163         0.60584776         0.12891022E-01     0.12160026E-01     0.60443375E-01     0.60071823E-01     0.21051704E-04     0.98483859E-03
   3.5425983          3488.1753         0.59217721         0.59193170         0.59558163         0.59581573         0.84353453E-02     0.81966438E-02     0.43455157E-01     0.42948112E-01     0.48813140E-05     0.10352687E-02
   3.6056086          4032.8178         0.58321701         0.58256433         0.58487299         0.58534536         0.53065728E-02     0.54867062E-02     0.29890934E-01     0.29537050E-01     0.91225684E-06     0.10159139E-02
   3.6686189          4662.5006         0.57344553         0.57234979         0.57358827         0.57425859         0.31985898E-02     0.36615265E-02     0.19574366E-01     0.19548626E-01     0.13284471E-06     0.95741140E-03
   3.7316292          5390.5019         0.56266497         0.56114453         0.56158823         0.56239631         0.18405747E-02     0.24447465E-02     0.12137059E-01     0.12430767E-01     0.14492340E-07     0.87937549E-03
   3.7946395          6232.1730         0.55066202         0.54878603         0.54871554         0.54961123         0.10071257E-02     0.16390001E-02     0.70827454E-02     0.75449052E-02     0.11314179E-08     0.79394462E-03
   3.8576498          7205.2624         0.53723773         0.53509976         0.53477736         0.53574593         0.52178039E-03     0.11076640E-02     0.38642468E-02     0.42976338E-02     0.59931143E-10     0.70836319E-03
   3.9206601          8330.2896         0.52221556         0.51990749         0.51954501         0.52060725         0.25476675E-03     0.75803976E-03     0.19566400E-02     0.22041569E-02     0.20242316E-11     0.62673737E-03
   3.9836704          9630.9782         0.50543234         0.50303279         0.50276970         0.50395395         0.11664027E-03     0.52802102E-03     0.91203199E-03     0.90372018E-03     0.40551537E-13     0.55119736E-03
   4.0466807          11134.756         0.48673305         0.48430607         0.48420860         0.48551237         0.49798148E-04     0.37631360E-03     0.38785394E-03     0.22120500E-03     0.44281198E-15     0.48265507E-03
   4.1096910          12873.333         0.46598363         0.46357976         0.46365760         0.46502497         0.19708020E-04     0.27559474E-03     0.14901009E-03     0.42094565E-03     0.23882900E-17     0.42129197E-03
   4.1727013          14883.371         0.44310571         0.44076317         0.44099092         0.44232293         0.71835719E-05     0.20787527E-03     0.51171276E-04     0.64130225E-03     0.56703372E-20     0.36686967E-03
   4.2357116          17207.255         0.41812491         0.41587526         0.41620642         0.41740239         0.23950577E-05     0.16140852E-03     0.15530386E-04     0.74186112E-03     0.51802328E-23     0.31892497E-03
   4.2987219          19893.990         0.39122049         0.38909819         0.38947047         0.39047730         0.72513202E-06     0.12862382E-03     0.41171666E-05     0.76470547E-03     0.15558872E-26     0.27689042E-03
   4.3617322          23000.231         0.36275781         0.36080586         0.36114648         0.36198590         0.19786689E-06     0.10471820E-03     0.94232342E-06     0.74175458E-03     0.12780745E-30     0.24016696E-03
   4.4247425          26591.479         0.33328495         0.33154754         0.33178816         0.33254219         0.48288732E-07     0.86683943E-04     0.18412783E-06     0.69385729E-03      0.0000000         0.20816629E-03
   4.4877528          30743.464         0.30348084         0.30198450         0.30208375         0.30284452         0.10458342E-07     0.72646056E-04     0.30397762E-07     0.63411460E-03      0.0000000         0.18033411E-03
   4.5507631          35543.738         0.27405873         0.27279756         0.27275540         0.27357004         0.19970672E-08     0.61426915E-04     0.43953213E-08     0.57051667E-03      0.0000000         0.15616152E-03
   4.6137734          41093.525         0.24565565         0.24459378         0.24444548         0.24528629         0.33265055E-09     0.52272044E-04     0.50455772E-09     0.50775891E-03      0.0000000         0.13518929E-03
   4.6767837          47509.855         0.21873413         0.21783696         0.21761802         0.21840142         0.47972936E-10     0.44683310E-04     0.47557035E-10     0.44844700E-03      0.0000000         0.11700784E-03
   4.7397940          54928.027         0.19354814         0.19281383         0.19252587         0.19315738         0.59324061E-11     0.38319601E-04     0.36387865E-11     0.39388330E-03      0.0000000         0.10125496E-03
   4.8028043          63504.471         0.17016387         0.16963566         0.16923363         0.16965712         0.62226331E-12     0.32938124E-04     0.22290035E-12     0.34457427E-03      0.0000000         0.87612132E-04
   4.8658146          73420.037         0.14852627         0.14826924         0.14768531         0.14790902         0.54690402E-13     0.28359523E-04     0.10749891E-13     0.30055472E-03      0.0000000         0.75800543E-04
   4.9288249          84883.817         0.12853844         0.12859039         0.12778378         0.12787267         0.39731660E-14     0.24446844E-04     0.40031005E-15     0.26159293E-03      0.0000000         0.65576849E-04
   4.9918352          98137.548         0.11012451         0.11045271         0.10945319         0.10949430         0.23508118E-15     0.21092540E-04     0.11265515E-16     0.22731854E-03      0.0000000         0.56729175E-04
   5.0548455          113460.71         0.93258879E-01     0.93757409E-01     0.92667768E-01     0.92727761E-01     0.11149900E-16     0.18210224E-04     0.23418944E-18     0.19730106E-03      0.0000000         0.49073350E-04
   5.1178558          131176.43         0.77960474E-01     0.78498484E-01     0.77445982E-01     0.77542491E-01     0.41688276E-18     0.15729258E-04     0.35126596E-20     0.17109675E-03      0.0000000         0.42449489E-04
   5.1808661          151658.27         0.64264419E-01     0.64755897E-01     0.63822263E-01     0.63922042E-01     0.12071517E-19     0.13591077E-04     0.37111536E-22     0.14827556E-03      0.0000000         0.36718919E-04
   5.2438764          175338.14         0.52189762E-01     0.52633220E-01     0.51814928E-01     0.51856898E-01     0.26568158E-21     0.11746613E-04     0.26937703E-24     0.12843557E-03      0.0000000         0.31761450E-04
   5.3068867          202715.38         0.41718576E-01     0.42175085E-01     0.41405419E-01     0.41333767E-01     0.43559920E-23     0.10154431E-04     0.13083441E-26     0.11120974E-03      0.0000000         0.27472966E-04
   5.3698970          234367.29         0.32791256E-01     0.33313945E-01     0.32533691E-01     0.32323449E-01     0.52063946E-25     0.87793240E-05     0.41325486E-29     0.96268052E-04      0.0000000         0.23763305E-04
   5.4329073          270961.32         0.25313110E-01     0.25871736E-01     0.25104814E-01     0.24769979E-01     0.44315777E-27     0.75912484E-05      0.0000000         0.83316940E-04      0.0000000         0.20554420E-04
   5.4959176          313269.13         0.19164375E-01     0.19612218E-01     0.18998971E-01     0.18584130E-01     0.26193900E-29     0.65644767E-05      0.0000000         0.72097217E-04      0.0000000         0.17778758E-04
   5.5589279          362182.87         0.14208761E-01     0.14330342E-01     0.14079992E-01     0.13643404E-01     0.10463490E-31     0.56769227E-05      0.0000000         0.62381296E-04      0.0000000         0.15377863E-04
   5.6219382          418733.98         0.10300046E-01     0.99472006E-02     0.10201920E-01     0.97985693E-02      0.0000000         0.49095902E-05      0.0000000         0.53970127E-04      0.0000000         0.13301154E-04
   5.6849485          484114.96         0.72879845E-02     0.65212712E-02     0.72149194E-02     0.68848294E-02      0.0000000         0.42461174E-05      0.0000000         0.46690113E-04      0.0000000         0.11504871E-04
   5.7479588          559704.50         0.50242537E-02     0.41132335E-02     0.49711915E-02     0.47346834E-02      0.0000000         0.36723967E-05      0.0000000         0.40390182E-04      0.0000000         0.99511548E-05
   5.8109691          647096.57         0.33680743E-02     0.26418385E-02     0.33305644E-02     0.31897086E-02      0.0000000         0.31762543E-05      0.0000000         0.34939064E-04      0.0000000         0.86072557E-05
   5.8739794          748134.01         0.21909035E-02     0.18770531E-02     0.21651486E-02     0.21093402E-02      0.0000000         0.27471793E-05      0.0000000         0.30222835E-04      0.0000000         0.74448430E-05
   5.9369897          864947.40         0.13797500E-02     0.15225353E-02     0.13626530E-02     0.13758183E-02      0.0000000         0.23760921E-05      0.0000000         0.26142705E-04      0.0000000         0.64394102E-05
   6.0000000          1000000.0         0.83921637E-03     0.13390422E-02     0.82819077E-03     0.89536531E-03      0.0000000         0.20551471E-05      0.0000000         0.22613062E-04      0.0000000         0.55697594E-05
