 =====================================================
  PSCAD LINE CONSTANTS PROGRAM OUTPUT FILE (*.out)

  NOTE: This file is auto-generated.  Any manual
        changes will be lost once the Line Constants
        Program is re-run.
 =====================================================

  Display Format: M,N denotes a complex number M + jN



 -----------------------------------------------------
  LOAD FLOW RXB FORMATTED DATA @       50.00 Hz:
 -----------------------------------------------------

  Base of Per-Unit Quantities :  66.00 kV (L-L)  ,100.00 MVA
  NOTE: Base values could be changed using Additional Options Component
      
   Positive Sequence (Long-Line Corrected)
   ................. 

   Resistance      Rsq   [pu]:       0.818804865E-01
   Reactance       Xsq   [pu]:       0.275899291    
   Susceptance     Bsq   [pu]:       0.210591345    
   Surge Impedance Zcsq  [pu]:        1.14460340    
      
   Zero Sequence (Long-Line Corrected)
   ............. 

   Resistance      Rsq   [pu]:       0.484104707    
   Reactance       Xsq   [pu]:       0.220822691    
   Susceptance     Bsq   [pu]:       0.210335271    
   Surge Impedance Zcsq  [pu]:        1.02462700    
      
   Positive Sequence 
   ................. 

   Resistance      Rsq   [pu]:       0.834971929E-01
   Reactance       Xsq   [pu]:       0.278356313    
   Susceptance     Bsq   [pu]:       0.209567164    
   Surge Impedance Zcsq  [pu]:        1.15249465    
      
   Zero Sequence 
   ............. 

   Resistance      Rsq   [pu]:       0.491471706    
   Reactance       Xsq   [pu]:       0.214039370    
   Susceptance     Bsq   [pu]:       0.209567164    
   Surge Impedance Zcsq  [pu]:        1.01061377    
      
 
 
 -----------------------------------------------------
  PHASE DOMAIN DATA @      50.000 Hz:
 -----------------------------------------------------

 SERIES IMPEDANCE MATRIX (Z) [ohms/m]: 
    0.189787342E-03,0.121654383E-02   0.173716650E-03,0.114633115E-02   0.167886645E-03,0.107503242E-02   0.167886645E-03,0.107503242E-02   0.167886645E-03,0.107503242E-02   0.167886645E-03,0.107503242E-02   0.108926602E-03,0.816403615E-03
    0.173716650E-03,0.114633115E-02   0.440972128E-03,0.114573212E-02   0.167886645E-03,0.107503242E-02   0.167886645E-03,0.107503242E-02   0.167886645E-03,0.107503242E-02   0.167886645E-03,0.107503242E-02   0.108926602E-03,0.816403615E-03
    0.167886645E-03,0.107503242E-02   0.167886645E-03,0.107503242E-02   0.192669506E-03,0.121737252E-02   0.173716650E-03,0.114633115E-02   0.167886645E-03,0.107503242E-02   0.167886645E-03,0.107503242E-02   0.108926602E-03,0.816403615E-03
    0.167886645E-03,0.107503242E-02   0.167886645E-03,0.107503242E-02   0.173716650E-03,0.114633115E-02   0.440972128E-03,0.114573212E-02   0.167886645E-03,0.107503242E-02   0.167886645E-03,0.107503242E-02   0.108926602E-03,0.816403615E-03
    0.167886645E-03,0.107503242E-02   0.167886645E-03,0.107503242E-02   0.167886645E-03,0.107503242E-02   0.167886645E-03,0.107503242E-02   0.192669506E-03,0.121737252E-02   0.173716650E-03,0.114633115E-02   0.108926602E-03,0.816403615E-03
    0.167886645E-03,0.107503242E-02   0.167886645E-03,0.107503242E-02   0.167886645E-03,0.107503242E-02   0.167886645E-03,0.107503242E-02   0.173716650E-03,0.114633115E-02   0.440972128E-03,0.114573212E-02   0.108926602E-03,0.816403615E-03
    0.108926602E-03,0.816403615E-03   0.108926602E-03,0.816403615E-03   0.108926602E-03,0.816403615E-03   0.108926602E-03,0.816403615E-03   0.108926602E-03,0.816403615E-03   0.108926602E-03,0.816403615E-03   0.271997755E-03,0.733790312E-03

 SHUNT ADMITTANCE MATRIX (Y) [mhos/m]: 
    0.000000000E+00,0.533520750E-07   0.000000000E+00,-.533520750E-07   0.000000000E+00,0.000000000E+00   0.000000000E+00,0.000000000E+00   0.000000000E+00,0.000000000E+00   0.000000000E+00,0.000000000E+00   0.000000000E+00,0.000000000E+00
    0.000000000E+00,-.533520750E-07   0.000000000E+00,0.186711820E-06   0.000000000E+00,0.000000000E+00   0.000000000E+00,-.425486241E-07   0.000000000E+00,0.000000000E+00   0.000000000E+00,-.425486241E-07   0.000000000E+00,-.482624966E-07
    0.000000000E+00,0.000000000E+00   0.000000000E+00,0.000000000E+00   0.000000000E+00,0.535072975E-07   0.000000000E+00,-.535072975E-07   0.000000000E+00,0.000000000E+00   0.000000000E+00,0.000000000E+00   0.000000000E+00,0.000000000E+00
    0.000000000E+00,0.000000000E+00   0.000000000E+00,-.425486241E-07   0.000000000E+00,-.535072975E-07   0.000000000E+00,0.186867042E-06   0.000000000E+00,0.000000000E+00   0.000000000E+00,-.425486241E-07   0.000000000E+00,-.482624966E-07
    0.000000000E+00,0.000000000E+00   0.000000000E+00,0.000000000E+00   0.000000000E+00,0.000000000E+00   0.000000000E+00,0.000000000E+00   0.000000000E+00,0.535072975E-07   0.000000000E+00,-.535072975E-07   0.000000000E+00,0.000000000E+00
    0.000000000E+00,0.000000000E+00   0.000000000E+00,-.425486241E-07   0.000000000E+00,0.000000000E+00   0.000000000E+00,-.425486241E-07   0.000000000E+00,-.535072975E-07   0.000000000E+00,0.186867042E-06   0.000000000E+00,-.482624966E-07
    0.000000000E+00,0.000000000E+00   0.000000000E+00,-.482624966E-07   0.000000000E+00,0.000000000E+00   0.000000000E+00,-.482624966E-07   0.000000000E+00,0.000000000E+00   0.000000000E+00,-.482624966E-07   0.000000000E+00,0.131910328E-05

 -----------------------------------------------------
  MINIMUM TIME DELAY AND RECOMMENDED TIME STEP
 -----------------------------------------------------
   
   Minimum Time Delay for the Line    [ms]:     0.492626451
   Recommended Time Step for the Line [ms]:     0.049262645
   
