   LOG10(FN) FN  Arguments: Lamda11, Lamda22 ... [deg]
 -0.30103000         0.50000000          113.50710          92.633805          92.633825    
 -0.29472897         0.50730721          113.78900          92.672241          92.672261    
 -0.28842794         0.51472121          114.07331          92.711237          92.711257    
 -0.28212691         0.52224356          114.36001          92.750799          92.750820    
 -0.27582588         0.52987585          114.64911          92.790937          92.790958    
 -0.26952485         0.53761968          114.94058          92.831659          92.831680    
 -0.26322382         0.54547667          115.23441          92.872973          92.872994    
 -0.25692279         0.55344850          115.53058          92.914888          92.914909    
 -0.25062176         0.56153683          115.82909          92.957412          92.957434    
 -0.24432073         0.56974336          116.12990          93.000554          93.000576    
 -0.23801970         0.57806983          116.43300          93.044323          93.044346    
 -0.23171867         0.58651799          116.73838          93.088728          93.088751    
 -0.22541764         0.59508961          117.04600          93.133779          93.133802    
 -0.21911661         0.60378649          117.35584          93.179483          93.179507    
 -0.21281558         0.61261048          117.66789          93.225852          93.225876    
 -0.20651455         0.62156343          117.98211          93.272894          93.272918    
 -0.20021352         0.63064722          118.29848          93.320618          93.320643    
 -0.19391249         0.63986376          118.61697          93.369036          93.369061    
 -0.18761146         0.64921500          118.93755          93.418156          93.418182    
 -0.18131043         0.65870290          119.26019          93.467989          93.468015    
 -0.17500940         0.66832946          119.58485          93.518545          93.518571    
 -0.16870837         0.67809671          119.91151          93.569834          93.569861    
 -0.16240734         0.68800669          120.24013          93.621866          93.621894    
 -0.15610631         0.69806151          120.57067          93.674653          93.674681    
 -0.14980528         0.70826328          120.90310          93.728205          93.728233    
 -0.14350425         0.71861413          121.23737          93.782533          93.782562    
 -0.13720322         0.72911626          121.57344          93.837648          93.837677    
 -0.13090219         0.73977187          121.91128          93.893561          93.893591    
 -0.12460116         0.75058321          122.25085          93.950284          93.950314    
 -0.11830013         0.76155255          122.59209          94.007827          94.007858    
 -0.11199910         0.77268219          122.93496          94.066204          94.066234    
 -0.10569807         0.78397450          123.27942          94.125424          94.125456    
 -0.99397036E-01     0.79543183          123.62541          94.185502          94.185533    
 -0.93096006E-01     0.80705660          123.97290          94.246447          94.246479    
 -0.86794976E-01     0.81885126          124.32183          94.308274          94.308306    
 -0.80493946E-01     0.83081830          124.67214          94.370993          94.371026    
 -0.74192916E-01     0.84296023          125.02379          94.434619          94.434652    
 -0.67891886E-01     0.85527960          125.37673          94.499163          94.499197    
 -0.61590856E-01     0.86777902          125.73089          94.564639          94.564673    
 -0.55289826E-01     0.88046110          126.08623          94.631059          94.631094    
 -0.48988796E-01     0.89332853          126.44269          94.698437          94.698473    
 -0.42687766E-01     0.90638401          126.80020          94.766787          94.766823    
 -0.36386736E-01     0.91963028          127.15872          94.836121          94.836158    
 -0.30085706E-01     0.93307015          127.51818          94.906454          94.906491    
 -0.23784676E-01     0.94670642          127.87852          94.977800          94.977838    
 -0.17483646E-01     0.96054199          128.23969          95.050173          95.050211    
 -0.11182616E-01     0.97457975          128.60162          95.123586          95.123625    
 -0.48815859E-02     0.98882267          128.96425          95.198055          95.198095    
  0.14194441E-02      1.0032737          129.32752          95.273595          95.273635    
  0.77204741E-02      1.0179360          129.69137          95.350220          95.350260    
  0.14021504E-01      1.0328125          130.05572          95.427944          95.427986    
  0.20322534E-01      1.0479065          130.42052          95.506784          95.506826    
  0.26623564E-01      1.0632210          130.78571          95.586755          95.586798    
  0.32924594E-01      1.0787594          131.15122          95.667872          95.667915    
  0.39225624E-01      1.0945248          131.51697          95.750152          95.750195    
  0.45526654E-01      1.1105207          131.88292          95.833609          95.833653    
  0.51827684E-01      1.1267503          132.24899          95.918260          95.918305    
  0.58128714E-01      1.1432171          132.61512          96.004122          96.004168    
  0.64429744E-01      1.1599246          132.98125          96.091211          96.091258    
  0.70730774E-01      1.1768762          133.34730          96.179544          96.179591    
  0.77031804E-01      1.1940755          133.71321          96.269137          96.269185    
  0.83332834E-01      1.2115263          134.07892          96.360008          96.360057    
  0.89633864E-01      1.2292320          134.44435          96.452175          96.452224    
  0.95934894E-01      1.2471965          134.80946          96.545653          96.545703    
  0.10223592          1.2654236          135.17417          96.640462          96.640513    
  0.10853695          1.2839170          135.53841          96.736619          96.736671    
  0.11483798          1.3026807          135.90213          96.834142          96.834195    
  0.12113901          1.3217186          136.26525          96.933050          96.933103    
  0.12744004          1.3410348          136.62773          97.033360          97.033414    
  0.13374107          1.3606332          136.98949          97.135092          97.135147    
  0.14004210          1.3805181          137.35047          97.238265          97.238320    
  0.14634313          1.4006936          137.71061          97.342896          97.342953    
  0.15264416          1.4211639          138.06986          97.449007          97.449064    
  0.15894519          1.4419334          138.42815          97.556615          97.556673    
  0.16524622          1.4630064          138.78542          97.665741          97.665799    
  0.17154725          1.4843874          139.14161          97.776404          97.776464    
  0.17784828          1.5060808          139.49667          97.888624          97.888685    
  0.18414931          1.5280913          139.85054          98.002422          98.002484    
  0.19045034          1.5504235          140.20317          98.117818          98.117881    
  0.19675137          1.5730820          140.55450          98.234833          98.234896    
  0.20305240          1.5960717          140.90448          98.353486          98.353551    
  0.20935343          1.6193974          141.25306          98.473800          98.473865    
  0.21565446          1.6430639          141.60018          98.595794          98.595860    
  0.22195549          1.6670764          141.94579          98.719491          98.719558    
  0.22825652          1.6914397          142.28986          98.844912          98.844980    
  0.23455755          1.7161591          142.63232          98.972077          98.972146    
  0.24085858          1.7412398          142.97313          99.101010          99.101080    
  0.24715961          1.7666870          143.31225          99.231732          99.231803    
  0.25346064          1.7925061          143.64963          99.364264          99.364336    
  0.25976167          1.8187025          143.98523          99.498630          99.498703    
  0.26606270          1.8452818          144.31902          99.634851          99.634925    
  0.27236373          1.8722495          144.65094          99.772950          99.773026    
  0.27866476          1.8996114          144.98096          99.912950          99.913026    
  0.28496579          1.9273731          145.30904          100.05487          100.05495    
  0.29126682          1.9555405          145.63515          100.19874          100.19882    
  0.29756785          1.9841196          145.95925          100.34458          100.34466    
  0.30386888          2.0131164          146.28130          100.49241          100.49249    
  0.31016991          2.0425369          146.60128          100.64226          100.64234    
  0.31647094          2.0723874          146.91916          100.79414          100.79423    
  0.32277197          2.1026741          147.23490          100.94809          100.94817    
  0.32907300          2.1334035          147.54848          101.10412          101.10421    
  0.33537403          2.1645820          147.85986          101.26226          101.26235    
  0.34167506          2.1962161          148.16903          101.42254          101.42263    
  0.34797609          2.2283125          148.47596          101.58497          101.58506    
  0.35427712          2.2608780          148.78063          101.74958          101.74967    
  0.36057815          2.2939194          149.08301          101.91640          101.91649    
  0.36687918          2.3274437          149.38308          102.08544          102.08553    
  0.37318021          2.3614579          149.68083          102.25674          102.25683    
  0.37948124          2.3959693          149.97623          102.43030          102.43040    
  0.38578227          2.4309850          150.26927          102.60617          102.60627    
  0.39208330          2.4665124          150.55994          102.78436          102.78446    
  0.39838433          2.5025591          150.84822          102.96490          102.96500    
  0.40468536          2.5391325          151.13409          103.14781          103.14791    
  0.41098639          2.5762404          151.41755          103.33311          103.33321    
  0.41728742          2.6138907          151.69858          103.52083          103.52093    
  0.42358845          2.6520912          151.97717          103.71098          103.71109    
  0.42988948          2.6908500          152.25332          103.90360          103.90371    
  0.43619051          2.7301752          152.52701          104.09871          104.09882    
  0.44249154          2.7700751          152.79824          104.29633          104.29643    
  0.44879257          2.8105581          153.06701          104.49647          104.49658    
  0.45509360          2.8516328          153.33331          104.69917          104.69929    
  0.46139463          2.8933078          153.59714          104.90445          104.90457    
  0.46769566          2.9355918          153.85849          105.11233          105.11245    
  0.47399669          2.9784938          154.11736          105.32283          105.32295    
  0.48029772          3.0220227          154.37375          105.53597          105.53609    
  0.48659875          3.0661878          154.62766          105.75177          105.75189    
  0.49289978          3.1109984          154.87910          105.97026          105.97038    
  0.49920081          3.1564638          155.12806          106.19145          106.19157    
  0.50550184          3.2025937          155.37455          106.41536          106.41549    
  0.51180287          3.2493977          155.61856          106.64202          106.64215    
  0.51810390          3.2968858          155.86011          106.87144          106.87157    
  0.52440493          3.3450679          156.09920          107.10364          107.10377    
  0.53070596          3.3939541          156.33583          107.33865          107.33878    
  0.53700699          3.4435548          156.57002          107.57647          107.57660    
  0.54330802          3.4938803          156.80176          107.81712          107.81726    
  0.54960905          3.5449413          157.03107          108.06063          108.06077    
  0.55591008          3.5967486          157.25795          108.30701          108.30715    
  0.56221111          3.6493130          157.48241          108.55626          108.55640    
  0.56851214          3.7026456          157.70446          108.80842          108.80856    
  0.57481317          3.7567576          157.92412          109.06348          109.06363    
  0.58111420          3.8116604          158.14139          109.32147          109.32162    
  0.58741523          3.8673656          158.35628          109.58239          109.58254    
  0.59371626          3.9238849          158.56880          109.84627          109.84642    
  0.60001729          3.9812302          158.77898          110.11310          110.11325    
  0.60631832          4.0394136          158.98681          110.38289          110.38305    
  0.61261935          4.0984473          159.19231          110.65567          110.65582    
  0.61892038          4.1583437          159.39549          110.93142          110.93158    
  0.62522141          4.2191155          159.59638          111.21017          111.21033    
  0.63152244          4.2807754          159.79497          111.49192          111.49208    
  0.63782347          4.3433365          159.99129          111.77666          111.77682    
  0.64412450          4.4068118          160.18536          112.06441          112.06457    
  0.65042553          4.4712148          160.37718          112.35516          112.35533    
  0.65672656          4.5365590          160.56677          112.64893          112.64910    
  0.66302759          4.6028582          160.75414          112.94570          112.94587    
  0.66932862          4.6701263          160.93932          113.24547          113.24564    
  0.67562965          4.7383775          161.12232          113.54825          113.54842    
  0.68193068          4.8076261          161.30315          113.85402          113.85420    
  0.68823171          4.8778868          161.48183          114.16279          114.16297    
  0.69453274          4.9491742          161.65838          114.47454          114.47472    
  0.70083377          5.0215035          161.83281          114.78927          114.78945    
  0.70713480          5.0948899          162.00514          115.10697          115.10715    
  0.71343583          5.1693488          162.17539          115.42762          115.42780    
  0.71973686          5.2448958          162.34358          115.75121          115.75140    
  0.72603789          5.3215469          162.50972          116.07773          116.07792    
  0.73233892          5.3993182          162.67383          116.40716          116.40735    
  0.73863995          5.4782261          162.83592          116.73948          116.73967    
  0.74494098          5.5582872          162.99603          117.07467          117.07486    
  0.75124201          5.6395183          163.15415          117.41271          117.41291    
  0.75754304          5.7219366          163.31032          117.75358          117.75378    
  0.76384407          5.8055594          163.46454          118.09725          118.09745    
  0.77014510          5.8904043          163.61684          118.44369          118.44389    
  0.77644613          5.9764891          163.76724          118.79287          118.79308    
  0.78274716          6.0638320          163.91575          119.14478          119.14498    
  0.78904819          6.1524514          164.06238          119.49936          119.49956    
  0.79534922          6.2423659          164.20717          119.85658          119.85679    
  0.80165025          6.3335945          164.35013          120.21642          120.21663    
  0.80795128          6.4261563          164.49126          120.57883          120.57904    
  0.81425231          6.5200708          164.63060          120.94377          120.94399    
  0.82055334          6.6153579          164.76817          121.31120          121.31141    
  0.82685437          6.7120375          164.90397          121.68107          121.68129    
  0.83315540          6.8101300          165.03802          122.05334          122.05356    
  0.83945643          6.9096561          165.17035          122.42796          122.42818    
  0.84575746          7.0106367          165.30098          122.80488          122.80510    
  0.85205849          7.1130931          165.42991          123.18404          123.18427    
  0.85835952          7.2170468          165.55717          123.56540          123.56563    
  0.86466055          7.3225198          165.68277          123.94890          123.94913    
  0.87096158          7.4295342          165.80674          124.33448          124.33471    
  0.87726261          7.5381125          165.92909          124.72207          124.72231    
  0.88356364          7.6482776          166.04984          125.11163          125.11186    
  0.88986467          7.7600528          166.16900          125.50309          125.50332    
  0.89616570          7.8734614          166.28659          125.89637          125.89661    
  0.90246673          7.9885275          166.40264          126.29142          126.29166    
  0.90876776          8.1052752          166.51715          126.68817          126.68840    
  0.91506879          8.2237291          166.63014          127.08654          127.08678    
  0.92136982          8.3439141          166.74164          127.48647          127.48671    
  0.92767085          8.4658555          166.85165          127.88788          127.88812    
  0.93397188          8.5895791          166.96020          128.29070          128.29094    
  0.94027291          8.7151108          167.06729          128.69485          128.69509    
  0.94657394          8.8424771          167.17296          129.10026          129.10050    
  0.95287497          8.9717048          167.27721          129.50684          129.50709    
  0.95917600          9.1028210          167.38005          129.91452          129.91477    
  0.96547703          9.2358535          167.48152          130.32322          130.32347    
  0.97177806          9.3708301          167.58161          130.73286          130.73311    
  0.97807909          9.5077793          167.68035          131.14334          131.14360    
  0.98438012          9.6467300          167.77776          131.55460          131.55485    
  0.99068115          9.7877114          167.87385          131.96654          131.96680    
  0.99698218          9.9307531          167.96863          132.37908          132.37934    
   1.0032832          10.075885          168.06212          132.79214          132.79239    
   1.0095842          10.223138          168.15433          133.20562          133.20588    
   1.0158853          10.372544          168.24529          133.61945          133.61970    
   1.0221863          10.524132          168.33500          134.03353          134.03378    
   1.0284873          10.677936          168.42348          134.44777          134.44803    
   1.0347884          10.833988          168.51074          134.86209          134.86235    
   1.0410894          10.992321          168.59681          135.27641          135.27666    
   1.0473904          11.152967          168.68169          135.69062          135.69088    
   1.0536915          11.315961          168.76539          136.10466          136.10492    
   1.0599925          11.481337          168.84794          136.51842          136.51868    
   1.0662935          11.649131          168.92935          136.93182          136.93208    
   1.0725945          11.819376          169.00962          137.34478          137.34504    
   1.0788956          11.992109          169.08878          137.75720          137.75746    
   1.0851966          12.167367          169.16684          138.16901          138.16927    
   1.0914976          12.345186          169.24381          138.58011          138.58037    
   1.0977987          12.525604          169.31970          138.99042          138.99068    
   1.1040997          12.708658          169.39453          139.39986          139.40012    
   1.1104007          12.894388          169.46831          139.80835          139.80861    
   1.1167018          13.082832          169.54105          140.21580          140.21606    
   1.1230028          13.274030          169.61277          140.62213          140.62239    
   1.1293038          13.468022          169.68348          141.02726          141.02752    
   1.1356048          13.664849          169.75319          141.43112          141.43138    
   1.1419059          13.864553          169.82192          141.83362          141.83388    
   1.1482069          14.067175          169.88967          142.23469          142.23495    
   1.1545079          14.272759          169.95646          142.63426          142.63452    
   1.1608090          14.481347          170.02230          143.03225          143.03251    
   1.1671100          14.692984          170.08720          143.42859          143.42884    
   1.1734110          14.907713          170.15118          143.82321          143.82346    
   1.1797121          15.125581          170.21424          144.21604          144.21629    
   1.1860131          15.346632          170.27640          144.60701          144.60726    
   1.1923141          15.570914          170.33767          144.99606          144.99632    
   1.1986151          15.798474          170.39805          145.38313          145.38338    
   1.2049162          16.029360          170.45757          145.76815          145.76840    
   1.2112172          16.263619          170.51623          146.15106          146.15131    
   1.2175182          16.501303          170.57404          146.53181          146.53206    
   1.2238193          16.742460          170.63102          146.91033          146.91058    
   1.2301203          16.987141          170.68717          147.28658          147.28683    
   1.2364213          17.235398          170.74250          147.66050          147.66074    
   1.2427224          17.487284          170.79703          148.03203          148.03228    
   1.2490234          17.742850          170.85076          148.40114          148.40139    
   1.2553244          18.002152          170.90371          148.76778          148.76802    
   1.2616254          18.265243          170.95588          149.13189          149.13213    
   1.2679265          18.532178          171.00729          149.49344          149.49368    
   1.2742275          18.803015          171.05794          149.85238          149.85262    
   1.2805285          19.077811          171.10785          150.20868          150.20892    
   1.2868296          19.356622          171.15702          150.56230          150.56254    
   1.2931306          19.639508          171.20546          150.91320          150.91344    
   1.2994316          19.926528          171.25318          151.26135          151.26158    
   1.3057327          20.217742          171.30020          151.60671          151.60695    
   1.3120337          20.513213          171.34652          151.94927          151.94950    
   1.3183347          20.813001          171.39214          152.28898          152.28922    
   1.3246357          21.117171          171.43708          152.62583          152.62606    
   1.3309368          21.425787          171.48135          152.95979          152.96002    
   1.3372378          21.738912          171.52496          153.29083          153.29107    
   1.3435388          22.056614          171.56791          153.61895          153.61918    
   1.3498399          22.378958          171.61021          153.94410          153.94433    
   1.3561409          22.706014          171.65187          154.26629          154.26652    
   1.3624419          23.037849          171.69291          154.58549          154.58572    
   1.3687430          23.374534          171.73331          154.90170          154.90192    
   1.3750440          23.716139          171.77311          155.21489          155.21511    
   1.3813450          24.062736          171.81229          155.52505          155.52528    
   1.3876460          24.414399          171.85088          155.83219          155.83241    
   1.3939471          24.771202          171.88887          156.13628          156.13650    
   1.4002481          25.133218          171.92628          156.43733          156.43755    
   1.4065491          25.500526          171.96311          156.73532          156.73554    
   1.4128502          25.873201          171.99938          157.03026          157.03047    
   1.4191512          26.251323          172.03508          157.32214          157.32235    
   1.4254522          26.634971          172.07022          157.61096          157.61117    
   1.4317533          27.024225          172.10482          157.89672          157.89693    
   1.4380543          27.419169          172.13888          158.17943          158.17964    
   1.4443553          27.819884          172.17240          158.45908          158.45928    
   1.4506563          28.226455          172.20540          158.73567          158.73588    
   1.4569574          28.638969          172.23787          159.00923          159.00943    
   1.4632584          29.057510          172.26983          159.27974          159.27994    
   1.4695594          29.482169          172.30129          159.54721          159.54742    
   1.4758605          29.913034          172.33224          159.81167          159.81187    
   1.4821615          30.350196          172.36270          160.07310          160.07330    
   1.4884625          30.793746          172.39267          160.33153          160.33173    
   1.4947636          31.243779          172.42215          160.58696          160.58716    
   1.5010646          31.700388          172.45117          160.83941          160.83961    
   1.5073656          32.163671          172.47971          161.08889          161.08908    
   1.5136666          32.633725          172.50779          161.33540          161.33560    
   1.5199677          33.110647          172.53541          161.57898          161.57917    
   1.5262687          33.594540          172.56257          161.81962          161.81981    
   1.5325697          34.085505          172.58929          162.05734          162.05753    
   1.5388708          34.583645          172.61558          162.29216          162.29235    
   1.5451718          35.089065          172.64142          162.52410          162.52429    
   1.5514728          35.601871          172.66684          162.75318          162.75336    
   1.5577739          36.122172          172.69183          162.97940          162.97959    
   1.5640749          36.650076          172.71640          163.20280          163.20298    
   1.5703759          37.185696          172.74056          163.42338          163.42356    
   1.5766769          37.729143          172.76431          163.64116          163.64134    
   1.5829780          38.280533          172.78765          163.85618          163.85636    
   1.5892790          38.839980          172.81060          164.06843          164.06861    
   1.5955800          39.407604          172.83315          164.27796          164.27813    
   1.6018811          39.983523          172.85532          164.48477          164.48494    
   1.6081821          40.567859          172.87710          164.68888          164.68906    
   1.6144831          41.160735          172.89851          164.89033          164.89050    
   1.6207842          41.762275          172.91954          165.08912          165.08929    
   1.6270852          42.372607          172.94020          165.28528          165.28545    
   1.6333862          42.991858          172.96049          165.47884          165.47901    
   1.6396872          43.620159          172.98043          165.66981          165.66998    
   1.6459883          44.257642          173.00001          165.85822          165.85838    
   1.6522893          44.904442          173.01923          166.04408          166.04425    
   1.6585903          45.560694          173.03811          166.22743          166.22759    
   1.6648914          46.226537          173.05665          166.40828          166.40844    
   1.6711924          46.902111          173.07485          166.58666          166.58682    
   1.6774934          47.587558          173.09272          166.76259          166.76275    
   1.6837945          48.283023          173.11025          166.93609          166.93625    
   1.6900955          48.988651          173.12746          167.10719          167.10735    
   1.6963965          49.704592          173.14435          167.27590          167.27606    
   1.7026975          50.430996          173.16092          167.44226          167.44242    
   1.7089986          51.168015          173.17717          167.60629          167.60644    
   1.7152996          51.915806          173.19311          167.76800          167.76815    
   1.7216006          52.674526          173.20875          167.92742          167.92758    
   1.7279017          53.444333          173.22408          168.08458          168.08473    
   1.7342027          54.225391          173.23912          168.23950          168.23965    
   1.7405037          55.017864          173.25385          168.39225          168.39232    
   1.7468048          55.821918          173.26830          168.54275          168.54282    
   1.7531058          56.637723          173.28246          168.69108          168.69115    
   1.7594068          57.465450          173.29633          168.83726          168.83733    
   1.7657078          58.305274          173.30992          168.98131          168.98138    
   1.7720089          59.157372          173.32324          169.12325          169.12332    
   1.7783099          60.021923          173.33628          169.26311          169.26319    
   1.7846109          60.899108          173.34904          169.40092          169.40099    
   1.7909120          61.789113          173.36154          169.53669          169.53676    
   1.7972130          62.692125          173.37377          169.67044          169.67051    
   1.8035140          63.608334          173.38574          169.80220          169.80228    
   1.8098151          64.537933          173.39746          169.93200          169.93207    
   1.8161161          65.481118          173.40891          170.05984          170.05991    
   1.8224171          66.438086          173.42012          170.18576          170.18584    
   1.8287181          67.409040          173.43107          170.30978          170.30985    
   1.8350192          68.394184          173.44178          170.43192          170.43199    
   1.8413202          69.393725          173.45224          170.55219          170.55226    
   1.8476212          70.407874          173.46246          170.67063          170.67070    
   1.8539223          71.436845          173.47245          170.78725          170.78732    
   1.8602233          72.480853          173.48220          170.90207          170.90215    
   1.8665243          73.540118          173.49171          171.01513          171.01520    
   1.8728254          74.614864          173.50100          171.12642          171.12649    
   1.8791264          75.705317          173.51006          171.23599          171.23606    
   1.8854274          76.811706          173.51889          171.34384          171.34391    
   1.8917284          77.934265          173.52751          171.45000          171.45007    
   1.8980295          79.073229          173.53590          171.55449          171.55456    
   1.9043305          80.228838          173.54408          171.65733          171.65740    
   1.9106315          81.401336          173.55204          171.75853          171.75861    
   1.9169326          82.590969          173.55980          171.85813          171.85820    
   1.9232336          83.797988          173.56734          171.95614          171.95621    
   1.9295346          85.022647          173.57468          172.05257          172.05265    
   1.9358357          86.265204          173.58181          172.14746          172.14753    
   1.9421367          87.525920          173.58874          172.24081          172.24088    
   1.9484377          88.805060          173.59547          172.33265          172.33272    
   1.9547387          90.102895          173.60200          172.42300          172.42307    
   1.9610398          91.419696          173.60834          172.51187          172.51194    
   1.9673408          92.755742          173.61449          172.59929          172.59936    
   1.9736418          94.111313          173.62045          172.68527          172.68534    
   1.9799429          95.486695          173.62622          172.76984          172.76991    
   1.9862439          96.882178          173.63180          172.85300          172.85307    
   1.9925449          98.298055          173.63720          172.93479          172.93486    
   1.9988460          99.734624          173.64242          173.01521          173.01528    
   2.0051470          101.19219          173.64747          173.09429          173.09436    
   2.0114480          102.67105          173.65233          173.17204          173.17211    
   2.0177490          104.17153          173.65702          173.24849          173.24856    
   2.0240501          105.69394          173.66154          173.32364          173.32371    
   2.0303511          107.23859          173.66588          173.39753          173.39760    
   2.0366521          108.80582          173.67006          173.47016          173.47023    
   2.0429532          110.39596          173.67408          173.54155          173.54162    
   2.0492542          112.00933          173.67793          173.61173          173.61180    
   2.0555552          113.64628          173.68161          173.68070          173.68077    
   2.0618563          115.30715          173.68514          173.74849          173.74856    
   2.0681573          116.99230          173.68851          173.81511          173.81518    
   2.0744583          118.70208          173.69172          173.88059          173.88065    
   2.0807593          120.43684          173.69478          173.94493          173.94500    
   2.0870604          122.19695          173.69769          174.00815          174.00822    
   2.0933614          123.98279          173.70045          174.07028          174.07035    
   2.0996624          125.79473          173.70306          174.13133          174.13140    
   2.1059635          127.63314          173.70552          174.19131          174.19138    
   2.1122645          129.49843          173.70784          174.25025          174.25032    
   2.1185655          131.39097          173.71002          174.30815          174.30822    
   2.1248666          133.31117          173.71206          174.36505          174.36511    
   2.1311676          135.25944          173.71396          174.42094          174.42101    
   2.1374686          137.23618          173.71573          174.47585          174.47592    
   2.1437696          139.24180          173.71736          174.52981          174.52987    
   2.1500707          141.27674          173.71886          174.58281          174.58288    
   2.1563717          143.34142          173.72023          174.63488          174.63495    
   2.1626727          145.43627          173.72147          174.68604          174.68611    
   2.1689738          147.56174          173.72259          174.73630          174.73637    
   2.1752748          149.71827          173.72358          174.78568          174.78575    
   2.1815758          151.90631          173.72445          174.83419          174.83426    
   2.1878769          154.12634          173.72520          174.88186          174.88193    
   2.1941779          156.37880          173.72583          174.92869          174.92876    
   2.2004789          158.66419          173.72634          174.97471          174.97478    
   2.2067799          160.98297          173.72674          175.01993          175.01999    
   2.2130810          163.33565          173.72703          175.06436          175.06443    
   2.2193820          165.72270          173.72720          175.10803          175.10809    
   2.2256830          168.14464          173.72727          175.15094          175.15101    
   2.2319841          170.60198          173.72723          175.19312          175.19318    
   2.2382851          173.09523          173.72709          175.23458          175.23464    
   2.2445861          175.62491          173.72684          175.27533          175.27540    
   2.2508872          178.19157          173.72650          175.31540          175.31547    
   2.2571882          180.79574          173.72605          175.35480          175.35486    
   2.2634892          183.43796          173.72551          175.39354          175.39360    
   2.2697902          186.11880          173.72487          175.43164          175.43170    
   2.2760913          188.83882          173.72414          175.46911          175.46917    
   2.2823923          191.59859          173.72332          175.50598          175.50604    
   2.2886933          194.39869          173.72241          175.54225          175.54231    
   2.2949944          197.23971          173.72141          175.57794          175.57800    
   2.3012954          200.12226          173.72032          175.61307          175.61313    
   2.3075964          203.04693          173.71916          175.64765          175.64771    
   2.3138975          206.01434          173.71791          175.68170          175.68176    
   2.3201985          209.02512          173.71658          175.71523          175.71529    
   2.3264995          212.07990          173.71517          175.74826          175.74832    
   2.3328005          215.17933          173.71369          175.78080          175.78086    
   2.3391016          218.32405          173.71213          175.81287          175.81293    
   2.3454026          221.51473          173.71050          175.84448          175.84453    
   2.3517036          224.75203          173.70880          175.87564          175.87570    
   2.3580047          228.03666          173.70703          175.90637          175.90643    
   2.3643057          231.36928          173.70519          175.93669          175.93675    
   2.3706067          234.75061          173.70329          175.96660          175.96666    
   2.3769078          238.18135          173.70133          175.99613          175.99618    
   2.3832088          241.66223          173.69930          176.02527          176.02533    
   2.3895098          245.19399          173.69721          176.05406          176.05411    
   2.3958108          248.77735          173.69507          176.08250          176.08255    
   2.4021119          252.41309          173.69286          176.11060          176.11065    
   2.4084129          256.10196          173.69061          176.13837          176.13842    
   2.4147139          259.84474          173.68830          176.16583          176.16589    
   2.4210150          263.64222          173.68593          176.19300          176.19305    
   2.4273160          267.49520          173.68352          176.21987          176.21992    
   2.4336170          271.40449          173.68106          176.24647          176.24652    
   2.4399181          275.37091          173.67855          176.27280          176.27285    
   2.4462191          279.39529          173.67599          176.29888          176.29892    
   2.4525201          283.47849          173.67339          176.32471          176.32476    
   2.4588211          287.62136          173.67075          176.35031          176.35035    
   2.4651222          291.82478          173.66806          176.37568          176.37573    
   2.4714232          296.08963          173.66534          176.40084          176.40089    
   2.4777242          300.41681          173.66257          176.42580          176.42584    
   2.4840253          304.80723          173.65977          176.45055          176.45060    
   2.4903263          309.26181          173.65693          176.47513          176.47517    
   2.4966273          313.78149          173.65405          176.49952          176.49956    
   2.5029284          318.36723          173.65114          176.52374          176.52378    
   2.5092294          323.01998          173.64820          176.54780          176.54784    
   2.5155304          327.74073          173.64522          176.57170          176.57174    
   2.5218314          332.53047          173.64221          176.59545          176.59549    
   2.5281325          337.39021          173.63917          176.61906          176.61909    
   2.5344335          342.32097          173.63610          176.64253          176.64256    
   2.5407345          347.32379          173.63300          176.66587          176.66590    
   2.5470356          352.39973          173.62987          176.68908          176.68912    
   2.5533366          357.54984          173.62671          176.71218          176.71221    
   2.5596376          362.77523          173.62353          176.73515          176.73519    
   2.5659387          368.07698          173.62032          176.75802          176.75805    
   2.5722397          373.45621          173.61708          176.78078          176.78081    
   2.5785407          378.91405          173.61382          176.80344          176.80347    
   2.5848417          384.45166          173.61053          176.82599          176.82602    
   2.5911428          390.07020          173.60722          176.84845          176.84848    
   2.5974438          395.77085          173.60388          176.87081          176.87084    
   2.6037448          401.55481          173.60052          176.89309          176.89311    
   2.6100459          407.42330          173.59714          176.91527          176.91529    
   2.6163469          413.37756          173.59373          176.93736          176.93738    
   2.6226479          419.41883          173.59030          176.95937          176.95939    
   2.6289490          425.54839          173.58684          176.98129          176.98131    
   2.6352500          431.76753          173.58337          177.00313          177.00315    
   2.6415510          438.07756          173.57987          177.02488          177.02490    
   2.6478520          444.47981          173.57634          177.04655          177.04657    
   2.6541531          450.97563          173.57280          177.06814          177.06815    
   2.6604541          457.56638          173.56923          177.08964          177.08966    
   2.6667551          464.25344          173.56564          177.11106          177.11108    
   2.6730562          471.03824          173.56202          177.13240          177.13241    
   2.6793572          477.92219          173.55839          177.15365          177.15366    
   2.6856582          484.90674          173.55473          177.17482          177.17483    
   2.6919593          491.99337          173.55104          177.19590          177.19591    
   2.6982603          499.18357          173.54734          177.21690          177.21690    
   2.7045613          506.47885          173.54361          177.23780          177.23781    
   2.7108623          513.88074          173.53985          177.25862          177.25863    
   2.7171634          521.39081          173.53607          177.27935          177.27935    
   2.7234644          529.01063          173.53227          177.29998          177.29998    
   2.7297654          536.74182          173.52844          177.32052          177.32052    
   2.7360665          544.58599          173.52459          177.34097          177.34096    
   2.7423675          552.54480          173.52071          177.36131          177.36131    
   2.7486685          560.61992          173.51681          177.38156          177.38155    
   2.7549696          568.81305          173.51288          177.40171          177.40170    
   2.7612706          577.12592          173.50892          177.42175          177.42174    
   2.7675716          585.56028          173.50494          177.44169          177.44168    
   2.7738726          594.11791          173.50093          177.46152          177.46150    
   2.7801737          602.80059          173.49690          177.48124          177.48122    
   2.7864747          611.61018          173.49283          177.50085          177.50083    
   2.7927757          620.54850          173.48874          177.52035          177.52033    
   2.7990768          629.61746          173.48462          177.53973          177.53971    
   2.8053778          638.81895          173.48048          177.55900          177.55898    
   2.8116788          648.15492          173.47630          177.57815          177.57812    
   2.8179799          657.62733          173.47209          177.59718          177.59715    
   2.8242809          667.23817          173.46786          177.61609          177.61606    
   2.8305819          676.98947          173.46360          177.63487          177.63484    
   2.8368829          686.88328          173.45930          177.65353          177.65350    
   2.8431840          696.92168          173.45498          177.67207          177.67203    
   2.8494850          707.10678          173.45062          177.69047          177.69044    
   2.8557860          717.44074          173.44624          177.70875          177.70871    
   2.8620871          727.92572          173.44182          177.72690          177.72686    
   2.8683881          738.56393          173.43737          177.74492          177.74487    
   2.8746891          749.35761          173.43289          177.76280          177.76275    
   2.8809902          760.30904          173.42838          177.78055          177.78050    
   2.8872912          771.42051          173.42383          177.79817          177.79812    
   2.8935922          782.69437          173.41926          177.81565          177.81560    
   2.8998932          794.13300          173.41465          177.83300          177.83294    
   2.9061943          805.73879          173.41000          177.85021          177.85015    
   2.9124953          817.51419          173.40533          177.86729          177.86723    
   2.9187963          829.46169          173.40062          177.88423          177.88416    
   2.9250974          841.58379          173.39588          177.90103          177.90096    
   2.9313984          853.88305          173.39111          177.91770          177.91763    
   2.9376994          866.36205          173.38630          177.93422          177.93415    
   2.9440005          879.02343          173.38146          177.95062          177.95054    
   2.9503015          891.86985          173.37658          177.96687          177.96680    
   2.9566025          904.90401          173.37168          177.98299          177.98291    
   2.9629035          918.12866          173.36673          177.99897          177.99889    
   2.9692046          931.54657          173.36176          178.01482          178.01473    
   2.9755056          945.16058          173.35675          178.03053          178.03044    
   2.9818066          958.97356          173.35170          178.04610          178.04601    
   2.9881077          972.98840          173.34663          178.06155          178.06145    
   2.9944087          987.20806          173.34151          178.07685          178.07676    
   3.0007097          1001.6355          173.33637          178.09203          178.09193    
   3.0070108          1016.2739          173.33119          178.10707          178.10697    
   3.0133118          1031.1261          173.32598          178.12198          178.12188    
   3.0196128          1046.1954          173.32073          178.13677          178.13666    
   3.0259138          1061.4850          173.31545          178.15142          178.15131    
   3.0322149          1076.9979          173.31013          178.16594          178.16583    
   3.0385159          1092.7376          173.30478          178.18034          178.18023    
   3.0448169          1108.7074          173.29940          178.19461          178.19450    
   3.0511180          1124.9105          173.29398          178.20876          178.20864    
   3.0574190          1141.3504          173.28853          178.22278          178.22266    
   3.0637200          1158.0306          173.28305          178.23669          178.23656    
   3.0700211          1174.9545          173.27753          178.25047          178.25034    
   3.0763221          1192.1258          173.27198          178.26413          178.26400    
   3.0826231          1209.5480          173.26639          178.27767          178.27754    
   3.0889241          1227.2249          173.26077          178.29109          178.29096    
   3.0952252          1245.1600          173.25512          178.30440          178.30426    
   3.1015262          1263.3573          173.24944          178.31760          178.31745    
   3.1078272          1281.8206          173.24372          178.33068          178.33053    
   3.1141283          1300.5536          173.23797          178.34365          178.34350    
   3.1204293          1319.5605          173.23218          178.35650          178.35635    
   3.1267303          1338.8451          173.22637          178.36925          178.36910    
   3.1330314          1358.4115          173.22052          178.38189          178.38174    
   3.1393324          1378.2639          173.21463          178.39442          178.39427    
   3.1456334          1398.4064          173.20872          178.40685          178.40669    
   3.1519344          1418.8433          173.20277          178.41917          178.41901    
   3.1582355          1439.5789          173.19679          178.43139          178.43123    
   3.1645365          1460.6175          173.19078          178.44351          178.44334    
   3.1708375          1481.9636          173.18473          178.45553          178.45536    
   3.1771386          1503.6216          173.17865          178.46745          178.46727    
   3.1834396          1525.5962          173.17254          178.47926          178.47909    
   3.1897406          1547.8919          173.16640          178.49098          178.49081    
   3.1960417          1570.5134          173.16022          178.50261          178.50243    
   3.2023427          1593.4656          173.15401          178.51414          178.51396    
   3.2086437          1616.7531          173.14777          178.52557          178.52539    
   3.2149447          1640.3810          173.14150          178.53692          178.53673    
   3.2212458          1664.3543          173.13520          178.54816          178.54798    
   3.2275468          1688.6778          173.12886          178.55932          178.55914    
   3.2338478          1713.3569          173.12250          178.57039          178.57021    
   3.2401489          1738.3966          173.11609          178.58136          178.58118    
   3.2464499          1763.8022          173.10966          178.59225          178.59207    
   3.2527509          1789.5792          173.10320          178.60306          178.60287    
   3.2590520          1815.7329          173.09670          178.61377          178.61359    
   3.2653530          1842.2687          173.09017          178.62440          178.62422    
   3.2716540          1869.1924          173.08361          178.63495          178.63476    
   3.2779550          1896.5096          173.07702          178.64541          178.64522    
   3.2842561          1924.2260          173.07039          178.65579          178.65560    
   3.2905571          1952.3474          173.06373          178.66608          178.66589    
   3.2968581          1980.8798          173.05704          178.67630          178.67611    
   3.3031592          2009.8292          173.05032          178.68643          178.68624    
   3.3094602          2039.2017          173.04357          178.69648          178.69629    
   3.3157612          2069.0035          173.03678          178.70646          178.70626    
   3.3220623          2099.2408          173.02996          178.71635          178.71615    
   3.3283633          2129.9200          173.02311          178.72617          178.72597    
   3.3346643          2161.0475          173.01623          178.73590          178.73570    
   3.3409653          2192.6299          173.00931          178.74556          178.74536    
   3.3472664          2224.6740          173.00236          178.75515          178.75495    
   3.3535674          2257.1863          172.99538          178.76465          178.76446    
   3.3598684          2290.1737          172.98837          178.77408          178.77389    
   3.3661695          2323.6433          172.98133          178.78344          178.78325    
   3.3724705          2357.6020          172.97425          178.79272          178.79253    
   3.3787715          2392.0570          172.96714          178.80193          178.80174    
   3.3850726          2427.0155          172.96000          178.81107          178.81088    
   3.3913736          2462.4849          172.95283          178.82014          178.81995    
   3.3976746          2498.4727          172.94562          178.82913          178.82894    
   3.4039756          2534.9864          172.93838          178.83805          178.83787    
   3.4102767          2572.0338          172.93111          178.84690          178.84672    
   3.4165777          2609.6226          172.92380          178.85568          178.85551    
   3.4228787          2647.7607          172.91647          178.86439          178.86422    
   3.4291798          2686.4562          172.90909          178.87304          178.87287    
   3.4354808          2725.7172          172.90169          178.88161          178.88145    
   3.4417818          2765.5520          172.89425          178.89012          178.88996    
   3.4480829          2805.9689          172.88679          178.89856          178.89841    
   3.4543839          2846.9765          172.87928          178.90693          178.90678    
   3.4606849          2888.5834          172.87175          178.91524          178.91510    
   3.4669859          2930.7984          172.86418          178.92348          178.92334    
   3.4732870          2973.6303          172.85658          178.93165          178.93153    
   3.4795880          3017.0882          172.84894          178.93977          178.93964    
   3.4858890          3061.1812          172.84127          178.94781          178.94770    
   3.4921901          3105.9185          172.83357          178.95580          178.95569    
   3.4984911          3151.3097          172.82583          178.96372          178.96362    
   3.5047921          3197.3643          172.81807          178.97158          178.97149    
   3.5110932          3244.0919          172.81026          178.97937          178.97929    
   3.5173942          3291.5024          172.80243          178.98711          178.98704    
   3.5236952          3339.6058          172.79456          178.99478          178.99472    
   3.5299962          3388.4122          172.78665          179.00240          179.00234    
   3.5362973          3437.9319          172.77872          179.00995          179.00991    
   3.5425983          3488.1753          172.77074          179.01744          179.01741    
   3.5488993          3539.1529          172.76274          179.02488          179.02486    
   3.5552004          3590.8756          172.75470          179.03226          179.03224    
   3.5615014          3643.3542          172.74662          179.03957          179.03957    
   3.5678024          3696.5997          172.73852          179.04684          179.04685    
   3.5741035          3750.6233          172.73037          179.05404          179.05406    
   3.5804045          3805.4365          172.72220          179.06119          179.06122    
   3.5867055          3861.0508          172.71399          179.06828          179.06833    
   3.5930065          3917.4778          172.70574          179.07531          179.07538    
   3.5993076          3974.7294          172.69746          179.08229          179.08237    
   3.6056086          4032.8178          172.68915          179.08922          179.08931    
   3.6119096          4091.7551          172.68080          179.09609          179.09620    
   3.6182107          4151.5537          172.67241          179.10291          179.10303    
   3.6245117          4212.2263          172.66399          179.10967          179.10981    
   3.6308127          4273.7855          172.65554          179.11638          179.11654    
   3.6371138          4336.2444          172.64705          179.12304          179.12321    
   3.6434148          4399.6161          172.63853          179.12965          179.12984    
   3.6497158          4463.9139          172.62997          179.13620          179.13641    
   3.6560168          4529.1514          172.62137          179.14270          179.14293    
   3.6623179          4595.3424          172.61274          179.14915          179.14940    
   3.6686189          4662.5006          172.60407          179.15556          179.15582    
   3.6749199          4730.6403          172.59537          179.16191          179.16219    
   3.6812210          4799.7759          172.58664          179.16821          179.16851    
   3.6875220          4869.9218          172.57786          179.17446          179.17478    
   3.6938230          4941.0929          172.56905          179.18066          179.18100    
   3.7001241          5013.3041          172.56021          179.18682          179.18718    
   3.7064251          5086.5707          172.55133          179.19292          179.19331    
   3.7127261          5160.9079          172.54241          179.19898          179.19939    
   3.7190271          5236.3316          172.53346          179.20499          179.20542    
   3.7253282          5312.8575          172.52447          179.21096          179.21141    
   3.7316292          5390.5019          172.51544          179.21687          179.21735    
   3.7379302          5469.2809          172.50638          179.22274          179.22324    
   3.7442313          5549.2113          172.49728          179.22857          179.22909    
   3.7505323          5630.3098          172.48814          179.23435          179.23489    
   3.7568333          5712.5935          172.47897          179.24008          179.24065    
   3.7631344          5796.0797          172.46976          179.24577          179.24636    
   3.7694354          5880.7861          172.46051          179.25142          179.25203    
   3.7757364          5966.7303          172.45123          179.25702          179.25766    
   3.7820374          6053.9306          172.44191          179.26258          179.26324    
   3.7883385          6142.4053          172.43255          179.26809          179.26878    
   3.7946395          6232.1730          172.42315          179.27356          179.27427    
   3.8009405          6323.2526          172.41372          179.27899          179.27973    
   3.8072416          6415.6633          172.40425          179.28437          179.28514    
   3.8135426          6509.4245          172.39474          179.28971          179.29051    
   3.8198436          6604.5559          172.38519          179.29501          179.29583    
   3.8261447          6701.0777          172.37561          179.30027          179.30112    
   3.8324457          6799.0100          172.36598          179.30549          179.30636    
   3.8387467          6898.3736          172.35632          179.31067          179.31157    
   3.8450477          6999.1893          172.34662          179.31581          179.31673    
   3.8513488          7101.4784          172.33687          179.32091          179.32185    
   3.8576498          7205.2624          172.32709          179.32596          179.32694    
   3.8639508          7310.5631          172.31727          179.33098          179.33198    
   3.8702519          7417.4028          172.30742          179.33596          179.33699    
   3.8765529          7525.8038          172.29752          179.34090          179.34195    
   3.8828539          7635.7890          172.28759          179.34580          179.34688    
   3.8891550          7747.3817          172.27761          179.35066          179.35177    
   3.8954560          7860.6051          172.26760          179.35549          179.35662    
   3.9017570          7975.4833          172.25754          179.36027          179.36143    
   3.9080580          8092.0404          172.24745          179.36502          179.36621    
   3.9143591          8210.3009          172.23731          179.36973          179.37094    
   3.9206601          8330.2896          172.22714          179.37441          179.37564    
   3.9269611          8452.0320          172.21692          179.37905          179.38031    
   3.9332622          8575.5535          172.20667          179.38365          179.38493    
   3.9395632          8700.8802          172.19637          179.38821          179.38952    
   3.9458642          8828.0386          172.18604          179.39274          179.39408    
   3.9521653          8957.0552          172.17566          179.39724          179.39860    
   3.9584663          9087.9574          172.16524          179.40170          179.40308    
   3.9647673          9220.7726          172.15478          179.40612          179.40753    
   3.9710683          9355.5288          172.14428          179.41051          179.41194    
   3.9773694          9492.2544          172.13374          179.41487          179.41632    
   3.9836704          9630.9782          172.12315          179.41919          179.42066    
   3.9899714          9771.7294          172.11253          179.42347          179.42497    
   3.9962725          9914.5375          172.10186          179.42773          179.42925    
   4.0025735          10059.433          172.09115          179.43195          179.43349    
   4.0088745          10206.446          172.08040          179.43613          179.43769    
   4.0151756          10355.607          172.06960          179.44029          179.44187    
   4.0214766          10506.948          172.05876          179.44441          179.44601    
   4.0277776          10660.501          172.04788          179.44849          179.45012    
   4.0340786          10816.298          172.03696          179.45255          179.45419    
   4.0403797          10974.372          172.02599          179.45657          179.45823    
   4.0466807          11134.756          172.01498          179.46057          179.46224    
   4.0529817          11297.484          172.00392          179.46453          179.46622    
   4.0592828          11462.590          171.99283          179.46845          179.47017    
   4.0655838          11630.109          171.98168          179.47235          179.47408    
   4.0718848          11800.076          171.97050          179.47622          179.47796    
   4.0781859          11972.528          171.95927          179.48006          179.48182    
   4.0844869          12147.499          171.94799          179.48386          179.48564    
   4.0907879          12325.028          171.93667          179.48764          179.48943    
   4.0970889          12505.151          171.92531          179.49138          179.49319    
   4.1033900          12687.907          171.91390          179.49510          179.49692    
   4.1096910          12873.333          171.90244          179.49879          179.50062    
   4.1159920          13061.469          171.89094          179.50244          179.50429    
   4.1222931          13252.355          171.87939          179.50607          179.50793    
   4.1285941          13446.030          171.86780          179.50967          179.51154    
   4.1348951          13642.536          171.85616          179.51324          179.51512    
   4.1411962          13841.914          171.84448          179.51678          179.51867    
   4.1474972          14044.206          171.83274          179.52029          179.52219    
   4.1537982          14249.454          171.82097          179.52378          179.52569    
   4.1600992          14457.701          171.80915          179.52723          179.52915    
   4.1664003          14668.992          171.79727          179.53066          179.53259    
   4.1727013          14883.371          171.78535          179.53406          179.53600    
   4.1790023          15100.883          171.77339          179.53744          179.53938    
   4.1853034          15321.573          171.76136          179.54079          179.54273    
   4.1916044          15545.489          171.74930          179.54411          179.54606    
   4.1979054          15772.677          171.73719          179.54740          179.54936    
   4.2042065          16003.186          171.72503          179.55066          179.55263    
   4.2105075          16237.063          171.71282          179.55390          179.55588    
   4.2168085          16474.358          171.70056          179.55712          179.55910    
   4.2231095          16715.122          171.68825          179.56030          179.56229    
   4.2294106          16959.403          171.67590          179.56347          179.56546    
   4.2357116          17207.255          171.66349          179.56660          179.56860    
   4.2420126          17458.729          171.65103          179.56971          179.57171    
   4.2483137          17713.878          171.63853          179.57279          179.57480    
   4.2546147          17972.757          171.62597          179.57585          179.57786    
   4.2609157          18235.418          171.61336          179.57889          179.58090    
   4.2672168          18501.918          171.60070          179.58190          179.58391    
   4.2735178          18772.313          171.58799          179.58488          179.58690    
   4.2798188          19046.659          171.57523          179.58784          179.58987    
   4.2861198          19325.015          171.56242          179.59077          179.59280    
   4.2924209          19607.439          171.54956          179.59368          179.59572    
   4.2987219          19893.990          171.53664          179.59657          179.59861    
   4.3050229          20184.729          171.52367          179.59943          179.60147    
   4.3113240          20479.717          171.51065          179.60227          179.60432    
   4.3176250          20779.017          171.49758          179.60508          179.60714    
   4.3239260          21082.690          171.48445          179.60787          179.60993    
   4.3302271          21390.801          171.47127          179.61064          179.61270    
   4.3365281          21703.415          171.45803          179.61338          179.61545    
   4.3428291          22020.598          171.44474          179.61610          179.61818    
   4.3491301          22342.416          171.43140          179.61880          179.62088    
   4.3554312          22668.938          171.41800          179.62147          179.62356    
   4.3617322          23000.231          171.40455          179.62412          179.62622    
   4.3680332          23336.366          171.39104          179.62675          179.62885    
   4.3743343          23677.414          171.37748          179.62936          179.63147    
   4.3806353          24023.445          171.36386          179.63194          179.63406    
   4.3869363          24374.534          171.35019          179.63450          179.63663    
   4.3932374          24730.754          171.33646          179.63704          179.63917    
   4.3995384          25092.179          171.32267          179.63955          179.64170    
   4.4058394          25458.887          171.30884          179.64205          179.64421    
   4.4121404          25830.954          171.29494          179.64452          179.64669    
   4.4184415          26208.458          171.28098          179.64697          179.64915    
   4.4247425          26591.479          171.26696          179.64940          179.65159    
   4.4310435          26980.099          171.25289          179.65181          179.65401    
   4.4373446          27374.397          171.23876          179.65419          179.65641    
   4.4436456          27774.458          171.22457          179.65656          179.65879    
   4.4499466          28180.365          171.21032          179.65890          179.66115    
   4.4562477          28592.205          171.19602          179.66123          179.66349    
   4.4625487          29010.064          171.18165          179.66353          179.66581    
   4.4688497          29434.029          171.16722          179.66581          179.66811    
   4.4751507          29864.190          171.15274          179.66807          179.67039    
   4.4814518          30300.638          171.13820          179.67031          179.67264    
   4.4877528          30743.464          171.12359          179.67253          179.67488    
   4.4940538          31192.762          171.10892          179.67473          179.67710    
   4.5003549          31648.626          171.09420          179.67691          179.67930    
   4.5066559          32111.152          171.07941          179.67906          179.68148    
   4.5129569          32580.438          171.06456          179.68120          179.68365    
   4.5192580          33056.582          171.04965          179.68332          179.68579    
   4.5255590          33539.685          171.03467          179.68542          179.68791    
   4.5318600          34029.848          171.01963          179.68750          179.69002    
   4.5381610          34527.175          171.00453          179.68956          179.69211    
   4.5444621          35031.769          170.98937          179.69160          179.69417    
   4.5507631          35543.738          170.97414          179.69362          179.69622    
   4.5570641          36063.189          170.95885          179.69562          179.69825    
   4.5633652          36590.232          170.94350          179.69760          179.70027    
   4.5696662          37124.977          170.92808          179.69956          179.70226    
   4.5759672          37667.537          170.91260          179.70150          179.70424    
   4.5822683          38218.026          170.89705          179.70342          179.70619    
   4.5885693          38776.560          170.88143          179.70533          179.70813    
   4.5948703          39343.257          170.86575          179.70721          179.71006    
   4.6011713          39918.236          170.85001          179.70908          179.71196    
   4.6074724          40501.618          170.83420          179.71093          179.71385    
   4.6137734          41093.525          170.81831          179.71276          179.71572    
   4.6200744          41694.083          170.80237          179.71457          179.71757    
   4.6263755          42303.418          170.78635          179.71636          179.71940    
   4.6326765          42921.658          170.77027          179.71814          179.72122    
   4.6389775          43548.933          170.75412          179.71989          179.72302    
   4.6452786          44185.376          170.73790          179.72163          179.72480    
   4.6515796          44831.119          170.72162          179.72335          179.72657    
   4.6578806          45486.300          170.70526          179.72505          179.72832    
   4.6641816          46151.056          170.68884          179.72673          179.73005    
   4.6704827          46825.527          170.67234          179.72840          179.73176    
   4.6767837          47509.855          170.65577          179.73005          179.73346    
   4.6830847          48204.183          170.63914          179.73168          179.73514    
   4.6893858          48908.660          170.62243          179.73329          179.73681    
   4.6956868          49623.431          170.60565          179.73488          179.73845    
   4.7019878          50348.649          170.58880          179.73646          179.74009    
   4.7082889          51084.465          170.57188          179.73802          179.74170    
   4.7145899          51831.035          170.55489          179.73956          179.74330    
   4.7208909          52588.515          170.53782          179.74108          179.74488    
   4.7271919          53357.066          170.52068          179.74259          179.74645    
   4.7334930          54136.849          170.50347          179.74408          179.74800    
   4.7397940          54928.027          170.48618          179.74555          179.74953    
   4.7460950          55730.768          170.46882          179.74701          179.75105    
   4.7523961          56545.241          170.45138          179.74845          179.75255    
   4.7586971          57371.617          170.43388          179.74987          179.75403    
   4.7649981          58210.070          170.41629          179.75128          179.75550    
   4.7712992          59060.776          170.39862          179.75267          179.75696    
   4.7776002          59923.915          170.38089          179.75404          179.75839    
   4.7839012          60799.668          170.36307          179.75539          179.75982    
   4.7902022          61688.220          170.34518          179.75673          179.76122    
   4.7965033          62589.758          170.32721          179.75805          179.76261    
   4.8028043          63504.471          170.30917          179.75936          179.76399    
   4.8091053          64432.552          170.29104          179.76065          179.76535    
   4.8154064          65374.196          170.27284          179.76192          179.76669    
   4.8217074          66329.602          170.25456          179.76318          179.76802    
   4.8280084          67298.971          170.23620          179.76442          179.76934    
   4.8343095          68282.506          170.21776          179.76564          179.77064    
   4.8406105          69280.415          170.19925          179.76685          179.77192    
   4.8469115          70292.908          170.18065          179.76804          179.77319    
   4.8532125          71320.198          170.16197          179.76921          179.77444    
   4.8595136          72362.501          170.14321          179.77037          179.77568    
   4.8658146          73420.037          170.12436          179.77152          179.77691    
   4.8721156          74493.028          170.10544          179.77265          179.77812    
   4.8784167          75581.701          170.08643          179.77376          179.77931    
   4.8847177          76686.283          170.06734          179.77485          179.78049    
   4.8910187          77807.009          170.04818          179.77593          179.78165    
   4.8973198          78944.113          170.02892          179.77700          179.78280    
   4.9036208          80097.836          170.00957          179.77805          179.78394    
   4.9099218          81268.419          169.99015          179.77908          179.78506    
   4.9162228          82456.110          169.97064          179.78010          179.78617    
   4.9225239          83661.158          169.95105          179.78110          179.78726    
   4.9288249          84883.817          169.93137          179.78209          179.78834    
   4.9351259          86124.345          169.91160          179.78306          179.78940    
   4.9414270          87383.002          169.89175          179.78402          179.79045    
   4.9477280          88660.054          169.87181          179.78496          179.79149    
   4.9540290          89955.769          169.85178          179.78589          179.79251    
   4.9603301          91270.420          169.83167          179.78680          179.79351    
   4.9666311          92604.285          169.81146          179.78769          179.79451    
   4.9729321          93957.642          169.79117          179.78858          179.79548    
   4.9792331          95330.779          169.77079          179.78944          179.79645    
   4.9855342          96723.983          169.75032          179.79029          179.79740    
   4.9918352          98137.548          169.72976          179.79113          179.79834    
   4.9981362          99571.771          169.70911          179.79195          179.79926    
   5.0044373          101026.95          169.68837          179.79275          179.80017    
   5.0107383          102503.40          169.66755          179.79354          179.80107    
   5.0170393          104001.43          169.64662          179.79432          179.80195    
   5.0233404          105521.35          169.62560          179.79508          179.80282    
   5.0296414          107063.49          169.60449          179.79583          179.80367    
   5.0359424          108628.16          169.58329          179.79656          179.80451    
   5.0422434          110215.69          169.56200          179.79728          179.80534    
   5.0485445          111826.43          169.54061          179.79798          179.80615    
   5.0548455          113460.71          169.51912          179.79866          179.80696    
   5.0611465          115118.87          169.49755          179.79934          179.80774    
   5.0674476          116801.27          169.47587          179.79999          179.80852    
   5.0737486          118508.25          169.45411          179.80064          179.80928    
   5.0800496          120240.18          169.43224          179.80127          179.81003    
   5.0863507          121997.42          169.41028          179.80188          179.81076    
   5.0926517          123780.34          169.38822          179.80248          179.81148    
   5.0989527          125589.32          169.36606          179.80306          179.81219    
   5.1052537          127424.74          169.34381          179.80363          179.81288    
   5.1115548          129286.97          169.32147          179.80419          179.81356    
   5.1178558          131176.43          169.29901          179.80473          179.81423    
   5.1241568          133093.50          169.27645          179.80525          179.81489    
   5.1304579          135038.58          169.25380          179.80577          179.81553    
   5.1367589          137012.09          169.23105          179.80626          179.81616    
   5.1430599          139014.44          169.20820          179.80674          179.81677    
   5.1493610          141046.06          169.18525          179.80721          179.81737    
   5.1556620          143107.36          169.16219          179.80766          179.81796    
   5.1619630          145198.79          169.13904          179.80810          179.81854    
   5.1682640          147320.79          169.11578          179.80852          179.81910    
   5.1745651          149473.80          169.09242          179.80893          179.81965    
   5.1808661          151658.27          169.06895          179.80933          179.82019    
   5.1871671          153874.67          169.04538          179.80970          179.82071    
   5.1934682          156123.46          169.02171          179.81007          179.82122    
   5.1997692          158405.11          168.99793          179.81042          179.82172    
   5.2060702          160720.11          168.97405          179.81075          179.82221    
   5.2123713          163068.94          168.95005          179.81107          179.82268    
   5.2186723          165452.10          168.92596          179.81138          179.82313    
   5.2249733          167870.09          168.90175          179.81167          179.82358    
   5.2312743          170323.41          168.87744          179.81194          179.82401    
   5.2375754          172812.59          168.85303          179.81220          179.82443    
   5.2438764          175338.14          168.82850          179.81244          179.82483    
   5.2501774          177900.61          168.80387          179.81267          179.82522    
   5.2564785          180500.52          168.77912          179.81289          179.82560    
   5.2627795          183138.43          168.75427          179.81309          179.82597    
   5.2690805          185814.89          168.72931          179.81327          179.82632    
   5.2753816          188530.47          168.70423          179.81344          179.82666    
   5.2816826          191285.73          168.67905          179.81359          179.82698    
   5.2879836          194081.26          168.65376          179.81373          179.82729    
   5.2942846          196917.65          168.62835          179.81385          179.82759    
   5.3005857          199795.49          168.60283          179.81395          179.82788    
   5.3068867          202715.38          168.57719          179.81404          179.82815    
   5.3131877          205677.95          168.55145          179.81412          179.82840    
   5.3194888          208683.81          168.52559          179.81417          179.82864    
   5.3257898          211733.60          168.49962          179.81422          179.82887    
   5.3320908          214827.97          168.47353          179.81424          179.82909    
   5.3383919          217967.55          168.44733          179.81425          179.82929    
   5.3446929          221153.02          168.42101          179.81424          179.82948    
   5.3509939          224385.05          168.39458          179.81422          179.82965    
   5.3572949          227664.30          168.36803          179.81418          179.82981    
   5.3635960          230991.48          168.34137          179.81413          179.82995    
   5.3698970          234367.29          168.31458          179.81405          179.83008    
   5.3761980          237792.43          168.28768          179.81396          179.83019    
   5.3824991          241267.63          168.26066          179.81386          179.83029    
   5.3888001          244793.62          168.23352          179.81373          179.83038    
   5.3951011          248371.13          168.20627          179.81359          179.83045    
   5.4014022          252000.93          168.17889          179.81343          179.83051    
   5.4077032          255683.78          168.15140          179.81326          179.83055    
   5.4140042          259420.45          168.12378          179.81306          179.83057    
   5.4203052          263211.73          168.09605          179.81285          179.83058    
   5.4266063          267058.42          168.06819          179.81262          179.83058    
   5.4329073          270961.32          168.04021          179.81238          179.83056    
   5.4392083          274921.26          168.01211          179.81211          179.83052    
   5.4455094          278939.08          167.98389          179.81183          179.83047    
   5.4518104          283015.61          167.95555          179.81153          179.83040    
   5.4581114          287151.72          167.92708          179.81121          179.83032    
   5.4644125          291348.27          167.89849          179.81087          179.83022    
   5.4707135          295606.16          167.86977          179.81051          179.83011    
   5.4770145          299926.27          167.84093          179.81013          179.82998    
   5.4833155          304309.52          167.81197          179.80974          179.82983    
   5.4896166          308756.83          167.78288          179.80932          179.82966    
   5.4959176          313269.13          167.75367          179.80889          179.82948    
   5.5022186          317847.38          167.72433          179.80843          179.82928    
   5.5085197          322492.53          167.69486          179.80796          179.82907    
   5.5148207          327205.57          167.66527          179.80746          179.82884    
   5.5211217          331987.49          167.63555          179.80695          179.82859    
   5.5274228          336839.30          167.60570          179.80641          179.82832    
   5.5337238          341762.01          167.57573          179.80586          179.82803    
   5.5400248          346756.66          167.54563          179.80528          179.82773    
   5.5463258          351824.31          167.51540          179.80468          179.82741    
   5.5526269          356966.01          167.48504          179.80407          179.82707    
   5.5589279          362182.87          167.45455          179.80343          179.82671    
   5.5652289          367475.96          167.42393          179.80277          179.82634    
   5.5715300          372846.41          167.39318          179.80208          179.82595    
   5.5778310          378295.34          167.36230          179.80138          179.82553    
   5.5841320          383823.91          167.33130          179.80065          179.82510    
   5.5904331          389433.27          167.30016          179.79990          179.82465    
   5.5967341          395124.61          167.26889          179.79913          179.82418    
   5.6030351          400899.13          167.23748          179.79834          179.82369    
   5.6093361          406758.03          167.20595          179.79752          179.82318    
   5.6156372          412702.57          167.17428          179.79668          179.82265    
   5.6219382          418733.98          167.14249          179.79582          179.82210    
   5.6282392          424853.53          167.11055          179.79493          179.82153    
   5.6345403          431062.52          167.07849          179.79402          179.82094    
   5.6408413          437362.25          167.04629          179.79309          179.82033    
   5.6471423          443754.04          167.01396          179.79213          179.81970    
   5.6534434          450239.25          166.98150          179.79115          179.81905    
   5.6597444          456819.23          166.94890          179.79014          179.81838    
   5.6660454          463495.38          166.91617          179.78910          179.81768    
   5.6723464          470269.10          166.88331          179.78805          179.81697    
   5.6786475          477141.81          166.85029          179.78696          179.81623    
   5.6849485          484114.96          166.81716          179.78586          179.81547    
   5.6912495          491190.02          166.78388          179.78472          179.81468    
   5.6975506          498368.47          166.75047          179.78356          179.81388    
   5.7038516          505651.84          166.71693          179.78237          179.81305    
   5.7101526          513041.65          166.68325          179.78116          179.81220    
   5.7164537          520539.45          166.64943          179.77992          179.81132    
   5.7227547          528146.83          166.61549          179.77866          179.81043    
   5.7290557          535865.39          166.58138          179.77736          179.80950    
   5.7353567          543696.75          166.54716          179.77604          179.80856    
   5.7416578          551642.57          166.51279          179.77469          179.80759    
   5.7479588          559704.50          166.47829          179.77331          179.80659    
   5.7542598          567884.26          166.44365          179.77190          179.80558    
   5.7605609          576183.56          166.40887          179.77047          179.80453    
   5.7668619          584604.14          166.37395          179.76901          179.80346    
   5.7731629          593147.79          166.33890          179.76751          179.80237    
   5.7794640          601816.31          166.30371          179.76599          179.80125    
   5.7857650          610611.50          166.26838          179.76444          179.80010    
   5.7920660          619535.23          166.23291          179.76286          179.79893    
   5.7983670          628589.38          166.19730          179.76124          179.79773    
   5.8046681          637775.85          166.16156          179.75960          179.79651    
   5.8109691          647096.57          166.12567          179.75793          179.79526    
   5.8172701          656553.51          166.08966          179.75623          179.79398    
   5.8235712          666148.66          166.05349          179.75449          179.79267    
   5.8298722          675884.04          166.01719          179.75272          179.79134    
   5.8361732          685761.69          165.98075          179.75092          179.78997    
   5.8424743          695783.70          165.94417          179.74909          179.78858    
   5.8487753          705952.17          165.90745          179.74722          179.78716    
   5.8550763          716269.26          165.87059          179.74533          179.78571    
   5.8613773          726737.11          165.83361          179.74340          179.78423    
   5.8676784          737357.96          165.79646          179.74143          179.78272    
   5.8739794          748134.01          165.75918          179.73943          179.78119    
   5.8802804          759067.56          165.72177          179.73740          179.77962    
   5.8865815          770160.89          165.68422          179.73533          179.77802    
   5.8928825          781416.34          165.64653          179.73323          179.77639    
   5.8991835          792836.29          165.60869          179.73109          179.77473    
   5.9054846          804423.13          165.57072          179.72892          179.77303    
   5.9117856          816179.31          165.53262          179.72671          179.77131    
   5.9180866          828107.29          165.49437          179.72447          179.76955    
   5.9243876          840209.60          165.45598          179.72218          179.76776    
   5.9306887          852488.78          165.41746          179.71987          179.76594    
   5.9369897          864947.40          165.37880          179.71751          179.76408    
   5.9432907          877588.11          165.34001          179.71512          179.76219    
   5.9495918          890413.55          165.30106          179.71268          179.76027    
   5.9558928          903426.43          165.26198          179.71021          179.75831    
   5.9621938          916629.48          165.22276          179.70771          179.75631    
   5.9684949          930025.49          165.18341          179.70516          179.75428    
   5.9747959          943617.27          165.14392          179.70257          179.75222    
   5.9810969          957407.69          165.10430          179.69994          179.75012    
   5.9873979          971399.64          165.06453          179.69727          179.74798    
   5.9936990          985596.09          165.02464          179.69457          179.74581    
   6.0000000          1000000.0          164.98460          179.69182          179.74360    
