   LOG10(FN) FN  Magnitudes: Lamda11, Lamda22 ...
 -0.30103000         0.50000000         0.48800914E-13     0.43401192E-13     0.43401193E-13
 -0.29472897         0.50730721         0.49643523E-13     0.44036848E-13     0.44036849E-13
 -0.28842794         0.51472121         0.50503417E-13     0.44681856E-13     0.44681856E-13
 -0.28212691         0.52224356         0.51381033E-13     0.45336353E-13     0.45336353E-13
 -0.27582588         0.52987585         0.52276824E-13     0.46000482E-13     0.46000482E-13
 -0.26952485         0.53761968         0.53191253E-13     0.46674386E-13     0.46674387E-13
 -0.26322382         0.54547667         0.54124801E-13     0.47358212E-13     0.47358212E-13
 -0.25692279         0.55344850         0.55077960E-13     0.48052107E-13     0.48052108E-13
 -0.25062176         0.56153683         0.56051239E-13     0.48756222E-13     0.48756223E-13
 -0.24432073         0.56974336         0.57045160E-13     0.49470711E-13     0.49470711E-13
 -0.23801970         0.57806983         0.58060262E-13     0.50195727E-13     0.50195728E-13
 -0.23171867         0.58651799         0.59097100E-13     0.50931430E-13     0.50931431E-13
 -0.22541764         0.59508961         0.60156246E-13     0.51677978E-13     0.51677979E-13
 -0.21911661         0.60378649         0.61238288E-13     0.52435536E-13     0.52435537E-13
 -0.21281558         0.61261048         0.62343833E-13     0.53204267E-13     0.53204269E-13
 -0.20651455         0.62156343         0.63473505E-13     0.53984341E-13     0.53984342E-13
 -0.20021352         0.63064722         0.64627946E-13     0.54775927E-13     0.54775928E-13
 -0.19391249         0.63986376         0.65807821E-13     0.55579199E-13     0.55579200E-13
 -0.18761146         0.64921500         0.67013811E-13     0.56394332E-13     0.56394334E-13
 -0.18131043         0.65870290         0.68246620E-13     0.57221506E-13     0.57221508E-13
 -0.17500940         0.66832946         0.69506970E-13     0.58060902E-13     0.58060904E-13
 -0.16870837         0.67809671         0.70795609E-13     0.58912705E-13     0.58912707E-13
 -0.16240734         0.68800669         0.72113305E-13     0.59777102E-13     0.59777103E-13
 -0.15610631         0.69806151         0.73460848E-13     0.60654283E-13     0.60654285E-13
 -0.14980528         0.70826328         0.74839054E-13     0.61544443E-13     0.61544445E-13
 -0.14350425         0.71861413         0.76248764E-13     0.62447778E-13     0.62447780E-13
 -0.13720322         0.72911626         0.77690840E-13     0.63364488E-13     0.63364490E-13
 -0.13090219         0.73977187         0.79166175E-13     0.64294775E-13     0.64294777E-13
 -0.12460116         0.75058321         0.80675687E-13     0.65238848E-13     0.65238850E-13
 -0.11830013         0.76155255         0.82220319E-13     0.66196914E-13     0.66196916E-13
 -0.11199910         0.77268219         0.83801046E-13     0.67169188E-13     0.67169191E-13
 -0.10569807         0.78397450         0.85418870E-13     0.68155887E-13     0.68155889E-13
 -0.99397036E-01     0.79543183         0.87074824E-13     0.69157230E-13     0.69157233E-13
 -0.93096006E-01     0.80705660         0.88769971E-13     0.70173442E-13     0.70173445E-13
 -0.86794976E-01     0.81885126         0.90505408E-13     0.71204751E-13     0.71204754E-13
 -0.80493946E-01     0.83081830         0.92282261E-13     0.72251387E-13     0.72251390E-13
 -0.74192916E-01     0.84296023         0.94101693E-13     0.73313587E-13     0.73313590E-13
 -0.67891886E-01     0.85527960         0.95964901E-13     0.74391589E-13     0.74391592E-13
 -0.61590856E-01     0.86777902         0.97873117E-13     0.75485637E-13     0.75485640E-13
 -0.55289826E-01     0.88046110         0.99827609E-13     0.76595979E-13     0.76595982E-13
 -0.48988796E-01     0.89332853         0.10182968E-12     0.77722865E-13     0.77722868E-13
 -0.42687766E-01     0.90638401         0.10388069E-12     0.78866552E-13     0.78866556E-13
 -0.36386736E-01     0.91963028         0.10598201E-12     0.80027300E-13     0.80027304E-13
 -0.30085706E-01     0.93307015         0.10813507E-12     0.81205374E-13     0.81205379E-13
 -0.23784676E-01     0.94670642         0.11034134E-12     0.82401043E-13     0.82401048E-13
 -0.17483646E-01     0.96054199         0.11260233E-12     0.83614581E-13     0.83614586E-13
 -0.11182616E-01     0.97457975         0.11491961E-12     0.84846267E-13     0.84846272E-13
 -0.48815859E-02     0.98882267         0.11729477E-12     0.86096383E-13     0.86096388E-13
  0.14194441E-02      1.0032737         0.11972946E-12     0.87365219E-13     0.87365225E-13
  0.77204741E-02      1.0179360         0.12222539E-12     0.88653068E-13     0.88653074E-13
  0.14021504E-01      1.0328125         0.12478430E-12     0.89960229E-13     0.89960234E-13
  0.20322534E-01      1.0479065         0.12740800E-12     0.91287005E-13     0.91287011E-13
  0.26623564E-01      1.0632210         0.13009834E-12     0.92633706E-13     0.92633712E-13
  0.32924594E-01      1.0787594         0.13285722E-12     0.94000647E-13     0.94000653E-13
  0.39225624E-01      1.0945248         0.13568662E-12     0.95388147E-13     0.95388154E-13
  0.45526654E-01      1.1105207         0.13858856E-12     0.96796535E-13     0.96796542E-13
  0.51827684E-01      1.1267503         0.14156511E-12     0.98226141E-13     0.98226148E-13
  0.58128714E-01      1.1432171         0.14461842E-12     0.99677304E-13     0.99677311E-13
  0.64429744E-01      1.1599246         0.14775070E-12     0.10115037E-12     0.10115038E-12
  0.70730774E-01      1.1768762         0.15096421E-12     0.10264568E-12     0.10264569E-12
  0.77031804E-01      1.1940755         0.15426130E-12     0.10416361E-12     0.10416362E-12
  0.83332834E-01      1.2115263         0.15764436E-12     0.10570451E-12     0.10570452E-12
  0.89633864E-01      1.2292320         0.16111587E-12     0.10726875E-12     0.10726876E-12
  0.95934894E-01      1.2471965         0.16467838E-12     0.10885671E-12     0.10885672E-12
  0.10223592          1.2654236         0.16833451E-12     0.11046878E-12     0.11046879E-12
  0.10853695          1.2839170         0.17208695E-12     0.11210535E-12     0.11210536E-12
  0.11483798          1.3026807         0.17593847E-12     0.11376682E-12     0.11376683E-12
  0.12113901          1.3217186         0.17989194E-12     0.11545359E-12     0.11545360E-12
  0.12744004          1.3410348         0.18395030E-12     0.11716607E-12     0.11716609E-12
  0.13374107          1.3606332         0.18811655E-12     0.11890470E-12     0.11890472E-12
  0.14004210          1.3805181         0.19239383E-12     0.12066991E-12     0.12066992E-12
  0.14634313          1.4006936         0.19678531E-12     0.12246213E-12     0.12246214E-12
  0.15264416          1.4211639         0.20129431E-12     0.12428181E-12     0.12428182E-12
  0.15894519          1.4419334         0.20592421E-12     0.12612941E-12     0.12612942E-12
  0.16524622          1.4630064         0.21067848E-12     0.12800539E-12     0.12800541E-12
  0.17154725          1.4843874         0.21556073E-12     0.12991024E-12     0.12991025E-12
  0.17784828          1.5060808         0.22057464E-12     0.13184443E-12     0.13184445E-12
  0.18414931          1.5280913         0.22572400E-12     0.13380846E-12     0.13380848E-12
  0.19045034          1.5504235         0.23101272E-12     0.13580284E-12     0.13580286E-12
  0.19675137          1.5730820         0.23644483E-12     0.13782809E-12     0.13782811E-12
  0.20305240          1.5960717         0.24202444E-12     0.13988472E-12     0.13988475E-12
  0.20935343          1.6193974         0.24775582E-12     0.14197329E-12     0.14197331E-12
  0.21565446          1.6430639         0.25364333E-12     0.14409432E-12     0.14409435E-12
  0.22195549          1.6670764         0.25969148E-12     0.14624840E-12     0.14624842E-12
  0.22825652          1.6914397         0.26590490E-12     0.14843608E-12     0.14843611E-12
  0.23455755          1.7161591         0.27228835E-12     0.15065796E-12     0.15065799E-12
  0.24085858          1.7412398         0.27884672E-12     0.15291463E-12     0.15291465E-12
  0.24715961          1.7666870         0.28558506E-12     0.15520670E-12     0.15520672E-12
  0.25346064          1.7925061         0.29250855E-12     0.15753479E-12     0.15753482E-12
  0.25976167          1.8187025         0.29962251E-12     0.15989954E-12     0.15989957E-12
  0.26606270          1.8452818         0.30693244E-12     0.16230161E-12     0.16230164E-12
  0.27236373          1.8722495         0.31444397E-12     0.16474166E-12     0.16474169E-12
  0.27866476          1.8996114         0.32216290E-12     0.16722036E-12     0.16722040E-12
  0.28496579          1.9273731         0.33009521E-12     0.16973843E-12     0.16973846E-12
  0.29126682          1.9555405         0.33824703E-12     0.17229656E-12     0.17229659E-12
  0.29756785          1.9841196         0.34662468E-12     0.17489548E-12     0.17489552E-12
  0.30386888          2.0131164         0.35523466E-12     0.17753595E-12     0.17753599E-12
  0.31016991          2.0425369         0.36408363E-12     0.18021872E-12     0.18021877E-12
  0.31647094          2.0723874         0.37317848E-12     0.18294458E-12     0.18294463E-12
  0.32277197          2.1026741         0.38252628E-12     0.18571432E-12     0.18571437E-12
  0.32907300          2.1334035         0.39213428E-12     0.18852876E-12     0.18852881E-12
  0.33537403          2.1645820         0.40200998E-12     0.19138874E-12     0.19138880E-12
  0.34167506          2.1962161         0.41216105E-12     0.19429512E-12     0.19429518E-12
  0.34797609          2.2283125         0.42259542E-12     0.19724877E-12     0.19724883E-12
  0.35427712          2.2608780         0.43332122E-12     0.20025059E-12     0.20025065E-12
  0.36057815          2.2939194         0.44434682E-12     0.20330151E-12     0.20330158E-12
  0.36687918          2.3274437         0.45568082E-12     0.20640247E-12     0.20640254E-12
  0.37318021          2.3614579         0.46733208E-12     0.20955444E-12     0.20955451E-12
  0.37948124          2.3959693         0.47930970E-12     0.21275841E-12     0.21275848E-12
  0.38578227          2.4309850         0.49162306E-12     0.21601539E-12     0.21601547E-12
  0.39208330          2.4665124         0.50428178E-12     0.21932644E-12     0.21932651E-12
  0.39838433          2.5025591         0.51729577E-12     0.22269261E-12     0.22269269E-12
  0.40468536          2.5391325         0.53067523E-12     0.22611501E-12     0.22611510E-12
  0.41098639          2.5762404         0.54443063E-12     0.22959477E-12     0.22959486E-12
  0.41728742          2.6138907         0.55857277E-12     0.23313303E-12     0.23313312E-12
  0.42358845          2.6520912         0.57311272E-12     0.23673098E-12     0.23673108E-12
  0.42988948          2.6908500         0.58806189E-12     0.24038985E-12     0.24038995E-12
  0.43619051          2.7301752         0.60343202E-12     0.24411087E-12     0.24411098E-12
  0.44249154          2.7700751         0.61923516E-12     0.24789534E-12     0.24789545E-12
  0.44879257          2.8105581         0.63548374E-12     0.25174456E-12     0.25174467E-12
  0.45509360          2.8516328         0.65219051E-12     0.25565989E-12     0.25566001E-12
  0.46139463          2.8933078         0.66936860E-12     0.25964271E-12     0.25964284E-12
  0.46769566          2.9355918         0.68703152E-12     0.26369447E-12     0.26369460E-12
  0.47399669          2.9784938         0.70519315E-12     0.26781661E-12     0.26781675E-12
  0.48029772          3.0220227         0.72386778E-12     0.27201066E-12     0.27201080E-12
  0.48659875          3.0661878         0.74307011E-12     0.27627815E-12     0.27627830E-12
  0.49289978          3.1109984         0.76281524E-12     0.28062068E-12     0.28062084E-12
  0.49920081          3.1564638         0.78311871E-12     0.28503988E-12     0.28504005E-12
  0.50550184          3.2025937         0.80399652E-12     0.28953745E-12     0.28953762E-12
  0.51180287          3.2493977         0.82546511E-12     0.29411511E-12     0.29411529E-12
  0.51810390          3.2968858         0.84754139E-12     0.29877463E-12     0.29877482E-12
  0.52440493          3.3450679         0.87024276E-12     0.30351786E-12     0.30351806E-12
  0.53070596          3.3939541         0.89358711E-12     0.30834668E-12     0.30834689E-12
  0.53700699          3.4435548         0.91759284E-12     0.31326303E-12     0.31326324E-12
  0.54330802          3.4938803         0.94227888E-12     0.31826889E-12     0.31826912E-12
  0.54960905          3.5449413         0.96766470E-12     0.32336634E-12     0.32336657E-12
  0.55591008          3.5967486         0.99377032E-12     0.32855748E-12     0.32855772E-12
  0.56221111          3.6493130         0.10206163E-11     0.33384448E-12     0.33384474E-12
  0.56851214          3.7026456         0.10482240E-11     0.33922960E-12     0.33922986E-12
  0.57481317          3.7567576         0.10766149E-11     0.34471513E-12     0.34471541E-12
  0.58111420          3.8116604         0.11058117E-11     0.35030346E-12     0.35030375E-12
  0.58741523          3.8673656         0.11358373E-11     0.35599704E-12     0.35599734E-12
  0.59371626          3.9238849         0.11667155E-11     0.36179838E-12     0.36179870E-12
  0.60001729          3.9812302         0.11984706E-11     0.36771010E-12     0.36771043E-12
  0.60631832          4.0394136         0.12311277E-11     0.37373485E-12     0.37373520E-12
  0.61261935          4.0984473         0.12647126E-11     0.37987542E-12     0.37987578E-12
  0.61892038          4.1583437         0.12992519E-11     0.38613463E-12     0.38613500E-12
  0.62522141          4.2191155         0.13347728E-11     0.39251542E-12     0.39251581E-12
  0.63152244          4.2807754         0.13713035E-11     0.39902081E-12     0.39902122E-12
  0.63782347          4.3433365         0.14088727E-11     0.40565392E-12     0.40565434E-12
  0.64412450          4.4068118         0.14475103E-11     0.41241795E-12     0.41241840E-12
  0.65042553          4.4712148         0.14872467E-11     0.41931622E-12     0.41931668E-12
  0.65672656          4.5365590         0.15281133E-11     0.42635214E-12     0.42635262E-12
  0.66302759          4.6028582         0.15701426E-11     0.43352922E-12     0.43352973E-12
  0.66932862          4.6701263         0.16133676E-11     0.44085111E-12     0.44085164E-12
  0.67562965          4.7383775         0.16578228E-11     0.44832153E-12     0.44832209E-12
  0.68193068          4.8076261         0.17035430E-11     0.45594436E-12     0.45594494E-12
  0.68823171          4.8778868         0.17505647E-11     0.46372357E-12     0.46372417E-12
  0.69453274          4.9491742         0.17989249E-11     0.47166327E-12     0.47166390E-12
  0.70083377          5.0215035         0.18486620E-11     0.47976770E-12     0.47976835E-12
  0.70713480          5.0948899         0.18998153E-11     0.48804122E-12     0.48804190E-12
  0.71343583          5.1693488         0.19524252E-11     0.49648835E-12     0.49648906E-12
  0.71973686          5.2448958         0.20065335E-11     0.50511373E-12     0.50511447E-12
  0.72603789          5.3215469         0.20621830E-11     0.51392216E-12     0.51392294E-12
  0.73233892          5.3993182         0.21194176E-11     0.52291861E-12     0.52291941E-12
  0.73863995          5.4782261         0.21782829E-11     0.53210816E-12     0.53210900E-12
  0.74494098          5.5582872         0.22388252E-11     0.54149609E-12     0.54149697E-12
  0.75124201          5.6395183         0.23010927E-11     0.55108785E-12     0.55108876E-12
  0.75754304          5.7219366         0.23651346E-11     0.56088904E-12     0.56088999E-12
  0.76384407          5.8055594         0.24310015E-11     0.57090544E-12     0.57090644E-12
  0.77014510          5.8904043         0.24987458E-11     0.58114305E-12     0.58114408E-12
  0.77644613          5.9764891         0.25684211E-11     0.59160801E-12     0.59160908E-12
  0.78274716          6.0638320         0.26400825E-11     0.60230668E-12     0.60230780E-12
  0.78904819          6.1524514         0.27137868E-11     0.61324564E-12     0.61324681E-12
  0.79534922          6.2423659         0.27895924E-11     0.62443165E-12     0.62443287E-12
  0.80165025          6.3335945         0.28675594E-11     0.63587170E-12     0.63587297E-12
  0.80795128          6.4261563         0.29477496E-11     0.64757300E-12     0.64757432E-12
  0.81425231          6.5200708         0.30302264E-11     0.65954299E-12     0.65954437E-12
  0.82055334          6.6153579         0.31150554E-11     0.67178935E-12     0.67179078E-12
  0.82685437          6.7120375         0.32023035E-11     0.68431999E-12     0.68432148E-12
  0.83315540          6.8101300         0.32920402E-11     0.69714309E-12     0.69714464E-12
  0.83945643          6.9096561         0.33843363E-11     0.71026708E-12     0.71026870E-12
  0.84575746          7.0106367         0.34792652E-11     0.72370065E-12     0.72370234E-12
  0.85205849          7.1130931         0.35769020E-11     0.73745278E-12     0.73745454E-12
  0.85835952          7.2170468         0.36773242E-11     0.75153274E-12     0.75153456E-12
  0.86466055          7.3225198         0.37806113E-11     0.76595006E-12     0.76595196E-12
  0.87096158          7.4295342         0.38868452E-11     0.78071461E-12     0.78071659E-12
  0.87726261          7.5381125         0.39961101E-11     0.79583654E-12     0.79583860E-12
  0.88356364          7.6482776         0.41084928E-11     0.81132634E-12     0.81132849E-12
  0.88986467          7.7600528         0.42240822E-11     0.82719483E-12     0.82719707E-12
  0.89616570          7.8734614         0.43429700E-11     0.84345316E-12     0.84345549E-12
  0.90246673          7.9885275         0.44652505E-11     0.86011284E-12     0.86011526E-12
  0.90876776          8.1052752         0.45910207E-11     0.87718572E-12     0.87718824E-12
  0.91506879          8.2237291         0.47203802E-11     0.89468405E-12     0.89468667E-12
  0.92136982          8.3439141         0.48534317E-11     0.91262045E-12     0.91262317E-12
  0.92767085          8.4658555         0.49902806E-11     0.93100792E-12     0.93101075E-12
  0.93397188          8.5895791         0.51310355E-11     0.94985990E-12     0.94986284E-12
  0.94027291          8.7151108         0.52758080E-11     0.96919020E-12     0.96919326E-12
  0.94657394          8.8424771         0.54247129E-11     0.98901310E-12     0.98901628E-12
  0.95287497          8.9717048         0.55778683E-11     0.10093433E-11     0.10093466E-11
  0.95917600          9.1028210         0.57353957E-11     0.10301960E-11     0.10301994E-11
  0.96547703          9.2358535         0.58974200E-11     0.10515868E-11     0.10515904E-11
  0.97177806          9.3708301         0.60640697E-11     0.10735318E-11     0.10735355E-11
  0.97807909          9.5077793         0.62354770E-11     0.10960476E-11     0.10960515E-11
  0.98438012          9.6467300         0.64117778E-11     0.11191514E-11     0.11191554E-11
  0.99068115          9.7877114         0.65931120E-11     0.11428608E-11     0.11428650E-11
  0.99698218          9.9307531         0.67796235E-11     0.11671940E-11     0.11671983E-11
   1.0032832          10.075885         0.69714601E-11     0.11921697E-11     0.11921742E-11
   1.0095842          10.223138         0.71687740E-11     0.12178073E-11     0.12178119E-11
   1.0158853          10.372544         0.73717217E-11     0.12441266E-11     0.12441315E-11
   1.0221863          10.524132         0.75804642E-11     0.12711482E-11     0.12711533E-11
   1.0284873          10.677936         0.77951672E-11     0.12988933E-11     0.12988985E-11
   1.0347884          10.833988         0.80160008E-11     0.13273835E-11     0.13273889E-11
   1.0410894          10.992321         0.82431404E-11     0.13566413E-11     0.13566470E-11
   1.0473904          11.152967         0.84767660E-11     0.13866900E-11     0.13866958E-11
   1.0536915          11.315961         0.87170630E-11     0.14175532E-11     0.14175592E-11
   1.0599925          11.481337         0.89642220E-11     0.14492555E-11     0.14492617E-11
   1.0662935          11.649131         0.92184391E-11     0.14818221E-11     0.14818287E-11
   1.0725945          11.819376         0.94799160E-11     0.15152793E-11     0.15152860E-11
   1.0788956          11.992109         0.97488600E-11     0.15496536E-11     0.15496606E-11
   1.0851966          12.167367         0.10025485E-10     0.15849728E-11     0.15849801E-11
   1.0914976          12.345186         0.10310009E-10     0.16212654E-11     0.16212729E-11
   1.0977987          12.525604         0.10602659E-10     0.16585605E-11     0.16585684E-11
   1.1040997          12.708658         0.10903667E-10     0.16968885E-11     0.16968966E-11
   1.1104007          12.894388         0.11213272E-10     0.17362803E-11     0.17362888E-11
   1.1167018          13.082832         0.11531719E-10     0.17767681E-11     0.17767768E-11
   1.1230028          13.274030         0.11859261E-10     0.18183847E-11     0.18183937E-11
   1.1293038          13.468022         0.12196157E-10     0.18611641E-11     0.18611735E-11
   1.1356048          13.664849         0.12542676E-10     0.19051412E-11     0.19051509E-11
   1.1419059          13.864553         0.12899091E-10     0.19503521E-11     0.19503622E-11
   1.1482069          14.067175         0.13265686E-10     0.19968338E-11     0.19968442E-11
   1.1545079          14.272759         0.13642751E-10     0.20446245E-11     0.20446353E-11
   1.1608090          14.481347         0.14030586E-10     0.20937634E-11     0.20937746E-11
   1.1671100          14.692984         0.14429498E-10     0.21442910E-11     0.21443026E-11
   1.1734110          14.907713         0.14839804E-10     0.21962489E-11     0.21962610E-11
   1.1797121          15.125581         0.15261829E-10     0.22496801E-11     0.22496926E-11
   1.1860131          15.346632         0.15695907E-10     0.23046287E-11     0.23046416E-11
   1.1923141          15.570914         0.16142384E-10     0.23611401E-11     0.23611534E-11
   1.1986151          15.798474         0.16601613E-10     0.24192611E-11     0.24192749E-11
   1.2049162          16.029360         0.17073959E-10     0.24790399E-11     0.24790542E-11
   1.2112172          16.263619         0.17559796E-10     0.25405261E-11     0.25405409E-11
   1.2175182          16.501303         0.18059510E-10     0.26037708E-11     0.26037861E-11
   1.2238193          16.742460         0.18573497E-10     0.26688264E-11     0.26688422E-11
   1.2301203          16.987141         0.19102165E-10     0.27357471E-11     0.27357635E-11
   1.2364213          17.235398         0.19645933E-10     0.28045886E-11     0.28046056E-11
   1.2427224          17.487284         0.20205232E-10     0.28754082E-11     0.28754258E-11
   1.2490234          17.742850         0.20780506E-10     0.29482649E-11     0.29482831E-11
   1.2553244          18.002152         0.21372211E-10     0.30232196E-11     0.30232384E-11
   1.2616254          18.265243         0.21980818E-10     0.31003346E-11     0.31003540E-11
   1.2679265          18.532178         0.22606807E-10     0.31796744E-11     0.31796946E-11
   1.2742275          18.803015         0.23250676E-10     0.32613053E-11     0.32613261E-11
   1.2805285          19.077811         0.23912935E-10     0.33452955E-11     0.33453170E-11
   1.2868296          19.356622         0.24594111E-10     0.34317151E-11     0.34317374E-11
   1.2931306          19.639508         0.25294741E-10     0.35206365E-11     0.35206595E-11
   1.2994316          19.926528         0.26015384E-10     0.36121340E-11     0.36121578E-11
   1.3057327          20.217742         0.26756609E-10     0.37062842E-11     0.37063088E-11
   1.3120337          20.513213         0.27519005E-10     0.38031659E-11     0.38031914E-11
   1.3183347          20.813001         0.28303177E-10     0.39028603E-11     0.39028866E-11
   1.3246357          21.117171         0.29109746E-10     0.40054509E-11     0.40054781E-11
   1.3309368          21.425787         0.29939351E-10     0.41110236E-11     0.41110516E-11
   1.3372378          21.738912         0.30792651E-10     0.42196669E-11     0.42196959E-11
   1.3435388          22.056614         0.31670322E-10     0.43314718E-11     0.43315018E-11
   1.3498399          22.378958         0.32573060E-10     0.44465322E-11     0.44465632E-11
   1.3561409          22.706014         0.33501581E-10     0.45649445E-11     0.45649765E-11
   1.3624419          23.037849         0.34456621E-10     0.46868080E-11     0.46868411E-11
   1.3687430          23.374534         0.35438938E-10     0.48122250E-11     0.48122592E-11
   1.3750440          23.716139         0.36449309E-10     0.49413007E-11     0.49413360E-11
   1.3813450          24.062736         0.37488537E-10     0.50741434E-11     0.50741798E-11
   1.3876460          24.414399         0.38557444E-10     0.52108645E-11     0.52109022E-11
   1.3939471          24.771202         0.39656879E-10     0.53515789E-11     0.53516178E-11
   1.4002481          25.133218         0.40787712E-10     0.54964046E-11     0.54964448E-11
   1.4065491          25.500526         0.41950841E-10     0.56454633E-11     0.56455048E-11
   1.4128502          25.873201         0.43147187E-10     0.57988801E-11     0.57989229E-11
   1.4191512          26.251323         0.44377698E-10     0.59567837E-11     0.59568280E-11
   1.4254522          26.634971         0.45643351E-10     0.61193068E-11     0.61193525E-11
   1.4317533          27.024225         0.46945147E-10     0.62865858E-11     0.62866330E-11
   1.4380543          27.419169         0.48284119E-10     0.64587612E-11     0.64588099E-11
   1.4443553          27.819884         0.49661329E-10     0.66359776E-11     0.66360279E-11
   1.4506563          28.226455         0.51077867E-10     0.68183838E-11     0.68184358E-11
   1.4569574          28.638969         0.52534856E-10     0.70061330E-11     0.70061866E-11
   1.4632584          29.057510         0.54033450E-10     0.71993829E-11     0.71994382E-11
   1.4695594          29.482169         0.55574838E-10     0.73982957E-11     0.73983528E-11
   1.4758605          29.913034         0.57160241E-10     0.76030385E-11     0.76030975E-11
   1.4821615          30.350196         0.58790914E-10     0.78137833E-11     0.78138442E-11
   1.4884625          30.793746         0.60468151E-10     0.80307070E-11     0.80307699E-11
   1.4947636          31.243779         0.62193280E-10     0.82539919E-11     0.82540567E-11
   1.5010646          31.700388         0.63967667E-10     0.84838253E-11     0.84838923E-11
   1.5073656          32.163671         0.65792719E-10     0.87204004E-11     0.87204695E-11
   1.5136666          32.633725         0.67669881E-10     0.89639158E-11     0.89639870E-11
   1.5199677          33.110647         0.69600641E-10     0.92145759E-11     0.92146494E-11
   1.5262687          33.594540         0.71586528E-10     0.94725912E-11     0.94726671E-11
   1.5325697          34.085505         0.73629114E-10     0.97381785E-11     0.97382567E-11
   1.5388708          34.583645         0.75730019E-10     0.10011561E-10     0.10011641E-10
   1.5451718          35.089065         0.77890906E-10     0.10292967E-10     0.10293050E-10
   1.5514728          35.601871         0.80113486E-10     0.10582634E-10     0.10582720E-10
   1.5577739          36.122172         0.82399520E-10     0.10880805E-10     0.10880894E-10
   1.5640749          36.650076         0.84750819E-10     0.11187730E-10     0.11187821E-10
   1.5703759          37.185696         0.87169244E-10     0.11503667E-10     0.11503761E-10
   1.5766769          37.729143         0.89656710E-10     0.11828880E-10     0.11828977E-10
   1.5829780          38.280533         0.92215187E-10     0.12163643E-10     0.12163744E-10
   1.5892790          38.839980         0.94846702E-10     0.12508237E-10     0.12508341E-10
   1.5955800          39.407604         0.97553337E-10     0.12862951E-10     0.12863058E-10
   1.6018811          39.983523         0.10033724E-09     0.13228082E-10     0.13228193E-10
   1.6081821          40.567859         0.10320060E-09     0.13603938E-10     0.13604051E-10
   1.6144831          41.160735         0.10614570E-09     0.13990832E-10     0.13990949E-10
   1.6207842          41.762275         0.10917487E-09     0.14389090E-10     0.14389211E-10
   1.6270852          42.372607         0.11229050E-09     0.14799045E-10     0.14799170E-10
   1.6333862          42.991858         0.11549506E-09     0.15221042E-10     0.15221171E-10
   1.6396872          43.620159         0.11879108E-09     0.15655435E-10     0.15655567E-10
   1.6459883          44.257642         0.12218118E-09     0.16102587E-10     0.16102724E-10
   1.6522893          44.904442         0.12566804E-09     0.16562873E-10     0.16563014E-10
   1.6585903          45.560694         0.12925442E-09     0.17036680E-10     0.17036825E-10
   1.6648914          46.226537         0.13294315E-09     0.17524404E-10     0.17524554E-10
   1.6711924          46.902111         0.13673715E-09     0.18026455E-10     0.18026609E-10
   1.6774934          47.587558         0.14063944E-09     0.18543252E-10     0.18543411E-10
   1.6837945          48.283023         0.14465308E-09     0.19075229E-10     0.19075394E-10
   1.6900955          48.988651         0.14878126E-09     0.19622832E-10     0.19623001E-10
   1.6963965          49.704592         0.15302725E-09     0.20186519E-10     0.20186694E-10
   1.7026975          50.430996         0.15739440E-09     0.20766763E-10     0.20766943E-10
   1.7089986          51.168015         0.16188617E-09     0.21364048E-10     0.21364234E-10
   1.7152996          51.915806         0.16650611E-09     0.21978876E-10     0.21979068E-10
   1.7216006          52.674526         0.17125787E-09     0.22611762E-10     0.22611959E-10
   1.7279017          53.444333         0.17614522E-09     0.23263234E-10     0.23263437E-10
   1.7342027          54.225391         0.18117201E-09     0.23933838E-10     0.23934048E-10
   1.7405037          55.017864         0.18634214E-09     0.24624259E-10     0.24624310E-10
   1.7468048          55.821918         0.19165987E-09     0.25334830E-10     0.25334884E-10
   1.7531058          56.637723         0.19712931E-09     0.26066267E-10     0.26066323E-10
   1.7594068          57.465450         0.20275478E-09     0.26819181E-10     0.26819238E-10
   1.7657078          58.305274         0.20854075E-09     0.27594201E-10     0.27594261E-10
   1.7720089          59.157372         0.21449177E-09     0.28391976E-10     0.28392037E-10
   1.7783099          60.021923         0.22061256E-09     0.29213172E-10     0.29213235E-10
   1.7846109          60.899108         0.22690794E-09     0.30058476E-10     0.30058541E-10
   1.7909120          61.789113         0.23338291E-09     0.30928593E-10     0.30928661E-10
   1.7972130          62.692125         0.24004257E-09     0.31824252E-10     0.31824321E-10
   1.8035140          63.608334         0.24689218E-09     0.32746199E-10     0.32746271E-10
   1.8098151          64.537933         0.25393716E-09     0.33695204E-10     0.33695279E-10
   1.8161161          65.481118         0.26118308E-09     0.34672061E-10     0.34672138E-10
   1.8224171          66.438086         0.26863565E-09     0.35677584E-10     0.35677663E-10
   1.8287181          67.409040         0.27630077E-09     0.36712612E-10     0.36712694E-10
   1.8350192          68.394184         0.28418449E-09     0.37778009E-10     0.37778094E-10
   1.8413202          69.393725         0.29229304E-09     0.38874663E-10     0.38874751E-10
   1.8476212          70.407874         0.30063282E-09     0.40003490E-10     0.40003581E-10
   1.8539223          71.436845         0.30921041E-09     0.41165430E-10     0.41165523E-10
   1.8602233          72.480853         0.31803260E-09     0.42361451E-10     0.42361548E-10
   1.8665243          73.540118         0.32710634E-09     0.43592551E-10     0.43592651E-10
   1.8728254          74.614864         0.33643880E-09     0.44859754E-10     0.44859857E-10
   1.8791264          75.705317         0.34603735E-09     0.46164116E-10     0.46164223E-10
   1.8854274          76.811706         0.35590956E-09     0.47506724E-10     0.47506834E-10
   1.8917284          77.934265         0.36606323E-09     0.48888694E-10     0.48888808E-10
   1.8980295          79.073229         0.37650637E-09     0.50311177E-10     0.50311295E-10
   1.9043305          80.228838         0.38724722E-09     0.51775357E-10     0.51775478E-10
   1.9106315          81.401336         0.39829425E-09     0.53282450E-10     0.53282575E-10
   1.9169326          82.590969         0.40965619E-09     0.54833710E-10     0.54833840E-10
   1.9232336          83.797988         0.42134199E-09     0.56430426E-10     0.56430561E-10
   1.9295346          85.022647         0.43336088E-09     0.58073926E-10     0.58074065E-10
   1.9358357          86.265204         0.44572233E-09     0.59765574E-10     0.59765717E-10
   1.9421367          87.525920         0.45843610E-09     0.61506775E-10     0.61506923E-10
   1.9484377          88.805060         0.47151221E-09     0.63298975E-10     0.63299128E-10
   1.9547387          90.102895         0.48496097E-09     0.65143661E-10     0.65143819E-10
   1.9610398          91.419696         0.49879299E-09     0.67042363E-10     0.67042526E-10
   1.9673408          92.755742         0.51301917E-09     0.68996657E-10     0.68996825E-10
   1.9736418          94.111313         0.52765072E-09     0.71008161E-10     0.71008335E-10
   1.9799429          95.486695         0.54269919E-09     0.73078545E-10     0.73078724E-10
   1.9862439          96.882178         0.55817643E-09     0.75209522E-10     0.75209707E-10
   1.9925449          98.298055         0.57409463E-09     0.77402858E-10     0.77403049E-10
   1.9988460          99.734624         0.59046635E-09     0.79660368E-10     0.79660566E-10
   2.0051470          101.19219         0.60730447E-09     0.81983922E-10     0.81984127E-10
   2.0114480          102.67105         0.62462228E-09     0.84375441E-10     0.84375653E-10
   2.0177490          104.17153         0.64243340E-09     0.86836904E-10     0.86837122E-10
   2.0240501          105.69394         0.66075186E-09     0.89370346E-10     0.89370571E-10
   2.0303511          107.23859         0.67959210E-09     0.91977859E-10     0.91978092E-10
   2.0366521          108.80582         0.69896895E-09     0.94661599E-10     0.94661840E-10
   2.0429532          110.39596         0.71889767E-09     0.97423783E-10     0.97424031E-10
   2.0492542          112.00933         0.73939395E-09     0.10026669E-09     0.10026695E-09
   2.0555552          113.64628         0.76047392E-09     0.10319266E-09     0.10319293E-09
   2.0618563          115.30715         0.78215417E-09     0.10620412E-09     0.10620440E-09
   2.0681573          116.99230         0.80445178E-09     0.10930355E-09     0.10930383E-09
   2.0744583          118.70208         0.82738428E-09     0.11249349E-09     0.11249379E-09
   2.0807593          120.43684         0.85096972E-09     0.11577659E-09     0.11577689E-09
   2.0870604          122.19695         0.87522666E-09     0.11915554E-09     0.11915585E-09
   2.0933614          123.98279         0.90017417E-09     0.12263313E-09     0.12263345E-09
   2.0996624          125.79473         0.92583189E-09     0.12621221E-09     0.12621254E-09
   2.1059635          127.63314         0.95221999E-09     0.12989574E-09     0.12989608E-09
   2.1122645          129.49843         0.97935923E-09     0.13368674E-09     0.13368709E-09
   2.1185655          131.39097         0.10072709E-08     0.13758833E-09     0.13758869E-09
   2.1248666          133.31117         0.10359771E-08     0.14160371E-09     0.14160409E-09
   2.1311676          135.25944         0.10655002E-08     0.14573619E-09     0.14573658E-09
   2.1374686          137.23618         0.10958635E-08     0.14998916E-09     0.14998957E-09
   2.1437696          139.24180         0.11270909E-08     0.15436611E-09     0.15436653E-09
   2.1500707          141.27674         0.11592068E-08     0.15887063E-09     0.15887107E-09
   2.1563717          143.34142         0.11922366E-08     0.16350643E-09     0.16350687E-09
   2.1626727          145.43627         0.12262062E-08     0.16827729E-09     0.16827775E-09
   2.1689738          147.56174         0.12611423E-08     0.17318713E-09     0.17318760E-09
   2.1752748          149.71827         0.12970722E-08     0.17823998E-09     0.17824047E-09
   2.1815758          151.90631         0.13340243E-08     0.18343997E-09     0.18344048E-09
   2.1878769          154.12634         0.13720276E-08     0.18879137E-09     0.18879189E-09
   2.1941779          156.37880         0.14111118E-08     0.19429855E-09     0.19429910E-09
   2.2004789          158.66419         0.14513078E-08     0.19996603E-09     0.19996659E-09
   2.2067799          160.98297         0.14926469E-08     0.20579845E-09     0.20579903E-09
   2.2130810          163.33565         0.15351618E-08     0.21180057E-09     0.21180116E-09
   2.2193820          165.72270         0.15788857E-08     0.21797730E-09     0.21797791E-09
   2.2256830          168.14464         0.16238530E-08     0.22433369E-09     0.22433433E-09
   2.2319841          170.60198         0.16700989E-08     0.23087495E-09     0.23087561E-09
   2.2382851          173.09523         0.17176598E-08     0.23760642E-09     0.23760710E-09
   2.2445861          175.62491         0.17665730E-08     0.24453360E-09     0.24453430E-09
   2.2508872          178.19157         0.18168768E-08     0.25166214E-09     0.25166287E-09
   2.2571882          180.79574         0.18686107E-08     0.25899788E-09     0.25899863E-09
   2.2634892          183.43796         0.19218152E-08     0.26654680E-09     0.26654757E-09
   2.2697902          186.11880         0.19765322E-08     0.27431506E-09     0.27431587E-09
   2.2760913          188.83882         0.20328045E-08     0.28230902E-09     0.28230985E-09
   2.2823923          191.59859         0.20906762E-08     0.29053520E-09     0.29053606E-09
   2.2886933          194.39869         0.21501927E-08     0.29900031E-09     0.29900119E-09
   2.2949944          197.23971         0.22114006E-08     0.30771126E-09     0.30771217E-09
   2.3012954          200.12226         0.22743481E-08     0.31667517E-09     0.31667611E-09
   2.3075964          203.04693         0.23390843E-08     0.32589934E-09     0.32590031E-09
   2.3138975          206.01434         0.24056600E-08     0.33539131E-09     0.33539232E-09
   2.3201985          209.02512         0.24741274E-08     0.34515883E-09     0.34515987E-09
   2.3264995          212.07990         0.25445402E-08     0.35520986E-09     0.35521093E-09
   2.3328005          215.17933         0.26169536E-08     0.36555261E-09     0.36555372E-09
   2.3391016          218.32405         0.26914242E-08     0.37619552E-09     0.37619667E-09
   2.3454026          221.51473         0.27680105E-08     0.38714728E-09     0.38714846E-09
   2.3517036          224.75203         0.28467724E-08     0.39841683E-09     0.39841805E-09
   2.3580047          228.03666         0.29277716E-08     0.41001337E-09     0.41001463E-09
   2.3643057          231.36928         0.30110716E-08     0.42194636E-09     0.42194767E-09
   2.3706067          234.75061         0.30967377E-08     0.43422556E-09     0.43422691E-09
   2.3769078          238.18135         0.31848369E-08     0.44686099E-09     0.44686239E-09
   2.3832088          241.66223         0.32754382E-08     0.45986297E-09     0.45986442E-09
   2.3895098          245.19399         0.33686127E-08     0.47324214E-09     0.47324362E-09
   2.3958108          248.77735         0.34644332E-08     0.48700941E-09     0.48701094E-09
   2.4021119          252.41309         0.35629748E-08     0.50117604E-09     0.50117763E-09
   2.4084129          256.10196         0.36643147E-08     0.51575362E-09     0.51575526E-09
   2.4147139          259.84474         0.37685322E-08     0.53075407E-09     0.53075577E-09
   2.4210150          263.64222         0.38757090E-08     0.54618966E-09     0.54619141E-09
   2.4273160          267.49520         0.39859289E-08     0.56207302E-09     0.56207483E-09
   2.4336170          271.40449         0.40992783E-08     0.57841715E-09     0.57841902E-09
   2.4399181          275.37091         0.42158459E-08     0.59523544E-09     0.59523737E-09
   2.4462191          279.39529         0.43357230E-08     0.61254165E-09     0.61254365E-09
   2.4525201          283.47849         0.44590034E-08     0.63034997E-09     0.63035204E-09
   2.4588211          287.62136         0.45857836E-08     0.64867500E-09     0.64867713E-09
   2.4651222          291.82478         0.47161629E-08     0.66753175E-09     0.66753396E-09
   2.4714232          296.08963         0.48502434E-08     0.68693571E-09     0.68693799E-09
   2.4777242          300.41681         0.49881300E-08     0.70690278E-09     0.70690513E-09
   2.4840253          304.80723         0.51299307E-08     0.72744936E-09     0.72745180E-09
   2.4903263          309.26181         0.52757564E-08     0.74859233E-09     0.74859484E-09
   2.4966273          313.78149         0.54257213E-08     0.77034905E-09     0.77035164E-09
   2.5029284          318.36723         0.55799428E-08     0.79273740E-09     0.79274008E-09
   2.5092294          323.01998         0.57385417E-08     0.81577580E-09     0.81577857E-09
   2.5155304          327.74073         0.59016420E-08     0.83948318E-09     0.83948605E-09
   2.5218314          332.53047         0.60693714E-08     0.86387907E-09     0.86388203E-09
   2.5281325          337.39021         0.62418612E-08     0.88898355E-09     0.88898660E-09
   2.5344335          342.32097         0.64192465E-08     0.91481728E-09     0.91482044E-09
   2.5407345          347.32379         0.66016660E-08     0.94140157E-09     0.94140483E-09
   2.5470356          352.39973         0.67892625E-08     0.96875831E-09     0.96876168E-09
   2.5533366          357.54984         0.69821829E-08     0.99691007E-09     0.99691356E-09
   2.5596376          362.77523         0.71805781E-08     0.10258801E-08     0.10258837E-08
   2.5659387          368.07698         0.73846035E-08     0.10556923E-08     0.10556960E-08
   2.5722397          373.45621         0.75944186E-08     0.10863712E-08     0.10863750E-08
   2.5785407          378.91405         0.78101878E-08     0.11179422E-08     0.11179462E-08
   2.5848417          384.45166         0.80320798E-08     0.11504315E-08     0.11504356E-08
   2.5911428          390.07020         0.82602683E-08     0.11838658E-08     0.11838700E-08
   2.5974438          395.77085         0.84949319E-08     0.12182728E-08     0.12182772E-08
   2.6037448          401.55481         0.87362542E-08     0.12536810E-08     0.12536855E-08
   2.6100459          407.42330         0.89844240E-08     0.12901196E-08     0.12901243E-08
   2.6163469          413.37756         0.92396357E-08     0.13276189E-08     0.13276237E-08
   2.6226479          419.41883         0.95020888E-08     0.13662099E-08     0.13662149E-08
   2.6289490          425.54839         0.97719887E-08     0.14059246E-08     0.14059297E-08
   2.6352500          431.76753         0.10049547E-07     0.14467958E-08     0.14468011E-08
   2.6415510          438.07756         0.10334980E-07     0.14888575E-08     0.14888630E-08
   2.6478520          444.47981         0.10628511E-07     0.15321445E-08     0.15321502E-08
   2.6541531          450.97563         0.10930371E-07     0.15766928E-08     0.15766987E-08
   2.6604541          457.56638         0.11240795E-07     0.16225393E-08     0.16225454E-08
   2.6667551          464.25344         0.11560026E-07     0.16697221E-08     0.16697283E-08
   2.6730562          471.03824         0.11888314E-07     0.17182803E-08     0.17182867E-08
   2.6793572          477.92219         0.12225916E-07     0.17682543E-08     0.17682609E-08
   2.6856582          484.90674         0.12573096E-07     0.18196855E-08     0.18196923E-08
   2.6919593          491.99337         0.12930124E-07     0.18726167E-08     0.18726238E-08
   2.6982603          499.18357         0.13297282E-07     0.19270919E-08     0.19270992E-08
   2.7045613          506.47885         0.13674855E-07     0.19831564E-08     0.19831639E-08
   2.7108623          513.88074         0.14063139E-07     0.20408567E-08     0.20408645E-08
   2.7171634          521.39081         0.14462438E-07     0.21002409E-08     0.21002489E-08
   2.7234644          529.01063         0.14873064E-07     0.21613583E-08     0.21613665E-08
   2.7297654          536.74182         0.15295338E-07     0.22242597E-08     0.22242682E-08
   2.7360665          544.58599         0.15729590E-07     0.22889975E-08     0.22890063E-08
   2.7423675          552.54480         0.16176160E-07     0.23556256E-08     0.23556347E-08
   2.7486685          560.61992         0.16635397E-07     0.24241994E-08     0.24242088E-08
   2.7549696          568.81305         0.17107660E-07     0.24947759E-08     0.24947856E-08
   2.7612706          577.12592         0.17593317E-07     0.25674140E-08     0.25674239E-08
   2.7675716          585.56028         0.18092750E-07     0.26421740E-08     0.26421843E-08
   2.7738726          594.11791         0.18606347E-07     0.27191182E-08     0.27191288E-08
   2.7801737          602.80059         0.19134511E-07     0.27983107E-08     0.27983216E-08
   2.7864747          611.61018         0.19677655E-07     0.28798174E-08     0.28798287E-08
   2.7927757          620.54850         0.20236202E-07     0.29637062E-08     0.29637178E-08
   2.7990768          629.61746         0.20810589E-07     0.30500469E-08     0.30500589E-08
   2.8053778          638.81895         0.21401265E-07     0.31389115E-08     0.31389238E-08
   2.8116788          648.15492         0.22008692E-07     0.32303739E-08     0.32303866E-08
   2.8179799          657.62733         0.22633343E-07     0.33245104E-08     0.33245234E-08
   2.8242809          667.23817         0.23275708E-07     0.34213993E-08     0.34214128E-08
   2.8305819          676.98947         0.23936287E-07     0.35211214E-08     0.35211353E-08
   2.8368829          686.88328         0.24615597E-07     0.36237597E-08     0.36237740E-08
   2.8431840          696.92168         0.25314168E-07     0.37293998E-08     0.37294145E-08
   2.8494850          707.10678         0.26032546E-07     0.38381296E-08     0.38381447E-08
   2.8557860          717.44074         0.26771292E-07     0.39500397E-08     0.39500553E-08
   2.8620871          727.92572         0.27530982E-07     0.40652235E-08     0.40652395E-08
   2.8683881          738.56393         0.28312210E-07     0.41837767E-08     0.41837932E-08
   2.8746891          749.35761         0.29115586E-07     0.43057983E-08     0.43058152E-08
   2.8809902          760.30904         0.29941736E-07     0.44313898E-08     0.44314072E-08
   2.8872912          771.42051         0.30791306E-07     0.45606559E-08     0.45606739E-08
   2.8935922          782.69437         0.31664958E-07     0.46937044E-08     0.46937228E-08
   2.8998932          794.13300         0.32563375E-07     0.48306461E-08     0.48306650E-08
   2.9061943          805.73879         0.33487258E-07     0.49715951E-08     0.49716145E-08
   2.9124953          817.51419         0.34437327E-07     0.51166688E-08     0.51166888E-08
   2.9187963          829.46169         0.35414323E-07     0.52659881E-08     0.52660087E-08
   2.9250974          841.58379         0.36419010E-07     0.54196776E-08     0.54196986E-08
   2.9313984          853.88305         0.37452171E-07     0.55778651E-08     0.55778868E-08
   2.9376994          866.36205         0.38514611E-07     0.57406826E-08     0.57407048E-08
   2.9440005          879.02343         0.39607159E-07     0.59082658E-08     0.59082886E-08
   2.9503015          891.86985         0.40730668E-07     0.60807542E-08     0.60807776E-08
   2.9566025          904.90401         0.41886014E-07     0.62582918E-08     0.62583157E-08
   2.9629035          918.12866         0.43074097E-07     0.64410263E-08     0.64410508E-08
   2.9692046          931.54657         0.44295843E-07     0.66291101E-08     0.66291353E-08
   2.9755056          945.16058         0.45552206E-07     0.68227000E-08     0.68227258E-08
   2.9818066          958.97356         0.46844165E-07     0.70219574E-08     0.70219838E-08
   2.9881077          972.98840         0.48172727E-07     0.72270482E-08     0.72270752E-08
   2.9944087          987.20806         0.49538927E-07     0.74381435E-08     0.74381712E-08
   3.0007097          1001.6355         0.50943831E-07     0.76554193E-08     0.76554476E-08
   3.0070108          1016.2739         0.52388533E-07     0.78790566E-08     0.78790855E-08
   3.0133118          1031.1261         0.53874158E-07     0.81092419E-08     0.81092714E-08
   3.0196128          1046.1954         0.55401865E-07     0.83461671E-08     0.83461973E-08
   3.0259138          1061.4850         0.56972844E-07     0.85900297E-08     0.85900605E-08
   3.0322149          1076.9979         0.58588318E-07     0.88410331E-08     0.88410645E-08
   3.0385159          1092.7376         0.60249546E-07     0.90993865E-08     0.90994186E-08
   3.0448169          1108.7074         0.61957823E-07     0.93653054E-08     0.93653381E-08
   3.0511180          1124.9105         0.63714478E-07     0.96390115E-08     0.96390448E-08
   3.0574190          1141.3504         0.65520879E-07     0.99207331E-08     0.99207670E-08
   3.0637200          1158.0306         0.67378434E-07     0.10210705E-07     0.10210740E-07
   3.0700211          1174.9545         0.69288589E-07     0.10509169E-07     0.10509204E-07
   3.0763221          1192.1258         0.71252831E-07     0.10816375E-07     0.10816411E-07
   3.0826231          1209.5480         0.73272688E-07     0.11132578E-07     0.11132614E-07
   3.0889241          1227.2249         0.75349735E-07     0.11458042E-07     0.11458079E-07
   3.0952252          1245.1600         0.77485587E-07     0.11793039E-07     0.11793077E-07
   3.1015262          1263.3573         0.79681907E-07     0.12137849E-07     0.12137887E-07
   3.1078272          1281.8206         0.81940404E-07     0.12492758E-07     0.12492796E-07
   3.1141283          1300.5536         0.84262836E-07     0.12858064E-07     0.12858102E-07
   3.1204293          1319.5605         0.86651010E-07     0.13234070E-07     0.13234109E-07
   3.1267303          1338.8451         0.89106784E-07     0.13621092E-07     0.13621131E-07
   3.1330314          1358.4115         0.91632069E-07     0.14019451E-07     0.14019491E-07
   3.1393324          1378.2639         0.94228830E-07     0.14429480E-07     0.14429520E-07
   3.1456334          1398.4064         0.96899086E-07     0.14851523E-07     0.14851563E-07
   3.1519344          1418.8433         0.99644914E-07     0.15285930E-07     0.15285970E-07
   3.1582355          1439.5789         0.10246845E-06     0.15733064E-07     0.15733105E-07
   3.1645365          1460.6175         0.10537189E-06     0.16193300E-07     0.16193340E-07
   3.1708375          1481.9636         0.10835749E-06     0.16667020E-07     0.16667061E-07
   3.1771386          1503.6216         0.11142758E-06     0.17154622E-07     0.17154662E-07
   3.1834396          1525.5962         0.11458453E-06     0.17656511E-07     0.17656551E-07
   3.1897406          1547.8919         0.11783081E-06     0.18173108E-07     0.18173148E-07
   3.1960417          1570.5134         0.12116894E-06     0.18704843E-07     0.18704883E-07
   3.2023427          1593.4656         0.12460151E-06     0.19252161E-07     0.19252200E-07
   3.2086437          1616.7531         0.12813120E-06     0.19815519E-07     0.19815557E-07
   3.2149447          1640.3810         0.13176073E-06     0.20395388E-07     0.20395425E-07
   3.2212458          1664.3543         0.13549302E-06     0.20992136E-07     0.20992326E-07
   3.2275468          1688.6778         0.13933080E-06     0.21606490E-07     0.21606684E-07
   3.2338478          1713.3569         0.14327715E-06     0.22238851E-07     0.22239048E-07
   3.2401489          1738.3966         0.14733511E-06     0.22889747E-07     0.22889948E-07
   3.2464499          1763.8022         0.15150785E-06     0.23559723E-07     0.23559927E-07
   3.2527509          1789.5792         0.15579861E-06     0.24249337E-07     0.24249545E-07
   3.2590520          1815.7329         0.16021071E-06     0.24959168E-07     0.24959379E-07
   3.2653530          1842.2687         0.16474759E-06     0.25689807E-07     0.25690021E-07
   3.2716540          1869.1924         0.16941276E-06     0.26441866E-07     0.26442084E-07
   3.2779550          1896.5096         0.17420986E-06     0.27215973E-07     0.27216194E-07
   3.2842561          1924.2260         0.17914260E-06     0.28012775E-07     0.28013000E-07
   3.2905571          1952.3474         0.18421481E-06     0.28832939E-07     0.28833167E-07
   3.2968581          1980.8798         0.18943043E-06     0.29677151E-07     0.29677381E-07
   3.3031592          2009.8292         0.19479352E-06     0.30546115E-07     0.30546348E-07
   3.3094602          2039.2017         0.20030823E-06     0.31440559E-07     0.31440795E-07
   3.3157612          2069.0035         0.20597872E-06     0.32361409E-07     0.32361410E-07
   3.3220623          2099.2408         0.21180962E-06     0.33309084E-07     0.33309080E-07
   3.3283633          2129.9200         0.21780535E-06     0.34284548E-07     0.34284540E-07
   3.3346643          2161.0475         0.22397056E-06     0.35288619E-07     0.35288606E-07
   3.3409653          2192.6299         0.23031003E-06     0.36322136E-07     0.36322117E-07
   3.3472664          2224.6740         0.23682868E-06     0.37385963E-07     0.37385938E-07
   3.3535674          2257.1863         0.24353156E-06     0.38480990E-07     0.38480958E-07
   3.3598684          2290.1737         0.25042387E-06     0.39608133E-07     0.39608094E-07
   3.3661695          2323.6433         0.25751095E-06     0.40768335E-07     0.40768289E-07
   3.3724705          2357.6020         0.26479831E-06     0.41962566E-07     0.41962513E-07
   3.3787715          2392.0570         0.27229159E-06     0.43191827E-07     0.43191765E-07
   3.3850726          2427.0155         0.27999660E-06     0.44457144E-07     0.44457073E-07
   3.3913736          2462.4849         0.28791931E-06     0.45759577E-07     0.45759497E-07
   3.3976746          2498.4727         0.29606586E-06     0.47100216E-07     0.47100126E-07
   3.4039756          2534.9864         0.30444257E-06     0.48480183E-07     0.48480081E-07
   3.4102767          2572.0338         0.31305593E-06     0.49900631E-07     0.49900519E-07
   3.4165777          2609.6226         0.32191260E-06     0.51362750E-07     0.51362626E-07
   3.4228787          2647.7607         0.33101946E-06     0.52867764E-07     0.52867627E-07
   3.4291798          2686.4562         0.34038356E-06     0.54416932E-07     0.54416781E-07
   3.4354808          2725.7172         0.35001215E-06     0.56011550E-07     0.56011385E-07
   3.4417818          2765.5520         0.35991269E-06     0.57652954E-07     0.57652774E-07
   3.4480829          2805.9689         0.37009284E-06     0.59342517E-07     0.59342321E-07
   3.4543839          2846.9765         0.38056050E-06     0.61081654E-07     0.61081441E-07
   3.4606849          2888.5834         0.39132376E-06     0.62871819E-07     0.62871589E-07
   3.4669859          2930.7984         0.40239095E-06     0.64714513E-07     0.64714264E-07
   3.4732870          2973.6303         0.41377065E-06     0.66611277E-07     0.66611008E-07
   3.4795880          3017.0882         0.42547166E-06     0.68563699E-07     0.68563410E-07
   3.4858890          3061.1812         0.43750304E-06     0.70573415E-07     0.70573104E-07
   3.4921901          3105.9185         0.44987410E-06     0.72642106E-07     0.72641773E-07
   3.4984911          3151.3097         0.46259441E-06     0.74771505E-07     0.74771148E-07
   3.5047921          3197.3643         0.47567382E-06     0.76963395E-07     0.76963014E-07
   3.5110932          3244.0919         0.48912244E-06     0.79219612E-07     0.79219204E-07
   3.5173942          3291.5024         0.50295067E-06     0.81542044E-07     0.81541609E-07
   3.5236952          3339.6058         0.51716922E-06     0.83932636E-07     0.83932173E-07
   3.5299962          3388.4122         0.53178907E-06     0.86393392E-07     0.86392899E-07
   3.5362973          3437.9319         0.54682154E-06     0.88926371E-07     0.88925847E-07
   3.5425983          3488.1753         0.56227824E-06     0.91533694E-07     0.91533139E-07
   3.5488993          3539.1529         0.57817113E-06     0.94217547E-07     0.94216958E-07
   3.5552004          3590.8756         0.59451250E-06     0.96980177E-07     0.96979552E-07
   3.5615014          3643.3542         0.61131496E-06     0.99823897E-07     0.99823236E-07
   3.5678024          3696.5997         0.62859152E-06     0.10275109E-06     0.10275039E-06
   3.5741035          3750.6233         0.64635552E-06     0.10576421E-06     0.10576347E-06
   3.5804045          3805.4365         0.66462069E-06     0.10886578E-06     0.10886500E-06
   3.5867055          3861.0508         0.68340114E-06     0.11205839E-06     0.11205757E-06
   3.5930065          3917.4778         0.70271138E-06     0.11534473E-06     0.11534387E-06
   3.5993076          3974.7294         0.72256633E-06     0.11872754E-06     0.11872663E-06
   3.6056086          4032.8178         0.74298132E-06     0.12220967E-06     0.12220871E-06
   3.6119096          4091.7551         0.76397211E-06     0.12579402E-06     0.12579301E-06
   3.6182107          4151.5537         0.78555492E-06     0.12948360E-06     0.12948255E-06
   3.6245117          4212.2263         0.80774641E-06     0.13328151E-06     0.13328040E-06
   3.6308127          4273.7855         0.83056372E-06     0.13719092E-06     0.13718976E-06
   3.6371138          4336.2444         0.85402445E-06     0.14121511E-06     0.14121389E-06
   3.6434148          4399.6161         0.87814671E-06     0.14535746E-06     0.14535618E-06
   3.6497158          4463.9139         0.90294913E-06     0.14962143E-06     0.14962010E-06
   3.6560168          4529.1514         0.92845084E-06     0.15401060E-06     0.15400921E-06
   3.6623179          4595.3424         0.95467151E-06     0.15852865E-06     0.15852720E-06
   3.6686189          4662.5006         0.98163138E-06     0.16317937E-06     0.16317785E-06
   3.6749199          4730.6403         0.10093512E-05     0.16796664E-06     0.16796506E-06
   3.6812210          4799.7759         0.10378525E-05     0.17289449E-06     0.17289284E-06
   3.6875220          4869.9218         0.10671571E-05     0.17796705E-06     0.17796533E-06
   3.6938230          4941.0929         0.10972876E-05     0.18318857E-06     0.18318678E-06
   3.7001241          5013.3041         0.11282674E-05     0.18856342E-06     0.18856156E-06
   3.7064251          5086.5707         0.11601202E-05     0.19409611E-06     0.19409418E-06
   3.7127261          5160.9079         0.11928706E-05     0.19979129E-06     0.19978928E-06
   3.7190271          5236.3316         0.12265439E-05     0.20565371E-06     0.20565163E-06
   3.7253282          5312.8575         0.12611660E-05     0.21168831E-06     0.21168616E-06
   3.7316292          5390.5019         0.12967636E-05     0.21790013E-06     0.21789790E-06
   3.7379302          5469.2809         0.13333641E-05     0.22429440E-06     0.22429209E-06
   3.7442313          5549.2113         0.13709957E-05     0.23087646E-06     0.23087407E-06
   3.7505323          5630.3098         0.14096875E-05     0.23765184E-06     0.23764937E-06
   3.7568333          5712.5935         0.14494691E-05     0.24462622E-06     0.24462367E-06
   3.7631344          5796.0797         0.14903713E-05     0.25180544E-06     0.25180282E-06
   3.7694354          5880.7861         0.15324256E-05     0.25919553E-06     0.25919283E-06
   3.7757364          5966.7303         0.15756643E-05     0.26680269E-06     0.26679991E-06
   3.7820374          6053.9306         0.16201206E-05     0.27463330E-06     0.27463043E-06
   3.7883385          6142.4053         0.16658289E-05     0.28269391E-06     0.28269097E-06
   3.7946395          6232.1730         0.17128244E-05     0.29099130E-06     0.29098828E-06
   3.8009405          6323.2526         0.17611430E-05     0.29953242E-06     0.29952932E-06
   3.8072416          6415.6633         0.18108222E-05     0.30832444E-06     0.30832126E-06
   3.8135426          6509.4245         0.18619011E-05     0.31737296E-06     0.31737206E-06
   3.8198436          6604.5559         0.19144169E-05     0.32668905E-06     0.32668815E-06
   3.8261447          6701.0777         0.19684111E-05     0.33627882E-06     0.33627791E-06
   3.8324457          6799.0100         0.20239251E-05     0.34615030E-06     0.34614940E-06
   3.8387467          6898.3736         0.20810017E-05     0.35631178E-06     0.35631089E-06
   3.8450477          6999.1893         0.21396848E-05     0.36677179E-06     0.36677091E-06
   3.8513488          7101.4784         0.22000181E-05     0.37754119E-06     0.37753753E-06
   3.8576498          7205.2624         0.22620506E-05     0.38862488E-06     0.38862116E-06
   3.8639508          7310.5631         0.23258287E-05     0.40003421E-06     0.40003043E-06
   3.8702519          7417.4028         0.23914015E-05     0.41177873E-06     0.41177491E-06
   3.8765529          7525.8038         0.24588194E-05     0.42386832E-06     0.42386445E-06
   3.8828539          7635.7890         0.25281340E-05     0.43631310E-06     0.43630919E-06
   3.8891550          7747.3817         0.25993987E-05     0.44912352E-06     0.44911958E-06
   3.8954560          7860.6051         0.26726681E-05     0.46231033E-06     0.46230636E-06
   3.9017570          7975.4833         0.27479987E-05     0.47588460E-06     0.47588061E-06
   3.9080580          8092.0404         0.28254481E-05     0.48985771E-06     0.48985370E-06
   3.9143591          8210.3009         0.29050759E-05     0.50424139E-06     0.50423738E-06
   3.9206601          8330.2896         0.29869432E-05     0.51904771E-06     0.51904370E-06
   3.9269611          8452.0320         0.30711129E-05     0.53428909E-06     0.53428509E-06
   3.9332622          8575.5535         0.31576495E-05     0.54997833E-06     0.54997435E-06
   3.9395632          8700.8802         0.32466194E-05     0.56612858E-06     0.56612463E-06
   3.9458642          8828.0386         0.33380909E-05     0.58275342E-06     0.58274950E-06
   3.9521653          8957.0552         0.34321342E-05     0.59986677E-06     0.59986291E-06
   3.9584663          9087.9574         0.35288214E-05     0.61748302E-06     0.61747923E-06
   3.9647673          9220.7726         0.36282266E-05     0.63561694E-06     0.63561322E-06
   3.9710683          9355.5288         0.37304261E-05     0.65428376E-06     0.65428013E-06
   3.9773694          9492.2544         0.38354983E-05     0.67349913E-06     0.67349561E-06
   3.9836704          9630.9782         0.39435236E-05     0.69327920E-06     0.69327579E-06
   3.9899714          9771.7294         0.40545850E-05     0.71364056E-06     0.71363728E-06
   3.9962725          9914.5375         0.41687675E-05     0.73460030E-06     0.73459717E-06
   4.0025735          10059.433         0.42861585E-05     0.75617602E-06     0.75617306E-06
   4.0088745          10206.446         0.44068482E-05     0.77838583E-06     0.77838305E-06
   4.0151756          10355.607         0.45309288E-05     0.80124837E-06     0.80124579E-06
   4.0214766          10506.948         0.46584955E-05     0.82478283E-06     0.82478048E-06
   4.0277776          10660.501         0.47896460E-05     0.84900897E-06     0.84900686E-06
   4.0340786          10816.298         0.49244806E-05     0.87394713E-06     0.87394528E-06
   4.0403797          10974.372         0.50631026E-05     0.89961825E-06     0.89961668E-06
   4.0466807          11134.756         0.52056182E-05     0.92604387E-06     0.92604261E-06
   4.0529817          11297.484         0.53521364E-05     0.95324619E-06     0.95324525E-06
   4.0592828          11462.590         0.55027694E-05     0.98124803E-06     0.98124745E-06
   4.0655838          11630.109         0.56576323E-05     0.10100729E-05     0.10100727E-05
   4.0718848          11800.076         0.58168438E-05     0.10397450E-05     0.10397452E-05
   4.0781859          11972.528         0.59805256E-05     0.10702893E-05     0.10702899E-05
   4.0844869          12147.499         0.61488028E-05     0.11017314E-05     0.11017325E-05
   4.0907879          12325.028         0.63218043E-05     0.11340977E-05     0.11340992E-05
   4.0970889          12505.151         0.64996621E-05     0.11674154E-05     0.11674174E-05
   4.1033900          12687.907         0.66825125E-05     0.12017124E-05     0.12017150E-05
   4.1096910          12873.333         0.68704950E-05     0.12370176E-05     0.12370207E-05
   4.1159920          13061.469         0.70637534E-05     0.12733605E-05     0.12733643E-05
   4.1222931          13252.355         0.72624354E-05     0.13107718E-05     0.13107762E-05
   4.1285941          13446.030         0.74666927E-05     0.13492829E-05     0.13492879E-05
   4.1348951          13642.536         0.76766814E-05     0.13889260E-05     0.13889317E-05
   4.1411962          13841.914         0.78925620E-05     0.14297345E-05     0.14297409E-05
   4.1474972          14044.206         0.81144992E-05     0.14717426E-05     0.14717498E-05
   4.1537982          14249.454         0.83426626E-05     0.15149856E-05     0.15149937E-05
   4.1600992          14457.701         0.85772320E-05     0.15594912E-05     0.15595117E-05
   4.1664003          14668.992         0.88183753E-05     0.16053139E-05     0.16053355E-05
   4.1727013          14883.371         0.90662820E-05     0.16524837E-05     0.16525065E-05
   4.1790023          15100.883         0.93211413E-05     0.17010401E-05     0.17010643E-05
   4.1853034          15321.573         0.95831413E-05     0.17510339E-05     0.17510463E-05
   4.1916044          15545.489         0.98524945E-05     0.18024876E-05     0.18025011E-05
   4.1979054          15772.677         0.10129400E-04     0.18554541E-05     0.18554686E-05
   4.2042065          16003.186         0.10414069E-04     0.19099778E-05     0.19099933E-05
   4.2105075          16237.063         0.10706719E-04     0.19661045E-05     0.19661211E-05
   4.2168085          16474.358         0.11007573E-04     0.20238813E-05     0.20238991E-05
   4.2231095          16715.122         0.11316859E-04     0.20833568E-05     0.20833757E-05
   4.2294106          16959.403         0.11634815E-04     0.21445809E-05     0.21446011E-05
   4.2357116          17207.255         0.11961681E-04     0.22076051E-05     0.22076265E-05
   4.2420126          17458.729         0.12297708E-04     0.22724823E-05     0.22725050E-05
   4.2483137          17713.878         0.12643151E-04     0.23392670E-05     0.23392910E-05
   4.2546147          17972.757         0.12998273E-04     0.24080153E-05     0.24080407E-05
   4.2609157          18235.418         0.13363344E-04     0.24787850E-05     0.24788118E-05
   4.2672168          18501.918         0.13738644E-04     0.25516356E-05     0.25516637E-05
   4.2735178          18772.313         0.14124456E-04     0.26266281E-05     0.26266577E-05
   4.2798188          19046.659         0.14521076E-04     0.27038257E-05     0.27038568E-05
   4.2861198          19325.015         0.14928804E-04     0.27832931E-05     0.27833258E-05
   4.2924209          19607.439         0.15347951E-04     0.28650973E-05     0.28651314E-05
   4.2987219          19893.990         0.15778836E-04     0.29493067E-05     0.29493425E-05
   4.3050229          20184.729         0.16221787E-04     0.30359924E-05     0.30360297E-05
   4.3113240          20479.717         0.16677140E-04     0.31252269E-05     0.31252659E-05
   4.3176250          20779.017         0.17145242E-04     0.32170855E-05     0.32171261E-05
   4.3239260          21082.690         0.17626448E-04     0.33116451E-05     0.33116874E-05
   4.3302271          21390.801         0.18121125E-04     0.34089853E-05     0.34090294E-05
   4.3365281          21703.415         0.18629647E-04     0.35091879E-05     0.35092337E-05
   4.3428291          22020.598         0.19152403E-04     0.36123370E-05     0.36123846E-05
   4.3491301          22342.416         0.19689788E-04     0.37185193E-05     0.37185687E-05
   4.3554312          22668.938         0.20242211E-04     0.38278241E-05     0.38278753E-05
   4.3617322          23000.231         0.20810092E-04     0.39403432E-05     0.39403963E-05
   4.3680332          23336.366         0.21393861E-04     0.40561712E-05     0.40562261E-05
   4.3743343          23677.414         0.21993962E-04     0.41754053E-05     0.41754621E-05
   4.3806353          24023.445         0.22610851E-04     0.42981458E-05     0.42982045E-05
   4.3869363          24374.534         0.23244994E-04     0.44244958E-05     0.44245564E-05
   4.3932374          24730.754         0.23896875E-04     0.45545615E-05     0.45546241E-05
   4.3995384          25092.179         0.24566986E-04     0.46884522E-05     0.46885168E-05
   4.4058394          25458.887         0.25255854E-04     0.48262535E-05     0.48263560E-05
   4.4121404          25830.954         0.25963967E-04     0.49681343E-05     0.49682398E-05
   4.4184415          26208.458         0.26691879E-04     0.51141876E-05     0.51142963E-05
   4.4247425          26591.479         0.27440121E-04     0.52645657E-05     0.52646382E-05
   4.4310435          26980.099         0.28209300E-04     0.54193369E-05     0.54194114E-05
   4.4373446          27374.397         0.28999979E-04     0.55786598E-05     0.55787364E-05
   4.4436456          27774.458         0.29812757E-04     0.57426684E-05     0.57427470E-05
   4.4499466          28180.365         0.30648251E-04     0.59115005E-05     0.59115812E-05
   4.4562477          28592.205         0.31507092E-04     0.60852980E-05     0.60853807E-05
   4.4625487          29010.064         0.32389931E-04     0.62642069E-05     0.62642918E-05
   4.4688497          29434.029         0.33297436E-04     0.64483777E-05     0.64484646E-05
   4.4751507          29864.190         0.34230295E-04     0.66379651E-05     0.66380541E-05
   4.4814518          30300.638         0.35189213E-04     0.68331285E-05     0.68332196E-05
   4.4877528          30743.464         0.36174915E-04     0.70340319E-05     0.70341251E-05
   4.4940538          31192.762         0.37188148E-04     0.72408441E-05     0.72409395E-05
   4.5003549          31648.626         0.38229677E-04     0.74537391E-05     0.74538366E-05
   4.5066559          32111.152         0.39300291E-04     0.76728957E-05     0.76729953E-05
   4.5129569          32580.438         0.40400798E-04     0.78984982E-05     0.78986000E-05
   4.5192580          33056.582         0.41532030E-04     0.81307362E-05     0.81308402E-05
   4.5255590          33539.685         0.42694843E-04     0.83698049E-05     0.83699110E-05
   4.5318600          34029.848         0.43890115E-04     0.86159052E-05     0.86160135E-05
   4.5381610          34527.175         0.45118748E-04     0.88692440E-05     0.88693546E-05
   4.5444621          35031.769         0.46381671E-04     0.91300344E-05     0.91301472E-05
   4.5507631          35543.738         0.47679837E-04     0.93984954E-05     0.93986104E-05
   4.5570641          36063.189         0.49014226E-04     0.96748527E-05     0.96749701E-05
   4.5633652          36590.232         0.50385846E-04     0.99593388E-05     0.99594585E-05
   4.5696662          37124.977         0.51795732E-04     0.10252193E-04     0.10252315E-04
   4.5759672          37667.537         0.53244946E-04     0.10553661E-04     0.10553785E-04
   4.5822683          38218.026         0.54734583E-04     0.10863996E-04     0.10864123E-04
   4.5885693          38776.560         0.56265766E-04     0.11183459E-04     0.11183589E-04
   4.5948703          39343.257         0.57839649E-04     0.11512320E-04     0.11512452E-04
   4.6011713          39918.236         0.59457463E-04     0.11850787E-04     0.11851010E-04
   4.6074724          40501.618         0.61120340E-04     0.12199277E-04     0.12199505E-04
   4.6137734          41093.525         0.62829531E-04     0.12558088E-04     0.12558228E-04
   4.6200744          41694.083         0.64586412E-04     0.12927383E-04     0.12927526E-04
   4.6263755          42303.418         0.66392264E-04     0.13307541E-04     0.13307687E-04
   4.6326765          42921.658         0.68248446E-04     0.13698882E-04     0.13699030E-04
   4.6389775          43548.933         0.70156355E-04     0.14101734E-04     0.14101885E-04
   4.6452786          44185.376         0.72117428E-04     0.14516436E-04     0.14516591E-04
   4.6515796          44831.119         0.74133140E-04     0.14943337E-04     0.14943495E-04
   4.6578806          45486.300         0.76205007E-04     0.15382796E-04     0.15382957E-04
   4.6641816          46151.056         0.78334589E-04     0.15835182E-04     0.15835347E-04
   4.6704827          46825.527         0.80523487E-04     0.16300876E-04     0.16301045E-04
   4.6767837          47509.855         0.82773347E-04     0.16780269E-04     0.16780441E-04
   4.6830847          48204.183         0.85085859E-04     0.17273764E-04     0.17273940E-04
   4.6893858          48908.660         0.87462763E-04     0.17781776E-04     0.17781957E-04
   4.6956868          49623.431         0.89905843E-04     0.18304732E-04     0.18304917E-04
   4.7019878          50348.649         0.92416935E-04     0.18843072E-04     0.18843262E-04
   4.7082889          51084.465         0.94997925E-04     0.19397249E-04     0.19397444E-04
   4.7145899          51831.035         0.97650751E-04     0.19967728E-04     0.19967928E-04
   4.7208909          52588.515         0.10037740E-03     0.20554989E-04     0.20555194E-04
   4.7271919          53357.066         0.10317993E-03     0.21159526E-04     0.21159737E-04
   4.7334930          54136.849         0.10606044E-03     0.21781847E-04     0.21782064E-04
   4.7397940          54928.027         0.10902108E-03     0.22422475E-04     0.22422699E-04
   4.7460950          55730.768         0.11206408E-03     0.23081950E-04     0.23082180E-04
   4.7523961          56545.241         0.11519171E-03     0.23760825E-04     0.23761062E-04
   4.7586971          57371.617         0.11840643E-03     0.24459534E-04     0.24459961E-04
   4.7649981          58210.070         0.12171045E-03     0.25178935E-04     0.25179376E-04
   4.7712992          59060.776         0.12510624E-03     0.25919645E-04     0.25919906E-04
   4.7776002          59923.915         0.12859654E-03     0.26682001E-04     0.26682270E-04
   4.7839012          60799.668         0.13218386E-03     0.27466784E-04     0.27467063E-04
   4.7902022          61688.220         0.13587090E-03     0.28274654E-04     0.28274943E-04
   4.7965033          62589.758         0.13966041E-03     0.29106292E-04     0.29106591E-04
   4.8028043          63504.471         0.14355523E-03     0.29962395E-04     0.29962705E-04
   4.8091053          64432.552         0.14755827E-03     0.30843684E-04     0.30844006E-04
   4.8154064          65374.196         0.15167253E-03     0.31750900E-04     0.31751235E-04
   4.8217074          66329.602         0.15590108E-03     0.32684806E-04     0.32685154E-04
   4.8280084          67298.971         0.16024709E-03     0.33646187E-04     0.33646548E-04
   4.8343095          68282.506         0.16471380E-03     0.34635851E-04     0.34636227E-04
   4.8406105          69280.415         0.16930455E-03     0.35654631E-04     0.35655023E-04
   4.8469115          70292.908         0.17402278E-03     0.36703383E-04     0.36703792E-04
   4.8532125          71320.198         0.17887199E-03     0.37782990E-04     0.37783416E-04
   4.8595136          72362.501         0.18385583E-03     0.38894358E-04     0.38894803E-04
   4.8658146          73420.037         0.18897800E-03     0.40038423E-04     0.40038887E-04
   4.8721156          74493.028         0.19424232E-03     0.41216147E-04     0.41216631E-04
   4.8784167          75581.701         0.19965274E-03     0.42428520E-04     0.42429026E-04
   4.8847177          76686.283         0.20521327E-03     0.43676561E-04     0.43677090E-04
   4.8910187          77807.009         0.21092824E-03     0.44961068E-04     0.44961958E-04
   4.8973198          78944.113         0.21680158E-03     0.46283618E-04     0.46284544E-04
   4.9036208          80097.836         0.22283765E-03     0.47645345E-04     0.47645952E-04
   4.9099218          81268.419         0.22904130E-03     0.49046869E-04     0.49047504E-04
   4.9162228          82456.110         0.23541697E-03     0.50489626E-04     0.50490292E-04
   4.9225239          83661.158         0.24196941E-03     0.51974831E-04     0.51975528E-04
   4.9288249          84883.817         0.24870351E-03     0.53503732E-04     0.53504463E-04
   4.9351259          86124.345         0.25562426E-03     0.55077614E-04     0.55078381E-04
   4.9414270          87383.002         0.26273684E-03     0.56697803E-04     0.56698607E-04
   4.9477280          88660.054         0.27004652E-03     0.58365659E-04     0.58366503E-04
   4.9540290          89955.769         0.27755874E-03     0.60082586E-04     0.60083472E-04
   4.9603301          91270.420         0.28527908E-03     0.61850027E-04     0.61850957E-04
   4.9666311          92604.285         0.29321330E-03     0.63669469E-04     0.63670446E-04
   4.9729321          93957.642         0.30136727E-03     0.65542442E-04     0.65543468E-04
   4.9792331          95330.779         0.30974706E-03     0.67470521E-04     0.67471598E-04
   4.9855342          96723.983         0.31835890E-03     0.69455327E-04     0.69456459E-04
   4.9918352          98137.548         0.32720916E-03     0.71498530E-04     0.71499719E-04
   4.9981362          99571.771         0.33630444E-03     0.73601848E-04     0.73603097E-04
   5.0044373          101026.95         0.34565146E-03     0.75767049E-04     0.75768363E-04
   5.0107383          102503.40         0.35525747E-03     0.77995518E-04     0.77997482E-04
   5.0170393          104001.43         0.36512870E-03     0.80290440E-04     0.80291892E-04
   5.0233404          105521.35         0.37527336E-03     0.82652434E-04     0.82653960E-04
   5.0296414          107063.49         0.38569866E-03     0.85083924E-04     0.85085527E-04
   5.0359424          108628.16         0.39641233E-03     0.87586953E-04     0.87588639E-04
   5.0422434          110215.69         0.40742232E-03     0.90163627E-04     0.90165400E-04
   5.0485445          111826.43         0.41873676E-03     0.92816114E-04     0.92817978E-04
   5.0548455          113460.71         0.43036404E-03     0.95546643E-04     0.95548603E-04
   5.0611465          115118.87         0.44231277E-03     0.98357512E-04     0.98359573E-04
   5.0674476          116801.27         0.45459177E-03     0.10125108E-03     0.10125325E-03
   5.0737486          118508.25         0.46721014E-03     0.10422979E-03     0.10423207E-03
   5.0800496          120240.18         0.48017720E-03     0.10729614E-03     0.10729854E-03
   5.0863507          121997.42         0.49350255E-03     0.11045271E-03     0.11045524E-03
   5.0926517          123780.34         0.50719601E-03     0.11370216E-03     0.11370481E-03
   5.0989527          125589.32         0.52126771E-03     0.11704722E-03     0.11705000E-03
   5.1052537          127424.74         0.53572805E-03     0.12049070E-03     0.12049363E-03
   5.1115548          129286.97         0.55058815E-03     0.12403479E-03     0.12403881E-03
   5.1178558          131176.43         0.56585760E-03     0.12768459E-03     0.12768783E-03
   5.1241568          133093.50         0.58154905E-03     0.13144105E-03     0.13144446E-03
   5.1304579          135038.58         0.59767362E-03     0.13530804E-03     0.13531162E-03
   5.1367589          137012.09         0.61424318E-03     0.13928881E-03     0.13929258E-03
   5.1430599          139014.44         0.63126995E-03     0.14338671E-03     0.14339067E-03
   5.1493610          141046.06         0.64876648E-03     0.14760518E-03     0.14760935E-03
   5.1556620          143107.36         0.66674565E-03     0.15194778E-03     0.15195216E-03
   5.1619630          145198.79         0.68522071E-03     0.15641815E-03     0.15642275E-03
   5.1682640          147320.79         0.70420525E-03     0.16102006E-03     0.16102490E-03
   5.1745651          149473.80         0.72371324E-03     0.16575737E-03     0.16576245E-03
   5.1808661          151658.27         0.74375903E-03     0.17063407E-03     0.17063942E-03
   5.1871671          153874.67         0.76435736E-03     0.17565426E-03     0.17565988E-03
   5.1934682          156123.46         0.78552338E-03     0.18082217E-03     0.18082808E-03
   5.1997692          158405.11         0.80727263E-03     0.18614214E-03     0.18614835E-03
   5.2060702          160720.11         0.82962180E-03     0.19161756E-03     0.19162553E-03
   5.2123713          163068.94         0.85258519E-03     0.19725628E-03     0.19726314E-03
   5.2186723          165452.10         0.87618177E-03     0.20305981E-03     0.20306702E-03
   5.2249733          167870.09         0.90042815E-03     0.20903410E-03     0.20904168E-03
   5.2312743          170323.41         0.92534212E-03     0.21518418E-03     0.21519214E-03
   5.2375754          172812.59         0.95094194E-03     0.22151522E-03     0.22152359E-03
   5.2438764          175338.14         0.97724638E-03     0.22803255E-03     0.22804135E-03
   5.2501774          177900.61         0.10042747E-02     0.23474165E-03     0.23475089E-03
   5.2564785          180500.52         0.10320468E-02     0.24164816E-03     0.24165787E-03
   5.2627795          183138.43         0.10605828E-02     0.24875789E-03     0.24876810E-03
   5.2690805          185814.89         0.10899038E-02     0.25607683E-03     0.25608754E-03
   5.2753816          188530.47         0.11200312E-02     0.26361112E-03     0.26362238E-03
   5.2816826          191285.73         0.11509870E-02     0.27136710E-03     0.27137893E-03
   5.2879836          194081.26         0.11827949E-02     0.27934974E-03     0.27936426E-03
   5.2942846          196917.65         0.12154750E-02     0.28757044E-03     0.28758349E-03
   5.3005857          199795.49         0.12490544E-02     0.29603142E-03     0.29604514E-03
   5.3068867          202715.38         0.12835564E-02     0.30474137E-03     0.30475577E-03
   5.3131877          205677.95         0.13190063E-02     0.31370761E-03     0.31372274E-03
   5.3194888          208683.81         0.13554301E-02     0.32293767E-03     0.32295356E-03
   5.3257898          211733.60         0.13928541E-02     0.33243934E-03     0.33245603E-03
   5.3320908          214827.97         0.14313058E-02     0.34222059E-03     0.34223811E-03
   5.3383919          217967.55         0.14708132E-02     0.35228965E-03     0.35230806E-03
   5.3446929          221153.02         0.15114051E-02     0.36265500E-03     0.36267433E-03
   5.3509939          224385.05         0.15531109E-02     0.37332535E-03     0.37334565E-03
   5.3572949          227664.30         0.15959612E-02     0.38430968E-03     0.38433100E-03
   5.3635960          230991.48         0.16399885E-02     0.39561500E-03     0.39564036E-03
   5.3698970          234367.29         0.16852206E-02     0.40725749E-03     0.40728100E-03
   5.3761980          237792.43         0.17316946E-02     0.41924028E-03     0.41926497E-03
   5.3824991          241267.63         0.17794430E-02     0.43157567E-03     0.43160159E-03
   5.3888001          244793.62         0.18285003E-02     0.44427403E-03     0.44430125E-03
   5.3951011          248371.13         0.18789024E-02     0.45734605E-03     0.45737462E-03
   5.4014022          252000.93         0.19306856E-02     0.47080271E-03     0.47083271E-03
   5.4077032          255683.78         0.19838878E-02     0.48465534E-03     0.48468684E-03
   5.4140042          259420.45         0.20385473E-02     0.49891560E-03     0.49894867E-03
   5.4203052          263211.73         0.20947040E-02     0.51359547E-03     0.51363019E-03
   5.4266063          267058.42         0.21523985E-02     0.52870730E-03     0.52874375E-03
   5.4329073          270961.32         0.22116725E-02     0.54426380E-03     0.54430206E-03
   5.4392083          274921.26         0.22725691E-02     0.56027806E-03     0.56031823E-03
   5.4455094          278939.08         0.23351324E-02     0.57676355E-03     0.57680572E-03
   5.4518104          283015.61         0.23994076E-02     0.59373414E-03     0.59377840E-03
   5.4581114          287151.72         0.24654412E-02     0.61120409E-03     0.61125055E-03
   5.4644125          291348.27         0.25332810E-02     0.62918810E-03     0.62923687E-03
   5.4707135          295606.16         0.26029760E-02     0.64770131E-03     0.64775250E-03
   5.4770145          299926.27         0.26745765E-02     0.66675928E-03     0.66681301E-03
   5.4833155          304309.52         0.27481344E-02     0.68637803E-03     0.68643443E-03
   5.4896166          308756.83         0.28237026E-02     0.70657408E-03     0.70663327E-03
   5.4959176          313269.13         0.29013357E-02     0.72736441E-03     0.72742654E-03
   5.5022186          317847.38         0.29810898E-02     0.74876651E-03     0.74883171E-03
   5.5085197          322492.53         0.30630222E-02     0.77079837E-03     0.77086680E-03
   5.5148207          327205.57         0.31471922E-02     0.79347853E-03     0.79355035E-03
   5.5211217          331987.49         0.32336601E-02     0.81682607E-03     0.81690143E-03
   5.5274228          336839.30         0.33224885E-02     0.84086061E-03     0.84093971E-03
   5.5337238          341762.01         0.34137410E-02     0.86560238E-03     0.86568539E-03
   5.5400248          346756.66         0.35074835E-02     0.89107219E-03     0.89115930E-03
   5.5463258          351824.31         0.36037833E-02     0.91729146E-03     0.91738287E-03
   5.5526269          356966.01         0.37027096E-02     0.94428224E-03     0.94437816E-03
   5.5589279          362182.87         0.38043335E-02     0.97206723E-03     0.97216788E-03
   5.5652289          367475.96         0.39087279E-02     0.10006698E-02     0.10007754E-02
   5.5715300          372846.41         0.40159678E-02     0.10301140E-02     0.10302248E-02
   5.5778310          378295.34         0.41261300E-02     0.10604246E-02     0.10605409E-02
   5.5841320          383823.91         0.42392937E-02     0.10916271E-02     0.10917491E-02
   5.5904331          389433.27         0.43555398E-02     0.11237477E-02     0.11238758E-02
   5.5967341          395124.61         0.44749517E-02     0.11568135E-02     0.11569479E-02
   5.6030351          400899.13         0.45976148E-02     0.11908523E-02     0.11909932E-02
   5.6093361          406758.03         0.47236170E-02     0.12258926E-02     0.12260405E-02
   5.6156372          412702.57         0.48530483E-02     0.12619640E-02     0.12621191E-02
   5.6219382          418733.98         0.49860013E-02     0.12990968E-02     0.12992596E-02
   5.6282392          424853.53         0.51225710E-02     0.13373222E-02     0.13374930E-02
   5.6345403          431062.52         0.52628550E-02     0.13766724E-02     0.13768515E-02
   5.6408413          437362.25         0.54069533E-02     0.14171804E-02     0.14173684E-02
   5.6471423          443754.04         0.55549688E-02     0.14588804E-02     0.14590775E-02
   5.6534434          450239.25         0.57070072E-02     0.15018073E-02     0.15020142E-02
   5.6597444          456819.23         0.58631766E-02     0.15459974E-02     0.15462144E-02
   5.6660454          463495.38         0.60235885E-02     0.15914877E-02     0.15917153E-02
   5.6723464          470269.10         0.61883629E-02     0.16383073E-02     0.16385584E-02
   5.6786475          477141.81         0.63575994E-02     0.16865232E-02     0.16867737E-02
   5.6849485          484114.96         0.65314361E-02     0.17361484E-02     0.17364112E-02
   5.6912495          491190.02         0.67099907E-02     0.17872337E-02     0.17875093E-02
   5.6975506          498368.47         0.68933900E-02     0.18398221E-02     0.18401113E-02
   5.7038516          505651.84         0.70817645E-02     0.18939579E-02     0.18942612E-02
   5.7101526          513041.65         0.72752476E-02     0.19496865E-02     0.19500047E-02
   5.7164537          520539.45         0.74739769E-02     0.20070549E-02     0.20073886E-02
   5.7227547          528146.83         0.76781006E-02     0.20660996E-02     0.20664652E-02
   5.7290557          535865.39         0.78877409E-02     0.21269052E-02     0.21272723E-02
   5.7353567          543696.75         0.81030689E-02     0.21894879E-02     0.21898730E-02
   5.7416578          551642.57         0.83242295E-02     0.22539120E-02     0.22543158E-02
   5.7479588          559704.50         0.85513792E-02     0.23202316E-02     0.23206551E-02
   5.7542598          567884.26         0.87846786E-02     0.23885025E-02     0.23889467E-02
   5.7605609          576183.56         0.90242926E-02     0.24587821E-02     0.24592480E-02
   5.7668619          584604.14         0.92703906E-02     0.25311295E-02     0.25316181E-02
   5.7731629          593147.79         0.95231463E-02     0.26056055E-02     0.26061179E-02
   5.7794640          601816.31         0.97827380E-02     0.26822727E-02     0.26828101E-02
   5.7857650          610611.50         0.10049349E-01     0.27611957E-02     0.27617592E-02
   5.7920660          619535.23         0.10323167E-01     0.28424407E-02     0.28430317E-02
   5.7983670          628589.38         0.10604385E-01     0.29260760E-02     0.29266958E-02
   5.8046681          637775.85         0.10893200E-01     0.30121720E-02     0.30128219E-02
   5.8109691          647096.57         0.11189817E-01     0.31008011E-02     0.31014826E-02
   5.8172701          656553.51         0.11494456E-01     0.31920198E-02     0.31927584E-02
   5.8235712          666148.66         0.11807295E-01     0.32859586E-02     0.32867080E-02
   5.8298722          675884.04         0.12128589E-01     0.33826427E-02     0.33834285E-02
   5.8361732          685761.69         0.12458553E-01     0.34821713E-02     0.34829952E-02
   5.8424743          695783.70         0.12797417E-01     0.35846281E-02     0.35854920E-02
   5.8487753          705952.17         0.13145420E-01     0.36900991E-02     0.36910049E-02
   5.8550763          716269.26         0.13502805E-01     0.37986731E-02     0.37996229E-02
   5.8613773          726737.11         0.13869836E-01     0.39104193E-02     0.39114446E-02
   5.8676784          737357.96         0.14246729E-01     0.40254977E-02     0.40265418E-02
   5.8739794          748134.01         0.14633789E-01     0.41439390E-02     0.41450336E-02
   5.8802804          759067.56         0.15031273E-01     0.42658646E-02     0.42670123E-02
   5.8865815          770160.89         0.15439459E-01     0.43913772E-02     0.43925804E-02
   5.8928825          781416.34         0.15858631E-01     0.45205822E-02     0.45218436E-02
   5.8991835          792836.29         0.16289081E-01     0.46535882E-02     0.46549106E-02
   5.9054846          804423.13         0.16731112E-01     0.47905070E-02     0.47918933E-02
   5.9117856          816179.31         0.17185029E-01     0.49314537E-02     0.49329070E-02
   5.9180866          828107.29         0.17651150E-01     0.50765466E-02     0.50780701E-02
   5.9243876          840209.60         0.18129799E-01     0.52259079E-02     0.52275049E-02
   5.9306887          852488.78         0.18621309E-01     0.53796629E-02     0.53813370E-02
   5.9369897          864947.40         0.19126022E-01     0.55379408E-02     0.55396957E-02
   5.9432907          877588.11         0.19644309E-01     0.57008427E-02     0.57027252E-02
   5.9495918          890413.55         0.20176468E-01     0.58686017E-02     0.58705299E-02
   5.9558928          903426.43         0.20722930E-01     0.60412625E-02     0.60432835E-02
   5.9621938          916629.48         0.21284053E-01     0.62190022E-02     0.62211206E-02
   5.9684949          930025.49         0.21860227E-01     0.64019703E-02     0.64041906E-02
   5.9747959          943617.27         0.22451851E-01     0.65903203E-02     0.65926474E-02
   5.9810969          957407.69         0.23059333E-01     0.67842107E-02     0.67866497E-02
   5.9873979          971399.64         0.23683095E-01     0.69838042E-02     0.69863605E-02
   5.9936990          985596.09         0.24323567E-01     0.71892687E-02     0.71919477E-02
   6.0000000          1000000.0         0.24981191E-01     0.74007767E-02     0.74035843E-02
