 =====================================================
  PSCAD LINE CONSTANTS PROGRAM OUTPUT FILE (*.out)

  NOTE: This file is auto-generated.  Any manual
        changes will be lost once the Line Constants
        Program is re-run.
 =====================================================

  Display Format: M,N denotes a complex number M + jN



 -----------------------------------------------------
  LOAD FLOW RXB FORMATTED DATA @       50.00 Hz:
 -----------------------------------------------------

  Base of Per-Unit Quantities :  66.00 kV (L-L)  ,100.00 MVA
  NOTE: Base values could be changed using Additional Options Component
      
   Positive Sequence (Long-Line Corrected)
   ................. 

   Resistance      Rsq   [pu]:       0.928704843E-01
   Reactance       Xsq   [pu]:       0.425730845    
   Susceptance     Bsq   [pu]:       0.374535780    
   Surge Impedance Zcsq  [pu]:        1.06615636    
      
   Zero Sequence (Long-Line Corrected)
   ............. 

   Resistance      Rsq   [pu]:       0.251752231    
   Reactance       Xsq   [pu]:        2.72074177    
   Susceptance     Bsq   [pu]:       0.413177111    
   Surge Impedance Zcsq  [pu]:        2.56611157    
      
   Positive Sequence 
   ................. 

   Resistance      Rsq   [pu]:       0.980848177E-01
   Reactance       Xsq   [pu]:       0.436807997    
   Susceptance     Bsq   [pu]:       0.369488995    
   Surge Impedance Zcsq  [pu]:        1.08728785    
      
   Zero Sequence 
   ............. 

   Resistance      Rsq   [pu]:       0.404672334    
   Reactance       Xsq   [pu]:        3.36925039    
   Susceptance     Bsq   [pu]:       0.369488995    
   Surge Impedance Zcsq  [pu]:        3.01971454    
      
 
 
 -----------------------------------------------------
  PHASE DOMAIN DATA @      50.000 Hz:
 -----------------------------------------------------

 SERIES IMPEDANCE MATRIX (Z) [ohms/m]: 
    0.969031895E-04,0.684549622E-03   0.494546672E-04,0.473108677E-03   0.494546672E-04,0.473108677E-03
    0.494546672E-04,0.473108677E-03   0.969521618E-04,0.684498855E-03   0.494790234E-04,0.473084765E-03
    0.494546672E-04,0.473108677E-03   0.494790234E-04,0.473084765E-03   0.969521618E-04,0.684498855E-03

 SHUNT ADMITTANCE MATRIX (Y) [mhos/m]: 
    0.000000000E+00,0.942477796E-07   0.000000000E+00,0.000000000E+00   0.000000000E+00,0.000000000E+00
    0.000000000E+00,0.000000000E+00   0.000000000E+00,0.942477796E-07   0.000000000E+00,0.000000000E+00
    0.000000000E+00,0.000000000E+00   0.000000000E+00,0.000000000E+00   0.000000000E+00,0.942477796E-07

 LONG-LINE CORRECTED SERIES IMPEDANCE MATRIX [ohms]: 
    0.635002682E+01,0.518706990E+02   0.230637356E+01,0.333240930E+02   0.230637356E+01,0.333240930E+02
    0.230637356E+01,0.333240930E+02   0.635358851E+01,0.518672418E+02   0.230814179E+01,0.333224897E+02
    0.230637356E+01,0.333240930E+02   0.230814179E+01,0.333224897E+02   0.635358851E+01,0.518672418E+02

 LONG-LINE CORRECTED SHUNT ADMITTANCE MATRIX [mhos]: 
    0.635993099E-04,0.889387428E-02   0.371496487E-04,0.295699425E-03   0.371496487E-04,0.295699425E-03
    0.371496487E-04,0.295699425E-03   0.636293255E-04,0.889384191E-02   0.371645901E-04,0.295684061E-03
    0.371496487E-04,0.295699425E-03   0.371645901E-04,0.295684061E-03   0.636293255E-04,0.889384191E-02

 -----------------------------------------------------
  SEQUENCE COMPONENT DATA @       50.00 Hz:
 -----------------------------------------------------

 SEQUENCE TRANSFORM MATRIX: 
    0.577350269E+00,0.000000000E+00   0.577350269E+00,0.000000000E+00   0.577350269E+00,0.000000000E+00
    0.577350269E+00,0.000000000E+00   -.288675135E+00,-.500000000E+00   -.288675135E+00,0.500000000E+00
    0.577350269E+00,0.000000000E+00   -.288675135E+00,0.500000000E+00   -.288675135E+00,-.500000000E+00

 SEQUENCE IMPEDANCE MATRIX (Zsq) [ohms/m]: 
    0.195861410E-03,0.163071719E-02   -.244428253E-07,0.248928579E-07   -.244428253E-07,0.248928579E-07
    -.244428253E-07,0.248928579E-07   0.474730518E-04,0.211415070E-03   -.865949555E-10,0.981002567E-09
    -.244428253E-07,0.248928579E-07   -.865949555E-10,0.981002567E-09   0.474730518E-04,0.211415070E-03

 SEQUENCE ADMITTANCE MATRIX (Ysq) [mhos/m]: 
    0.000000000E+00,0.942477796E-07   0.000000000E+00,0.000000000E+00   0.000000000E+00,0.000000000E+00
    0.000000000E+00,0.000000000E+00   0.000000000E+00,0.942477796E-07   0.000000000E+00,0.000000000E+00
    0.000000000E+00,0.000000000E+00   0.000000000E+00,0.000000000E+00   0.000000000E+00,0.942477796E-07

 -----------------------------------------------------
  MINIMUM TIME DELAY AND RECOMMENDED TIME STEP
 -----------------------------------------------------
   
   Minimum Time Delay for the Line    [ms]:     1.230589705
   Recommended Time Step for the Line [ms]:     0.123058971
   
