   LOG10(FN) FN  Arguments: Lamda11, Lamda22 ... [deg]
 -0.30103000         0.50000000          117.02721    
 -0.29472897         0.50730721          117.34173    
 -0.28842794         0.51472121          117.65857    
 -0.28212691         0.52224356          117.97768    
 -0.27582588         0.52987585          118.29906    
 -0.26952485         0.53761968          118.62266    
 -0.26322382         0.54547667          118.94846    
 -0.25692279         0.55344850          119.27643    
 -0.25062176         0.56153683          119.60654    
 -0.24432073         0.56974336          119.93874    
 -0.23801970         0.57806983          120.27301    
 -0.23171867         0.58651799          120.60931    
 -0.22541764         0.59508961          120.94761    
 -0.21911661         0.60378649          121.28785    
 -0.21281558         0.61261048          121.63000    
 -0.20651455         0.62156343          121.97403    
 -0.20021352         0.63064722          122.31987    
 -0.19391249         0.63986376          122.66750    
 -0.18761146         0.64921500          123.01686    
 -0.18131043         0.65870290          123.36791    
 -0.17500940         0.66832946          123.72059    
 -0.16870837         0.67809671          124.07486    
 -0.16240734         0.68800669          124.43066    
 -0.15610631         0.69806151          124.78795    
 -0.14980528         0.70826328          125.14666    
 -0.14350425         0.71861413          125.50675    
 -0.13720322         0.72911626          125.86815    
 -0.13090219         0.73977187          126.23081    
 -0.12460116         0.75058321          126.59468    
 -0.11830013         0.76155255          126.95968    
 -0.11199910         0.77268219          127.32577    
 -0.10569807         0.78397450          127.69287    
 -0.99397036E-01     0.79543183          128.06094    
 -0.93096006E-01     0.80705660          128.42990    
 -0.86794976E-01     0.81885126          128.79968    
 -0.80493946E-01     0.83081830          129.17024    
 -0.74192916E-01     0.84296023          129.54149    
 -0.67891886E-01     0.85527960          129.91338    
 -0.61590856E-01     0.86777902          130.28584    
 -0.55289826E-01     0.88046110          130.65880    
 -0.48988796E-01     0.89332853          131.03220    
 -0.42687766E-01     0.90638401          131.40596    
 -0.36386736E-01     0.91963028          131.78002    
 -0.30085706E-01     0.93307015          132.15431    
 -0.23784676E-01     0.94670642          132.52876    
 -0.17483646E-01     0.96054199          132.90330    
 -0.11182616E-01     0.97457975          133.27787    
 -0.48815859E-02     0.98882267          133.65239    
  0.14194441E-02      1.0032737          134.02680    
  0.77204741E-02      1.0179360          134.40103    
  0.14021504E-01      1.0328125          134.77500    
  0.20322534E-01      1.0479065          135.14865    
  0.26623564E-01      1.0632210          135.52192    
  0.32924594E-01      1.0787594          135.89473    
  0.39225624E-01      1.0945248          136.26702    
  0.45526654E-01      1.1105207          136.63871    
  0.51827684E-01      1.1267503          137.00975    
  0.58128714E-01      1.1432171          137.38007    
  0.64429744E-01      1.1599246          137.74960    
  0.70730774E-01      1.1768762          138.11828    
  0.77031804E-01      1.1940755          138.48605    
  0.83332834E-01      1.2115263          138.85283    
  0.89633864E-01      1.2292320          139.21858    
  0.95934894E-01      1.2471965          139.58322    
  0.10223592          1.2654236          139.94670    
  0.10853695          1.2839170          140.30896    
  0.11483798          1.3026807          140.66994    
  0.12113901          1.3217186          141.02959    
  0.12744004          1.3410348          141.38784    
  0.13374107          1.3606332          141.74464    
  0.14004210          1.3805181          142.09994    
  0.14634313          1.4006936          142.45369    
  0.15264416          1.4211639          142.80583    
  0.15894519          1.4419334          143.15631    
  0.16524622          1.4630064          143.50509    
  0.17154725          1.4843874          143.85212    
  0.17784828          1.5060808          144.19735    
  0.18414931          1.5280913          144.54074    
  0.19045034          1.5504235          144.88223    
  0.19675137          1.5730820          145.22180    
  0.20305240          1.5960717          145.55940    
  0.20935343          1.6193974          145.89499    
  0.21565446          1.6430639          146.22853    
  0.22195549          1.6670764          146.55999    
  0.22825652          1.6914397          146.88933    
  0.23455755          1.7161591          147.21652    
  0.24085858          1.7412398          147.54152    
  0.24715961          1.7666870          147.86430    
  0.25346064          1.7925061          148.18484    
  0.25976167          1.8187025          148.50311    
  0.26606270          1.8452818          148.81907    
  0.27236373          1.8722495          149.13271    
  0.27866476          1.8996114          149.44400    
  0.28496579          1.9273731          149.75292    
  0.29126682          1.9555405          150.05945    
  0.29756785          1.9841196          150.36356    
  0.30386888          2.0131164          150.66524    
  0.31016991          2.0425369          150.96447    
  0.31647094          2.0723874          151.26124    
  0.32277197          2.1026741          151.55552    
  0.32907300          2.1334035          151.84732    
  0.33537403          2.1645820          152.13660    
  0.34167506          2.1962161          152.42337    
  0.34797609          2.2283125          152.70762    
  0.35427712          2.2608780          152.98933    
  0.36057815          2.2939194          153.26849    
  0.36687918          2.3274437          153.54511    
  0.37318021          2.3614579          153.81917    
  0.37948124          2.3959693          154.09067    
  0.38578227          2.4309850          154.35962    
  0.39208330          2.4665124          154.62599    
  0.39838433          2.5025591          154.88980    
  0.40468536          2.5391325          155.15105    
  0.41098639          2.5762404          155.40972    
  0.41728742          2.6138907          155.66584    
  0.42358845          2.6520912          155.91939    
  0.42988948          2.6908500          156.17039    
  0.43619051          2.7301752          156.41882    
  0.44249154          2.7700751          156.66471    
  0.44879257          2.8105581          156.90806    
  0.45509360          2.8516328          157.14887    
  0.46139463          2.8933078          157.38714    
  0.46769566          2.9355918          157.62290    
  0.47399669          2.9784938          157.85614    
  0.48029772          3.0220227          158.08687    
  0.48659875          3.0661878          158.31511    
  0.49289978          3.1109984          158.54086    
  0.49920081          3.1564638          158.76413    
  0.50550184          3.2025937          158.98495    
  0.51180287          3.2493977          159.20331    
  0.51810390          3.2968858          159.41923    
  0.52440493          3.3450679          159.63272    
  0.53070596          3.3939541          159.84381    
  0.53700699          3.4435548          160.05249    
  0.54330802          3.4938803          160.25879    
  0.54960905          3.5449413          160.46271    
  0.55591008          3.5967486          160.66428    
  0.56221111          3.6493130          160.86351    
  0.56851214          3.7026456          161.06042    
  0.57481317          3.7567576          161.25501    
  0.58111420          3.8116604          161.44731    
  0.58741523          3.8673656          161.63734    
  0.59371626          3.9238849          161.82511    
  0.60001729          3.9812302          162.01063    
  0.60631832          4.0394136          162.19393    
  0.61261935          4.0984473          162.37501    
  0.61892038          4.1583437          162.55391    
  0.62522141          4.2191155          162.73064    
  0.63152244          4.2807754          162.90521    
  0.63782347          4.3433365          163.07764    
  0.64412450          4.4068118          163.24795    
  0.65042553          4.4712148          163.41616    
  0.65672656          4.5365590          163.58229    
  0.66302759          4.6028582          163.74636    
  0.66932862          4.6701263          163.90837    
  0.67562965          4.7383775          164.06837    
  0.68193068          4.8076261          164.22635    
  0.68823171          4.8778868          164.38235    
  0.69453274          4.9491742          164.53637    
  0.70083377          5.0215035          164.68844    
  0.70713480          5.0948899          164.83858    
  0.71343583          5.1693488          164.98681    
  0.71973686          5.2448958          165.13314    
  0.72603789          5.3215469          165.27759    
  0.73233892          5.3993182          165.42019    
  0.73863995          5.4782261          165.56094    
  0.74494098          5.5582872          165.69988    
  0.75124201          5.6395183          165.83701    
  0.75754304          5.7219366          165.97236    
  0.76384407          5.8055594          166.10595    
  0.77014510          5.8904043          166.23779    
  0.77644613          5.9764891          166.36790    
  0.78274716          6.0638320          166.49631    
  0.78904819          6.1524514          166.62302    
  0.79534922          6.2423659          166.74806    
  0.80165025          6.3335945          166.87145    
  0.80795128          6.4261563          166.99320    
  0.81425231          6.5200708          167.11333    
  0.82055334          6.6153579          167.23186    
  0.82685437          6.7120375          167.34881    
  0.83315540          6.8101300          167.46419    
  0.83945643          6.9096561          167.57802    
  0.84575746          7.0106367          167.69033    
  0.85205849          7.1130931          167.80112    
  0.85835952          7.2170468          167.91042    
  0.86466055          7.3225198          168.01824    
  0.87096158          7.4295342          168.12459    
  0.87726261          7.5381125          168.22951    
  0.88356364          7.6482776          168.33299    
  0.88986467          7.7600528          168.43506    
  0.89616570          7.8734614          168.53574    
  0.90246673          7.9885275          168.63504    
  0.90876776          8.1052752          168.73297    
  0.91506879          8.2237291          168.82956    
  0.92136982          8.3439141          168.92482    
  0.92767085          8.4658555          169.01876    
  0.93397188          8.5895791          169.11141    
  0.94027291          8.7151108          169.20277    
  0.94657394          8.8424771          169.29286    
  0.95287497          8.9717048          169.38169    
  0.95917600          9.1028210          169.46929    
  0.96547703          9.2358535          169.55567    
  0.97177806          9.3708301          169.64083    
  0.97807909          9.5077793          169.72480    
  0.98438012          9.6467300          169.80759    
  0.99068115          9.7877114          169.88922    
  0.99698218          9.9307531          169.96969    
   1.0032832          10.075885          170.04903    
   1.0095842          10.223138          170.12724    
   1.0158853          10.372544          170.20434    
   1.0221863          10.524132          170.28035    
   1.0284873          10.677936          170.35527    
   1.0347884          10.833988          170.42912    
   1.0410894          10.992321          170.50192    
   1.0473904          11.152967          170.57367    
   1.0536915          11.315961          170.64439    
   1.0599925          11.481337          170.71409    
   1.0662935          11.649131          170.78279    
   1.0725945          11.819376          170.85049    
   1.0788956          11.992109          170.91722    
   1.0851966          12.167367          170.98297    
   1.0914976          12.345186          171.04777    
   1.0977987          12.525604          171.11162    
   1.1040997          12.708658          171.17453    
   1.1104007          12.894388          171.23653    
   1.1167018          13.082832          171.29762    
   1.1230028          13.274030          171.35780    
   1.1293038          13.468022          171.41710    
   1.1356048          13.664849          171.47552    
   1.1419059          13.864553          171.53307    
   1.1482069          14.067175          171.58977    
   1.1545079          14.272759          171.64563    
   1.1608090          14.481347          171.70065    
   1.1671100          14.692984          171.75484    
   1.1734110          14.907713          171.80822    
   1.1797121          15.125581          171.86080    
   1.1860131          15.346632          171.91259    
   1.1923141          15.570914          171.96359    
   1.1986151          15.798474          172.01381    
   1.2049162          16.029360          172.06327    
   1.2112172          16.263619          172.11198    
   1.2175182          16.501303          172.15994    
   1.2238193          16.742460          172.20716    
   1.2301203          16.987141          172.25366    
   1.2364213          17.235398          172.29944    
   1.2427224          17.487284          172.34451    
   1.2490234          17.742850          172.38888    
   1.2553244          18.002152          172.43255    
   1.2616254          18.265243          172.47555    
   1.2679265          18.532178          172.51787    
   1.2742275          18.803015          172.55952    
   1.2805285          19.077811          172.60051    
   1.2868296          19.356622          172.64085    
   1.2931306          19.639508          172.68056    
   1.2994316          19.926528          172.71962    
   1.3057327          20.217742          172.75806    
   1.3120337          20.513213          172.79588    
   1.3183347          20.813001          172.83309    
   1.3246357          21.117171          172.86970    
   1.3309368          21.425787          172.90571    
   1.3372378          21.738912          172.94113    
   1.3435388          22.056614          172.97598    
   1.3498399          22.378958          173.01024    
   1.3561409          22.706014          173.04394    
   1.3624419          23.037849          173.07708    
   1.3687430          23.374534          173.10967    
   1.3750440          23.716139          173.14171    
   1.3813450          24.062736          173.17321    
   1.3876460          24.414399          173.20417    
   1.3939471          24.771202          173.23461    
   1.4002481          25.133218          173.26453    
   1.4065491          25.500526          173.29394    
   1.4128502          25.873201          173.32284    
   1.4191512          26.251323          173.35123    
   1.4254522          26.634971          173.37914    
   1.4317533          27.024225          173.40655    
   1.4380543          27.419169          173.43348    
   1.4443553          27.819884          173.45994    
   1.4506563          28.226455          173.48592    
   1.4569574          28.638969          173.51144    
   1.4632584          29.057510          173.53650    
   1.4695594          29.482169          173.56111    
   1.4758605          29.913034          173.58527    
   1.4821615          30.350196          173.60899    
   1.4884625          30.793746          173.63227    
   1.4947636          31.243779          173.65512    
   1.5010646          31.700388          173.67755    
   1.5073656          32.163671          173.69955    
   1.5136666          32.633725          173.72114    
   1.5199677          33.110647          173.74232    
   1.5262687          33.594540          173.76310    
   1.5325697          34.085505          173.78348    
   1.5388708          34.583645          173.80346    
   1.5451718          35.089065          173.82306    
   1.5514728          35.601871          173.84227    
   1.5577739          36.122172          173.86111    
   1.5640749          36.650076          173.87957    
   1.5703759          37.185696          173.89766    
   1.5766769          37.729143          173.91539    
   1.5829780          38.280533          173.93276    
   1.5892790          38.839980          173.94978    
   1.5955800          39.407604          173.96645    
   1.6018811          39.983523          173.98277    
   1.6081821          40.567859          173.99876    
   1.6144831          41.160735          174.01441    
   1.6207842          41.762275          174.02973    
   1.6270852          42.372607          174.04473    
   1.6333862          42.991858          174.05941    
   1.6396872          43.620159          174.07378    
   1.6459883          44.257642          174.08783    
   1.6522893          44.904442          174.10158    
   1.6585903          45.560694          174.11502    
   1.6648914          46.226537          174.12818    
   1.6711924          46.902111          174.14103    
   1.6774934          47.587558          174.15361    
   1.6837945          48.283023          174.16590    
   1.6900955          48.988651          174.17791    
   1.6963965          49.704592          174.18965    
   1.7026975          50.430996          174.20112    
   1.7089986          51.168015          174.21233    
   1.7152996          51.915806          174.22328    
   1.7216006          52.674526          174.23397    
   1.7279017          53.444333          174.24441    
   1.7342027          54.225391          174.25461    
   1.7405037          55.017864          174.26457    
   1.7468048          55.821918          174.27429    
   1.7531058          56.637723          174.28378    
   1.7594068          57.465450          174.29304    
   1.7657078          58.305274          174.30208    
   1.7720089          59.157372          174.31091    
   1.7783099          60.021923          174.31952    
   1.7846109          60.899108          174.32792    
   1.7909120          61.789113          174.33612    
   1.7972130          62.692125          174.34411    
   1.8035140          63.608334          174.35192    
   1.8098151          64.537933          174.35953    
   1.8161161          65.481118          174.36695    
   1.8224171          66.438086          174.37420    
   1.8287181          67.409040          174.38126    
   1.8350192          68.394184          174.38816    
   1.8413202          69.393725          174.39488    
   1.8476212          70.407874          174.40145    
   1.8539223          71.436845          174.40785    
   1.8602233          72.480853          174.41410    
   1.8665243          73.540118          174.42020    
   1.8728254          74.614864          174.42615    
   1.8791264          75.705317          174.43196    
   1.8854274          76.811706          174.43763    
   1.8917284          77.934265          174.44316    
   1.8980295          79.073229          174.44857    
   1.9043305          80.228838          174.45385    
   1.9106315          81.401336          174.45901    
   1.9169326          82.590969          174.46406    
   1.9232336          83.797988          174.46899    
   1.9295346          85.022647          174.47381    
   1.9358357          86.265204          174.47852    
   1.9421367          87.525920          174.48314    
   1.9484377          88.805060          174.48765    
   1.9547387          90.102895          174.49207    
   1.9610398          91.419696          174.49640    
   1.9673408          92.755742          174.50064    
   1.9736418          94.111313          174.50480    
   1.9799429          95.486695          174.50887    
   1.9862439          96.882178          174.51287    
   1.9925449          98.298055          174.51679    
   1.9988460          99.734624          174.52064    
   2.0051470          101.19219          174.52443    
   2.0114480          102.67105          174.52814    
   2.0177490          104.17153          174.53180    
   2.0240501          105.69394          174.53539    
   2.0303511          107.23859          174.53893    
   2.0366521          108.80582          174.54241    
   2.0429532          110.39596          174.54584    
   2.0492542          112.00933          174.54922    
   2.0555552          113.64628          174.55254    
   2.0618563          115.30715          174.55583    
   2.0681573          116.99230          174.55906    
   2.0744583          118.70208          174.56226    
   2.0807593          120.43684          174.56541    
   2.0870604          122.19695          174.56853    
   2.0933614          123.98279          174.57160    
   2.0996624          125.79473          174.57464    
   2.1059635          127.63314          174.57765    
   2.1122645          129.49843          174.58062    
   2.1185655          131.39097          174.58356    
   2.1248666          133.31117          174.58646    
   2.1311676          135.25944          174.58934    
   2.1374686          137.23618          174.59218    
   2.1437696          139.24180          174.59500    
   2.1500707          141.27674          174.59778    
   2.1563717          143.34142          174.60054    
   2.1626727          145.43627          174.60327    
   2.1689738          147.56174          174.60597    
   2.1752748          149.71827          174.60864    
   2.1815758          151.90631          174.61129    
   2.1878769          154.12634          174.61391    
   2.1941779          156.37880          174.61650    
   2.2004789          158.66419          174.61907    
   2.2067799          160.98297          174.62161    
   2.2130810          163.33565          174.62412    
   2.2193820          165.72270          174.62660    
   2.2256830          168.14464          174.62905    
   2.2319841          170.60198          174.63148    
   2.2382851          173.09523          174.63388    
   2.2445861          175.62491          174.63625    
   2.2508872          178.19157          174.63859    
   2.2571882          180.79574          174.64090    
   2.2634892          183.43796          174.64318    
   2.2697902          186.11880          174.64543    
   2.2760913          188.83882          174.64764    
   2.2823923          191.59859          174.64983    
   2.2886933          194.39869          174.65198    
   2.2949944          197.23971          174.65410    
   2.3012954          200.12226          174.65618    
   2.3075964          203.04693          174.65823    
   2.3138975          206.01434          174.66025    
   2.3201985          209.02512          174.66223    
   2.3264995          212.07990          174.66417    
   2.3328005          215.17933          174.66608    
   2.3391016          218.32405          174.66795    
   2.3454026          221.51473          174.66978    
   2.3517036          224.75203          174.67157    
   2.3580047          228.03666          174.67332    
   2.3643057          231.36928          174.67503    
   2.3706067          234.75061          174.67670    
   2.3769078          238.18135          174.67833    
   2.3832088          241.66223          174.67992    
   2.3895098          245.19399          174.68147    
   2.3958108          248.77735          174.68298    
   2.4021119          252.41309          174.68444    
   2.4084129          256.10196          174.68586    
   2.4147139          259.84474          174.68723    
   2.4210150          263.64222          174.68856    
   2.4273160          267.49520          174.68985    
   2.4336170          271.40449          174.69109    
   2.4399181          275.37091          174.69229    
   2.4462191          279.39529          174.69344    
   2.4525201          283.47849          174.69455    
   2.4588211          287.62136          174.69561    
   2.4651222          291.82478          174.69663    
   2.4714232          296.08963          174.69760    
   2.4777242          300.41681          174.69853    
   2.4840253          304.80723          174.69941    
   2.4903263          309.26181          174.70024    
   2.4966273          313.78149          174.70103    
   2.5029284          318.36723          174.70177    
   2.5092294          323.01998          174.70247    
   2.5155304          327.74073          174.70312    
   2.5218314          332.53047          174.70373    
   2.5281325          337.39021          174.70429    
   2.5344335          342.32097          174.70480    
   2.5407345          347.32379          174.70527    
   2.5470356          352.39973          174.70570    
   2.5533366          357.54984          174.70608    
   2.5596376          362.77523          174.70642    
   2.5659387          368.07698          174.70671    
   2.5722397          373.45621          174.70696    
   2.5785407          378.91405          174.70717    
   2.5848417          384.45166          174.70733    
   2.5911428          390.07020          174.70745    
   2.5974438          395.77085          174.70753    
   2.6037448          401.55481          174.70756    
   2.6100459          407.42330          174.70756    
   2.6163469          413.37756          174.70751    
   2.6226479          419.41883          174.70742    
   2.6289490          425.54839          174.70729    
   2.6352500          431.76753          174.70711    
   2.6415510          438.07756          174.70690    
   2.6478520          444.47981          174.70665    
   2.6541531          450.97563          174.70636    
   2.6604541          457.56638          174.70603    
   2.6667551          464.25344          174.70566    
   2.6730562          471.03824          174.70525    
   2.6793572          477.92219          174.70480    
   2.6856582          484.90674          174.70431    
   2.6919593          491.99337          174.70379    
   2.6982603          499.18357          174.70323    
   2.7045613          506.47885          174.70263    
   2.7108623          513.88074          174.70200    
   2.7171634          521.39081          174.70133    
   2.7234644          529.01063          174.70062    
   2.7297654          536.74182          174.69988    
   2.7360665          544.58599          174.69910    
   2.7423675          552.54480          174.69829    
   2.7486685          560.61992          174.69744    
   2.7549696          568.81305          174.69655    
   2.7612706          577.12592          174.69564    
   2.7675716          585.56028          174.69468    
   2.7738726          594.11791          174.69370    
   2.7801737          602.80059          174.69268    
   2.7864747          611.61018          174.69162    
   2.7927757          620.54850          174.69053    
   2.7990768          629.61746          174.68941    
   2.8053778          638.81895          174.68826    
   2.8116788          648.15492          174.68707    
   2.8179799          657.62733          174.68585    
   2.8242809          667.23817          174.68460    
   2.8305819          676.98947          174.68331    
   2.8368829          686.88328          174.68199    
   2.8431840          696.92168          174.68064    
   2.8494850          707.10678          174.67926    
   2.8557860          717.44074          174.67785    
   2.8620871          727.92572          174.67640    
   2.8683881          738.56393          174.67493    
   2.8746891          749.35761          174.67342    
   2.8809902          760.30904          174.67188    
   2.8872912          771.42051          174.67031    
   2.8935922          782.69437          174.66871    
   2.8998932          794.13300          174.66708    
   2.9061943          805.73879          174.66541    
   2.9124953          817.51419          174.66372    
   2.9187963          829.46169          174.66200    
   2.9250974          841.58379          174.66024    
   2.9313984          853.88305          174.65846    
   2.9376994          866.36205          174.65664    
   2.9440005          879.02343          174.65480    
   2.9503015          891.86985          174.65292    
   2.9566025          904.90401          174.65102    
   2.9629035          918.12866          174.64908    
   2.9692046          931.54657          174.64712    
   2.9755056          945.16058          174.64513    
   2.9818066          958.97356          174.64310    
   2.9881077          972.98840          174.64105    
   2.9944087          987.20806          174.63897    
   3.0007097          1001.6355          174.63686    
   3.0070108          1016.2739          174.63472    
   3.0133118          1031.1261          174.63255    
   3.0196128          1046.1954          174.63035    
   3.0259138          1061.4850          174.62813    
   3.0322149          1076.9979          174.62587    
   3.0385159          1092.7376          174.62359    
   3.0448169          1108.7074          174.62128    
   3.0511180          1124.9105          174.61894    
   3.0574190          1141.3504          174.61657    
   3.0637200          1158.0306          174.61417    
   3.0700211          1174.9545          174.61175    
   3.0763221          1192.1258          174.60929    
   3.0826231          1209.5480          174.60681    
   3.0889241          1227.2249          174.60431    
   3.0952252          1245.1600          174.60177    
   3.1015262          1263.3573          174.59920    
   3.1078272          1281.8206          174.59661    
   3.1141283          1300.5536          174.59399    
   3.1204293          1319.5605          174.59135    
   3.1267303          1338.8451          174.58867    
   3.1330314          1358.4115          174.58597    
   3.1393324          1378.2639          174.58324    
   3.1456334          1398.4064          174.58048    
   3.1519344          1418.8433          174.57770    
   3.1582355          1439.5789          174.57489    
   3.1645365          1460.6175          174.57205    
   3.1708375          1481.9636          174.56919    
   3.1771386          1503.6216          174.56630    
   3.1834396          1525.5962          174.56338    
   3.1897406          1547.8919          174.56043    
   3.1960417          1570.5134          174.55746    
   3.2023427          1593.4656          174.55446    
   3.2086437          1616.7531          174.55144    
   3.2149447          1640.3810          174.54839    
   3.2212458          1664.3543          174.54531    
   3.2275468          1688.6778          174.54220    
   3.2338478          1713.3569          174.53907    
   3.2401489          1738.3966          174.53591    
   3.2464499          1763.8022          174.53273    
   3.2527509          1789.5792          174.52952    
   3.2590520          1815.7329          174.52628    
   3.2653530          1842.2687          174.52302    
   3.2716540          1869.1924          174.51973    
   3.2779550          1896.5096          174.51642    
   3.2842561          1924.2260          174.51308    
   3.2905571          1952.3474          174.50971    
   3.2968581          1980.8798          174.50632    
   3.3031592          2009.8292          174.50290    
   3.3094602          2039.2017          174.49946    
   3.3157612          2069.0035          174.49598    
   3.3220623          2099.2408          174.49249    
   3.3283633          2129.9200          174.48897    
   3.3346643          2161.0475          174.48542    
   3.3409653          2192.6299          174.48185    
   3.3472664          2224.6740          174.47825    
   3.3535674          2257.1863          174.47462    
   3.3598684          2290.1737          174.47097    
   3.3661695          2323.6433          174.46729    
   3.3724705          2357.6020          174.46359    
   3.3787715          2392.0570          174.45987    
   3.3850726          2427.0155          174.45611    
   3.3913736          2462.4849          174.45233    
   3.3976746          2498.4727          174.44853    
   3.4039756          2534.9864          174.44470    
   3.4102767          2572.0338          174.44085    
   3.4165777          2609.6226          174.43697    
   3.4228787          2647.7607          174.43306    
   3.4291798          2686.4562          174.42913    
   3.4354808          2725.7172          174.42517    
   3.4417818          2765.5520          174.42119    
   3.4480829          2805.9689          174.41719    
   3.4543839          2846.9765          174.41315    
   3.4606849          2888.5834          174.40910    
   3.4669859          2930.7984          174.40501    
   3.4732870          2973.6303          174.40090    
   3.4795880          3017.0882          174.39677    
   3.4858890          3061.1812          174.39261    
   3.4921901          3105.9185          174.38843    
   3.4984911          3151.3097          174.38422    
   3.5047921          3197.3643          174.37998    
   3.5110932          3244.0919          174.37572    
   3.5173942          3291.5024          174.37144    
   3.5236952          3339.6058          174.36713    
   3.5299962          3388.4122          174.36279    
   3.5362973          3437.9319          174.35843    
   3.5425983          3488.1753          174.35405    
   3.5488993          3539.1529          174.34963    
   3.5552004          3590.8756          174.34520    
   3.5615014          3643.3542          174.34074    
   3.5678024          3696.5997          174.33625    
   3.5741035          3750.6233          174.33174    
   3.5804045          3805.4365          174.32720    
   3.5867055          3861.0508          174.32264    
   3.5930065          3917.4778          174.31805    
   3.5993076          3974.7294          174.31344    
   3.6056086          4032.8178          174.30880    
   3.6119096          4091.7551          174.30413    
   3.6182107          4151.5537          174.29944    
   3.6245117          4212.2263          174.29473    
   3.6308127          4273.7855          174.28999    
   3.6371138          4336.2444          174.28522    
   3.6434148          4399.6161          174.28043    
   3.6497158          4463.9139          174.27562    
   3.6560168          4529.1514          174.27078    
   3.6623179          4595.3424          174.26591    
   3.6686189          4662.5006          174.26102    
   3.6749199          4730.6403          174.25610    
   3.6812210          4799.7759          174.25116    
   3.6875220          4869.9218          174.24619    
   3.6938230          4941.0929          174.24119    
   3.7001241          5013.3041          174.23617    
   3.7064251          5086.5707          174.23113    
   3.7127261          5160.9079          174.22606    
   3.7190271          5236.3316          174.22096    
   3.7253282          5312.8575          174.21584    
   3.7316292          5390.5019          174.21069    
   3.7379302          5469.2809          174.20552    
   3.7442313          5549.2113          174.20032    
   3.7505323          5630.3098          174.19509    
   3.7568333          5712.5935          174.18984    
   3.7631344          5796.0797          174.18456    
   3.7694354          5880.7861          174.17926    
   3.7757364          5966.7303          174.17393    
   3.7820374          6053.9306          174.16857    
   3.7883385          6142.4053          174.16319    
   3.7946395          6232.1730          174.15778    
   3.8009405          6323.2526          174.15235    
   3.8072416          6415.6633          174.14689    
   3.8135426          6509.4245          174.14140    
   3.8198436          6604.5559          174.13589    
   3.8261447          6701.0777          174.13035    
   3.8324457          6799.0100          174.12479    
   3.8387467          6898.3736          174.11919    
   3.8450477          6999.1893          174.11358    
   3.8513488          7101.4784          174.10793    
   3.8576498          7205.2624          174.10226    
   3.8639508          7310.5631          174.09656    
   3.8702519          7417.4028          174.09083    
   3.8765529          7525.8038          174.08508    
   3.8828539          7635.7890          174.07930    
   3.8891550          7747.3817          174.07350    
   3.8954560          7860.6051          174.06766    
   3.9017570          7975.4833          174.06180    
   3.9080580          8092.0404          174.05591    
   3.9143591          8210.3009          174.05000    
   3.9206601          8330.2896          174.04406    
   3.9269611          8452.0320          174.03809    
   3.9332622          8575.5535          174.03209    
   3.9395632          8700.8802          174.02607    
   3.9458642          8828.0386          174.02001    
   3.9521653          8957.0552          174.01393    
   3.9584663          9087.9574          174.00783    
   3.9647673          9220.7726          174.00169    
   3.9710683          9355.5288          173.99553    
   3.9773694          9492.2544          173.98933    
   3.9836704          9630.9782          173.98311    
   3.9899714          9771.7294          173.97687    
   3.9962725          9914.5375          173.97059    
   4.0025735          10059.433          173.96429    
   4.0088745          10206.446          173.95795    
   4.0151756          10355.607          173.95159    
   4.0214766          10506.948          173.94520    
   4.0277776          10660.501          173.93878    
   4.0340786          10816.298          173.93233    
   4.0403797          10974.372          173.92586    
   4.0466807          11134.756          173.91935    
   4.0529817          11297.484          173.91282    
   4.0592828          11462.590          173.90625    
   4.0655838          11630.109          173.89966    
   4.0718848          11800.076          173.89304    
   4.0781859          11972.528          173.88639    
   4.0844869          12147.499          173.87970    
   4.0907879          12325.028          173.87299    
   4.0970889          12505.151          173.86625    
   4.1033900          12687.907          173.85948    
   4.1096910          12873.333          173.85268    
   4.1159920          13061.469          173.84585    
   4.1222931          13252.355          173.83899    
   4.1285941          13446.030          173.83210    
   4.1348951          13642.536          173.82518    
   4.1411962          13841.914          173.81822    
   4.1474972          14044.206          173.81124    
   4.1537982          14249.454          173.80423    
   4.1600992          14457.701          173.79719    
   4.1664003          14668.992          173.79011    
   4.1727013          14883.371          173.78300    
   4.1790023          15100.883          173.77587    
   4.1853034          15321.573          173.76870    
   4.1916044          15545.489          173.76150    
   4.1979054          15772.677          173.75427    
   4.2042065          16003.186          173.74701    
   4.2105075          16237.063          173.73972    
   4.2168085          16474.358          173.73239    
   4.2231095          16715.122          173.72503    
   4.2294106          16959.403          173.71764    
   4.2357116          17207.255          173.71022    
   4.2420126          17458.729          173.70277    
   4.2483137          17713.878          173.69529    
   4.2546147          17972.757          173.68777    
   4.2609157          18235.418          173.68022    
   4.2672168          18501.918          173.67264    
   4.2735178          18772.313          173.66502    
   4.2798188          19046.659          173.65737    
   4.2861198          19325.015          173.64969    
   4.2924209          19607.439          173.64198    
   4.2987219          19893.990          173.63423    
   4.3050229          20184.729          173.62645    
   4.3113240          20479.717          173.61864    
   4.3176250          20779.017          173.61079    
   4.3239260          21082.690          173.60291    
   4.3302271          21390.801          173.59499    
   4.3365281          21703.415          173.58705    
   4.3428291          22020.598          173.57906    
   4.3491301          22342.416          173.57105    
   4.3554312          22668.938          173.56300    
   4.3617322          23000.231          173.55491    
   4.3680332          23336.366          173.54679    
   4.3743343          23677.414          173.53864    
   4.3806353          24023.445          173.53045    
   4.3869363          24374.534          173.52223    
   4.3932374          24730.754          173.51397    
   4.3995384          25092.179          173.50568    
   4.4058394          25458.887          173.49735    
   4.4121404          25830.954          173.48899    
   4.4184415          26208.458          173.48059    
   4.4247425          26591.479          173.47216    
   4.4310435          26980.099          173.46369    
   4.4373446          27374.397          173.45518    
   4.4436456          27774.458          173.44664    
   4.4499466          28180.365          173.43807    
   4.4562477          28592.205          173.42945    
   4.4625487          29010.064          173.42081    
   4.4688497          29434.029          173.41212    
   4.4751507          29864.190          173.40340    
   4.4814518          30300.638          173.39464    
   4.4877528          30743.464          173.38585    
   4.4940538          31192.762          173.37702    
   4.5003549          31648.626          173.36815    
   4.5066559          32111.152          173.35924    
   4.5129569          32580.438          173.35030    
   4.5192580          33056.582          173.34132    
   4.5255590          33539.685          173.33230    
   4.5318600          34029.848          173.32325    
   4.5381610          34527.175          173.31416    
   4.5444621          35031.769          173.30503    
   4.5507631          35543.738          173.29586    
   4.5570641          36063.189          173.28666    
   4.5633652          36590.232          173.27741    
   4.5696662          37124.977          173.26813    
   4.5759672          37667.537          173.25881    
   4.5822683          38218.026          173.24945    
   4.5885693          38776.560          173.24005    
   4.5948703          39343.257          173.23062    
   4.6011713          39918.236          173.22114    
   4.6074724          40501.618          173.21163    
   4.6137734          41093.525          173.20208    
   4.6200744          41694.083          173.19249    
   4.6263755          42303.418          173.18285    
   4.6326765          42921.658          173.17318    
   4.6389775          43548.933          173.16347    
   4.6452786          44185.376          173.15372    
   4.6515796          44831.119          173.14393    
   4.6578806          45486.300          173.13410    
   4.6641816          46151.056          173.12423    
   4.6704827          46825.527          173.11432    
   4.6767837          47509.855          173.10437    
   4.6830847          48204.183          173.09438    
   4.6893858          48908.660          173.08435    
   4.6956868          49623.431          173.07428    
   4.7019878          50348.649          173.06416    
   4.7082889          51084.465          173.05401    
   4.7145899          51831.035          173.04381    
   4.7208909          52588.515          173.03358    
   4.7271919          53357.066          173.02330    
   4.7334930          54136.849          173.01298    
   4.7397940          54928.027          173.00262    
   4.7460950          55730.768          172.99222    
   4.7523961          56545.241          172.98177    
   4.7586971          57371.617          172.97129    
   4.7649981          58210.070          172.96076    
   4.7712992          59060.776          172.95019    
   4.7776002          59923.915          172.93957    
   4.7839012          60799.668          172.92892    
   4.7902022          61688.220          172.91822    
   4.7965033          62589.758          172.90748    
   4.8028043          63504.471          172.89670    
   4.8091053          64432.552          172.88587    
   4.8154064          65374.196          172.87500    
   4.8217074          66329.602          172.86409    
   4.8280084          67298.971          172.85313    
   4.8343095          68282.506          172.84213    
   4.8406105          69280.415          172.83109    
   4.8469115          70292.908          172.82001    
   4.8532125          71320.198          172.80888    
   4.8595136          72362.501          172.79770    
   4.8658146          73420.037          172.78649    
   4.8721156          74493.028          172.77522    
   4.8784167          75581.701          172.76392    
   4.8847177          76686.283          172.75257    
   4.8910187          77807.009          172.74118    
   4.8973198          78944.113          172.72974    
   4.9036208          80097.836          172.71825    
   4.9099218          81268.419          172.70673    
   4.9162228          82456.110          172.69515    
   4.9225239          83661.158          172.68354    
   4.9288249          84883.817          172.67187    
   4.9351259          86124.345          172.66017    
   4.9414270          87383.002          172.64841    
   4.9477280          88660.054          172.63662    
   4.9540290          89955.769          172.62477    
   4.9603301          91270.420          172.61289    
   4.9666311          92604.285          172.60095    
   4.9729321          93957.642          172.58897    
   4.9792331          95330.779          172.57695    
   4.9855342          96723.983          172.56487    
   4.9918352          98137.548          172.55276    
   4.9981362          99571.771          172.54059    
   5.0044373          101026.95          172.52839    
   5.0107383          102503.40          172.51613    
   5.0170393          104001.43          172.50383    
   5.0233404          105521.35          172.49148    
   5.0296414          107063.49          172.47909    
   5.0359424          108628.16          172.46665    
   5.0422434          110215.69          172.45416    
   5.0485445          111826.43          172.44162    
   5.0548455          113460.71          172.42904    
   5.0611465          115118.87          172.41642    
   5.0674476          116801.27          172.40374    
   5.0737486          118508.25          172.39102    
   5.0800496          120240.18          172.37825    
   5.0863507          121997.42          172.36544    
   5.0926517          123780.34          172.35258    
   5.0989527          125589.32          172.33967    
   5.1052537          127424.74          172.32671    
   5.1115548          129286.97          172.31371    
   5.1178558          131176.43          172.30066    
   5.1241568          133093.50          172.28756    
   5.1304579          135038.58          172.27442    
   5.1367589          137012.09          172.26122    
   5.1430599          139014.44          172.24798    
   5.1493610          141046.06          172.23470    
   5.1556620          143107.36          172.22136    
   5.1619630          145198.79          172.20798    
   5.1682640          147320.79          172.19455    
   5.1745651          149473.80          172.18107    
   5.1808661          151658.27          172.16755    
   5.1871671          153874.67          172.15398    
   5.1934682          156123.46          172.14036    
   5.1997692          158405.11          172.12669    
   5.2060702          160720.11          172.11297    
   5.2123713          163068.94          172.09921    
   5.2186723          165452.10          172.08540    
   5.2249733          167870.09          172.07154    
   5.2312743          170323.41          172.05764    
   5.2375754          172812.59          172.04368    
   5.2438764          175338.14          172.02968    
   5.2501774          177900.61          172.01563    
   5.2564785          180500.52          172.00154    
   5.2627795          183138.43          171.98739    
   5.2690805          185814.89          171.97320    
   5.2753816          188530.47          171.95897    
   5.2816826          191285.73          171.94468    
   5.2879836          194081.26          171.93035    
   5.2942846          196917.65          171.91597    
   5.3005857          199795.49          171.90154    
   5.3068867          202715.38          171.88706    
   5.3131877          205677.95          171.87254    
   5.3194888          208683.81          171.85797    
   5.3257898          211733.60          171.84336    
   5.3320908          214827.97          171.82869    
   5.3383919          217967.55          171.81398    
   5.3446929          221153.02          171.79923    
   5.3509939          224385.05          171.78442    
   5.3572949          227664.30          171.76957    
   5.3635960          230991.48          171.75468    
   5.3698970          234367.29          171.73973    
   5.3761980          237792.43          171.72474    
   5.3824991          241267.63          171.70971    
   5.3888001          244793.62          171.69463    
   5.3951011          248371.13          171.67950    
   5.4014022          252000.93          171.66433    
   5.4077032          255683.78          171.64911    
   5.4140042          259420.45          171.63384    
   5.4203052          263211.73          171.61853    
   5.4266063          267058.42          171.60318    
   5.4329073          270961.32          171.58778    
   5.4392083          274921.26          171.57233    
   5.4455094          278939.08          171.55684    
   5.4518104          283015.61          171.54130    
   5.4581114          287151.72          171.52573    
   5.4644125          291348.27          171.51010    
   5.4707135          295606.16          171.49443    
   5.4770145          299926.27          171.47872    
   5.4833155          304309.52          171.46297    
   5.4896166          308756.83          171.44717    
   5.4959176          313269.13          171.43133    
   5.5022186          317847.38          171.41544    
   5.5085197          322492.53          171.39951    
   5.5148207          327205.57          171.38354    
   5.5211217          331987.49          171.36753    
   5.5274228          336839.30          171.35147    
   5.5337238          341762.01          171.33538    
   5.5400248          346756.66          171.31924    
   5.5463258          351824.31          171.30306    
   5.5526269          356966.01          171.28684    
   5.5589279          362182.87          171.27058    
   5.5652289          367475.96          171.25427    
   5.5715300          372846.41          171.23793    
   5.5778310          378295.34          171.22155    
   5.5841320          383823.91          171.20513    
   5.5904331          389433.27          171.18867    
   5.5967341          395124.61          171.17217    
   5.6030351          400899.13          171.15563    
   5.6093361          406758.03          171.13906    
   5.6156372          412702.57          171.12244    
   5.6219382          418733.98          171.10579    
   5.6282392          424853.53          171.08910    
   5.6345403          431062.52          171.07238    
   5.6408413          437362.25          171.05562    
   5.6471423          443754.04          171.03882    
   5.6534434          450239.25          171.02199    
   5.6597444          456819.23          171.00512    
   5.6660454          463495.38          170.98822    
   5.6723464          470269.10          170.97128    
   5.6786475          477141.81          170.95431    
   5.6849485          484114.96          170.93731    
   5.6912495          491190.02          170.92027    
   5.6975506          498368.47          170.90321    
   5.7038516          505651.84          170.88611    
   5.7101526          513041.65          170.86897    
   5.7164537          520539.45          170.85181    
   5.7227547          528146.83          170.83462    
   5.7290557          535865.39          170.81740    
   5.7353567          543696.75          170.80014    
   5.7416578          551642.57          170.78286    
   5.7479588          559704.50          170.76555    
   5.7542598          567884.26          170.74822    
   5.7605609          576183.56          170.73085    
   5.7668619          584604.14          170.71346    
   5.7731629          593147.79          170.69605    
   5.7794640          601816.31          170.67861    
   5.7857650          610611.50          170.66114    
   5.7920660          619535.23          170.64365    
   5.7983670          628589.38          170.62614    
   5.8046681          637775.85          170.60860    
   5.8109691          647096.57          170.59104    
   5.8172701          656553.51          170.57346    
   5.8235712          666148.66          170.55586    
   5.8298722          675884.04          170.53824    
   5.8361732          685761.69          170.52060    
   5.8424743          695783.70          170.50294    
   5.8487753          705952.17          170.48526    
   5.8550763          716269.26          170.46757    
   5.8613773          726737.11          170.44986    
   5.8676784          737357.96          170.43213    
   5.8739794          748134.01          170.41439    
   5.8802804          759067.56          170.39663    
   5.8865815          770160.89          170.37887    
   5.8928825          781416.34          170.36108    
   5.8991835          792836.29          170.34329    
   5.9054846          804423.13          170.32549    
   5.9117856          816179.31          170.30767    
   5.9180866          828107.29          170.28985    
   5.9243876          840209.60          170.27201    
   5.9306887          852488.78          170.25417    
   5.9369897          864947.40          170.23633    
   5.9432907          877588.11          170.21847    
   5.9495918          890413.55          170.20062    
   5.9558928          903426.43          170.18276    
   5.9621938          916629.48          170.16489    
   5.9684949          930025.49          170.14702    
   5.9747959          943617.27          170.12916    
   5.9810969          957407.69          170.11129    
   5.9873979          971399.64          170.09342    
   5.9936990          985596.09          170.07555    
   6.0000000          1000000.0          170.05769    
