  LOG10(FN)  FN  Calculated  arg(Hphase) H11, H12 ... H21, H22 ... [deg]
 -0.30103000         0.50000000        -0.47054361        -0.46563254    
 -0.29472897         0.50730721        -0.47554058        -0.47110728    
 -0.28842794         0.51472121        -0.48060728        -0.47663728    
 -0.28212691         0.52224356        -0.48574489        -0.48222348    
 -0.27582588         0.52987585        -0.49095458        -0.48786683    
 -0.26952485         0.53761968        -0.49623754        -0.49356832    
 -0.26322382         0.54547667        -0.50159501        -0.49932898    
 -0.25692279         0.55344850        -0.50702822        -0.50514989    
 -0.25062176         0.56153683        -0.51253843        -0.51103216    
 -0.24432073         0.56974336        -0.51812691        -0.51697694    
 -0.23801970         0.57806983        -0.52379496        -0.52298544    
 -0.23171867         0.58651799        -0.52954390        -0.52905888    
 -0.22541764         0.59508961        -0.53537508        -0.53519856    
 -0.21911661         0.60378649        -0.54128985        -0.54140577    
 -0.21281558         0.61261048        -0.54728958        -0.54768191    
 -0.20651455         0.62156343        -0.55337568        -0.55402835    
 -0.20021352         0.63064722        -0.55954958        -0.56044657    
 -0.19391249         0.63986376        -0.56581272        -0.56693804    
 -0.18761146         0.64921500        -0.57216656        -0.57350430    
 -0.18131043         0.65870290        -0.57861258        -0.58014693    
 -0.17500940         0.66832946        -0.58515231        -0.58686754    
 -0.16870837         0.67809671        -0.59178726        -0.59366779    
 -0.16240734         0.68800669        -0.59851900        -0.60054939    
 -0.15610631         0.69806151        -0.60534910        -0.60751408    
 -0.14980528         0.70826328        -0.61227916        -0.61456365    
 -0.14350425         0.71861413        -0.61931080        -0.62169991    
 -0.13720322         0.72911626        -0.62644567        -0.62892475    
 -0.13090219         0.73977187        -0.63368544        -0.63624005    
 -0.12460116         0.75058321        -0.64103179        -0.64364778    
 -0.11830013         0.76155255        -0.64848645        -0.65114991    
 -0.11199910         0.77268219        -0.65605116        -0.65874847    
 -0.10569807         0.78397450        -0.66372768        -0.66644552    
 -0.99397036E-01     0.79543183        -0.67151780        -0.67424316    
 -0.93096006E-01     0.80705660        -0.67942334        -0.68214353    
 -0.86794976E-01     0.81885126        -0.68744613        -0.69014880    
 -0.80493946E-01     0.83081830        -0.69558803        -0.69826118    
 -0.74192916E-01     0.84296023        -0.70385095        -0.70648291    
 -0.67891886E-01     0.85527960        -0.71223679        -0.71481628    
 -0.61590856E-01     0.86777902        -0.72074749        -0.72326359    
 -0.55289826E-01     0.88046110        -0.72938502        -0.73182720    
 -0.48988796E-01     0.89332853        -0.73815137        -0.74050948    
 -0.42687766E-01     0.90638401        -0.74704857        -0.74931285    
 -0.36386736E-01     0.91963028        -0.75607866        -0.75823975    
 -0.30085706E-01     0.93307015        -0.76524372        -0.76729267    
 -0.23784676E-01     0.94670642        -0.77454584        -0.77647410    
 -0.17483646E-01     0.96054199        -0.78398716        -0.78578658    
 -0.11182616E-01     0.97457975        -0.79356983        -0.79523269    
 -0.48815859E-02     0.98882267        -0.80329604        -0.80481503    
  0.14194441E-02      1.0032737        -0.81316799        -0.81453621    
  0.77204741E-02      1.0179360        -0.82318795        -0.82439890    
  0.14021504E-01      1.0328125        -0.83335816        -0.83440579    
  0.20322534E-01      1.0479065        -0.84368095        -0.84455959    
  0.26623564E-01      1.0632210        -0.85415863        -0.85486304    
  0.32924594E-01      1.0787594        -0.86479357        -0.86531891    
  0.39225624E-01      1.0945248        -0.87558816        -0.87593000    
  0.45526654E-01      1.1105207        -0.88654482        -0.88669915    
  0.51827684E-01      1.1267503        -0.89766600        -0.89762919    
  0.58128714E-01      1.1432171        -0.90895420        -0.90872302    
  0.64429744E-01      1.1599246        -0.92041192        -0.91998355    
  0.70730774E-01      1.1768762        -0.93204172        -0.93141371    
  0.77031804E-01      1.1940755        -0.94384618        -0.94301647    
  0.83332834E-01      1.2115263        -0.95582791        -0.95479482    
  0.89633864E-01      1.2292320        -0.96798957        -0.96675178    
  0.95934894E-01      1.2471965        -0.98033383        -0.97889040    
  0.10223592          1.2654236        -0.99286341        -0.99121377    
  0.10853695          1.2839170         -1.0055811         -1.0037250    
  0.11483798          1.3026807         -1.0184896         -1.0164272    
  0.12113901          1.3217186         -1.0315918         -1.0293235    
  0.12744004          1.3410348         -1.0448905         -1.0424172    
  0.13374107          1.3606332         -1.0583887         -1.0557114    
  0.14004210          1.3805181         -1.0720893         -1.0692094    
  0.14634313          1.4006936         -1.0859952         -1.0829145    
  0.15264416          1.4211639         -1.1001095         -1.0968301    
  0.15894519          1.4419334         -1.1144352         -1.1109594    
  0.16524622          1.4630064         -1.1289754         -1.1253058    
  0.17154725          1.4843874         -1.1437332         -1.1398728    
  0.17784828          1.5060808         -1.1587118         -1.1546638    
  0.18414931          1.5280913         -1.1739144         -1.1696822    
  0.19045034          1.5504235         -1.1893443         -1.1849316    
  0.19675137          1.5730820         -1.2050047         -1.2004156    
  0.20305240          1.5960717         -1.2208990         -1.2161377    
  0.20935343          1.6193974         -1.2370306         -1.2321014    
  0.21565446          1.6430639         -1.2534029         -1.2483106    
  0.22195549          1.6670764         -1.2700194         -1.2647689    
  0.22825652          1.6914397         -1.2868836         -1.2814799    
  0.23455755          1.7161591         -1.3039991         -1.2984476    
  0.24085858          1.7412398         -1.3213694         -1.3156756    
  0.24715961          1.7666870         -1.3389983         -1.3331679    
  0.25346064          1.7925061         -1.3568894         -1.3509283    
  0.25976167          1.8187025         -1.3750465         -1.3689608    
  0.26606270          1.8452818         -1.3934735         -1.3872693    
  0.27236373          1.8722495         -1.4121741         -1.4058579    
  0.27866476          1.8996114         -1.4311523         -1.4247307    
  0.28496579          1.9273731         -1.4504121         -1.4438917    
  0.29126682          1.9555405         -1.4699574         -1.4633450    
  0.29756785          1.9841196         -1.4897924         -1.4830950    
  0.30386888          2.0131164         -1.5099212         -1.5031459    
  0.31016991          2.0425369         -1.5303479         -1.5235019    
  0.31647094          2.0723874         -1.5510769         -1.5441674    
  0.32277197          2.1026741         -1.5721123         -1.5651468    
  0.32907300          2.1334035         -1.5934586         -1.5864446    
  0.33537403          2.1645820         -1.6151202         -1.6080653    
  0.34167506          2.1962161         -1.6371016         -1.6300134    
  0.34797609          2.2283125         -1.6594072         -1.6522935    
  0.35427712          2.2608780         -1.6820418         -1.6749103    
  0.36057815          2.2939194         -1.7050099         -1.6978685    
  0.36687918          2.3274437         -1.7283163         -1.7211730    
  0.37318021          2.3614579         -1.7519659         -1.7448285    
  0.37948124          2.3959693         -1.7759633         -1.7688399    
  0.38578227          2.4309850         -1.8003137         -1.7932122    
  0.39208330          2.4665124         -1.8250219         -1.8179504    
  0.39838433          2.5025591         -1.8500931         -1.8430596    
  0.40468536          2.5391325         -1.8755324         -1.8685450    
  0.41098639          2.5762404         -1.9013450         -1.8944116    
  0.41728742          2.6138907         -1.9275362         -1.9206649    
  0.42358845          2.6520912         -1.9541114         -1.9473100    
  0.42988948          2.6908500         -1.9810759         -1.9743525    
  0.43619051          2.7301752         -2.0084353         -2.0017978    
  0.44249154          2.7700751         -2.0361951         -2.0296514    
  0.44879257          2.8105581         -2.0643611         -2.0579189    
  0.45509360          2.8516328         -2.0929390         -2.0866061    
  0.46139463          2.8933078         -2.1219345         -2.1157185    
  0.46769566          2.9355918         -2.1513537         -2.1452622    
  0.47399669          2.9784938         -2.1812025         -2.1752429    
  0.48029772          3.0220227         -2.2114869         -2.2056666    
  0.48659875          3.0661878         -2.2422131         -2.2365394    
  0.49289978          3.1109984         -2.2733875         -2.2678674    
  0.49920081          3.1564638         -2.3050162         -2.2996568    
  0.50550184          3.2025937         -2.3371058         -2.3319138    
  0.51180287          3.2493977         -2.3696627         -2.3646449    
  0.51810390          3.2968858         -2.4026936         -2.3978564    
  0.52440493          3.3450679         -2.4362051         -2.4315549    
  0.53070596          3.3939541         -2.4702041         -2.4657470    
  0.53700699          3.4435548         -2.5046975         -2.5004394    
  0.54330802          3.4938803         -2.5396922         -2.5356388    
  0.54960905          3.5449413         -2.5751953         -2.5713522    
  0.55591008          3.5967486         -2.6112141         -2.6075865    
  0.56221111          3.6493130         -2.6477557         -2.6443487    
  0.56851214          3.7026456         -2.6848277         -2.6816461    
  0.57481317          3.7567576         -2.7224375         -2.7194857    
  0.58111420          3.8116604         -2.7605927         -2.7578750    
  0.58741523          3.8673656         -2.7993011         -2.7968214    
  0.59371626          3.9238849         -2.8385704         -2.8363324    
  0.60001729          3.9812302         -2.8784087         -2.8764156    
  0.60631832          4.0394136         -2.9188239         -2.9170788    
  0.61261935          4.0984473         -2.9598242         -2.9583299    
  0.61892038          4.1583437         -3.0014180         -3.0001767    
  0.62522141          4.2191155         -3.0436135         -3.0426273    
  0.63152244          4.2807754         -3.0864194         -3.0856898    
  0.63782347          4.3433365         -3.1298443         -3.1293727    
  0.64412450          4.4068118         -3.1738970         -3.1736841    
  0.65042553          4.4712148         -3.2185863         -3.2186327    
  0.65672656          4.5365590         -3.2639212         -3.2642270    
  0.66302759          4.6028582         -3.3099110         -3.3104758    
  0.66932862          4.6701263         -3.3565648         -3.3573880    
  0.67562965          4.7383775         -3.4038921         -3.4049725    
  0.68193068          4.8076261         -3.4519025         -3.4532385    
  0.68823171          4.8778868         -3.5006056         -3.5021952    
  0.69453274          4.9491742         -3.5500112         -3.5518520    
  0.70083377          5.0215035         -3.6001294         -3.6022184    
  0.70713480          5.0948899         -3.6509701         -3.6533040    
  0.71343583          5.1693488         -3.7025437         -3.7051187    
  0.71973686          5.2448958         -3.7548606         -3.7576725    
  0.72603789          5.3215469         -3.8079313         -3.8109752    
  0.73233892          5.3993182         -3.8617664         -3.8650373    
  0.73863995          5.4782261         -3.9163768         -3.9198691    
  0.74494098          5.5582872         -3.9717736         -3.9754812    
  0.75124201          5.6395183         -4.0279679         -4.0318842    
  0.75754304          5.7219366         -4.0849710         -4.0890890    
  0.76384407          5.8055594         -4.1427943         -4.1471066    
  0.77014510          5.8904043         -4.2014496         -4.2059483    
  0.77644613          5.9764891         -4.2609486         -4.2656254    
  0.78274716          6.0638320         -4.3213033         -4.3261495    
  0.78904819          6.1524514         -4.3825259         -4.3875322    
  0.79534922          6.2423659         -4.4446286         -4.4497856    
  0.80165025          6.3335945         -4.5076241         -4.5129216    
  0.80795128          6.4261563         -4.5715249         -4.5769527    
  0.81425231          6.5200708         -4.6363439         -4.6418912    
  0.82055334          6.6153579         -4.7020942         -4.7077498    
  0.82685437          6.7120375         -4.7687889         -4.7745415    
  0.83315540          6.8101300         -4.8364416         -4.8422793    
  0.83945643          6.9096561         -4.9050657         -4.9109765    
  0.84575746          7.0106367         -4.9746752         -4.9806466    
  0.85205849          7.1130931         -5.0452840         -5.0513034    
  0.85835952          7.2170468         -5.1169063         -5.1229608    
  0.86466055          7.3225198         -5.1895565         -5.1956330    
  0.87096158          7.4295342         -5.2632493         -5.2693344    
  0.87726261          7.5381125         -5.3379994         -5.3440796    
  0.88356364          7.6482776         -5.4138218         -5.4198836    
  0.88986467          7.7600528         -5.4907319         -5.4967614    
  0.89616570          7.8734614         -5.5687450         -5.5747283    
  0.90246673          7.9885275         -5.6478769         -5.6538001    
  0.90876776          8.1052752         -5.7281434         -5.7339926    
  0.91506879          8.2237291         -5.8095608         -5.8153219    
  0.92136982          8.3439141         -5.8921452         -5.8978044    
  0.92767085          8.4658555         -5.9759135         -5.9814567    
  0.93397188          8.5895791         -6.0608823         -6.0662958    
  0.94027291          8.7151108         -6.1470687         -6.1523389    
  0.94657394          8.8424771         -6.2344901         -6.2396034    
  0.95287497          8.9717048         -6.3231640         -6.3281070    
  0.95917600          9.1028210         -6.4131083         -6.4178679    
  0.96547703          9.2358535         -6.5043410         -6.5089043    
  0.97177806          9.3708301         -6.5968803         -6.6012349    
  0.97807909          9.5077793         -6.6907450         -6.6948785    
  0.98438012          9.6467300         -6.7859539         -6.7898544    
  0.99068115          9.7877114         -6.8825260         -6.8861820    
  0.99698218          9.9307531         -6.9804808         -6.9838812    
   1.0032832          10.075885         -7.0798379         -7.0829721    
   1.0095842          10.223138         -7.1806173         -7.1834751    
   1.0158853          10.372544         -7.2828392         -7.2854109    
   1.0221863          10.524132         -7.3865241         -7.3888007    
   1.0284873          10.677936         -7.4916928         -7.4936657    
   1.0347884          10.833988         -7.5983665         -7.6000277    
   1.0410894          10.992321         -7.7065666         -7.7079087    
   1.0473904          11.152967         -7.8163147         -7.8173310    
   1.0536915          11.315961         -7.9276328         -7.9283174    
   1.0599925          11.481337         -8.0405434         -8.0408909    
   1.0662935          11.649131         -8.1550691         -8.1550748    
   1.0725945          11.819376         -8.2712327         -8.2708928    
   1.0788956          11.992109         -8.3890578         -8.3883690    
   1.0851966          12.167367         -8.5085677         -8.5075277    
   1.0914976          12.345186         -8.6297866         -8.6283938    
   1.0977987          12.525604         -8.7527388         -8.7509922    
   1.1040997          12.708658         -8.8774488         -8.8753484    
   1.1104007          12.894388         -9.0039417         -9.0014883    
   1.1167018          13.082832         -9.1322429         -9.1294379    
   1.1230028          13.274030         -9.2623781         -9.2592239    
   1.1293038          13.468022         -9.3943733         -9.3908730    
   1.1356048          13.664849         -9.5282550         -9.5244126    
   1.1419059          13.864553         -9.6640500         -9.6598703    
   1.1482069          14.067175         -9.8017856         -9.7972741    
   1.1545079          14.272759         -9.9414894         -9.9366524    
   1.1608090          14.481347         -10.083189         -10.078034    
   1.1671100          14.692984         -10.226914         -10.221448    
   1.1734110          14.907713         -10.372691         -10.366924    
   1.1797121          15.125581         -10.520551         -10.514491    
   1.1860131          15.346632         -10.670524         -10.664181    
   1.1923141          15.570914         -10.822638         -10.816024    
   1.1986151          15.798474         -10.976925         -10.970051    
   1.2049162          16.029360         -11.133416         -11.126294    
   1.2112172          16.263619         -11.292141         -11.284784    
   1.2175182          16.501303         -11.453133         -11.445554    
   1.2238193          16.742460         -11.616423         -11.608636    
   1.2301203          16.987141         -11.782045         -11.774064    
   1.2364213          17.235398         -11.950032         -11.941872    
   1.2427224          17.487284         -12.120417         -12.112094    
   1.2490234          17.742850         -12.293234         -12.284763    
   1.2553244          18.002152         -12.468518         -12.459916    
   1.2616254          18.265243         -12.646303         -12.637587    
   1.2679265          18.532178         -12.826627         -12.817812    
   1.2742275          18.803015         -13.009523         -13.000627    
   1.2805285          19.077811         -13.195030         -13.186070    
   1.2868296          19.356622         -13.383184         -13.374178    
   1.2931306          19.639508         -13.574022         -13.564988    
   1.2994316          19.926528         -13.767583         -13.758538    
   1.3057327          20.217742         -13.963906         -13.954867    
   1.3120337          20.513213         -14.163029         -14.154014    
   1.3183347          20.813001         -14.364993         -14.356020    
   1.3246357          21.117171         -14.569838         -14.560923    
   1.3309368          21.425787         -14.777604         -14.768766    
   1.3372378          21.738912         -14.988334         -14.979588    
   1.3435388          22.056614         -15.202069         -15.193433    
   1.3498399          22.378958         -15.418851         -15.410341    
   1.3561409          22.706014         -15.638725         -15.630357    
   1.3624419          23.037849         -15.861734         -15.853523    
   1.3687430          23.374534         -16.087922         -16.079884    
   1.3750440          23.716139         -16.317334         -16.309483    
   1.3813450          24.062736         -16.550017         -16.542367    
   1.3876460          24.414399         -16.786016         -16.778580    
   1.3939471          24.771202         -17.025380         -17.018170    
   1.4002481          25.133218         -17.268154         -17.261182    
   1.4065491          25.500526         -17.514388         -17.507666    
   1.4128502          25.873201         -17.764131         -17.757668    
   1.4191512          26.251323         -18.017433         -18.011239    
   1.4254522          26.634971         -18.274343         -18.268426    
   1.4317533          27.024225         -18.534914         -18.529282    
   1.4380543          27.419169         -18.799196         -18.793855    
   1.4443553          27.819884         -19.067243         -19.062199    
   1.4506563          28.226455         -19.339108         -19.334365    
   1.4569574          28.638969         -19.614844         -19.610407    
   1.4632584          29.057510         -19.894508         -19.890377    
   1.4695594          29.482169         -20.178153         -20.174332    
   1.4758605          29.913034         -20.465838         -20.462325    
   1.4821615          30.350196         -20.757618         -20.754413    
   1.4884625          30.793746         -21.053552         -21.050653    
   1.4947636          31.243779         -21.353698         -21.351102    
   1.5010646          31.700388         -21.658117         -21.655819    
   1.5073656          32.163671         -21.966868         -21.964864    
   1.5136666          32.633725         -22.280014         -22.278295    
   1.5199677          33.110647         -22.597615         -22.596175    
   1.5262687          33.594540         -22.919735         -22.918566    
   1.5325697          34.085505         -23.246439         -23.245529    
   1.5388708          34.583645         -23.577790         -23.577129    
   1.5451718          35.089065         -23.913854         -23.913431    
   1.5514728          35.601871         -24.254699         -24.254500    
   1.5577739          36.122172         -24.600391         -24.600403    
   1.5640749          36.650076         -24.950999         -24.951207    
   1.5703759          37.185696         -25.306592         -25.306981    
   1.5766769          37.729143         -25.667242         -25.667794    
   1.5829780          38.280533         -26.033019         -26.033718    
   1.5892790          38.839980         -26.403995         -26.404823    
   1.5955800          39.407604         -26.780245         -26.781183    
   1.6018811          39.983523         -27.161842         -27.162872    
   1.6081821          40.567859         -27.548862         -27.549964    
   1.6144831          41.160735         -27.941382         -27.942536    
   1.6207842          41.762275         -28.339478         -28.340665    
   1.6270852          42.372607         -28.743231         -28.744429    
   1.6333862          42.991858         -29.152719         -29.153909    
   1.6396872          43.620159         -29.568024         -29.569184    
   1.6459883          44.257642         -29.989227         -29.990337    
   1.6522893          44.904442         -30.416412         -30.417451    
   1.6585903          45.560694         -30.849663         -30.850611    
   1.6648914          46.226537         -31.289066         -31.289903    
   1.6711924          46.902111         -31.734707         -31.735414    
   1.6774934          47.587558         -32.186674         -32.187232    
   1.6837945          48.283023         -32.645057         -32.645446    
   1.6900955          48.988651         -33.109946         -33.110149    
   1.6963965          49.704592         -33.581432         -33.581433    
   1.7026975          50.430996         -34.059609         -34.059391    
   1.7089986          51.168015         -34.544570         -34.544118    
   1.7152996          51.915806         -35.036412         -35.035712    
   1.7216006          52.674526         -35.535232         -35.534271    
   1.7279017          53.444333         -36.041127         -36.039894    
   1.7342027          54.225391         -36.554197         -36.552682    
   1.7405037          55.017864         -37.074544         -37.072737    
   1.7468048          55.821918         -37.602271         -37.600164    
   1.7531058          56.637723         -38.137480         -38.135069    
   1.7594068          57.465450         -38.680278         -38.677557    
   1.7657078          58.305274         -39.230771         -39.227739    
   1.7720089          59.157372         -39.789068         -39.785723    
   1.7783099          60.021923         -40.355279         -40.351622    
   1.7846109          60.899108         -40.929515         -40.925549    
   1.7909120          61.789113         -41.511890         -41.507619    
   1.7972130          62.692125         -42.102517         -42.097949    
   1.8035140          63.608334         -42.701515         -42.696656    
   1.8098151          64.537933         -43.309000         -43.303862    
   1.8161161          65.481118         -43.925093         -43.919686    
   1.8224171          66.438086         -44.549914         -44.544253    
   1.8287181          67.409040         -45.183586         -45.177687    
   1.8350192          68.394184         -45.826236         -45.820115    
   1.8413202          69.393725         -46.477988         -46.471666    
   1.8476212          70.407874         -47.138973         -47.132469    
   1.8539223          71.436845         -47.809319         -47.802657    
   1.8602233          72.480853         -48.489160         -48.482363    
   1.8665243          73.540118         -49.178629         -49.171723    
   1.8728254          74.614864         -49.877862         -49.870875    
   1.8791264          75.705317         -50.586997         -50.579957    
   1.8854274          76.811706         -51.306174         -51.299111    
   1.8917284          77.934265         -52.035535         -52.028480    
   1.8980295          79.073229         -52.775224         -52.768208    
   1.9043305          80.228838         -53.525387         -53.518443    
   1.9106315          81.401336         -54.286172         -54.279334    
   1.9169326          82.590969         -55.057730         -55.051031    
   1.9232336          83.797988         -55.840212         -55.833687    
   1.9295346          85.022647         -56.633773         -56.627458    
   1.9358357          86.265204         -57.438570         -57.432500    
   1.9421367          87.525920         -58.254763         -58.248973    
   1.9484377          88.805060         -59.082513         -59.077037    
   1.9547387          90.102895         -59.921983         -59.916857    
   1.9610398          91.419696         -60.773339         -60.768597    
   1.9673408          92.755742         -61.636751         -61.632426    
   1.9736418          94.111313         -62.512389         -62.508514    
   1.9799429          95.486695         -63.400426         -63.397033    
   1.9862439          96.882178         -64.301039         -64.298158    
   1.9925449          98.298055         -65.214405         -65.212067    
   1.9988460          99.734624         -66.140707         -66.138937    
   2.0051470          101.19219         -67.080127         -67.078953    
   2.0114480          102.67105         -68.032853         -68.032298    
   2.0177490          104.17153         -68.999072         -68.999159    
   2.0240501          105.69394         -69.978978         -69.979725    
   2.0303511          107.23859         -70.972763         -70.974190    
   2.0366521          108.80582         -71.980627         -71.982748    
   2.0429532          110.39596         -73.002769         -73.005597    
   2.0492542          112.00933         -74.039391         -74.042937    
   2.0555552          113.64628         -75.090701         -75.094971    
   2.0618563          115.30715         -76.156908         -76.161906    
   2.0681573          116.99230         -77.238222         -77.243950    
   2.0744583          118.70208         -78.334860         -78.341316    
   2.0807593          120.43684         -79.447039         -79.454219    
   2.0870604          122.19695         -80.574981         -80.582877    
   2.0933614          123.98279         -81.718911         -81.727510    
   2.0996624          125.79473         -82.879055         -82.888345    
   2.1059635          127.63314         -84.055646         -84.065608    
   2.1122645          129.49843         -85.248917         -85.259530    
   2.1185655          131.39097         -86.459107         -86.470347    
   2.1248666          133.31117         -87.686456         -87.698296    
   2.1311676          135.25944         -88.931208         -88.943619    
   2.1374686          137.23618         -90.193613         -90.206560    
   2.1437696          139.24180         -91.473921         -91.487369    
   2.1500707          141.27674         -92.772387         -92.786298    
   2.1563717          143.34142         -94.089272         -94.103603    
   2.1626727          145.43627         -95.424836         -95.439543    
   2.1689738          147.56174         -96.779347         -96.794384    
   2.1752748          149.71827         -98.153074         -98.168392    
   2.1815758          151.90631         -99.546291         -99.561840    
   2.1878769          154.12634         -100.95928         -100.97500    
   2.1941779          156.37880         -102.39231         -102.40816    
   2.2004789          158.66419         -103.84568         -103.86160    
   2.2067799          160.98297         -105.31968         -105.33561    
   2.2130810          163.33565         -106.81459         -106.83048    
   2.2193820          165.72270         -108.33073         -108.34651    
   2.2256830          168.14464         -109.86838         -109.88400    
   2.2319841          170.60198         -111.42786         -111.44326    
   2.2382851          173.09523         -113.00947         -113.02460    
   2.2445861          175.62491         -114.61354         -114.62833    
   2.2508872          178.19157         -116.24038         -116.25478    
   2.2571882          180.79574         -117.89032         -117.90426    
   2.2634892          183.43796         -119.56368         -119.57712    
   2.2697902          186.11880         -121.26080         -121.27369    
   2.2760913          188.83882         -122.98201         -122.99429    
   2.2823923          191.59859         -124.72767         -124.73929    
   2.2886933          194.39869         -126.49811         -126.50903    
   2.2949944          197.23971         -128.29369         -128.30387    
   2.3012954          200.12226         -130.11477         -130.12417    
   2.3075964          203.04693         -131.96171         -131.97028    
   2.3138975          206.01434         -133.83487         -133.84259    
   2.3201985          209.02512         -135.73464         -135.74147    
   2.3264995          212.07990         -137.66138         -137.66731    
   2.3328005          215.17933         -139.61549         -139.62048    
   2.3391016          218.32405         -141.59734         -141.60138    
   2.3454026          221.51473         -143.60734         -143.61042    
   2.3517036          224.75203         -145.64589         -145.64800    
   2.3580047          228.03666         -147.71338         -147.71452    
   2.3643057          231.36928         -149.81024         -149.81040    
   2.3706067          234.75061         -151.93687         -151.93607    
   2.3769078          238.18135         -154.09371         -154.09195    
   2.3832088          241.66223         -156.28117         -156.27847    
   2.3895098          245.19399         -158.49970         -158.49608    
   2.3958108          248.77735         -160.74973         -160.74522    
   2.4021119          252.41309         -163.03171         -163.02634    
   2.4084129          256.10196         -165.34610         -165.33990    
   2.4147139          259.84474         -167.69335         -167.68637    
   2.4210150          263.64222         -170.07393         -170.06622    
   2.4273160          267.49520         -172.48831         -172.47991    
   2.4336170          271.40449         -174.93698         -174.92794    
   2.4399181          275.37091         -177.42041         -177.41080    
   2.4462191          279.39529         -179.93911         -179.92898    
   2.4525201          283.47849          177.50643          177.51701    
   2.4588211          287.62136          174.91571          174.92666    
   2.4651222          291.82478          172.28820          172.29947    
   2.4714232          296.08963          169.62340          169.63489    
   2.4777242          300.41681          166.92075          166.93241    
   2.4840253          304.80723          164.17975          164.19148    
   2.4903263          309.26181          161.39983          161.41155    
   2.4966273          313.78149          158.58044          158.59209    
   2.5029284          318.36723          155.72104          155.73252    
   2.5092294          323.01998          152.82105          152.83228    
   2.5155304          327.74073          149.87989          149.89079    
   2.5218314          332.53047          146.89699          146.90748    
   2.5281325          337.39021          143.87175          143.88175    
   2.5344335          342.32097          140.80357          140.81300    
   2.5407345          347.32379          137.69185          137.70062    
   2.5470356          352.39973          134.53597          134.54401    
   2.5533366          357.54984          131.33529          131.34254    
   2.5596376          362.77523          128.08920          128.09557    
   2.5659387          368.07698          124.79704          124.80247    
   2.5722397          373.45621          121.45816          121.46260    
   2.5785407          378.91405          118.07190          118.07528    
   2.5848417          384.45166          114.63759          114.63986    
   2.5911428          390.07020          111.15455          111.15567    
   2.5974438          395.77085          107.62209          107.62200    
   2.6037448          401.55481          104.03951          104.03818    
   2.6100459          407.42330          100.40609          100.40350    
   2.6163469          413.37756          96.721130          96.717248    
   2.6226479          419.41883          92.983885          92.978694    
   2.6289490          425.54839          89.193619          89.187107    
   2.6352500          431.76753          85.349581          85.341744    
   2.6415510          438.07756          81.451009          81.441850    
   2.6478520          444.47981          77.497131          77.486661    
   2.6541531          450.97563          73.487163          73.475400    
   2.6604541          457.56638          69.420312          69.407281    
   2.6667551          464.25344          65.295772          65.281505    
   2.6730562          471.03824          61.112725          61.097261    
   2.6793572          477.92219          56.870343          56.853730    
   2.6856582          484.90674          52.567786          52.550078    
   2.6919593          491.99337          48.204202          48.185458    
   2.6982603          499.18357          43.778725          43.759015    
   2.7045613          506.47885          39.290480          39.269876    
   2.7108623          513.88074          34.738577          34.717161    
   2.7171634          521.39081          30.122116          30.099972    
   2.7234644          529.01063          25.440181          25.417401    
   2.7297654          536.74182          20.691845          20.668526    
   2.7360665          544.58599          15.876169          15.852410    
   2.7423675          552.54480          10.992198          10.968105    
   2.7486685          560.61992          6.0389653          6.0146459    
   2.7549696          568.81305          1.0154898         0.99105557    
   2.7612706          577.12592         -4.0792231         -4.1036586    
   2.7675716          585.56028         -9.2461823         -9.2705035    
   2.7738726          594.11791         -14.486411         -14.510501    
   2.7801737          602.80059         -19.800946         -19.824689    
   2.7864747          611.61018         -25.190841         -25.214119    
   2.7927757          620.54850         -30.657161         -30.679859    
   2.7990768          629.61746         -36.200990         -36.222994    
   2.8053778          638.81895         -41.823425         -41.844622    
   2.8116788          648.15492         -47.525578         -47.545859    
   2.8179799          657.62733         -53.308579         -53.327839    
   2.8242809          667.23817         -59.173573         -59.191710    
   2.8305819          676.98947         -65.121719         -65.138639    
   2.8368829          686.88328         -71.154195         -71.169807    
   2.8431840          696.92168         -77.272196         -77.286415    
   2.8494850          707.10678         -83.476931         -83.489682    
   2.8557860          717.44074         -89.769629         -89.780842    
   2.8620871          727.92572         -96.151534         -96.161148    
   2.8683881          738.56393         -102.62391         -102.63187    
   2.8746891          749.35761         -109.18804         -109.19431    
   2.8809902          760.30904         -115.84521         -115.84976    
   2.8872912          771.42051         -122.59676         -122.59955    
   2.8935922          782.69437         -129.44400         -129.44503    
   2.8998932          794.13300         -136.38831         -136.38757    
   2.9061943          805.73879         -143.43104         -143.42855    
   2.9124953          817.51419         -150.57360         -150.56937    
   2.9187963          829.46169         -157.81739         -157.81146    
   2.9250974          841.58379         -165.16385         -165.15626    
   2.9313984          853.88305         -172.61443         -172.60523    
   2.9376994          866.36205          179.82939          179.84013    
   2.9440005          879.02343          172.16613          172.17833    
   2.9503015          891.86985          164.39426          164.40784    
   2.9566025          904.90401          156.51225          156.52710    
   2.9629035          918.12866          148.51854          148.53456    
   2.9692046          931.54657          140.41156          140.42862    
   2.9755056          945.16058          132.18969          132.20767    
   2.9818066          958.97356          123.85131          123.87008    
   2.9881077          972.98840          115.39479          115.41419    
   2.9944087          987.20806          106.81843          106.83831    
   3.0007097          1001.6355          98.120555          98.140759    
   3.0070108          1016.2739          89.299440          89.319798    
   3.0133118          1031.1261          80.353343          80.373682    
   3.0196128          1046.1954          71.280495          71.300640    
   3.0259138          1061.4850          62.079104          62.098876    
   3.0322149          1076.9979          52.747352          52.766568    
   3.0385159          1092.7376          43.283395          43.301874    
   3.0448169          1108.7074          33.685365          33.702922    
   3.0511180          1124.9105          23.951364          23.967819    
   3.0574190          1141.3504          14.079471          14.094643    
   3.0637200          1158.0306          4.0677352          4.0814479    
   3.0700211          1174.9545         -6.0858204         -6.0737383    
   3.0763221          1192.1258         -16.383201         -16.372915    
   3.0826231          1209.5480         -26.826440         -26.818110    
   3.0889241          1227.2249         -37.417600         -37.411375    
   3.0952252          1245.1600         -48.158772         -48.154794    
   3.1015262          1263.3573         -59.052076         -59.050475    
   3.1078272          1281.8206         -70.099664         -70.100558    
   3.1141283          1300.5536         -81.303716         -81.307210    
   3.1204293          1319.5605         -92.666445         -92.672630    
   3.1267303          1338.8451         -104.19009         -104.19904    
   3.1330314          1358.4115         -115.87693         -115.88871    
   3.1393324          1378.2639         -127.72927         -127.74392    
   3.1456334          1398.4064         -139.74945         -139.76700    
   3.1519344          1418.8433         -151.93985         -151.96029    
   3.1582355          1439.5789         -164.30285         -164.32618    
   3.1645365          1460.6175         -176.84092         -176.86709    
   3.1708375          1481.9636          170.44348          170.41452    
   3.1771386          1503.6216          157.54785          157.51616    
   3.1834396          1525.5962          144.46963          144.43533    
   3.1897406          1547.8919          131.20625          131.16945    
   3.1960417          1570.5134          117.75509          117.71593    
   3.2023427          1593.4656          104.11350          104.07215    
   3.2086437          1616.7531          90.278785          90.235434    
   3.2149447          1640.3810          76.248218          76.203073    
   3.2212458          1664.3543          62.019033          61.972323    
   3.2275468          1688.6778          47.588424          47.540401    
   3.2338478          1713.3569          32.953545          32.904479    
   3.2401489          1738.3966          18.111511          18.061693    
   3.2464499          1763.8022          3.0593953          3.0091347    
   3.2527509          1789.5792         -12.205769         -12.256147    
   3.2590520          1815.7329         -27.686991         -27.737144    
   3.2653530          1842.2687         -43.387322         -43.436894    
   3.2716540          1869.1924         -59.309857         -59.358479    
   3.2779550          1896.5096         -75.457734         -75.505025    
   3.2842561          1924.2260         -91.834136         -91.879706    
   3.2905571          1952.3474         -108.44229         -108.48574    
   3.2968581          1980.8798         -125.28547         -125.32640    
   3.3031592          2009.8292         -142.36699         -142.40500    
   3.3094602          2039.2017         -159.69021         -159.72490    
   3.3157612          2069.0035         -177.25856         -177.28951    
   3.3220623          2099.2408          164.92451          164.89768    
   3.3283633          2129.9200          146.85548          146.83318    
   3.3346643          2161.0475          128.53081          128.51340    
   3.3409653          2192.6299          109.94688          109.93473    
   3.3472664          2224.6740          91.100030          91.093480    
   3.3535674          2257.1863          71.986549          71.985930    
   3.3598684          2290.1737          52.602673          52.608287    
   3.3661695          2323.6433          32.944588          32.956709    
   3.3724705          2357.6020          13.008421          13.027295    
   3.3787715          2392.0570         -7.2097519         -7.1839141    
   3.3850726          2427.0155         -27.713910         -27.680935    
   3.3913736          2462.4849         -48.508091         -48.467843    
   3.3976746          2498.4727         -69.596385         -69.548776    
   3.4039756          2534.9864         -90.982945         -90.927930    
   3.4102767          2572.0338         -112.67198         -112.60956    
   3.4165777          2609.6226         -134.66775         -134.59800    
   3.4228787          2647.7607         -156.97460         -156.89761    
   3.4291798          2686.4562         -179.59690         -179.51286    
   3.4354808          2725.7172          157.46089          157.55176    
   3.4417818          2765.5520          134.19425          134.29166    
   3.4480829          2805.9689          110.59862          110.70220    
   3.4543839          2846.9765          86.669342          86.778694    
   3.4606849          2888.5834          62.401721          62.516354    
   3.4669859          2930.7984          37.790980          37.910348    
   3.4732870          2973.6303          12.832280          12.955771    
   3.4795880          3017.0882         -12.479286         -12.352349    
   3.4858890          3061.1812         -38.148696         -38.019050    
   3.4921901          3105.9185         -64.180996         -64.049439    
   3.4984911          3151.3097         -90.581303         -90.448691    
   3.5047921          3197.3643         -117.35481         -117.22205    
   3.5110932          3244.0919         -144.50677         -144.37483    
   3.5173942          3291.5024         -172.04253         -171.91240    
   3.5236952          3339.6058          160.03250          160.15977    
   3.5299962          3388.4122          131.71283          131.83618    
   3.5362973          3437.9319          102.99291          103.11123    
   3.5425983          3488.1753          73.867077          73.979260    
   3.5488993          3539.1529          44.329622          44.434549    
   3.5552004          3590.8756          14.374739          14.471297    
   3.5615014          3643.3542         -16.003456         -15.916364    
   3.5678024          3696.5997         -46.810931         -46.734373    
   3.5741035          3750.6233         -78.053736         -77.988738    
   3.5804045          3805.4365         -109.73801         -109.68554    
   3.5867055          3861.0508         -141.86996         -141.83093    
   3.5930065          3917.4778         -174.45592         -174.43113    
   3.5993076          3974.7294          152.49773          152.50757    
   3.6056086          4032.8178          118.98450          118.97879    
   3.6119096          4091.7551          84.997800          84.976101    
   3.6182107          4151.5537          50.530971          50.492977    
   3.6245117          4212.2263          15.577244          15.522828    
   3.6308127          4273.7855         -19.870241         -19.941015    
   3.6371138          4336.2444         -55.818441         -55.905302    
   3.6434148          4399.6161         -92.274410         -92.376860    
   3.6497158          4463.9139         -129.24530         -129.36260    
   3.6560168          4529.1514         -166.73837         -166.86952    
   3.6623179          4595.3424          155.23904          155.09530    
   3.6686189          4662.5006          116.67945          116.52468    
   3.6749199          4730.6403          77.575311          77.411367    
   3.6812210          4799.7759          37.918949          37.747996    
   3.6875220          4869.9218         -2.2974111         -2.4728935    
   3.6938230          4941.0929         -43.081657         -43.258863    
   3.7001241          5013.3041         -84.441786         -84.617580    
   3.7064251          5086.5707         -126.38591         -126.55683    
   3.7127261          5160.9079         -168.92224         -169.08450    
   3.7190271          5236.3316          147.94087          147.79139    
   3.7253282          5312.8575          104.19497          104.06270    
   3.7316292          5390.5019          59.831496          59.721148    
   3.7379302          5469.2809          14.841741          14.758339    
   3.7442313          5549.2113         -30.783106         -30.834280    
   3.7505323          5630.3098         -77.051985         -77.065404    
   3.7568333          5712.5935         -123.97396         -123.94388    
   3.7631344          5796.0797         -171.55823         -171.47872    
   3.7694354          5880.7861          140.18589          140.32091    
   3.7757364          5966.7303          91.248952          91.445668    
   3.7820374          6053.9306          41.621363          41.886035    
   3.7883385          6142.4053         -8.7065914         -8.3676885    
   3.7946395          6232.1730         -59.744768         -59.325392    
   3.8009405          6323.2526         -111.50316         -110.99716    
   3.8072416          6415.6633         -163.99190         -163.39328    
   3.8135426          6509.4245          142.77874          143.47577    
   3.8198436          6604.5559          88.798334          89.599267    
   3.8261447          6701.0777          34.056321          34.966296    
   3.8324457          6799.0100         -21.458014         -20.434295    
   3.8387467          6898.3736         -77.755534         -76.613890    
   3.8450477          6999.1893         -134.84725         -133.58411    
   3.8513488          7101.4784          167.25565          168.64318    
   3.8576498          7205.2624          108.54186          110.05585    
   3.8639508          7310.5631          48.999891          50.641537    
   3.8702519          7417.4028         -11.381910         -9.6124233    
   3.8765529          7525.8038         -72.615350         -70.718949    
   3.8828539          7635.7890         -134.71240         -132.69125    
   3.8891550          7747.3817          162.31479          164.45717    
   3.8954560          7860.6051          98.453915          100.71251    
   3.9017570          7975.4833          33.692487          36.060645    
   3.9080580          8092.0404         -31.982152         -29.512870    
   3.9143591          8210.3009         -98.582841         -96.022821    
   3.9206601          8330.2896         -166.12259         -163.48434    
   3.9269611          8452.0320          125.38539          128.08705    
   3.9332622          8575.5535          55.927726          58.675479    
   3.9395632          8700.8802         -14.509156         -11.735358    
   3.9458642          8828.0386         -85.939015         -83.162175    
   3.9521653          8957.0552         -158.37580         -155.62214    
   3.9584663          9087.9574          128.16633          130.86712    
   3.9647673          9220.7726          53.673030          56.287472    
   3.9710683          9355.5288         -21.870238         -19.379750    
   3.9773694          9492.2544         -98.478229         -96.153760    
   3.9836704          9630.9782         -176.16590         -174.05437    
   3.9899714          9771.7294          105.05158          106.89797    
   3.9962725          9914.5375          25.158843          26.682143    
   4.0025735          10059.433         -55.859714         -54.723673    
   4.0088745          10206.446         -138.01990         -137.34206    
   4.0151756          10355.607          138.66226          138.80361    
   4.0214766          10506.948          54.170497          53.689136    
   4.0277776          10660.501         -31.511664         -32.710540    
   4.0340786          10816.298         -118.40094         -120.42134    
   4.0403797          10974.372          153.48573          150.52993    
   4.0466807          11134.756          64.131150          60.115649    
   4.0529817          11297.484         -26.482097         -31.692569    
   4.0592828          11462.590         -118.37168         -124.92374    
   4.0655838          11630.109          148.44448          140.39270    
   4.0718848          11800.076          53.948230          44.227223    
   4.0781859          11972.528         -41.878858         -53.449410    
   4.0844869          12147.499         -139.05546         -152.66554    
   4.0907879          12325.028          122.39950          106.55209    
   4.0970889          12505.151          22.466801          4.1792009    
   4.1033900          12687.907         -78.873012         -99.805024    
   4.1096910          12873.333          178.36031          154.58306    
   4.1159920          13061.469          74.146766          47.332514    
   4.1222931          13252.355         -31.533956         -61.561471    
   4.1285941          13446.030         -138.70243         -172.09731    
   4.1348951          13642.536          112.62048          75.732686    
   4.1411962          13841.914          2.4136108         -38.058738    
   4.1474972          14044.206         -109.34449         -153.45544    
   4.1537982          14249.454          137.32443          89.559916    
   4.1600992          14457.701          22.398313         -28.996576    
   4.1664003          14668.992         -94.145208         -149.11233    
   4.1727013          14883.371          147.67119          89.219879    
   4.1790023          15100.883          27.824528         -33.999293    
   4.1853034          15321.573         -93.708521         -158.77624    
   4.1916044          15545.489          143.04841          74.875706    
   4.1979054          15772.677          18.071356         -53.063073    
   4.2042065          16003.186         -108.66399          177.38237    
   4.2105075          16237.063          122.81774          46.182606    
   4.2168085          16474.358         -7.5084458         -86.695219    
   4.2231095          16715.122         -139.66788          138.71356    
   4.2294106          16959.403          86.313765          2.3718541    
   4.2357116          17207.255         -49.589568         -135.75855    
   4.2420126          17458.729          172.59572          84.283445    
   4.2483137          17713.878          32.842856         -57.541398    
   4.2546147          17972.757         -108.87531          158.72756    
   4.2609157          18235.418          107.41370          13.051004    
   4.2672168          18501.918         -38.318019         -134.61028    
   4.2735178          18772.313          173.90123          75.704674    
   4.2798188          19046.659          24.042752         -76.043021    
   4.2861198          19325.015         -127.92254          130.10791    
   4.2924209          19607.439          77.975866         -25.881142    
   4.2987219          19893.990         -78.291946          175.95131    
   4.3050229          20184.729          123.24370          15.566771    
   4.3113240          20479.717         -37.447930         -147.07323    
   4.3176250          20779.017          159.60198          47.992762    
   4.3239260          21082.690         -5.6381717         -119.27388    
   4.3302271          21390.801         -173.20043          71.088085    
   4.3365281          21703.415          16.882704         -100.96030    
   4.3428291          22020.598         -155.42171          84.541808    
   4.3491301          22342.416          29.852936         -92.445009    
   4.3554312          22668.938         -147.32724          88.039549    
   4.3617322          23000.231          33.003432         -94.044536    
   4.3680332          23336.366         -149.18987          81.262370    
   4.3743343          23677.414          26.057560         -106.08047    
   4.3806353          24023.445         -161.29007          63.885800    
   4.3869363          24374.534          8.7309438         -128.88037    
   4.3932374          24730.754          176.08382          35.578997    
   4.3995384          25092.179         -19.268756         -162.77856    
   4.4058394          25458.887          142.63540         -3.9959992    
   4.4121404          25830.954         -58.242060          151.88321    
   4.4184415          26208.458          98.059978         -55.184922    
   4.4247425          26591.479         -108.49790          94.755080    
   4.4310435          26980.099          42.044325         -118.34187    
   4.4373446          27374.397         -170.35386          25.478565    
   4.4436456          27774.458         -25.733544          166.17014    
   4.4499466          28180.365          115.86361         -56.313987    
   4.4562477          28592.205         -105.60462          77.978704    
   4.4625487          29010.064          29.818928         -150.99988    
   4.4688497          29434.029          162.09085         -23.298500    
   4.4751507          29864.190         -68.832887          101.03345    
   4.4814518          30300.638          57.003099         -138.05411    
   4.4877528          30743.464          179.55355         -20.611960    
   4.4940538          31192.762         -61.227400          93.308441    
   4.5003549          31648.626          54.613726         -156.34509    
   4.5066559          32111.152          167.02977         -49.625471    
   4.5129569          32580.438         -84.027077          53.413659    
   4.5192580          33056.582          21.394704          152.71789    
   4.5255590          33539.685          123.24597         -111.76793    
   4.5318600          34029.848         -138.52312         -20.099772    
   4.5381610          34527.175         -43.963069          67.665639    
   4.5444621          35031.769          46.874888          151.47076    
   4.5507631          35543.738          133.93883         -128.74279    
   4.5570641          36063.189         -142.82391         -53.034189    
   4.5633652          36590.232         -63.466691          18.536512    
   4.5696662          37124.977          11.956355          85.908414    
   4.5759672          37667.537          83.390361          149.01974    
   4.5822683          38218.026          150.77970         -152.19217    
   4.5885693          38776.560         -145.93203         -97.790869    
   4.5948703          39343.257         -86.802015         -47.840843    
   4.6011713          39918.236         -31.888217         -2.4074943    
   4.6074724          40501.618          18.750585          38.442831    
   4.6137734          41093.525          65.054802          74.642828    
   4.6200744          41694.083          106.96402          106.12422    
   4.6263755          42303.418          144.41699          132.81774    
   4.6326765          42921.658          177.35162          154.65312    
   4.6389775          43548.933         -154.29505          171.55909    
   4.6452786          44185.376         -130.58685         -176.53668    
   4.6515796          44831.119         -111.58849         -169.70755    
   4.6578806          45486.300         -97.365566         -168.02795    
   4.6641816          46151.056         -87.984594         -171.57338    
   4.6704827          46825.527         -83.513006          179.57956    
   4.6767837          47509.855         -84.019163          165.35314    
   4.6830847          48204.183         -89.572374          145.66852    
   4.6893858          48908.660         -100.24291          120.44572    
   4.6956868          49623.431         -116.10199          89.603572    
   4.7019878          50348.649         -137.22186          53.059755    
   4.7082889          51084.465         -163.67572          10.730735    
   4.7145899          51831.035          164.46219         -37.468234    
   4.7208909          52588.515          127.11662         -91.623131    
   4.7271919          53357.066          84.211281         -151.82119    
   4.7334930          54136.849          35.668817          141.84910    
   4.7397940          54928.027         -18.589185          69.297936    
   4.7460950          55730.768         -78.642221         -9.5657722    
   4.7523961          56545.241         -144.57089         -94.834451    
   4.7586971          57371.617          143.54312          173.39813    
   4.7649981          58210.070          65.616947          75.036832    
   4.7712992          59060.776         -18.433366         -30.014869    
   4.7776002          59923.915         -108.69296         -141.85490    
   4.7839012          60799.668          154.75186          99.417369    
   4.7902022          61688.220          51.813598         -26.298860    
   4.7965033          62589.758         -57.596458         -159.10587    
   4.8028043          63504.471         -173.56823          60.892576    
   4.8091053          64432.552          63.807113         -86.408812    
   4.8154064          65374.196         -65.562850          118.88315    
   4.8217074          66329.602          158.22819         -43.339920    
   4.8280084          67298.971          15.085231          146.81202    
   4.8343095          68282.506         -135.08801         -30.772581    
   4.8406105          69280.415          67.610850          143.79307    
   4.8469115          70292.908         -96.917163         -49.605865    
   4.8532125          71320.198          91.227627          108.91410    
   4.8595136          72362.501         -88.056488         -100.76527    
   4.8658146          73420.037          85.127383          41.236094    
   4.8721156          74493.028         -109.32529          174.79649    
   4.8784167          75581.701          48.479536         -60.207560    
   4.8847177          76686.283         -161.56557          56.098674    
   4.8910187          77807.009         -19.569500          163.58808    
   4.8973198          78944.113          114.35734         -97.868292    
   4.9036208          80097.836         -119.89696         -8.4012986    
   4.9099218          81268.419         -2.4458485          71.856310    
   4.9162228          82456.110          106.59565          142.76984    
   4.9225239          83661.158         -152.88905         -155.79737    
   4.9288249          84883.817         -61.018148         -103.98398    
   4.9351259          86124.345          22.088539         -61.930672    
   4.9414270          87383.002          96.309544         -29.780178    
   4.9477280          88660.054          161.52174         -7.6773226    
   4.9540290          89955.769         -142.39971          4.2309567    
   4.9603301          91270.420         -95.581336          5.7955762    
   4.9666311          92604.285         -58.151410         -3.1347255    
   4.9729321          93957.642         -30.239971         -22.713420    
   4.9792331          95330.779         -11.978837         -53.096220    
   4.9855342          96723.983         -3.5016347         -94.441114    
   4.9918352          98137.548         -4.9438258         -146.90840    
   4.9981362          99571.771         -16.442729          149.33929    
   5.0044373          101026.95         -38.137547          74.136932    
   5.0107383          102503.40         -70.169388         -12.682893    
   5.0170393          104001.43         -112.68129         -111.29006    
   5.0233404          105521.35         -165.81827          138.14308    
   5.0296414          107063.49          130.27269          15.441653    
   5.0359424          108628.16          55.442581         -119.57177    
   5.0422434          110215.69         -30.459641          92.922793    
   5.0485445          111826.43         -127.58709         -67.257310    
   5.0548455          113460.71          123.90501          119.70260    
   5.0611465          115118.87          3.8593404         -66.385504    
   5.0674476          116801.27         -127.88360          94.287601    
   5.0737486          118508.25          88.514519         -118.47165    
   5.0800496          120240.18         -67.110188          15.140355    
   5.0863507          121997.42          125.07615          134.92435    
   5.0926517          123780.34         -55.094866         -119.32184    
   5.0989527          125589.32          112.20606         -27.803352    
   5.1052537          127424.74         -93.194103          49.271698    
   5.1115548          129286.97          48.529236          111.69213    
   5.1178558          131176.43          177.19828          159.24370    
   5.1241568          133093.50         -67.367209         -168.29099    
   5.1304579          135038.58          34.650089         -151.13250    
   5.1367589          137012.09          123.06498         -149.50461    
   5.1430599          139014.44         -162.31026         -163.63440    
   5.1493610          141046.06         -101.66589          166.24776    
   5.1556620          143107.36         -55.194817          119.90813    
   5.1619630          145198.79         -23.092536          57.109550    
   5.1682640          147320.79         -5.5572334         -22.388617    
   5.1745651          149473.80         -2.7897944         -118.83051    
   5.1808661          151658.27         -14.993844          127.53615    
   5.1871671          153874.67         -42.375787         -3.5399706    
   5.1934682          156123.46         -85.144840         -152.31388    
   5.1997692          158405.11         -143.51307          40.955692    
   5.2060702          160720.11          142.30454         -143.99378    
   5.2123713          163068.94          52.090125          12.571346    
   5.2186723          165452.10         -54.377194          150.38083    
   5.2249733          167870.09         -177.32128         -90.839542    
   5.2312743          170323.41          43.030930          8.6320356    
   5.2375754          172812.59         -113.55056          88.513284    
   5.2438764          175338.14          72.701101          148.51780    
   5.2501774          177900.61         -118.45041         -171.64500    
   5.2564785          180500.52          32.755383         -152.26995    
   5.2627795          183138.43          166.07567         -153.65619    
   5.2690805          185814.89         -78.735646         -176.10725    
   5.2753816          188530.47          18.071993          140.06893    
   5.2816826          191285.73          96.245744          74.559888    
   5.2879836          194081.26          155.52933         -12.951397    
   5.2942846          196917.65         -164.33702         -122.78658    
   5.3005857          199795.49         -143.61661          104.72798    
   5.3068867          202715.38         -142.57629         -50.738853    
   5.3131877          205677.95         -161.48658          130.47697    
   5.3194888          208683.81          159.37835         -71.965451    
   5.3257898          211733.60          99.740603          61.588037    
   5.3320908          214827.97          19.318494          170.78651    
   5.3383919          217967.55         -82.173473         -104.72607    
   5.3446929          221153.02          154.97533         -45.310968    
   5.3509939          224385.05          10.471587         -11.334706    
   5.3572949          227664.30         -155.98197         -3.1691752    
   5.3635960          230991.48          15.313324         -21.191699    
   5.3698970          234367.29          164.05208         -65.785117    
   5.3761980          237792.43         -70.075270         -137.33786    
   5.3824991          241267.63          32.617541          123.75595    
   5.3888001          244793.62          111.81251         -2.9035531    
   5.3951011          248371.13          167.18732         -157.72208    
   5.4014022          252000.93         -161.58470          18.888706    
   5.4077032          255683.78         -154.83465          166.51116    
   5.4140042          259420.45         -172.89815         -75.278497    
   5.4203052          263211.73          143.88469          13.089781    
   5.4266063          267058.42          75.169113          71.179747    
   5.4329073          270961.32         -19.394295          98.548783    
   5.4392083          274921.26         -140.15967          94.747799    
   5.4455094          278939.08          72.514041          59.321145    
   5.4518104          283015.61         -101.73695         -8.1934910    
   5.4581114          287151.72          56.718645         -108.26517    
   5.4644125          291348.27         -172.49289          118.63017    
   5.4707135          295606.16         -69.750299         -47.990326    
   5.4770145          299926.27          4.5625295          111.38340    
   5.4833155          304309.52          50.056523         -123.74575    
   5.4896166          308756.83          66.337353         -33.882128    
   5.4959176          313269.13          53.005358          20.462542    
   5.5022186          317847.38          9.6554773          38.769054    
   5.5085197          322492.53         -64.122820          20.510615    
   5.5148207          327205.57         -168.74562         -34.847263    
   5.5211217          331987.49          55.365385         -127.84688    
   5.5274228          336839.30         -112.21720          100.96154    
   5.5337238          341762.01          48.073464         -68.980262    
   5.5400248          346756.66          175.79836          81.761289    
   5.5463258          351824.31         -89.487436         -167.38850    
   5.5526269          356966.01         -28.234873         -97.012736    
   5.5589279          362182.87        -0.90097746         -67.703019    
   5.5652289          367475.96         -7.9489344         -80.059613    
   5.5715300          372846.41         -49.848180         -134.69155    
   5.5778310          378295.34         -127.07448          127.78325    
   5.5841320          383823.91          119.88999         -13.262182    
   5.5904331          389433.27         -29.443466          161.53605    
   5.5967341          395124.61          144.42989         -68.467482    
   5.6030351          400899.13         -78.991872          16.072394    
   5.6093361          406758.03          19.782533          54.491262    
   5.6156372          412702.57          80.237549          46.115007    
   5.6219382          418733.98          101.85067         -9.7403394    
   5.6282392          424853.53          84.092366         -113.76874    
   5.6345403          431062.52          26.425947          93.325715    
   5.6408413          437362.25         -71.692461         -109.17137    
   5.6471423          443754.04          149.18592         -1.9848196    
   5.6534434          450239.25         -31.497552          54.149955    
   5.6597444          456819.23          105.69097          58.486792    
   5.6660454          463495.38         -159.82227          10.268630    
   5.6723464          470269.10         -108.61879         -91.272654    
   5.6786475          477141.81         -101.28788          113.08359    
   5.6849485          484114.96         -138.42679         -97.453359    
   5.6912495          491190.02          139.35921         -3.6857989    
   5.6975506          498368.47          11.456705          33.572266    
   5.7038516          505651.84         -162.75595          13.494934    
   5.7101526          513041.65         -23.908785         -64.755764    
   5.7164537          520539.45          67.359732          157.96996    
   5.7227547          528146.83          110.40253         -39.190528    
   5.7290557          535865.39          104.56387          62.887532    
   5.7353567          543696.75          49.179159          103.31611    
   5.7416578          551642.57         -56.425082          81.194214    
   5.7479588          559704.50          147.06860         -4.3923338    
   5.7542598          567884.26         -61.031524         -154.37105    
   5.7605609          576183.56          38.573574         -9.6830216    
   5.7668619          584604.14          85.173465          68.716934    
   5.7731629          593147.79          78.048204          79.860036    
   5.7794640          601816.31          16.468161          22.763348    
   5.7857650          610611.50         -100.30608         -103.57042    
   5.7920660          619535.23          86.976152          59.846850    
   5.7983670          628589.38         -142.44455          151.98852    
   5.8046681          637775.85         -69.337779          171.81292    
   5.8109691          647096.57         -54.483443          118.26318    
   5.8172701          656553.51         -98.671931         -9.7330100    
   5.8235712          666148.66          157.29576          146.73635    
   5.8298722          675884.04         -7.3920943         -133.43262    
   5.8361732          685761.69          126.44187         -131.35994    
   5.8424743          695783.70         -162.03602          151.81800    
   5.8487753          705952.17         -153.67059         -5.0517677    
   5.8550763          716269.26          150.68198          116.86091    
   5.8613773          726737.11          30.154006          156.36909    
   5.8676784          737357.96         -156.13380          112.26852    
   5.8739794          748134.01         -49.072559         -16.662682    
   5.8802804          759067.56         -9.5652779          128.33575    
   5.8865815          770160.89         -38.527131         -173.99401    
   5.8928825          781416.34         -136.88555          155.07179    
   5.8991835          792836.29          54.419605          34.238296    
   5.9054846          804423.13          174.43586         -177.80830    
   5.9117856          816179.31         -137.80204         -122.40098    
   5.9180866          828107.29         -163.27227         -160.89224    
   5.9243876          840209.60          97.033860          65.345707    
   5.9306887          852488.78         -77.888250         -165.07945    
   5.9369897          864947.40          30.943331         -133.58033    
   5.9432907          877588.11          62.496889          158.40977    
   5.9495918          890413.55          15.726855         -10.563377    
   5.9558928          903426.43         -110.42635          78.024762    
   5.9621938          916629.48          42.963488          62.677142    
   5.9684949          930025.49          114.80817         -58.125153    
   5.9747959          943617.27          104.00492          74.076761    
   5.9810969          957407.69          9.4361635          97.719249    
   5.9873979          971399.64         -170.03068          11.215824    
   5.9936990          985596.09          0.0000000          172.95682    
   6.0000000          1000000.0          0.0000000         -138.69097    
