   LOG10(FN) FN  Magnitudes: TI11, TI12 ... TI21, TI22 ...
 -0.30103000         0.50000000          1.0000000    
 -0.29472897         0.50730721          1.0000000    
 -0.28842794         0.51472121          1.0000000    
 -0.28212691         0.52224356          1.0000000    
 -0.27582588         0.52987585          1.0000000    
 -0.26952485         0.53761968          1.0000000    
 -0.26322382         0.54547667          1.0000000    
 -0.25692279         0.55344850          1.0000000    
 -0.25062176         0.56153683          1.0000000    
 -0.24432073         0.56974336          1.0000000    
 -0.23801970         0.57806983          1.0000000    
 -0.23171867         0.58651799          1.0000000    
 -0.22541764         0.59508961          1.0000000    
 -0.21911661         0.60378649          1.0000000    
 -0.21281558         0.61261048          1.0000000    
 -0.20651455         0.62156343          1.0000000    
 -0.20021352         0.63064722          1.0000000    
 -0.19391249         0.63986376          1.0000000    
 -0.18761146         0.64921500          1.0000000    
 -0.18131043         0.65870290          1.0000000    
 -0.17500940         0.66832946          1.0000000    
 -0.16870837         0.67809671          1.0000000    
 -0.16240734         0.68800669          1.0000000    
 -0.15610631         0.69806151          1.0000000    
 -0.14980528         0.70826328          1.0000000    
 -0.14350425         0.71861413          1.0000000    
 -0.13720322         0.72911626          1.0000000    
 -0.13090219         0.73977187          1.0000000    
 -0.12460116         0.75058321          1.0000000    
 -0.11830013         0.76155255          1.0000000    
 -0.11199910         0.77268219          1.0000000    
 -0.10569807         0.78397450          1.0000000    
 -0.99397036E-01     0.79543183          1.0000000    
 -0.93096006E-01     0.80705660          1.0000000    
 -0.86794976E-01     0.81885126          1.0000000    
 -0.80493946E-01     0.83081830          1.0000000    
 -0.74192916E-01     0.84296023          1.0000000    
 -0.67891886E-01     0.85527960          1.0000000    
 -0.61590856E-01     0.86777902          1.0000000    
 -0.55289826E-01     0.88046110          1.0000000    
 -0.48988796E-01     0.89332853          1.0000000    
 -0.42687766E-01     0.90638401          1.0000000    
 -0.36386736E-01     0.91963028          1.0000000    
 -0.30085706E-01     0.93307015          1.0000000    
 -0.23784676E-01     0.94670642          1.0000000    
 -0.17483646E-01     0.96054199          1.0000000    
 -0.11182616E-01     0.97457975          1.0000000    
 -0.48815859E-02     0.98882267          1.0000000    
  0.14194441E-02      1.0032737          1.0000000    
  0.77204741E-02      1.0179360          1.0000000    
  0.14021504E-01      1.0328125          1.0000000    
  0.20322534E-01      1.0479065          1.0000000    
  0.26623564E-01      1.0632210          1.0000000    
  0.32924594E-01      1.0787594          1.0000000    
  0.39225624E-01      1.0945248          1.0000000    
  0.45526654E-01      1.1105207          1.0000000    
  0.51827684E-01      1.1267503          1.0000000    
  0.58128714E-01      1.1432171          1.0000000    
  0.64429744E-01      1.1599246          1.0000000    
  0.70730774E-01      1.1768762          1.0000000    
  0.77031804E-01      1.1940755          1.0000000    
  0.83332834E-01      1.2115263          1.0000000    
  0.89633864E-01      1.2292320          1.0000000    
  0.95934894E-01      1.2471965          1.0000000    
  0.10223592          1.2654236          1.0000000    
  0.10853695          1.2839170          1.0000000    
  0.11483798          1.3026807          1.0000000    
  0.12113901          1.3217186          1.0000000    
  0.12744004          1.3410348          1.0000000    
  0.13374107          1.3606332          1.0000000    
  0.14004210          1.3805181          1.0000000    
  0.14634313          1.4006936          1.0000000    
  0.15264416          1.4211639          1.0000000    
  0.15894519          1.4419334          1.0000000    
  0.16524622          1.4630064          1.0000000    
  0.17154725          1.4843874          1.0000000    
  0.17784828          1.5060808          1.0000000    
  0.18414931          1.5280913          1.0000000    
  0.19045034          1.5504235          1.0000000    
  0.19675137          1.5730820          1.0000000    
  0.20305240          1.5960717          1.0000000    
  0.20935343          1.6193974          1.0000000    
  0.21565446          1.6430639          1.0000000    
  0.22195549          1.6670764          1.0000000    
  0.22825652          1.6914397          1.0000000    
  0.23455755          1.7161591          1.0000000    
  0.24085858          1.7412398          1.0000000    
  0.24715961          1.7666870          1.0000000    
  0.25346064          1.7925061          1.0000000    
  0.25976167          1.8187025          1.0000000    
  0.26606270          1.8452818          1.0000000    
  0.27236373          1.8722495          1.0000000    
  0.27866476          1.8996114          1.0000000    
  0.28496579          1.9273731          1.0000000    
  0.29126682          1.9555405          1.0000000    
  0.29756785          1.9841196          1.0000000    
  0.30386888          2.0131164          1.0000000    
  0.31016991          2.0425369          1.0000000    
  0.31647094          2.0723874          1.0000000    
  0.32277197          2.1026741          1.0000000    
  0.32907300          2.1334035          1.0000000    
  0.33537403          2.1645820          1.0000000    
  0.34167506          2.1962161          1.0000000    
  0.34797609          2.2283125          1.0000000    
  0.35427712          2.2608780          1.0000000    
  0.36057815          2.2939194          1.0000000    
  0.36687918          2.3274437          1.0000000    
  0.37318021          2.3614579          1.0000000    
  0.37948124          2.3959693          1.0000000    
  0.38578227          2.4309850          1.0000000    
  0.39208330          2.4665124          1.0000000    
  0.39838433          2.5025591          1.0000000    
  0.40468536          2.5391325          1.0000000    
  0.41098639          2.5762404          1.0000000    
  0.41728742          2.6138907          1.0000000    
  0.42358845          2.6520912          1.0000000    
  0.42988948          2.6908500          1.0000000    
  0.43619051          2.7301752          1.0000000    
  0.44249154          2.7700751          1.0000000    
  0.44879257          2.8105581          1.0000000    
  0.45509360          2.8516328          1.0000000    
  0.46139463          2.8933078          1.0000000    
  0.46769566          2.9355918          1.0000000    
  0.47399669          2.9784938          1.0000000    
  0.48029772          3.0220227          1.0000000    
  0.48659875          3.0661878          1.0000000    
  0.49289978          3.1109984          1.0000000    
  0.49920081          3.1564638          1.0000000    
  0.50550184          3.2025937          1.0000000    
  0.51180287          3.2493977          1.0000000    
  0.51810390          3.2968858          1.0000000    
  0.52440493          3.3450679          1.0000000    
  0.53070596          3.3939541          1.0000000    
  0.53700699          3.4435548          1.0000000    
  0.54330802          3.4938803          1.0000000    
  0.54960905          3.5449413          1.0000000    
  0.55591008          3.5967486          1.0000000    
  0.56221111          3.6493130          1.0000000    
  0.56851214          3.7026456          1.0000000    
  0.57481317          3.7567576          1.0000000    
  0.58111420          3.8116604          1.0000000    
  0.58741523          3.8673656          1.0000000    
  0.59371626          3.9238849          1.0000000    
  0.60001729          3.9812302          1.0000000    
  0.60631832          4.0394136          1.0000000    
  0.61261935          4.0984473          1.0000000    
  0.61892038          4.1583437          1.0000000    
  0.62522141          4.2191155          1.0000000    
  0.63152244          4.2807754          1.0000000    
  0.63782347          4.3433365          1.0000000    
  0.64412450          4.4068118          1.0000000    
  0.65042553          4.4712148          1.0000000    
  0.65672656          4.5365590          1.0000000    
  0.66302759          4.6028582          1.0000000    
  0.66932862          4.6701263          1.0000000    
  0.67562965          4.7383775          1.0000000    
  0.68193068          4.8076261          1.0000000    
  0.68823171          4.8778868          1.0000000    
  0.69453274          4.9491742          1.0000000    
  0.70083377          5.0215035          1.0000000    
  0.70713480          5.0948899          1.0000000    
  0.71343583          5.1693488          1.0000000    
  0.71973686          5.2448958          1.0000000    
  0.72603789          5.3215469          1.0000000    
  0.73233892          5.3993182          1.0000000    
  0.73863995          5.4782261          1.0000000    
  0.74494098          5.5582872          1.0000000    
  0.75124201          5.6395183          1.0000000    
  0.75754304          5.7219366          1.0000000    
  0.76384407          5.8055594          1.0000000    
  0.77014510          5.8904043          1.0000000    
  0.77644613          5.9764891          1.0000000    
  0.78274716          6.0638320          1.0000000    
  0.78904819          6.1524514          1.0000000    
  0.79534922          6.2423659          1.0000000    
  0.80165025          6.3335945          1.0000000    
  0.80795128          6.4261563          1.0000000    
  0.81425231          6.5200708          1.0000000    
  0.82055334          6.6153579          1.0000000    
  0.82685437          6.7120375          1.0000000    
  0.83315540          6.8101300          1.0000000    
  0.83945643          6.9096561          1.0000000    
  0.84575746          7.0106367          1.0000000    
  0.85205849          7.1130931          1.0000000    
  0.85835952          7.2170468          1.0000000    
  0.86466055          7.3225198          1.0000000    
  0.87096158          7.4295342          1.0000000    
  0.87726261          7.5381125          1.0000000    
  0.88356364          7.6482776          1.0000000    
  0.88986467          7.7600528          1.0000000    
  0.89616570          7.8734614          1.0000000    
  0.90246673          7.9885275          1.0000000    
  0.90876776          8.1052752          1.0000000    
  0.91506879          8.2237291          1.0000000    
  0.92136982          8.3439141          1.0000000    
  0.92767085          8.4658555          1.0000000    
  0.93397188          8.5895791          1.0000000    
  0.94027291          8.7151108          1.0000000    
  0.94657394          8.8424771          1.0000000    
  0.95287497          8.9717048          1.0000000    
  0.95917600          9.1028210          1.0000000    
  0.96547703          9.2358535          1.0000000    
  0.97177806          9.3708301          1.0000000    
  0.97807909          9.5077793          1.0000000    
  0.98438012          9.6467300          1.0000000    
  0.99068115          9.7877114          1.0000000    
  0.99698218          9.9307531          1.0000000    
   1.0032832          10.075885          1.0000000    
   1.0095842          10.223138          1.0000000    
   1.0158853          10.372544          1.0000000    
   1.0221863          10.524132          1.0000000    
   1.0284873          10.677936          1.0000000    
   1.0347884          10.833988          1.0000000    
   1.0410894          10.992321          1.0000000    
   1.0473904          11.152967          1.0000000    
   1.0536915          11.315961          1.0000000    
   1.0599925          11.481337          1.0000000    
   1.0662935          11.649131          1.0000000    
   1.0725945          11.819376          1.0000000    
   1.0788956          11.992109          1.0000000    
   1.0851966          12.167367          1.0000000    
   1.0914976          12.345186          1.0000000    
   1.0977987          12.525604          1.0000000    
   1.1040997          12.708658          1.0000000    
   1.1104007          12.894388          1.0000000    
   1.1167018          13.082832          1.0000000    
   1.1230028          13.274030          1.0000000    
   1.1293038          13.468022          1.0000000    
   1.1356048          13.664849          1.0000000    
   1.1419059          13.864553          1.0000000    
   1.1482069          14.067175          1.0000000    
   1.1545079          14.272759          1.0000000    
   1.1608090          14.481347          1.0000000    
   1.1671100          14.692984          1.0000000    
   1.1734110          14.907713          1.0000000    
   1.1797121          15.125581          1.0000000    
   1.1860131          15.346632          1.0000000    
   1.1923141          15.570914          1.0000000    
   1.1986151          15.798474          1.0000000    
   1.2049162          16.029360          1.0000000    
   1.2112172          16.263619          1.0000000    
   1.2175182          16.501303          1.0000000    
   1.2238193          16.742460          1.0000000    
   1.2301203          16.987141          1.0000000    
   1.2364213          17.235398          1.0000000    
   1.2427224          17.487284          1.0000000    
   1.2490234          17.742850          1.0000000    
   1.2553244          18.002152          1.0000000    
   1.2616254          18.265243          1.0000000    
   1.2679265          18.532178          1.0000000    
   1.2742275          18.803015          1.0000000    
   1.2805285          19.077811          1.0000000    
   1.2868296          19.356622          1.0000000    
   1.2931306          19.639508          1.0000000    
   1.2994316          19.926528          1.0000000    
   1.3057327          20.217742          1.0000000    
   1.3120337          20.513213          1.0000000    
   1.3183347          20.813001          1.0000000    
   1.3246357          21.117171          1.0000000    
   1.3309368          21.425787          1.0000000    
   1.3372378          21.738912          1.0000000    
   1.3435388          22.056614          1.0000000    
   1.3498399          22.378958          1.0000000    
   1.3561409          22.706014          1.0000000    
   1.3624419          23.037849          1.0000000    
   1.3687430          23.374534          1.0000000    
   1.3750440          23.716139          1.0000000    
   1.3813450          24.062736          1.0000000    
   1.3876460          24.414399          1.0000000    
   1.3939471          24.771202          1.0000000    
   1.4002481          25.133218          1.0000000    
   1.4065491          25.500526          1.0000000    
   1.4128502          25.873201          1.0000000    
   1.4191512          26.251323          1.0000000    
   1.4254522          26.634971          1.0000000    
   1.4317533          27.024225          1.0000000    
   1.4380543          27.419169          1.0000000    
   1.4443553          27.819884          1.0000000    
   1.4506563          28.226455          1.0000000    
   1.4569574          28.638969          1.0000000    
   1.4632584          29.057510          1.0000000    
   1.4695594          29.482169          1.0000000    
   1.4758605          29.913034          1.0000000    
   1.4821615          30.350196          1.0000000    
   1.4884625          30.793746          1.0000000    
   1.4947636          31.243779          1.0000000    
   1.5010646          31.700388          1.0000000    
   1.5073656          32.163671          1.0000000    
   1.5136666          32.633725          1.0000000    
   1.5199677          33.110647          1.0000000    
   1.5262687          33.594540          1.0000000    
   1.5325697          34.085505          1.0000000    
   1.5388708          34.583645          1.0000000    
   1.5451718          35.089065          1.0000000    
   1.5514728          35.601871          1.0000000    
   1.5577739          36.122172          1.0000000    
   1.5640749          36.650076          1.0000000    
   1.5703759          37.185696          1.0000000    
   1.5766769          37.729143          1.0000000    
   1.5829780          38.280533          1.0000000    
   1.5892790          38.839980          1.0000000    
   1.5955800          39.407604          1.0000000    
   1.6018811          39.983523          1.0000000    
   1.6081821          40.567859          1.0000000    
   1.6144831          41.160735          1.0000000    
   1.6207842          41.762275          1.0000000    
   1.6270852          42.372607          1.0000000    
   1.6333862          42.991858          1.0000000    
   1.6396872          43.620159          1.0000000    
   1.6459883          44.257642          1.0000000    
   1.6522893          44.904442          1.0000000    
   1.6585903          45.560694          1.0000000    
   1.6648914          46.226537          1.0000000    
   1.6711924          46.902111          1.0000000    
   1.6774934          47.587558          1.0000000    
   1.6837945          48.283023          1.0000000    
   1.6900955          48.988651          1.0000000    
   1.6963965          49.704592          1.0000000    
   1.7026975          50.430996          1.0000000    
   1.7089986          51.168015          1.0000000    
   1.7152996          51.915806          1.0000000    
   1.7216006          52.674526          1.0000000    
   1.7279017          53.444333          1.0000000    
   1.7342027          54.225391          1.0000000    
   1.7405037          55.017864          1.0000000    
   1.7468048          55.821918          1.0000000    
   1.7531058          56.637723          1.0000000    
   1.7594068          57.465450          1.0000000    
   1.7657078          58.305274          1.0000000    
   1.7720089          59.157372          1.0000000    
   1.7783099          60.021923          1.0000000    
   1.7846109          60.899108          1.0000000    
   1.7909120          61.789113          1.0000000    
   1.7972130          62.692125          1.0000000    
   1.8035140          63.608334          1.0000000    
   1.8098151          64.537933          1.0000000    
   1.8161161          65.481118          1.0000000    
   1.8224171          66.438086          1.0000000    
   1.8287181          67.409040          1.0000000    
   1.8350192          68.394184          1.0000000    
   1.8413202          69.393725          1.0000000    
   1.8476212          70.407874          1.0000000    
   1.8539223          71.436845          1.0000000    
   1.8602233          72.480853          1.0000000    
   1.8665243          73.540118          1.0000000    
   1.8728254          74.614864          1.0000000    
   1.8791264          75.705317          1.0000000    
   1.8854274          76.811706          1.0000000    
   1.8917284          77.934265          1.0000000    
   1.8980295          79.073229          1.0000000    
   1.9043305          80.228838          1.0000000    
   1.9106315          81.401336          1.0000000    
   1.9169326          82.590969          1.0000000    
   1.9232336          83.797988          1.0000000    
   1.9295346          85.022647          1.0000000    
   1.9358357          86.265204          1.0000000    
   1.9421367          87.525920          1.0000000    
   1.9484377          88.805060          1.0000000    
   1.9547387          90.102895          1.0000000    
   1.9610398          91.419696          1.0000000    
   1.9673408          92.755742          1.0000000    
   1.9736418          94.111313          1.0000000    
   1.9799429          95.486695          1.0000000    
   1.9862439          96.882178          1.0000000    
   1.9925449          98.298055          1.0000000    
   1.9988460          99.734624          1.0000000    
   2.0051470          101.19219          1.0000000    
   2.0114480          102.67105          1.0000000    
   2.0177490          104.17153          1.0000000    
   2.0240501          105.69394          1.0000000    
   2.0303511          107.23859          1.0000000    
   2.0366521          108.80582          1.0000000    
   2.0429532          110.39596          1.0000000    
   2.0492542          112.00933          1.0000000    
   2.0555552          113.64628          1.0000000    
   2.0618563          115.30715          1.0000000    
   2.0681573          116.99230          1.0000000    
   2.0744583          118.70208          1.0000000    
   2.0807593          120.43684          1.0000000    
   2.0870604          122.19695          1.0000000    
   2.0933614          123.98279          1.0000000    
   2.0996624          125.79473          1.0000000    
   2.1059635          127.63314          1.0000000    
   2.1122645          129.49843          1.0000000    
   2.1185655          131.39097          1.0000000    
   2.1248666          133.31117          1.0000000    
   2.1311676          135.25944          1.0000000    
   2.1374686          137.23618          1.0000000    
   2.1437696          139.24180          1.0000000    
   2.1500707          141.27674          1.0000000    
   2.1563717          143.34142          1.0000000    
   2.1626727          145.43627          1.0000000    
   2.1689738          147.56174          1.0000000    
   2.1752748          149.71827          1.0000000    
   2.1815758          151.90631          1.0000000    
   2.1878769          154.12634          1.0000000    
   2.1941779          156.37880          1.0000000    
   2.2004789          158.66419          1.0000000    
   2.2067799          160.98297          1.0000000    
   2.2130810          163.33565          1.0000000    
   2.2193820          165.72270          1.0000000    
   2.2256830          168.14464          1.0000000    
   2.2319841          170.60198          1.0000000    
   2.2382851          173.09523          1.0000000    
   2.2445861          175.62491          1.0000000    
   2.2508872          178.19157          1.0000000    
   2.2571882          180.79574          1.0000000    
   2.2634892          183.43796          1.0000000    
   2.2697902          186.11880          1.0000000    
   2.2760913          188.83882          1.0000000    
   2.2823923          191.59859          1.0000000    
   2.2886933          194.39869          1.0000000    
   2.2949944          197.23971          1.0000000    
   2.3012954          200.12226          1.0000000    
   2.3075964          203.04693          1.0000000    
   2.3138975          206.01434          1.0000000    
   2.3201985          209.02512          1.0000000    
   2.3264995          212.07990          1.0000000    
   2.3328005          215.17933          1.0000000    
   2.3391016          218.32405          1.0000000    
   2.3454026          221.51473          1.0000000    
   2.3517036          224.75203          1.0000000    
   2.3580047          228.03666          1.0000000    
   2.3643057          231.36928          1.0000000    
   2.3706067          234.75061          1.0000000    
   2.3769078          238.18135          1.0000000    
   2.3832088          241.66223          1.0000000    
   2.3895098          245.19399          1.0000000    
   2.3958108          248.77735          1.0000000    
   2.4021119          252.41309          1.0000000    
   2.4084129          256.10196          1.0000000    
   2.4147139          259.84474          1.0000000    
   2.4210150          263.64222          1.0000000    
   2.4273160          267.49520          1.0000000    
   2.4336170          271.40449          1.0000000    
   2.4399181          275.37091          1.0000000    
   2.4462191          279.39529          1.0000000    
   2.4525201          283.47849          1.0000000    
   2.4588211          287.62136          1.0000000    
   2.4651222          291.82478          1.0000000    
   2.4714232          296.08963          1.0000000    
   2.4777242          300.41681          1.0000000    
   2.4840253          304.80723          1.0000000    
   2.4903263          309.26181          1.0000000    
   2.4966273          313.78149          1.0000000    
   2.5029284          318.36723          1.0000000    
   2.5092294          323.01998          1.0000000    
   2.5155304          327.74073          1.0000000    
   2.5218314          332.53047          1.0000000    
   2.5281325          337.39021          1.0000000    
   2.5344335          342.32097          1.0000000    
   2.5407345          347.32379          1.0000000    
   2.5470356          352.39973          1.0000000    
   2.5533366          357.54984          1.0000000    
   2.5596376          362.77523          1.0000000    
   2.5659387          368.07698          1.0000000    
   2.5722397          373.45621          1.0000000    
   2.5785407          378.91405          1.0000000    
   2.5848417          384.45166          1.0000000    
   2.5911428          390.07020          1.0000000    
   2.5974438          395.77085          1.0000000    
   2.6037448          401.55481          1.0000000    
   2.6100459          407.42330          1.0000000    
   2.6163469          413.37756          1.0000000    
   2.6226479          419.41883          1.0000000    
   2.6289490          425.54839          1.0000000    
   2.6352500          431.76753          1.0000000    
   2.6415510          438.07756          1.0000000    
   2.6478520          444.47981          1.0000000    
   2.6541531          450.97563          1.0000000    
   2.6604541          457.56638          1.0000000    
   2.6667551          464.25344          1.0000000    
   2.6730562          471.03824          1.0000000    
   2.6793572          477.92219          1.0000000    
   2.6856582          484.90674          1.0000000    
   2.6919593          491.99337          1.0000000    
   2.6982603          499.18357          1.0000000    
   2.7045613          506.47885          1.0000000    
   2.7108623          513.88074          1.0000000    
   2.7171634          521.39081          1.0000000    
   2.7234644          529.01063          1.0000000    
   2.7297654          536.74182          1.0000000    
   2.7360665          544.58599          1.0000000    
   2.7423675          552.54480          1.0000000    
   2.7486685          560.61992          1.0000000    
   2.7549696          568.81305          1.0000000    
   2.7612706          577.12592          1.0000000    
   2.7675716          585.56028          1.0000000    
   2.7738726          594.11791          1.0000000    
   2.7801737          602.80059          1.0000000    
   2.7864747          611.61018          1.0000000    
   2.7927757          620.54850          1.0000000    
   2.7990768          629.61746          1.0000000    
   2.8053778          638.81895          1.0000000    
   2.8116788          648.15492          1.0000000    
   2.8179799          657.62733          1.0000000    
   2.8242809          667.23817          1.0000000    
   2.8305819          676.98947          1.0000000    
   2.8368829          686.88328          1.0000000    
   2.8431840          696.92168          1.0000000    
   2.8494850          707.10678          1.0000000    
   2.8557860          717.44074          1.0000000    
   2.8620871          727.92572          1.0000000    
   2.8683881          738.56393          1.0000000    
   2.8746891          749.35761          1.0000000    
   2.8809902          760.30904          1.0000000    
   2.8872912          771.42051          1.0000000    
   2.8935922          782.69437          1.0000000    
   2.8998932          794.13300          1.0000000    
   2.9061943          805.73879          1.0000000    
   2.9124953          817.51419          1.0000000    
   2.9187963          829.46169          1.0000000    
   2.9250974          841.58379          1.0000000    
   2.9313984          853.88305          1.0000000    
   2.9376994          866.36205          1.0000000    
   2.9440005          879.02343          1.0000000    
   2.9503015          891.86985          1.0000000    
   2.9566025          904.90401          1.0000000    
   2.9629035          918.12866          1.0000000    
   2.9692046          931.54657          1.0000000    
   2.9755056          945.16058          1.0000000    
   2.9818066          958.97356          1.0000000    
   2.9881077          972.98840          1.0000000    
   2.9944087          987.20806          1.0000000    
   3.0007097          1001.6355          1.0000000    
   3.0070108          1016.2739          1.0000000    
   3.0133118          1031.1261          1.0000000    
   3.0196128          1046.1954          1.0000000    
   3.0259138          1061.4850          1.0000000    
   3.0322149          1076.9979          1.0000000    
   3.0385159          1092.7376          1.0000000    
   3.0448169          1108.7074          1.0000000    
   3.0511180          1124.9105          1.0000000    
   3.0574190          1141.3504          1.0000000    
   3.0637200          1158.0306          1.0000000    
   3.0700211          1174.9545          1.0000000    
   3.0763221          1192.1258          1.0000000    
   3.0826231          1209.5480          1.0000000    
   3.0889241          1227.2249          1.0000000    
   3.0952252          1245.1600          1.0000000    
   3.1015262          1263.3573          1.0000000    
   3.1078272          1281.8206          1.0000000    
   3.1141283          1300.5536          1.0000000    
   3.1204293          1319.5605          1.0000000    
   3.1267303          1338.8451          1.0000000    
   3.1330314          1358.4115          1.0000000    
   3.1393324          1378.2639          1.0000000    
   3.1456334          1398.4064          1.0000000    
   3.1519344          1418.8433          1.0000000    
   3.1582355          1439.5789          1.0000000    
   3.1645365          1460.6175          1.0000000    
   3.1708375          1481.9636          1.0000000    
   3.1771386          1503.6216          1.0000000    
   3.1834396          1525.5962          1.0000000    
   3.1897406          1547.8919          1.0000000    
   3.1960417          1570.5134          1.0000000    
   3.2023427          1593.4656          1.0000000    
   3.2086437          1616.7531          1.0000000    
   3.2149447          1640.3810          1.0000000    
   3.2212458          1664.3543          1.0000000    
   3.2275468          1688.6778          1.0000000    
   3.2338478          1713.3569          1.0000000    
   3.2401489          1738.3966          1.0000000    
   3.2464499          1763.8022          1.0000000    
   3.2527509          1789.5792          1.0000000    
   3.2590520          1815.7329          1.0000000    
   3.2653530          1842.2687          1.0000000    
   3.2716540          1869.1924          1.0000000    
   3.2779550          1896.5096          1.0000000    
   3.2842561          1924.2260          1.0000000    
   3.2905571          1952.3474          1.0000000    
   3.2968581          1980.8798          1.0000000    
   3.3031592          2009.8292          1.0000000    
   3.3094602          2039.2017          1.0000000    
   3.3157612          2069.0035          1.0000000    
   3.3220623          2099.2408          1.0000000    
   3.3283633          2129.9200          1.0000000    
   3.3346643          2161.0475          1.0000000    
   3.3409653          2192.6299          1.0000000    
   3.3472664          2224.6740          1.0000000    
   3.3535674          2257.1863          1.0000000    
   3.3598684          2290.1737          1.0000000    
   3.3661695          2323.6433          1.0000000    
   3.3724705          2357.6020          1.0000000    
   3.3787715          2392.0570          1.0000000    
   3.3850726          2427.0155          1.0000000    
   3.3913736          2462.4849          1.0000000    
   3.3976746          2498.4727          1.0000000    
   3.4039756          2534.9864          1.0000000    
   3.4102767          2572.0338          1.0000000    
   3.4165777          2609.6226          1.0000000    
   3.4228787          2647.7607          1.0000000    
   3.4291798          2686.4562          1.0000000    
   3.4354808          2725.7172          1.0000000    
   3.4417818          2765.5520          1.0000000    
   3.4480829          2805.9689          1.0000000    
   3.4543839          2846.9765          1.0000000    
   3.4606849          2888.5834          1.0000000    
   3.4669859          2930.7984          1.0000000    
   3.4732870          2973.6303          1.0000000    
   3.4795880          3017.0882          1.0000000    
   3.4858890          3061.1812          1.0000000    
   3.4921901          3105.9185          1.0000000    
   3.4984911          3151.3097          1.0000000    
   3.5047921          3197.3643          1.0000000    
   3.5110932          3244.0919          1.0000000    
   3.5173942          3291.5024          1.0000000    
   3.5236952          3339.6058          1.0000000    
   3.5299962          3388.4122          1.0000000    
   3.5362973          3437.9319          1.0000000    
   3.5425983          3488.1753          1.0000000    
   3.5488993          3539.1529          1.0000000    
   3.5552004          3590.8756          1.0000000    
   3.5615014          3643.3542          1.0000000    
   3.5678024          3696.5997          1.0000000    
   3.5741035          3750.6233          1.0000000    
   3.5804045          3805.4365          1.0000000    
   3.5867055          3861.0508          1.0000000    
   3.5930065          3917.4778          1.0000000    
   3.5993076          3974.7294          1.0000000    
   3.6056086          4032.8178          1.0000000    
   3.6119096          4091.7551          1.0000000    
   3.6182107          4151.5537          1.0000000    
   3.6245117          4212.2263          1.0000000    
   3.6308127          4273.7855          1.0000000    
   3.6371138          4336.2444          1.0000000    
   3.6434148          4399.6161          1.0000000    
   3.6497158          4463.9139          1.0000000    
   3.6560168          4529.1514          1.0000000    
   3.6623179          4595.3424          1.0000000    
   3.6686189          4662.5006          1.0000000    
   3.6749199          4730.6403          1.0000000    
   3.6812210          4799.7759          1.0000000    
   3.6875220          4869.9218          1.0000000    
   3.6938230          4941.0929          1.0000000    
   3.7001241          5013.3041          1.0000000    
   3.7064251          5086.5707          1.0000000    
   3.7127261          5160.9079          1.0000000    
   3.7190271          5236.3316          1.0000000    
   3.7253282          5312.8575          1.0000000    
   3.7316292          5390.5019          1.0000000    
   3.7379302          5469.2809          1.0000000    
   3.7442313          5549.2113          1.0000000    
   3.7505323          5630.3098          1.0000000    
   3.7568333          5712.5935          1.0000000    
   3.7631344          5796.0797          1.0000000    
   3.7694354          5880.7861          1.0000000    
   3.7757364          5966.7303          1.0000000    
   3.7820374          6053.9306          1.0000000    
   3.7883385          6142.4053          1.0000000    
   3.7946395          6232.1730          1.0000000    
   3.8009405          6323.2526          1.0000000    
   3.8072416          6415.6633          1.0000000    
   3.8135426          6509.4245          1.0000000    
   3.8198436          6604.5559          1.0000000    
   3.8261447          6701.0777          1.0000000    
   3.8324457          6799.0100          1.0000000    
   3.8387467          6898.3736          1.0000000    
   3.8450477          6999.1893          1.0000000    
   3.8513488          7101.4784          1.0000000    
   3.8576498          7205.2624          1.0000000    
   3.8639508          7310.5631          1.0000000    
   3.8702519          7417.4028          1.0000000    
   3.8765529          7525.8038          1.0000000    
   3.8828539          7635.7890          1.0000000    
   3.8891550          7747.3817          1.0000000    
   3.8954560          7860.6051          1.0000000    
   3.9017570          7975.4833          1.0000000    
   3.9080580          8092.0404          1.0000000    
   3.9143591          8210.3009          1.0000000    
   3.9206601          8330.2896          1.0000000    
   3.9269611          8452.0320          1.0000000    
   3.9332622          8575.5535          1.0000000    
   3.9395632          8700.8802          1.0000000    
   3.9458642          8828.0386          1.0000000    
   3.9521653          8957.0552          1.0000000    
   3.9584663          9087.9574          1.0000000    
   3.9647673          9220.7726          1.0000000    
   3.9710683          9355.5288          1.0000000    
   3.9773694          9492.2544          1.0000000    
   3.9836704          9630.9782          1.0000000    
   3.9899714          9771.7294          1.0000000    
   3.9962725          9914.5375          1.0000000    
   4.0025735          10059.433          1.0000000    
   4.0088745          10206.446          1.0000000    
   4.0151756          10355.607          1.0000000    
   4.0214766          10506.948          1.0000000    
   4.0277776          10660.501          1.0000000    
   4.0340786          10816.298          1.0000000    
   4.0403797          10974.372          1.0000000    
   4.0466807          11134.756          1.0000000    
   4.0529817          11297.484          1.0000000    
   4.0592828          11462.590          1.0000000    
   4.0655838          11630.109          1.0000000    
   4.0718848          11800.076          1.0000000    
   4.0781859          11972.528          1.0000000    
   4.0844869          12147.499          1.0000000    
   4.0907879          12325.028          1.0000000    
   4.0970889          12505.151          1.0000000    
   4.1033900          12687.907          1.0000000    
   4.1096910          12873.333          1.0000000    
   4.1159920          13061.469          1.0000000    
   4.1222931          13252.355          1.0000000    
   4.1285941          13446.030          1.0000000    
   4.1348951          13642.536          1.0000000    
   4.1411962          13841.914          1.0000000    
   4.1474972          14044.206          1.0000000    
   4.1537982          14249.454          1.0000000    
   4.1600992          14457.701          1.0000000    
   4.1664003          14668.992          1.0000000    
   4.1727013          14883.371          1.0000000    
   4.1790023          15100.883          1.0000000    
   4.1853034          15321.573          1.0000000    
   4.1916044          15545.489          1.0000000    
   4.1979054          15772.677          1.0000000    
   4.2042065          16003.186          1.0000000    
   4.2105075          16237.063          1.0000000    
   4.2168085          16474.358          1.0000000    
   4.2231095          16715.122          1.0000000    
   4.2294106          16959.403          1.0000000    
   4.2357116          17207.255          1.0000000    
   4.2420126          17458.729          1.0000000    
   4.2483137          17713.878          1.0000000    
   4.2546147          17972.757          1.0000000    
   4.2609157          18235.418          1.0000000    
   4.2672168          18501.918          1.0000000    
   4.2735178          18772.313          1.0000000    
   4.2798188          19046.659          1.0000000    
   4.2861198          19325.015          1.0000000    
   4.2924209          19607.439          1.0000000    
   4.2987219          19893.990          1.0000000    
   4.3050229          20184.729          1.0000000    
   4.3113240          20479.717          1.0000000    
   4.3176250          20779.017          1.0000000    
   4.3239260          21082.690          1.0000000    
   4.3302271          21390.801          1.0000000    
   4.3365281          21703.415          1.0000000    
   4.3428291          22020.598          1.0000000    
   4.3491301          22342.416          1.0000000    
   4.3554312          22668.938          1.0000000    
   4.3617322          23000.231          1.0000000    
   4.3680332          23336.366          1.0000000    
   4.3743343          23677.414          1.0000000    
   4.3806353          24023.445          1.0000000    
   4.3869363          24374.534          1.0000000    
   4.3932374          24730.754          1.0000000    
   4.3995384          25092.179          1.0000000    
   4.4058394          25458.887          1.0000000    
   4.4121404          25830.954          1.0000000    
   4.4184415          26208.458          1.0000000    
   4.4247425          26591.479          1.0000000    
   4.4310435          26980.099          1.0000000    
   4.4373446          27374.397          1.0000000    
   4.4436456          27774.458          1.0000000    
   4.4499466          28180.365          1.0000000    
   4.4562477          28592.205          1.0000000    
   4.4625487          29010.064          1.0000000    
   4.4688497          29434.029          1.0000000    
   4.4751507          29864.190          1.0000000    
   4.4814518          30300.638          1.0000000    
   4.4877528          30743.464          1.0000000    
   4.4940538          31192.762          1.0000000    
   4.5003549          31648.626          1.0000000    
   4.5066559          32111.152          1.0000000    
   4.5129569          32580.438          1.0000000    
   4.5192580          33056.582          1.0000000    
   4.5255590          33539.685          1.0000000    
   4.5318600          34029.848          1.0000000    
   4.5381610          34527.175          1.0000000    
   4.5444621          35031.769          1.0000000    
   4.5507631          35543.738          1.0000000    
   4.5570641          36063.189          1.0000000    
   4.5633652          36590.232          1.0000000    
   4.5696662          37124.977          1.0000000    
   4.5759672          37667.537          1.0000000    
   4.5822683          38218.026          1.0000000    
   4.5885693          38776.560          1.0000000    
   4.5948703          39343.257          1.0000000    
   4.6011713          39918.236          1.0000000    
   4.6074724          40501.618          1.0000000    
   4.6137734          41093.525          1.0000000    
   4.6200744          41694.083          1.0000000    
   4.6263755          42303.418          1.0000000    
   4.6326765          42921.658          1.0000000    
   4.6389775          43548.933          1.0000000    
   4.6452786          44185.376          1.0000000    
   4.6515796          44831.119          1.0000000    
   4.6578806          45486.300          1.0000000    
   4.6641816          46151.056          1.0000000    
   4.6704827          46825.527          1.0000000    
   4.6767837          47509.855          1.0000000    
   4.6830847          48204.183          1.0000000    
   4.6893858          48908.660          1.0000000    
   4.6956868          49623.431          1.0000000    
   4.7019878          50348.649          1.0000000    
   4.7082889          51084.465          1.0000000    
   4.7145899          51831.035          1.0000000    
   4.7208909          52588.515          1.0000000    
   4.7271919          53357.066          1.0000000    
   4.7334930          54136.849          1.0000000    
   4.7397940          54928.027          1.0000000    
   4.7460950          55730.768          1.0000000    
   4.7523961          56545.241          1.0000000    
   4.7586971          57371.617          1.0000000    
   4.7649981          58210.070          1.0000000    
   4.7712992          59060.776          1.0000000    
   4.7776002          59923.915          1.0000000    
   4.7839012          60799.668          1.0000000    
   4.7902022          61688.220          1.0000000    
   4.7965033          62589.758          1.0000000    
   4.8028043          63504.471          1.0000000    
   4.8091053          64432.552          1.0000000    
   4.8154064          65374.196          1.0000000    
   4.8217074          66329.602          1.0000000    
   4.8280084          67298.971          1.0000000    
   4.8343095          68282.506          1.0000000    
   4.8406105          69280.415          1.0000000    
   4.8469115          70292.908          1.0000000    
   4.8532125          71320.198          1.0000000    
   4.8595136          72362.501          1.0000000    
   4.8658146          73420.037          1.0000000    
   4.8721156          74493.028          1.0000000    
   4.8784167          75581.701          1.0000000    
   4.8847177          76686.283          1.0000000    
   4.8910187          77807.009          1.0000000    
   4.8973198          78944.113          1.0000000    
   4.9036208          80097.836          1.0000000    
   4.9099218          81268.419          1.0000000    
   4.9162228          82456.110          1.0000000    
   4.9225239          83661.158          1.0000000    
   4.9288249          84883.817          1.0000000    
   4.9351259          86124.345          1.0000000    
   4.9414270          87383.002          1.0000000    
   4.9477280          88660.054          1.0000000    
   4.9540290          89955.769          1.0000000    
   4.9603301          91270.420          1.0000000    
   4.9666311          92604.285          1.0000000    
   4.9729321          93957.642          1.0000000    
   4.9792331          95330.779          1.0000000    
   4.9855342          96723.983          1.0000000    
   4.9918352          98137.548          1.0000000    
   4.9981362          99571.771          1.0000000    
   5.0044373          101026.95          1.0000000    
   5.0107383          102503.40          1.0000000    
   5.0170393          104001.43          1.0000000    
   5.0233404          105521.35          1.0000000    
   5.0296414          107063.49          1.0000000    
   5.0359424          108628.16          1.0000000    
   5.0422434          110215.69          1.0000000    
   5.0485445          111826.43          1.0000000    
   5.0548455          113460.71          1.0000000    
   5.0611465          115118.87          1.0000000    
   5.0674476          116801.27          1.0000000    
   5.0737486          118508.25          1.0000000    
   5.0800496          120240.18          1.0000000    
   5.0863507          121997.42          1.0000000    
   5.0926517          123780.34          1.0000000    
   5.0989527          125589.32          1.0000000    
   5.1052537          127424.74          1.0000000    
   5.1115548          129286.97          1.0000000    
   5.1178558          131176.43          1.0000000    
   5.1241568          133093.50          1.0000000    
   5.1304579          135038.58          1.0000000    
   5.1367589          137012.09          1.0000000    
   5.1430599          139014.44          1.0000000    
   5.1493610          141046.06          1.0000000    
   5.1556620          143107.36          1.0000000    
   5.1619630          145198.79          1.0000000    
   5.1682640          147320.79          1.0000000    
   5.1745651          149473.80          1.0000000    
   5.1808661          151658.27          1.0000000    
   5.1871671          153874.67          1.0000000    
   5.1934682          156123.46          1.0000000    
   5.1997692          158405.11          1.0000000    
   5.2060702          160720.11          1.0000000    
   5.2123713          163068.94          1.0000000    
   5.2186723          165452.10          1.0000000    
   5.2249733          167870.09          1.0000000    
   5.2312743          170323.41          1.0000000    
   5.2375754          172812.59          1.0000000    
   5.2438764          175338.14          1.0000000    
   5.2501774          177900.61          1.0000000    
   5.2564785          180500.52          1.0000000    
   5.2627795          183138.43          1.0000000    
   5.2690805          185814.89          1.0000000    
   5.2753816          188530.47          1.0000000    
   5.2816826          191285.73          1.0000000    
   5.2879836          194081.26          1.0000000    
   5.2942846          196917.65          1.0000000    
   5.3005857          199795.49          1.0000000    
   5.3068867          202715.38          1.0000000    
   5.3131877          205677.95          1.0000000    
   5.3194888          208683.81          1.0000000    
   5.3257898          211733.60          1.0000000    
   5.3320908          214827.97          1.0000000    
   5.3383919          217967.55          1.0000000    
   5.3446929          221153.02          1.0000000    
   5.3509939          224385.05          1.0000000    
   5.3572949          227664.30          1.0000000    
   5.3635960          230991.48          1.0000000    
   5.3698970          234367.29          1.0000000    
   5.3761980          237792.43          1.0000000    
   5.3824991          241267.63          1.0000000    
   5.3888001          244793.62          1.0000000    
   5.3951011          248371.13          1.0000000    
   5.4014022          252000.93          1.0000000    
   5.4077032          255683.78          1.0000000    
   5.4140042          259420.45          1.0000000    
   5.4203052          263211.73          1.0000000    
   5.4266063          267058.42          1.0000000    
   5.4329073          270961.32          1.0000000    
   5.4392083          274921.26          1.0000000    
   5.4455094          278939.08          1.0000000    
   5.4518104          283015.61          1.0000000    
   5.4581114          287151.72          1.0000000    
   5.4644125          291348.27          1.0000000    
   5.4707135          295606.16          1.0000000    
   5.4770145          299926.27          1.0000000    
   5.4833155          304309.52          1.0000000    
   5.4896166          308756.83          1.0000000    
   5.4959176          313269.13          1.0000000    
   5.5022186          317847.38          1.0000000    
   5.5085197          322492.53          1.0000000    
   5.5148207          327205.57          1.0000000    
   5.5211217          331987.49          1.0000000    
   5.5274228          336839.30          1.0000000    
   5.5337238          341762.01          1.0000000    
   5.5400248          346756.66          1.0000000    
   5.5463258          351824.31          1.0000000    
   5.5526269          356966.01          1.0000000    
   5.5589279          362182.87          1.0000000    
   5.5652289          367475.96          1.0000000    
   5.5715300          372846.41          1.0000000    
   5.5778310          378295.34          1.0000000    
   5.5841320          383823.91          1.0000000    
   5.5904331          389433.27          1.0000000    
   5.5967341          395124.61          1.0000000    
   5.6030351          400899.13          1.0000000    
   5.6093361          406758.03          1.0000000    
   5.6156372          412702.57          1.0000000    
   5.6219382          418733.98          1.0000000    
   5.6282392          424853.53          1.0000000    
   5.6345403          431062.52          1.0000000    
   5.6408413          437362.25          1.0000000    
   5.6471423          443754.04          1.0000000    
   5.6534434          450239.25          1.0000000    
   5.6597444          456819.23          1.0000000    
   5.6660454          463495.38          1.0000000    
   5.6723464          470269.10          1.0000000    
   5.6786475          477141.81          1.0000000    
   5.6849485          484114.96          1.0000000    
   5.6912495          491190.02          1.0000000    
   5.6975506          498368.47          1.0000000    
   5.7038516          505651.84          1.0000000    
   5.7101526          513041.65          1.0000000    
   5.7164537          520539.45          1.0000000    
   5.7227547          528146.83          1.0000000    
   5.7290557          535865.39          1.0000000    
   5.7353567          543696.75          1.0000000    
   5.7416578          551642.57          1.0000000    
   5.7479588          559704.50          1.0000000    
   5.7542598          567884.26          1.0000000    
   5.7605609          576183.56          1.0000000    
   5.7668619          584604.14          1.0000000    
   5.7731629          593147.79          1.0000000    
   5.7794640          601816.31          1.0000000    
   5.7857650          610611.50          1.0000000    
   5.7920660          619535.23          1.0000000    
   5.7983670          628589.38          1.0000000    
   5.8046681          637775.85          1.0000000    
   5.8109691          647096.57          1.0000000    
   5.8172701          656553.51          1.0000000    
   5.8235712          666148.66          1.0000000    
   5.8298722          675884.04          1.0000000    
   5.8361732          685761.69          1.0000000    
   5.8424743          695783.70          1.0000000    
   5.8487753          705952.17          1.0000000    
   5.8550763          716269.26          1.0000000    
   5.8613773          726737.11          1.0000000    
   5.8676784          737357.96          1.0000000    
   5.8739794          748134.01          1.0000000    
   5.8802804          759067.56          1.0000000    
   5.8865815          770160.89          1.0000000    
   5.8928825          781416.34          1.0000000    
   5.8991835          792836.29          1.0000000    
   5.9054846          804423.13          1.0000000    
   5.9117856          816179.31          1.0000000    
   5.9180866          828107.29          1.0000000    
   5.9243876          840209.60          1.0000000    
   5.9306887          852488.78          1.0000000    
   5.9369897          864947.40          1.0000000    
   5.9432907          877588.11          1.0000000    
   5.9495918          890413.55          1.0000000    
   5.9558928          903426.43          1.0000000    
   5.9621938          916629.48          1.0000000    
   5.9684949          930025.49          1.0000000    
   5.9747959          943617.27          1.0000000    
   5.9810969          957407.69          1.0000000    
   5.9873979          971399.64          1.0000000    
   5.9936990          985596.09          1.0000000    
   6.0000000          1000000.0          1.0000000    
