   LOG10(FN)  FN  Calc./Fitted |Y0|  Y011c Y011f Y012c Y012f...  [mho]
 -0.30103000         0.50000000         0.58997019E-02     0.59019729E-02
 -0.29472897         0.50730721         0.59329575E-02     0.59349112E-02
 -0.28842794         0.51472121         0.59662048E-02     0.59678385E-02
 -0.28212691         0.52224356         0.59994386E-02     0.60007523E-02
 -0.27582588         0.52987585         0.60326539E-02     0.60336498E-02
 -0.26952485         0.53761968         0.60658456E-02     0.60665281E-02
 -0.26322382         0.54547667         0.60990085E-02     0.60993841E-02
 -0.25692279         0.55344850         0.61321374E-02     0.61322146E-02
 -0.25062176         0.56153683         0.61652270E-02     0.61650159E-02
 -0.24432073         0.56974336         0.61982720E-02     0.61977845E-02
 -0.23801970         0.57806983         0.62312669E-02     0.62305163E-02
 -0.23171867         0.58651799         0.62642065E-02     0.62632072E-02
 -0.22541764         0.59508961         0.62970853E-02     0.62958531E-02
 -0.21911661         0.60378649         0.63298977E-02     0.63284493E-02
 -0.21281558         0.61261048         0.63626385E-02     0.63609913E-02
 -0.20651455         0.62156343         0.63953019E-02     0.63934743E-02
 -0.20021352         0.63064722         0.64278826E-02     0.64258932E-02
 -0.19391249         0.63986376         0.64603751E-02     0.64582429E-02
 -0.18761146         0.64921500         0.64927737E-02     0.64905182E-02
 -0.18131043         0.65870290         0.65250730E-02     0.65227137E-02
 -0.17500940         0.66832946         0.65572674E-02     0.65548237E-02
 -0.16870837         0.67809671         0.65893515E-02     0.65868427E-02
 -0.16240734         0.68800669         0.66213197E-02     0.66187649E-02
 -0.15610631         0.69806151         0.66531667E-02     0.66505845E-02
 -0.14980528         0.70826328         0.66848869E-02     0.66822955E-02
 -0.14350425         0.71861413         0.67164749E-02     0.67138919E-02
 -0.13720322         0.72911626         0.67479255E-02     0.67453676E-02
 -0.13090219         0.73977187         0.67792332E-02     0.67767167E-02
 -0.12460116         0.75058321         0.68103928E-02     0.68079329E-02
 -0.11830013         0.76155255         0.68413991E-02     0.68390102E-02
 -0.11199910         0.77268219         0.68722469E-02     0.68699424E-02
 -0.10569807         0.78397450         0.69029311E-02     0.69007234E-02
 -0.99397036E-01     0.79543183         0.69334467E-02     0.69313470E-02
 -0.93096006E-01     0.80705660         0.69637887E-02     0.69618073E-02
 -0.86794976E-01     0.81885126         0.69939524E-02     0.69920982E-02
 -0.80493946E-01     0.83081830         0.70239328E-02     0.70222139E-02
 -0.74192916E-01     0.84296023         0.70537253E-02     0.70521483E-02
 -0.67891886E-01     0.85527960         0.70833254E-02     0.70818958E-02
 -0.61590856E-01     0.86777902         0.71127285E-02     0.71114507E-02
 -0.55289826E-01     0.88046110         0.71419303E-02     0.71408074E-02
 -0.48988796E-01     0.89332853         0.71709264E-02     0.71699606E-02
 -0.42687766E-01     0.90638401         0.71997128E-02     0.71989048E-02
 -0.36386736E-01     0.91963028         0.72282853E-02     0.72276351E-02
 -0.30085706E-01     0.93307015         0.72566401E-02     0.72561463E-02
 -0.23784676E-01     0.94670642         0.72847734E-02     0.72844337E-02
 -0.17483646E-01     0.96054199         0.73126814E-02     0.73124926E-02
 -0.11182616E-01     0.97457975         0.73403608E-02     0.73403186E-02
 -0.48815859E-02     0.98882267         0.73678080E-02     0.73679074E-02
  0.14194441E-02      1.0032737         0.73950199E-02     0.73952549E-02
  0.77204741E-02      1.0179360         0.74219932E-02     0.74223572E-02
  0.14021504E-01      1.0328125         0.74487252E-02     0.74492108E-02
  0.20322534E-01      1.0479065         0.74752129E-02     0.74758120E-02
  0.26623564E-01      1.0632210         0.75014536E-02     0.75021578E-02
  0.32924594E-01      1.0787594         0.75274450E-02     0.75282450E-02
  0.39225624E-01      1.0945248         0.75531845E-02     0.75540710E-02
  0.45526654E-01      1.1105207         0.75786700E-02     0.75796331E-02
  0.51827684E-01      1.1267503         0.76038994E-02     0.76049289E-02
  0.58128714E-01      1.1432171         0.76288708E-02     0.76299565E-02
  0.64429744E-01      1.1599246         0.76535825E-02     0.76547138E-02
  0.70730774E-01      1.1768762         0.76780329E-02     0.76791993E-02
  0.77031804E-01      1.1940755         0.77022205E-02     0.77034114E-02
  0.83332834E-01      1.2115263         0.77261441E-02     0.77273490E-02
  0.89633864E-01      1.2292320         0.77498025E-02     0.77510112E-02
  0.95934894E-01      1.2471965         0.77731947E-02     0.77743969E-02
  0.10223592          1.2654236         0.77963200E-02     0.77975059E-02
  0.10853695          1.2839170         0.78191777E-02     0.78203375E-02
  0.11483798          1.3026807         0.78417672E-02     0.78428918E-02
  0.12113901          1.3217186         0.78640882E-02     0.78651688E-02
  0.12744004          1.3410348         0.78861405E-02     0.78871686E-02
  0.13374107          1.3606332         0.79079239E-02     0.79088917E-02
  0.14004210          1.3805181         0.79294386E-02     0.79303386E-02
  0.14634313          1.4006936         0.79506847E-02     0.79515103E-02
  0.15264416          1.4211639         0.79716626E-02     0.79724076E-02
  0.15894519          1.4419334         0.79923728E-02     0.79930316E-02
  0.16524622          1.4630064         0.80128158E-02     0.80133835E-02
  0.17154725          1.4843874         0.80329924E-02     0.80334649E-02
  0.17784828          1.5060808         0.80529035E-02     0.80532771E-02
  0.18414931          1.5280913         0.80725500E-02     0.80728220E-02
  0.19045034          1.5504235         0.80919330E-02     0.80921012E-02
  0.19675137          1.5730820         0.81110538E-02     0.81111167E-02
  0.20305240          1.5960717         0.81299137E-02     0.81298706E-02
  0.20935343          1.6193974         0.81485140E-02     0.81483649E-02
  0.21565446          1.6430639         0.81668564E-02     0.81666018E-02
  0.22195549          1.6670764         0.81849425E-02     0.81845837E-02
  0.22825652          1.6914397         0.82027740E-02     0.82023130E-02
  0.23455755          1.7161591         0.82203527E-02     0.82197920E-02
  0.24085858          1.7412398         0.82376805E-02     0.82370233E-02
  0.24715961          1.7666870         0.82547595E-02     0.82540096E-02
  0.25346064          1.7925061         0.82715917E-02     0.82707533E-02
  0.25976167          1.8187025         0.82881792E-02     0.82872572E-02
  0.26606270          1.8452818         0.83045243E-02     0.83035239E-02
  0.27236373          1.8722495         0.83206293E-02     0.83195563E-02
  0.27866476          1.8996114         0.83364965E-02     0.83353571E-02
  0.28496579          1.9273731         0.83521284E-02     0.83509290E-02
  0.29126682          1.9555405         0.83675274E-02     0.83662749E-02
  0.29756785          1.9841196         0.83826960E-02     0.83813976E-02
  0.30386888          2.0131164         0.83976369E-02     0.83962999E-02
  0.31016991          2.0425369         0.84123526E-02     0.84109847E-02
  0.31647094          2.0723874         0.84268458E-02     0.84254546E-02
  0.32277197          2.1026741         0.84411192E-02     0.84397127E-02
  0.32907300          2.1334035         0.84551756E-02     0.84537616E-02
  0.33537403          2.1645820         0.84690177E-02     0.84676042E-02
  0.34167506          2.1962161         0.84826483E-02     0.84812433E-02
  0.34797609          2.2283125         0.84960702E-02     0.84946815E-02
  0.35427712          2.2608780         0.85092863E-02     0.85079217E-02
  0.36057815          2.2939194         0.85222995E-02     0.85209666E-02
  0.36687918          2.3274437         0.85351125E-02     0.85338189E-02
  0.37318021          2.3614579         0.85477284E-02     0.85464812E-02
  0.37948124          2.3959693         0.85601499E-02     0.85589562E-02
  0.38578227          2.4309850         0.85723801E-02     0.85712465E-02
  0.39208330          2.4665124         0.85844218E-02     0.85833547E-02
  0.39838433          2.5025591         0.85962779E-02     0.85952834E-02
  0.40468536          2.5391325         0.86079513E-02     0.86070351E-02
  0.41098639          2.5762404         0.86194451E-02     0.86186123E-02
  0.41728742          2.6138907         0.86307619E-02     0.86300176E-02
  0.42358845          2.6520912         0.86419049E-02     0.86412533E-02
  0.42988948          2.6908500         0.86528768E-02     0.86523219E-02
  0.43619051          2.7301752         0.86636805E-02     0.86632258E-02
  0.44249154          2.7700751         0.86743190E-02     0.86739673E-02
  0.44879257          2.8105581         0.86847949E-02     0.86845489E-02
  0.45509360          2.8516328         0.86951113E-02     0.86949728E-02
  0.46139463          2.8933078         0.87052709E-02     0.87052414E-02
  0.46769566          2.9355918         0.87152765E-02     0.87153568E-02
  0.47399669          2.9784938         0.87251308E-02     0.87253215E-02
  0.48029772          3.0220227         0.87348367E-02     0.87351376E-02
  0.48659875          3.0661878         0.87443969E-02     0.87448073E-02
  0.49289978          3.1109984         0.87538141E-02     0.87543329E-02
  0.49920081          3.1564638         0.87630909E-02     0.87637166E-02
  0.50550184          3.2025937         0.87722300E-02     0.87729604E-02
  0.51180287          3.2493977         0.87812341E-02     0.87820666E-02
  0.51810390          3.2968858         0.87901057E-02     0.87910374E-02
  0.52440493          3.3450679         0.87988475E-02     0.87998748E-02
  0.53070596          3.3939541         0.88074619E-02     0.88085809E-02
  0.53700699          3.4435548         0.88159515E-02     0.88171580E-02
  0.54330802          3.4938803         0.88243188E-02     0.88256081E-02
  0.54960905          3.5449413         0.88325662E-02     0.88339333E-02
  0.55591008          3.5967486         0.88406961E-02     0.88421356E-02
  0.56221111          3.6493130         0.88487109E-02     0.88502173E-02
  0.56851214          3.7026456         0.88566129E-02     0.88581803E-02
  0.57481317          3.7567576         0.88644046E-02     0.88660268E-02
  0.58111420          3.8116604         0.88720881E-02     0.88737588E-02
  0.58741523          3.8673656         0.88796658E-02     0.88813783E-02
  0.59371626          3.9238849         0.88871398E-02     0.88888876E-02
  0.60001729          3.9812302         0.88945123E-02     0.88962885E-02
  0.60631832          4.0394136         0.89017855E-02     0.89035832E-02
  0.61261935          4.0984473         0.89089615E-02     0.89107738E-02
  0.61892038          4.1583437         0.89160423E-02     0.89178622E-02
  0.62522141          4.2191155         0.89230301E-02     0.89248506E-02
  0.63152244          4.2807754         0.89299269E-02     0.89317410E-02
  0.63782347          4.3433365         0.89367345E-02     0.89385353E-02
  0.64412450          4.4068118         0.89434551E-02     0.89452358E-02
  0.65042553          4.4712148         0.89500904E-02     0.89518443E-02
  0.65672656          4.5365590         0.89566424E-02     0.89583630E-02
  0.66302759          4.6028582         0.89631129E-02     0.89647938E-02
  0.66932862          4.6701263         0.89695037E-02     0.89711387E-02
  0.67562965          4.7383775         0.89758166E-02     0.89773999E-02
  0.68193068          4.8076261         0.89820534E-02     0.89835791E-02
  0.68823171          4.8778868         0.89882158E-02     0.89896786E-02
  0.69453274          4.9491742         0.89943054E-02     0.89957001E-02
  0.70083377          5.0215035         0.90003239E-02     0.90016458E-02
  0.70713480          5.0948899         0.90062729E-02     0.90075174E-02
  0.71343583          5.1693488         0.90121541E-02     0.90133171E-02
  0.71973686          5.2448958         0.90179689E-02     0.90190467E-02
  0.72603789          5.3215469         0.90237190E-02     0.90247081E-02
  0.73233892          5.3993182         0.90294058E-02     0.90303032E-02
  0.73863995          5.4782261         0.90350307E-02     0.90358338E-02
  0.74494098          5.5582872         0.90405953E-02     0.90413019E-02
  0.75124201          5.6395183         0.90461009E-02     0.90467092E-02
  0.75754304          5.7219366         0.90515489E-02     0.90520576E-02
  0.76384407          5.8055594         0.90569406E-02     0.90573488E-02
  0.77014510          5.8904043         0.90622775E-02     0.90625846E-02
  0.77644613          5.9764891         0.90675607E-02     0.90677668E-02
  0.78274716          6.0638320         0.90727916E-02     0.90728970E-02
  0.78904819          6.1524514         0.90779715E-02     0.90779768E-02
  0.79534922          6.2423659         0.90831014E-02     0.90830080E-02
  0.80165025          6.3335945         0.90881827E-02     0.90879922E-02
  0.80795128          6.4261563         0.90932165E-02     0.90929309E-02
  0.81425231          6.5200708         0.90982039E-02     0.90978256E-02
  0.82055334          6.6153579         0.91031461E-02     0.91026780E-02
  0.82685437          6.7120375         0.91080442E-02     0.91074894E-02
  0.83315540          6.8101300         0.91128992E-02     0.91122612E-02
  0.83945643          6.9096561         0.91177122E-02     0.91169950E-02
  0.84575746          7.0106367         0.91224842E-02     0.91216920E-02
  0.85205849          7.1130931         0.91272162E-02     0.91263536E-02
  0.85835952          7.2170468         0.91319092E-02     0.91309810E-02
  0.86466055          7.3225198         0.91365642E-02     0.91355755E-02
  0.87096158          7.4295342         0.91411820E-02     0.91401382E-02
  0.87726261          7.5381125         0.91457638E-02     0.91446704E-02
  0.88356364          7.6482776         0.91503102E-02     0.91491731E-02
  0.88986467          7.7600528         0.91548223E-02     0.91536474E-02
  0.89616570          7.8734614         0.91593008E-02     0.91580943E-02
  0.90246673          7.9885275         0.91637466E-02     0.91625148E-02
  0.90876776          8.1052752         0.91681606E-02     0.91669099E-02
  0.91506879          8.2237291         0.91725436E-02     0.91712804E-02
  0.92136982          8.3439141         0.91768962E-02     0.91756271E-02
  0.92767085          8.4658555         0.91812194E-02     0.91799510E-02
  0.93397188          8.5895791         0.91855138E-02     0.91842526E-02
  0.94027291          8.7151108         0.91897802E-02     0.91885329E-02
  0.94657394          8.8424771         0.91940194E-02     0.91927923E-02
  0.95287497          8.9717048         0.91982319E-02     0.91970317E-02
  0.95917600          9.1028210         0.92024186E-02     0.92012515E-02
  0.96547703          9.2358535         0.92065800E-02     0.92054523E-02
  0.97177806          9.3708301         0.92107169E-02     0.92096347E-02
  0.97807909          9.5077793         0.92148299E-02     0.92137990E-02
  0.98438012          9.6467300         0.92189195E-02     0.92179458E-02
  0.99068115          9.7877114         0.92229865E-02     0.92220755E-02
  0.99698218          9.9307531         0.92270315E-02     0.92261883E-02
   1.0032832          10.075885         0.92310549E-02     0.92302847E-02
   1.0095842          10.223138         0.92350575E-02     0.92343649E-02
   1.0158853          10.372544         0.92390397E-02     0.92384293E-02
   1.0221863          10.524132         0.92430021E-02     0.92424780E-02
   1.0284873          10.677936         0.92469452E-02     0.92465112E-02
   1.0347884          10.833988         0.92508697E-02     0.92505292E-02
   1.0410894          10.992321         0.92547759E-02     0.92545321E-02
   1.0473904          11.152967         0.92586644E-02     0.92585201E-02
   1.0536915          11.315961         0.92625356E-02     0.92624932E-02
   1.0599925          11.481337         0.92663902E-02     0.92664515E-02
   1.0662935          11.649131         0.92702285E-02     0.92703952E-02
   1.0725945          11.819376         0.92740509E-02     0.92743243E-02
   1.0788956          11.992109         0.92778580E-02     0.92782389E-02
   1.0851966          12.167367         0.92816502E-02     0.92821389E-02
   1.0914976          12.345186         0.92854280E-02     0.92860245E-02
   1.0977987          12.525604         0.92891916E-02     0.92898955E-02
   1.1040997          12.708658         0.92929416E-02     0.92937522E-02
   1.1104007          12.894388         0.92966784E-02     0.92975944E-02
   1.1167018          13.082832         0.93004023E-02     0.93014221E-02
   1.1230028          13.274030         0.93041138E-02     0.93052355E-02
   1.1293038          13.468022         0.93078131E-02     0.93090344E-02
   1.1356048          13.664849         0.93115008E-02     0.93128189E-02
   1.1419059          13.864553         0.93151772E-02     0.93165890E-02
   1.1482069          14.067175         0.93188425E-02     0.93203447E-02
   1.1545079          14.272759         0.93224972E-02     0.93240861E-02
   1.1608090          14.481347         0.93261416E-02     0.93278131E-02
   1.1671100          14.692984         0.93297760E-02     0.93315259E-02
   1.1734110          14.907713         0.93334009E-02     0.93352244E-02
   1.1797121          15.125581         0.93370164E-02     0.93389088E-02
   1.1860131          15.346632         0.93406229E-02     0.93425791E-02
   1.1923141          15.570914         0.93442207E-02     0.93462355E-02
   1.1986151          15.798474         0.93478101E-02     0.93498780E-02
   1.2049162          16.029360         0.93513915E-02     0.93535067E-02
   1.2112172          16.263619         0.93549651E-02     0.93571219E-02
   1.2175182          16.501303         0.93585311E-02     0.93607236E-02
   1.2238193          16.742460         0.93620900E-02     0.93643121E-02
   1.2301203          16.987141         0.93656419E-02     0.93678876E-02
   1.2364213          17.235398         0.93691871E-02     0.93714502E-02
   1.2427224          17.487284         0.93727259E-02     0.93750002E-02
   1.2490234          17.742850         0.93762586E-02     0.93785380E-02
   1.2553244          18.002152         0.93797854E-02     0.93820636E-02
   1.2616254          18.265243         0.93833065E-02     0.93855775E-02
   1.2679265          18.532178         0.93868223E-02     0.93890800E-02
   1.2742275          18.803015         0.93903329E-02     0.93925714E-02
   1.2805285          19.077811         0.93938386E-02     0.93960520E-02
   1.2868296          19.356622         0.93973397E-02     0.93995223E-02
   1.2931306          19.639508         0.94008363E-02     0.94029825E-02
   1.2994316          19.926528         0.94043288E-02     0.94064332E-02
   1.3057327          20.217742         0.94078172E-02     0.94098748E-02
   1.3120337          20.513213         0.94113019E-02     0.94133076E-02
   1.3183347          20.813001         0.94147831E-02     0.94167321E-02
   1.3246357          21.117171         0.94182610E-02     0.94201488E-02
   1.3309368          21.425787         0.94217358E-02     0.94235583E-02
   1.3372378          21.738912         0.94252077E-02     0.94269609E-02
   1.3435388          22.056614         0.94286769E-02     0.94303571E-02
   1.3498399          22.378958         0.94321437E-02     0.94337476E-02
   1.3561409          22.706014         0.94356081E-02     0.94371328E-02
   1.3624419          23.037849         0.94390706E-02     0.94405132E-02
   1.3687430          23.374534         0.94425311E-02     0.94438894E-02
   1.3750440          23.716139         0.94459900E-02     0.94472619E-02
   1.3813450          24.062736         0.94494474E-02     0.94506312E-02
   1.3876460          24.414399         0.94529035E-02     0.94539979E-02
   1.3939471          24.771202         0.94563585E-02     0.94573626E-02
   1.4002481          25.133218         0.94598127E-02     0.94607258E-02
   1.4065491          25.500526         0.94632661E-02     0.94640880E-02
   1.4128502          25.873201         0.94667189E-02     0.94674498E-02
   1.4191512          26.251323         0.94701715E-02     0.94708116E-02
   1.4254522          26.634971         0.94736238E-02     0.94741741E-02
   1.4317533          27.024225         0.94770762E-02     0.94775378E-02
   1.4380543          27.419169         0.94805288E-02     0.94809031E-02
   1.4443553          27.819884         0.94839817E-02     0.94842706E-02
   1.4506563          28.226455         0.94874352E-02     0.94876407E-02
   1.4569574          28.638969         0.94908894E-02     0.94910140E-02
   1.4632584          29.057510         0.94943445E-02     0.94943908E-02
   1.4695594          29.482169         0.94978006E-02     0.94977717E-02
   1.4758605          29.913034         0.95012580E-02     0.95011571E-02
   1.4821615          30.350196         0.95047169E-02     0.95045474E-02
   1.4884625          30.793746         0.95081773E-02     0.95079430E-02
   1.4947636          31.243779         0.95116394E-02     0.95113443E-02
   1.5010646          31.700388         0.95151035E-02     0.95147516E-02
   1.5073656          32.163671         0.95185696E-02     0.95181652E-02
   1.5136666          32.633725         0.95220380E-02     0.95215856E-02
   1.5199677          33.110647         0.95255089E-02     0.95250130E-02
   1.5262687          33.594540         0.95289823E-02     0.95284476E-02
   1.5325697          34.085505         0.95324584E-02     0.95318898E-02
   1.5388708          34.583645         0.95359375E-02     0.95353397E-02
   1.5451718          35.089065         0.95394196E-02     0.95387976E-02
   1.5514728          35.601871         0.95429049E-02     0.95422636E-02
   1.5577739          36.122172         0.95463937E-02     0.95457379E-02
   1.5640749          36.650076         0.95498859E-02     0.95492207E-02
   1.5703759          37.185696         0.95533819E-02     0.95527120E-02
   1.5766769          37.729143         0.95568818E-02     0.95562119E-02
   1.5829780          38.280533         0.95603857E-02     0.95597205E-02
   1.5892790          38.839980         0.95638937E-02     0.95632379E-02
   1.5955800          39.407604         0.95674061E-02     0.95667640E-02
   1.6018811          39.983523         0.95709229E-02     0.95702989E-02
   1.6081821          40.567859         0.95744444E-02     0.95738425E-02
   1.6144831          41.160735         0.95779707E-02     0.95773948E-02
   1.6207842          41.762275         0.95815019E-02     0.95809557E-02
   1.6270852          42.372607         0.95850382E-02     0.95845252E-02
   1.6333862          42.991858         0.95885797E-02     0.95881031E-02
   1.6396872          43.620159         0.95921266E-02     0.95916893E-02
   1.6459883          44.257642         0.95956791E-02     0.95952837E-02
   1.6522893          44.904442         0.95992371E-02     0.95988862E-02
   1.6585903          45.560694         0.96028010E-02     0.96024966E-02
   1.6648914          46.226537         0.96063708E-02     0.96061146E-02
   1.6711924          46.902111         0.96099467E-02     0.96097402E-02
   1.6774934          47.587558         0.96135289E-02     0.96133731E-02
   1.6837945          48.283023         0.96171173E-02     0.96170132E-02
   1.6900955          48.988651         0.96207122E-02     0.96206601E-02
   1.6963965          49.704592         0.96243138E-02     0.96243138E-02
   1.7026975          50.430996         0.96279220E-02     0.96279739E-02
   1.7089986          51.168015         0.96315371E-02     0.96316404E-02
   1.7152996          51.915806         0.96351592E-02     0.96353128E-02
   1.7216006          52.674526         0.96387884E-02     0.96389911E-02
   1.7279017          53.444333         0.96424247E-02     0.96426750E-02
   1.7342027          54.225391         0.96460684E-02     0.96463643E-02
   1.7405037          55.017864         0.96497194E-02     0.96500588E-02
   1.7468048          55.821918         0.96533780E-02     0.96537583E-02
   1.7531058          56.637723         0.96570442E-02     0.96574625E-02
   1.7594068          57.465450         0.96607181E-02     0.96611713E-02
   1.7657078          58.305274         0.96643998E-02     0.96648846E-02
   1.7720089          59.157372         0.96680894E-02     0.96686021E-02
   1.7783099          60.021923         0.96717870E-02     0.96723237E-02
   1.7846109          60.899108         0.96754926E-02     0.96760492E-02
   1.7909120          61.789113         0.96792063E-02     0.96797786E-02
   1.7972130          62.692125         0.96829282E-02     0.96835116E-02
   1.8035140          63.608334         0.96866584E-02     0.96872483E-02
   1.8098151          64.537933         0.96903968E-02     0.96909885E-02
   1.8161161          65.481118         0.96941436E-02     0.96947322E-02
   1.8224171          66.438086         0.96978988E-02     0.96984793E-02
   1.8287181          67.409040         0.97016624E-02     0.97022299E-02
   1.8350192          68.394184         0.97054346E-02     0.97059838E-02
   1.8413202          69.393725         0.97092152E-02     0.97097411E-02
   1.8476212          70.407874         0.97130043E-02     0.97135018E-02
   1.8539223          71.436845         0.97168020E-02     0.97172660E-02
   1.8602233          72.480853         0.97206082E-02     0.97210338E-02
   1.8665243          73.540118         0.97244229E-02     0.97248052E-02
   1.8728254          74.614864         0.97282462E-02     0.97285803E-02
   1.8791264          75.705317         0.97320781E-02     0.97323592E-02
   1.8854274          76.811706         0.97359184E-02     0.97361422E-02
   1.8917284          77.934265         0.97397673E-02     0.97399293E-02
   1.8980295          79.073229         0.97436246E-02     0.97437206E-02
   1.9043305          80.228838         0.97474903E-02     0.97475165E-02
   1.9106315          81.401336         0.97513645E-02     0.97513171E-02
   1.9169326          82.590969         0.97552469E-02     0.97551226E-02
   1.9232336          83.797988         0.97591376E-02     0.97589332E-02
   1.9295346          85.022647         0.97630365E-02     0.97627492E-02
   1.9358357          86.265204         0.97669436E-02     0.97665708E-02
   1.9421367          87.525920         0.97708587E-02     0.97703983E-02
   1.9484377          88.805060         0.97747818E-02     0.97742319E-02
   1.9547387          90.102895         0.97787128E-02     0.97780719E-02
   1.9610398          91.419696         0.97826515E-02     0.97819186E-02
   1.9673408          92.755742         0.97865980E-02     0.97857723E-02
   1.9736418          94.111313         0.97905520E-02     0.97896331E-02
   1.9799429          95.486695         0.97945134E-02     0.97935015E-02
   1.9862439          96.882178         0.97984822E-02     0.97973777E-02
   1.9925449          98.298055         0.98024583E-02     0.98012620E-02
   1.9988460          99.734624         0.98064414E-02     0.98051546E-02
   2.0051470          101.19219         0.98104314E-02     0.98090558E-02
   2.0114480          102.67105         0.98144283E-02     0.98129659E-02
   2.0177490          104.17153         0.98184318E-02     0.98168851E-02
   2.0240501          105.69394         0.98224419E-02     0.98208137E-02
   2.0303511          107.23859         0.98264583E-02     0.98247519E-02
   2.0366521          108.80582         0.98304809E-02     0.98286998E-02
   2.0429532          110.39596         0.98345095E-02     0.98326578E-02
   2.0492542          112.00933         0.98385441E-02     0.98366260E-02
   2.0555552          113.64628         0.98425844E-02     0.98406045E-02
   2.0618563          115.30715         0.98466302E-02     0.98445935E-02
   2.0681573          116.99230         0.98506814E-02     0.98485932E-02
   2.0744583          118.70208         0.98547379E-02     0.98526037E-02
   2.0807593          120.43684         0.98587994E-02     0.98566249E-02
   2.0870604          122.19695         0.98628658E-02     0.98606571E-02
   2.0933614          123.98279         0.98669369E-02     0.98647003E-02
   2.0996624          125.79473         0.98710125E-02     0.98687544E-02
   2.1059635          127.63314         0.98750925E-02     0.98728194E-02
   2.1122645          129.49843         0.98791767E-02     0.98768954E-02
   2.1185655          131.39097         0.98832650E-02     0.98809822E-02
   2.1248666          133.31117         0.98873571E-02     0.98850798E-02
   2.1311676          135.25944         0.98914529E-02     0.98891881E-02
   2.1374686          137.23618         0.98955522E-02     0.98933070E-02
   2.1437696          139.24180         0.98996550E-02     0.98974361E-02
   2.1500707          141.27674         0.99037609E-02     0.99015755E-02
   2.1563717          143.34142         0.99078699E-02     0.99057248E-02
   2.1626727          145.43627         0.99119819E-02     0.99098839E-02
   2.1689738          147.56174         0.99160966E-02     0.99140524E-02
   2.1752748          149.71827         0.99202139E-02     0.99182300E-02
   2.1815758          151.90631         0.99243337E-02     0.99224165E-02
   2.1878769          154.12634         0.99284559E-02     0.99266114E-02
   2.1941779          156.37880         0.99325803E-02     0.99308145E-02
   2.2004789          158.66419         0.99367067E-02     0.99350254E-02
   2.2067799          160.98297         0.99408352E-02     0.99392435E-02
   2.2130810          163.33565         0.99449655E-02     0.99434686E-02
   2.2193820          165.72270         0.99490976E-02     0.99477002E-02
   2.2256830          168.14464         0.99532313E-02     0.99519378E-02
   2.2319841          170.60198         0.99573666E-02     0.99561809E-02
   2.2382851          173.09523         0.99615033E-02     0.99604291E-02
   2.2445861          175.62491         0.99656413E-02     0.99646819E-02
   2.2508872          178.19157         0.99697807E-02     0.99689387E-02
   2.2571882          180.79574         0.99739213E-02     0.99731990E-02
   2.2634892          183.43796         0.99780630E-02     0.99774624E-02
   2.2697902          186.11880         0.99822057E-02     0.99817283E-02
   2.2760913          188.83882         0.99863495E-02     0.99859961E-02
   2.2823923          191.59859         0.99904943E-02     0.99902654E-02
   2.2886933          194.39869         0.99946399E-02     0.99945356E-02
   2.2949944          197.23971         0.99987864E-02     0.99988062E-02
   2.3012954          200.12226         0.10002934E-01     0.10003077E-01
   2.3075964          203.04693         0.10007082E-01     0.10007346E-01
   2.3138975          206.01434         0.10011231E-01     0.10011615E-01
   2.3201985          209.02512         0.10015381E-01     0.10015882E-01
   2.3264995          212.07990         0.10019531E-01     0.10020147E-01
   2.3328005          215.17933         0.10023682E-01     0.10024410E-01
   2.3391016          218.32405         0.10027834E-01     0.10028669E-01
   2.3454026          221.51473         0.10031987E-01     0.10032925E-01
   2.3517036          224.75203         0.10036140E-01     0.10037177E-01
   2.3580047          228.03666         0.10040294E-01     0.10041425E-01
   2.3643057          231.36928         0.10044449E-01     0.10045668E-01
   2.3706067          234.75061         0.10048604E-01     0.10049907E-01
   2.3769078          238.18135         0.10052761E-01     0.10054140E-01
   2.3832088          241.66223         0.10056918E-01     0.10058368E-01
   2.3895098          245.19399         0.10061076E-01     0.10062590E-01
   2.3958108          248.77735         0.10065235E-01     0.10066806E-01
   2.4021119          252.41309         0.10069395E-01     0.10071015E-01
   2.4084129          256.10196         0.10073556E-01     0.10075219E-01
   2.4147139          259.84474         0.10077717E-01     0.10079416E-01
   2.4210150          263.64222         0.10081880E-01     0.10083606E-01
   2.4273160          267.49520         0.10086044E-01     0.10087789E-01
   2.4336170          271.40449         0.10090209E-01     0.10091966E-01
   2.4399181          275.37091         0.10094375E-01     0.10096136E-01
   2.4462191          279.39529         0.10098542E-01     0.10100300E-01
   2.4525201          283.47849         0.10102711E-01     0.10104457E-01
   2.4588211          287.62136         0.10106880E-01     0.10108607E-01
   2.4651222          291.82478         0.10111052E-01     0.10112751E-01
   2.4714232          296.08963         0.10115224E-01     0.10116889E-01
   2.4777242          300.41681         0.10119398E-01     0.10121020E-01
   2.4840253          304.80723         0.10123574E-01     0.10125146E-01
   2.4903263          309.26181         0.10127751E-01     0.10129266E-01
   2.4966273          313.78149         0.10131930E-01     0.10133380E-01
   2.5029284          318.36723         0.10136111E-01     0.10137490E-01
   2.5092294          323.01998         0.10140293E-01     0.10141595E-01
   2.5155304          327.74073         0.10144477E-01     0.10145696E-01
   2.5218314          332.53047         0.10148663E-01     0.10149792E-01
   2.5281325          337.39021         0.10152851E-01     0.10153885E-01
   2.5344335          342.32097         0.10157041E-01     0.10157975E-01
   2.5407345          347.32379         0.10161232E-01     0.10162062E-01
   2.5470356          352.39973         0.10165426E-01     0.10166147E-01
   2.5533366          357.54984         0.10169622E-01     0.10170230E-01
   2.5596376          362.77523         0.10173821E-01     0.10174312E-01
   2.5659387          368.07698         0.10178021E-01     0.10178393E-01
   2.5722397          373.45621         0.10182224E-01     0.10182474E-01
   2.5785407          378.91405         0.10186429E-01     0.10186555E-01
   2.5848417          384.45166         0.10190636E-01     0.10190637E-01
   2.5911428          390.07020         0.10194846E-01     0.10194720E-01
   2.5974438          395.77085         0.10199059E-01     0.10198805E-01
   2.6037448          401.55481         0.10203274E-01     0.10202893E-01
   2.6100459          407.42330         0.10207491E-01     0.10206983E-01
   2.6163469          413.37756         0.10211711E-01     0.10211077E-01
   2.6226479          419.41883         0.10215934E-01     0.10215176E-01
   2.6289490          425.54839         0.10220159E-01     0.10219278E-01
   2.6352500          431.76753         0.10224387E-01     0.10223386E-01
   2.6415510          438.07756         0.10228618E-01     0.10227499E-01
   2.6478520          444.47981         0.10232851E-01     0.10231619E-01
   2.6541531          450.97563         0.10237087E-01     0.10235745E-01
   2.6604541          457.56638         0.10241327E-01     0.10239878E-01
   2.6667551          464.25344         0.10245569E-01     0.10244019E-01
   2.6730562          471.03824         0.10249814E-01     0.10248168E-01
   2.6793572          477.92219         0.10254061E-01     0.10252325E-01
   2.6856582          484.90674         0.10258312E-01     0.10256491E-01
   2.6919593          491.99337         0.10262566E-01     0.10260667E-01
   2.6982603          499.18357         0.10266823E-01     0.10264851E-01
   2.7045613          506.47885         0.10271083E-01     0.10269046E-01
   2.7108623          513.88074         0.10275346E-01     0.10273251E-01
   2.7171634          521.39081         0.10279612E-01     0.10277466E-01
   2.7234644          529.01063         0.10283881E-01     0.10281692E-01
   2.7297654          536.74182         0.10288153E-01     0.10285929E-01
   2.7360665          544.58599         0.10292429E-01     0.10290177E-01
   2.7423675          552.54480         0.10296707E-01     0.10294437E-01
   2.7486685          560.61992         0.10300989E-01     0.10298707E-01
   2.7549696          568.81305         0.10305274E-01     0.10302989E-01
   2.7612706          577.12592         0.10309562E-01     0.10307283E-01
   2.7675716          585.56028         0.10313854E-01     0.10311588E-01
   2.7738726          594.11791         0.10318149E-01     0.10315904E-01
   2.7801737          602.80059         0.10322447E-01     0.10320232E-01
   2.7864747          611.61018         0.10326748E-01     0.10324572E-01
   2.7927757          620.54850         0.10331053E-01     0.10328922E-01
   2.7990768          629.61746         0.10335361E-01     0.10333284E-01
   2.8053778          638.81895         0.10339673E-01     0.10337656E-01
   2.8116788          648.15492         0.10343988E-01     0.10342040E-01
   2.8179799          657.62733         0.10348306E-01     0.10346434E-01
   2.8242809          667.23817         0.10352628E-01     0.10350838E-01
   2.8305819          676.98947         0.10356953E-01     0.10355252E-01
   2.8368829          686.88328         0.10361282E-01     0.10359676E-01
   2.8431840          696.92168         0.10365614E-01     0.10364109E-01
   2.8494850          707.10678         0.10369949E-01     0.10368551E-01
   2.8557860          717.44074         0.10374289E-01     0.10373001E-01
   2.8620871          727.92572         0.10378631E-01     0.10377460E-01
   2.8683881          738.56393         0.10382978E-01     0.10381926E-01
   2.8746891          749.35761         0.10387328E-01     0.10386400E-01
   2.8809902          760.30904         0.10391681E-01     0.10390880E-01
   2.8872912          771.42051         0.10396038E-01     0.10395367E-01
   2.8935922          782.69437         0.10400399E-01     0.10399859E-01
   2.8998932          794.13300         0.10404764E-01     0.10404357E-01
   2.9061943          805.73879         0.10409132E-01     0.10408859E-01
   2.9124953          817.51419         0.10413504E-01     0.10413366E-01
   2.9187963          829.46169         0.10417879E-01     0.10417877E-01
   2.9250974          841.58379         0.10422259E-01     0.10422391E-01
   2.9313984          853.88305         0.10426642E-01     0.10426908E-01
   2.9376994          866.36205         0.10431029E-01     0.10431427E-01
   2.9440005          879.02343         0.10435420E-01     0.10435948E-01
   2.9503015          891.86985         0.10439814E-01     0.10440470E-01
   2.9566025          904.90401         0.10444213E-01     0.10444992E-01
   2.9629035          918.12866         0.10448615E-01     0.10449515E-01
   2.9692046          931.54657         0.10453021E-01     0.10454038E-01
   2.9755056          945.16058         0.10457432E-01     0.10458561E-01
   2.9818066          958.97356         0.10461846E-01     0.10463082E-01
   2.9881077          972.98840         0.10466264E-01     0.10467601E-01
   2.9944087          987.20806         0.10470686E-01     0.10472119E-01
   3.0007097          1001.6355         0.10475112E-01     0.10476635E-01
   3.0070108          1016.2739         0.10479543E-01     0.10481148E-01
   3.0133118          1031.1261         0.10483977E-01     0.10485658E-01
   3.0196128          1046.1954         0.10488415E-01     0.10490165E-01
   3.0259138          1061.4850         0.10492858E-01     0.10494669E-01
   3.0322149          1076.9979         0.10497304E-01     0.10499169E-01
   3.0385159          1092.7376         0.10501755E-01     0.10503665E-01
   3.0448169          1108.7074         0.10506210E-01     0.10508157E-01
   3.0511180          1124.9105         0.10510669E-01     0.10512645E-01
   3.0574190          1141.3504         0.10515132E-01     0.10517129E-01
   3.0637200          1158.0306         0.10519600E-01     0.10521608E-01
   3.0700211          1174.9545         0.10524072E-01     0.10526083E-01
   3.0763221          1192.1258         0.10528548E-01     0.10530554E-01
   3.0826231          1209.5480         0.10533028E-01     0.10535020E-01
   3.0889241          1227.2249         0.10537513E-01     0.10539482E-01
   3.0952252          1245.1600         0.10542002E-01     0.10543940E-01
   3.1015262          1263.3573         0.10546496E-01     0.10548393E-01
   3.1078272          1281.8206         0.10550993E-01     0.10552843E-01
   3.1141283          1300.5536         0.10555496E-01     0.10557289E-01
   3.1204293          1319.5605         0.10560002E-01     0.10561732E-01
   3.1267303          1338.8451         0.10564514E-01     0.10566171E-01
   3.1330314          1358.4115         0.10569029E-01     0.10570607E-01
   3.1393324          1378.2639         0.10573550E-01     0.10575041E-01
   3.1456334          1398.4064         0.10578074E-01     0.10579473E-01
   3.1519344          1418.8433         0.10582604E-01     0.10583903E-01
   3.1582355          1439.5789         0.10587137E-01     0.10588331E-01
   3.1645365          1460.6175         0.10591676E-01     0.10592758E-01
   3.1708375          1481.9636         0.10596219E-01     0.10597185E-01
   3.1771386          1503.6216         0.10600767E-01     0.10601611E-01
   3.1834396          1525.5962         0.10605319E-01     0.10606038E-01
   3.1897406          1547.8919         0.10609876E-01     0.10610465E-01
   3.1960417          1570.5134         0.10614438E-01     0.10614894E-01
   3.2023427          1593.4656         0.10619004E-01     0.10619325E-01
   3.2086437          1616.7531         0.10623576E-01     0.10623759E-01
   3.2149447          1640.3810         0.10628152E-01     0.10628195E-01
   3.2212458          1664.3543         0.10632733E-01     0.10632635E-01
   3.2275468          1688.6778         0.10637318E-01     0.10637079E-01
   3.2338478          1713.3569         0.10641909E-01     0.10641528E-01
   3.2401489          1738.3966         0.10646504E-01     0.10645982E-01
   3.2464499          1763.8022         0.10651105E-01     0.10650441E-01
   3.2527509          1789.5792         0.10655710E-01     0.10654908E-01
   3.2590520          1815.7329         0.10660320E-01     0.10659381E-01
   3.2653530          1842.2687         0.10664935E-01     0.10663862E-01
   3.2716540          1869.1924         0.10669555E-01     0.10668351E-01
   3.2779550          1896.5096         0.10674180E-01     0.10672848E-01
   3.2842561          1924.2260         0.10678810E-01     0.10677355E-01
   3.2905571          1952.3474         0.10683445E-01     0.10681872E-01
   3.2968581          1980.8798         0.10688086E-01     0.10686398E-01
   3.3031592          2009.8292         0.10692731E-01     0.10690935E-01
   3.3094602          2039.2017         0.10697382E-01     0.10695484E-01
   3.3157612          2069.0035         0.10702037E-01     0.10700044E-01
   3.3220623          2099.2408         0.10706698E-01     0.10704616E-01
   3.3283633          2129.9200         0.10711364E-01     0.10709200E-01
   3.3346643          2161.0475         0.10716035E-01     0.10713797E-01
   3.3409653          2192.6299         0.10720712E-01     0.10718407E-01
   3.3472664          2224.6740         0.10725393E-01     0.10723030E-01
   3.3535674          2257.1863         0.10730080E-01     0.10727667E-01
   3.3598684          2290.1737         0.10734773E-01     0.10732318E-01
   3.3661695          2323.6433         0.10739470E-01     0.10736982E-01
   3.3724705          2357.6020         0.10744173E-01     0.10741661E-01
   3.3787715          2392.0570         0.10748881E-01     0.10746355E-01
   3.3850726          2427.0155         0.10753595E-01     0.10751063E-01
   3.3913736          2462.4849         0.10758314E-01     0.10755785E-01
   3.3976746          2498.4727         0.10763039E-01     0.10760522E-01
   3.4039756          2534.9864         0.10767769E-01     0.10765274E-01
   3.4102767          2572.0338         0.10772505E-01     0.10770040E-01
   3.4165777          2609.6226         0.10777246E-01     0.10774820E-01
   3.4228787          2647.7607         0.10781993E-01     0.10779615E-01
   3.4291798          2686.4562         0.10786745E-01     0.10784424E-01
   3.4354808          2725.7172         0.10791503E-01     0.10789247E-01
   3.4417818          2765.5520         0.10796266E-01     0.10794084E-01
   3.4480829          2805.9689         0.10801035E-01     0.10798935E-01
   3.4543839          2846.9765         0.10805810E-01     0.10803799E-01
   3.4606849          2888.5834         0.10810590E-01     0.10808675E-01
   3.4669859          2930.7984         0.10815377E-01     0.10813565E-01
   3.4732870          2973.6303         0.10820168E-01     0.10818466E-01
   3.4795880          3017.0882         0.10824966E-01     0.10823380E-01
   3.4858890          3061.1812         0.10829770E-01     0.10828305E-01
   3.4921901          3105.9185         0.10834579E-01     0.10833241E-01
   3.4984911          3151.3097         0.10839394E-01     0.10838188E-01
   3.5047921          3197.3643         0.10844215E-01     0.10843144E-01
   3.5110932          3244.0919         0.10849042E-01     0.10848110E-01
   3.5173942          3291.5024         0.10853874E-01     0.10853086E-01
   3.5236952          3339.6058         0.10858713E-01     0.10858069E-01
   3.5299962          3388.4122         0.10863558E-01     0.10863061E-01
   3.5362973          3437.9319         0.10868408E-01     0.10868060E-01
   3.5425983          3488.1753         0.10873265E-01     0.10873066E-01
   3.5488993          3539.1529         0.10878127E-01     0.10878078E-01
   3.5552004          3590.8756         0.10882996E-01     0.10883096E-01
   3.5615014          3643.3542         0.10887871E-01     0.10888119E-01
   3.5678024          3696.5997         0.10892752E-01     0.10893146E-01
   3.5741035          3750.6233         0.10897639E-01     0.10898178E-01
   3.5804045          3805.4365         0.10902532E-01     0.10903213E-01
   3.5867055          3861.0508         0.10907431E-01     0.10908251E-01
   3.5930065          3917.4778         0.10912337E-01     0.10913291E-01
   3.5993076          3974.7294         0.10917248E-01     0.10918333E-01
   3.6056086          4032.8178         0.10922166E-01     0.10923376E-01
   3.6119096          4091.7551         0.10927091E-01     0.10928420E-01
   3.6182107          4151.5537         0.10932021E-01     0.10933465E-01
   3.6245117          4212.2263         0.10936958E-01     0.10938509E-01
   3.6308127          4273.7855         0.10941901E-01     0.10943553E-01
   3.6371138          4336.2444         0.10946851E-01     0.10948596E-01
   3.6434148          4399.6161         0.10951807E-01     0.10953638E-01
   3.6497158          4463.9139         0.10956769E-01     0.10958678E-01
   3.6560168          4529.1514         0.10961738E-01     0.10963716E-01
   3.6623179          4595.3424         0.10966714E-01     0.10968752E-01
   3.6686189          4662.5006         0.10971696E-01     0.10973786E-01
   3.6749199          4730.6403         0.10976684E-01     0.10978817E-01
   3.6812210          4799.7759         0.10981679E-01     0.10983845E-01
   3.6875220          4869.9218         0.10986680E-01     0.10988870E-01
   3.6938230          4941.0929         0.10991689E-01     0.10993892E-01
   3.7001241          5013.3041         0.10996703E-01     0.10998911E-01
   3.7064251          5086.5707         0.11001725E-01     0.11003927E-01
   3.7127261          5160.9079         0.11006753E-01     0.11008940E-01
   3.7190271          5236.3316         0.11011788E-01     0.11013950E-01
   3.7253282          5312.8575         0.11016829E-01     0.11018957E-01
   3.7316292          5390.5019         0.11021878E-01     0.11023961E-01
   3.7379302          5469.2809         0.11026933E-01     0.11028963E-01
   3.7442313          5549.2113         0.11031995E-01     0.11033962E-01
   3.7505323          5630.3098         0.11037063E-01     0.11038959E-01
   3.7568333          5712.5935         0.11042139E-01     0.11043954E-01
   3.7631344          5796.0797         0.11047221E-01     0.11048947E-01
   3.7694354          5880.7861         0.11052311E-01     0.11053939E-01
   3.7757364          5966.7303         0.11057407E-01     0.11058930E-01
   3.7820374          6053.9306         0.11062510E-01     0.11063921E-01
   3.7883385          6142.4053         0.11067621E-01     0.11068911E-01
   3.7946395          6232.1730         0.11072738E-01     0.11073902E-01
   3.8009405          6323.2526         0.11077863E-01     0.11078894E-01
   3.8072416          6415.6633         0.11082994E-01     0.11083888E-01
   3.8135426          6509.4245         0.11088133E-01     0.11088883E-01
   3.8198436          6604.5559         0.11093278E-01     0.11093881E-01
   3.8261447          6701.0777         0.11098431E-01     0.11098883E-01
   3.8324457          6799.0100         0.11103591E-01     0.11103887E-01
   3.8387467          6898.3736         0.11108759E-01     0.11108897E-01
   3.8450477          6999.1893         0.11113933E-01     0.11113911E-01
   3.8513488          7101.4784         0.11119115E-01     0.11118931E-01
   3.8576498          7205.2624         0.11124304E-01     0.11123957E-01
   3.8639508          7310.5631         0.11129500E-01     0.11128990E-01
   3.8702519          7417.4028         0.11134704E-01     0.11134030E-01
   3.8765529          7525.8038         0.11139915E-01     0.11139079E-01
   3.8828539          7635.7890         0.11145134E-01     0.11144137E-01
   3.8891550          7747.3817         0.11150360E-01     0.11149204E-01
   3.8954560          7860.6051         0.11155594E-01     0.11154281E-01
   3.9017570          7975.4833         0.11160835E-01     0.11159369E-01
   3.9080580          8092.0404         0.11166083E-01     0.11164469E-01
   3.9143591          8210.3009         0.11171339E-01     0.11169581E-01
   3.9206601          8330.2896         0.11176603E-01     0.11174705E-01
   3.9269611          8452.0320         0.11181874E-01     0.11179842E-01
   3.9332622          8575.5535         0.11187153E-01     0.11184994E-01
   3.9395632          8700.8802         0.11192440E-01     0.11190159E-01
   3.9458642          8828.0386         0.11197734E-01     0.11195340E-01
   3.9521653          8957.0552         0.11203036E-01     0.11200535E-01
   3.9584663          9087.9574         0.11208346E-01     0.11205747E-01
   3.9647673          9220.7726         0.11213664E-01     0.11210974E-01
   3.9710683          9355.5288         0.11218989E-01     0.11216219E-01
   3.9773694          9492.2544         0.11224323E-01     0.11221480E-01
   3.9836704          9630.9782         0.11229664E-01     0.11226759E-01
   3.9899714          9771.7294         0.11235013E-01     0.11232055E-01
   3.9962725          9914.5375         0.11240370E-01     0.11237369E-01
   4.0025735          10059.433         0.11245735E-01     0.11242701E-01
   4.0088745          10206.446         0.11251108E-01     0.11248052E-01
   4.0151756          10355.607         0.11256490E-01     0.11253421E-01
   4.0214766          10506.948         0.11261879E-01     0.11258808E-01
   4.0277776          10660.501         0.11267276E-01     0.11264214E-01
   4.0340786          10816.298         0.11272682E-01     0.11269639E-01
   4.0403797          10974.372         0.11278095E-01     0.11275083E-01
   4.0466807          11134.756         0.11283517E-01     0.11280545E-01
   4.0529817          11297.484         0.11288947E-01     0.11286025E-01
   4.0592828          11462.590         0.11294386E-01     0.11291524E-01
   4.0655838          11630.109         0.11299833E-01     0.11297041E-01
   4.0718848          11800.076         0.11305288E-01     0.11302575E-01
   4.0781859          11972.528         0.11310751E-01     0.11308128E-01
   4.0844869          12147.499         0.11316223E-01     0.11313698E-01
   4.0907879          12325.028         0.11321703E-01     0.11319285E-01
   4.0970889          12505.151         0.11327192E-01     0.11324889E-01
   4.1033900          12687.907         0.11332690E-01     0.11330509E-01
   4.1096910          12873.333         0.11338195E-01     0.11336144E-01
   4.1159920          13061.469         0.11343710E-01     0.11341796E-01
   4.1222931          13252.355         0.11349233E-01     0.11347462E-01
   4.1285941          13446.030         0.11354765E-01     0.11353142E-01
   4.1348951          13642.536         0.11360305E-01     0.11358837E-01
   4.1411962          13841.914         0.11365854E-01     0.11364545E-01
   4.1474972          14044.206         0.11371412E-01     0.11370265E-01
   4.1537982          14249.454         0.11376979E-01     0.11375997E-01
   4.1600992          14457.701         0.11382555E-01     0.11381742E-01
   4.1664003          14668.992         0.11388139E-01     0.11387496E-01
   4.1727013          14883.371         0.11393732E-01     0.11393262E-01
   4.1790023          15100.883         0.11399335E-01     0.11399036E-01
   4.1853034          15321.573         0.11404946E-01     0.11404820E-01
   4.1916044          15545.489         0.11410566E-01     0.11410612E-01
   4.1979054          15772.677         0.11416196E-01     0.11416411E-01
   4.2042065          16003.186         0.11421834E-01     0.11422218E-01
   4.2105075          16237.063         0.11427482E-01     0.11428030E-01
   4.2168085          16474.358         0.11433139E-01     0.11433849E-01
   4.2231095          16715.122         0.11438805E-01     0.11439672E-01
   4.2294106          16959.403         0.11444480E-01     0.11445500E-01
   4.2357116          17207.255         0.11450165E-01     0.11451332E-01
   4.2420126          17458.729         0.11455859E-01     0.11457167E-01
   4.2483137          17713.878         0.11461562E-01     0.11463005E-01
   4.2546147          17972.757         0.11467275E-01     0.11468845E-01
   4.2609157          18235.418         0.11472997E-01     0.11474687E-01
   4.2672168          18501.918         0.11478728E-01     0.11480530E-01
   4.2735178          18772.313         0.11484469E-01     0.11486374E-01
   4.2798188          19046.659         0.11490220E-01     0.11492218E-01
   4.2861198          19325.015         0.11495980E-01     0.11498063E-01
   4.2924209          19607.439         0.11501750E-01     0.11503907E-01
   4.2987219          19893.990         0.11507530E-01     0.11509750E-01
   4.3050229          20184.729         0.11513320E-01     0.11515593E-01
   4.3113240          20479.717         0.11519119E-01     0.11521434E-01
   4.3176250          20779.017         0.11524928E-01     0.11527275E-01
   4.3239260          21082.690         0.11530747E-01     0.11533114E-01
   4.3302271          21390.801         0.11536575E-01     0.11538951E-01
   4.3365281          21703.415         0.11542414E-01     0.11544787E-01
   4.3428291          22020.598         0.11548263E-01     0.11550622E-01
   4.3491301          22342.416         0.11554122E-01     0.11556455E-01
   4.3554312          22668.938         0.11559990E-01     0.11562286E-01
   4.3617322          23000.231         0.11565869E-01     0.11568117E-01
   4.3680332          23336.366         0.11571758E-01     0.11573946E-01
   4.3743343          23677.414         0.11577658E-01     0.11579775E-01
   4.3806353          24023.445         0.11583567E-01     0.11585603E-01
   4.3869363          24374.534         0.11589487E-01     0.11591431E-01
   4.3932374          24730.754         0.11595417E-01     0.11597259E-01
   4.3995384          25092.179         0.11601358E-01     0.11603087E-01
   4.4058394          25458.887         0.11607308E-01     0.11608917E-01
   4.4121404          25830.954         0.11613270E-01     0.11614748E-01
   4.4184415          26208.458         0.11619242E-01     0.11620580E-01
   4.4247425          26591.479         0.11625224E-01     0.11626416E-01
   4.4310435          26980.099         0.11631217E-01     0.11632254E-01
   4.4373446          27374.397         0.11637221E-01     0.11638096E-01
   4.4436456          27774.458         0.11643236E-01     0.11643942E-01
   4.4499466          28180.365         0.11649261E-01     0.11649794E-01
   4.4562477          28592.205         0.11655297E-01     0.11655650E-01
   4.4625487          29010.064         0.11661344E-01     0.11661514E-01
   4.4688497          29434.029         0.11667401E-01     0.11667384E-01
   4.4751507          29864.190         0.11673470E-01     0.11673262E-01
   4.4814518          30300.638         0.11679550E-01     0.11679149E-01
   4.4877528          30743.464         0.11685640E-01     0.11685045E-01
   4.4940538          31192.762         0.11691742E-01     0.11690951E-01
   4.5003549          31648.626         0.11697855E-01     0.11696868E-01
   4.5066559          32111.152         0.11703979E-01     0.11702797E-01
   4.5129569          32580.438         0.11710114E-01     0.11708738E-01
   4.5192580          33056.582         0.11716261E-01     0.11714693E-01
   4.5255590          33539.685         0.11722418E-01     0.11720662E-01
   4.5318600          34029.848         0.11728588E-01     0.11726645E-01
   4.5381610          34527.175         0.11734768E-01     0.11732644E-01
   4.5444621          35031.769         0.11740960E-01     0.11738660E-01
   4.5507631          35543.738         0.11747164E-01     0.11744693E-01
   4.5570641          36063.189         0.11753379E-01     0.11750743E-01
   4.5633652          36590.232         0.11759606E-01     0.11756813E-01
   4.5696662          37124.977         0.11765845E-01     0.11762901E-01
   4.5759672          37667.537         0.11772095E-01     0.11769009E-01
   4.5822683          38218.026         0.11778357E-01     0.11775138E-01
   4.5885693          38776.560         0.11784631E-01     0.11781288E-01
   4.5948703          39343.257         0.11790916E-01     0.11787459E-01
   4.6011713          39918.236         0.11797214E-01     0.11793653E-01
   4.6074724          40501.618         0.11803524E-01     0.11799869E-01
   4.6137734          41093.525         0.11809845E-01     0.11806109E-01
   4.6200744          41694.083         0.11816179E-01     0.11812372E-01
   4.6263755          42303.418         0.11822525E-01     0.11818659E-01
   4.6326765          42921.658         0.11828883E-01     0.11824970E-01
   4.6389775          43548.933         0.11835254E-01     0.11831306E-01
   4.6452786          44185.376         0.11841637E-01     0.11837666E-01
   4.6515796          44831.119         0.11848032E-01     0.11844051E-01
   4.6578806          45486.300         0.11854439E-01     0.11850461E-01
   4.6641816          46151.056         0.11860859E-01     0.11856897E-01
   4.6704827          46825.527         0.11867292E-01     0.11863357E-01
   4.6767837          47509.855         0.11873737E-01     0.11869843E-01
   4.6830847          48204.183         0.11880195E-01     0.11876354E-01
   4.6893858          48908.660         0.11886665E-01     0.11882890E-01
   4.6956868          49623.431         0.11893149E-01     0.11889450E-01
   4.7019878          50348.649         0.11899645E-01     0.11896035E-01
   4.7082889          51084.465         0.11906154E-01     0.11902645E-01
   4.7145899          51831.035         0.11912676E-01     0.11909279E-01
   4.7208909          52588.515         0.11919211E-01     0.11915936E-01
   4.7271919          53357.066         0.11925759E-01     0.11922617E-01
   4.7334930          54136.849         0.11932320E-01     0.11929321E-01
   4.7397940          54928.027         0.11938894E-01     0.11936047E-01
   4.7460950          55730.768         0.11945482E-01     0.11942795E-01
   4.7523961          56545.241         0.11952083E-01     0.11949564E-01
   4.7586971          57371.617         0.11958697E-01     0.11956355E-01
   4.7649981          58210.070         0.11965324E-01     0.11963165E-01
   4.7712992          59060.776         0.11971966E-01     0.11969995E-01
   4.7776002          59923.915         0.11978620E-01     0.11976844E-01
   4.7839012          60799.668         0.11985288E-01     0.11983711E-01
   4.7902022          61688.220         0.11991970E-01     0.11990596E-01
   4.7965033          62589.758         0.11998666E-01     0.11997497E-01
   4.8028043          63504.471         0.12005376E-01     0.12004414E-01
   4.8091053          64432.552         0.12012099E-01     0.12011347E-01
   4.8154064          65374.196         0.12018836E-01     0.12018294E-01
   4.8217074          66329.602         0.12025587E-01     0.12025254E-01
   4.8280084          67298.971         0.12032353E-01     0.12032228E-01
   4.8343095          68282.506         0.12039132E-01     0.12039214E-01
   4.8406105          69280.415         0.12045926E-01     0.12046211E-01
   4.8469115          70292.908         0.12052734E-01     0.12053218E-01
   4.8532125          71320.198         0.12059556E-01     0.12060236E-01
   4.8595136          72362.501         0.12066392E-01     0.12067262E-01
   4.8658146          73420.037         0.12073243E-01     0.12074297E-01
   4.8721156          74493.028         0.12080109E-01     0.12081340E-01
   4.8784167          75581.701         0.12086989E-01     0.12088389E-01
   4.8847177          76686.283         0.12093884E-01     0.12095445E-01
   4.8910187          77807.009         0.12100793E-01     0.12102507E-01
   4.8973198          78944.113         0.12107718E-01     0.12109574E-01
   4.9036208          80097.836         0.12114657E-01     0.12116645E-01
   4.9099218          81268.419         0.12121611E-01     0.12123721E-01
   4.9162228          82456.110         0.12128580E-01     0.12130800E-01
   4.9225239          83661.158         0.12135564E-01     0.12137882E-01
   4.9288249          84883.817         0.12142563E-01     0.12144967E-01
   4.9351259          86124.345         0.12149578E-01     0.12152054E-01
   4.9414270          87383.002         0.12156608E-01     0.12159144E-01
   4.9477280          88660.054         0.12163653E-01     0.12166236E-01
   4.9540290          89955.769         0.12170713E-01     0.12173329E-01
   4.9603301          91270.420         0.12177790E-01     0.12180424E-01
   4.9666311          92604.285         0.12184881E-01     0.12187520E-01
   4.9729321          93957.642         0.12191989E-01     0.12194618E-01
   4.9792331          95330.779         0.12199112E-01     0.12201717E-01
   4.9855342          96723.983         0.12206250E-01     0.12208819E-01
   4.9918352          98137.548         0.12213405E-01     0.12215921E-01
   4.9981362          99571.771         0.12220576E-01     0.12223026E-01
   5.0044373          101026.95         0.12227763E-01     0.12230133E-01
   5.0107383          102503.40         0.12234965E-01     0.12237243E-01
   5.0170393          104001.43         0.12242184E-01     0.12244355E-01
   5.0233404          105521.35         0.12249420E-01     0.12251471E-01
   5.0296414          107063.49         0.12256671E-01     0.12258591E-01
   5.0359424          108628.16         0.12263939E-01     0.12265715E-01
   5.0422434          110215.69         0.12271224E-01     0.12272843E-01
   5.0485445          111826.43         0.12278525E-01     0.12279978E-01
   5.0548455          113460.71         0.12285843E-01     0.12287118E-01
   5.0611465          115118.87         0.12293177E-01     0.12294266E-01
   5.0674476          116801.27         0.12300528E-01     0.12301421E-01
   5.0737486          118508.25         0.12307896E-01     0.12308584E-01
   5.0800496          120240.18         0.12315282E-01     0.12315757E-01
   5.0863507          121997.42         0.12322684E-01     0.12322940E-01
   5.0926517          123780.34         0.12330103E-01     0.12330134E-01
   5.0989527          125589.32         0.12337540E-01     0.12337340E-01
   5.1052537          127424.74         0.12344993E-01     0.12344559E-01
   5.1115548          129286.97         0.12352465E-01     0.12351792E-01
   5.1178558          131176.43         0.12359953E-01     0.12359039E-01
   5.1241568          133093.50         0.12367460E-01     0.12366303E-01
   5.1304579          135038.58         0.12374984E-01     0.12373584E-01
   5.1367589          137012.09         0.12382525E-01     0.12380882E-01
   5.1430599          139014.44         0.12390085E-01     0.12388200E-01
   5.1493610          141046.06         0.12397662E-01     0.12395538E-01
   5.1556620          143107.36         0.12405257E-01     0.12402897E-01
   5.1619630          145198.79         0.12412871E-01     0.12410278E-01
   5.1682640          147320.79         0.12420502E-01     0.12417682E-01
   5.1745651          149473.80         0.12428152E-01     0.12425110E-01
   5.1808661          151658.27         0.12435820E-01     0.12432564E-01
   5.1871671          153874.67         0.12443507E-01     0.12440044E-01
   5.1934682          156123.46         0.12451212E-01     0.12447551E-01
   5.1997692          158405.11         0.12458935E-01     0.12455086E-01
   5.2060702          160720.11         0.12466678E-01     0.12462650E-01
   5.2123713          163068.94         0.12474439E-01     0.12470244E-01
   5.2186723          165452.10         0.12482219E-01     0.12477869E-01
   5.2249733          167870.09         0.12490018E-01     0.12485526E-01
   5.2312743          170323.41         0.12497836E-01     0.12493214E-01
   5.2375754          172812.59         0.12505673E-01     0.12500936E-01
   5.2438764          175338.14         0.12513529E-01     0.12508692E-01
   5.2501774          177900.61         0.12521405E-01     0.12516482E-01
   5.2564785          180500.52         0.12529300E-01     0.12524306E-01
   5.2627795          183138.43         0.12537215E-01     0.12532166E-01
   5.2690805          185814.89         0.12545149E-01     0.12540062E-01
   5.2753816          188530.47         0.12553103E-01     0.12547995E-01
   5.2816826          191285.73         0.12561077E-01     0.12555964E-01
   5.2879836          194081.26         0.12569071E-01     0.12563969E-01
   5.2942846          196917.65         0.12577084E-01     0.12572012E-01
   5.3005857          199795.49         0.12585118E-01     0.12580093E-01
   5.3068867          202715.38         0.12593172E-01     0.12588210E-01
   5.3131877          205677.95         0.12601247E-01     0.12596365E-01
   5.3194888          208683.81         0.12609341E-01     0.12604557E-01
   5.3257898          211733.60         0.12617456E-01     0.12612787E-01
   5.3320908          214827.97         0.12625592E-01     0.12621053E-01
   5.3383919          217967.55         0.12633749E-01     0.12629356E-01
   5.3446929          221153.02         0.12641926E-01     0.12637696E-01
   5.3509939          224385.05         0.12650124E-01     0.12646072E-01
   5.3572949          227664.30         0.12658343E-01     0.12654483E-01
   5.3635960          230991.48         0.12666584E-01     0.12662930E-01
   5.3698970          234367.29         0.12674845E-01     0.12671411E-01
   5.3761980          237792.43         0.12683128E-01     0.12679926E-01
   5.3824991          241267.63         0.12691432E-01     0.12688475E-01
   5.3888001          244793.62         0.12699758E-01     0.12697056E-01
   5.3951011          248371.13         0.12708105E-01     0.12705669E-01
   5.4014022          252000.93         0.12716474E-01     0.12714312E-01
   5.4077032          255683.78         0.12724865E-01     0.12722987E-01
   5.4140042          259420.45         0.12733277E-01     0.12731690E-01
   5.4203052          263211.73         0.12741712E-01     0.12740421E-01
   5.4266063          267058.42         0.12750169E-01     0.12749180E-01
   5.4329073          270961.32         0.12758648E-01     0.12757966E-01
   5.4392083          274921.26         0.12767149E-01     0.12766776E-01
   5.4455094          278939.08         0.12775673E-01     0.12775611E-01
   5.4518104          283015.61         0.12784220E-01     0.12784468E-01
   5.4581114          287151.72         0.12792789E-01     0.12793348E-01
   5.4644125          291348.27         0.12801381E-01     0.12802249E-01
   5.4707135          295606.16         0.12809995E-01     0.12811170E-01
   5.4770145          299926.27         0.12818633E-01     0.12820109E-01
   5.4833155          304309.52         0.12827294E-01     0.12829067E-01
   5.4896166          308756.83         0.12835978E-01     0.12838040E-01
   5.4959176          313269.13         0.12844685E-01     0.12847030E-01
   5.5022186          317847.38         0.12853416E-01     0.12856034E-01
   5.5085197          322492.53         0.12862171E-01     0.12865051E-01
   5.5148207          327205.57         0.12870949E-01     0.12874081E-01
   5.5211217          331987.49         0.12879750E-01     0.12883123E-01
   5.5274228          336839.30         0.12888576E-01     0.12892175E-01
   5.5337238          341762.01         0.12897426E-01     0.12901237E-01
   5.5400248          346756.66         0.12906299E-01     0.12910308E-01
   5.5463258          351824.31         0.12915197E-01     0.12919387E-01
   5.5526269          356966.01         0.12924119E-01     0.12928474E-01
   5.5589279          362182.87         0.12933066E-01     0.12937568E-01
   5.5652289          367475.96         0.12942037E-01     0.12946669E-01
   5.5715300          372846.41         0.12951033E-01     0.12955775E-01
   5.5778310          378295.34         0.12960054E-01     0.12964887E-01
   5.5841320          383823.91         0.12969099E-01     0.12974004E-01
   5.5904331          389433.27         0.12978170E-01     0.12983126E-01
   5.5967341          395124.61         0.12987266E-01     0.12992253E-01
   5.6030351          400899.13         0.12996387E-01     0.13001384E-01
   5.6093361          406758.03         0.13005533E-01     0.13010520E-01
   5.6156372          412702.57         0.13014704E-01     0.13019661E-01
   5.6219382          418733.98         0.13023902E-01     0.13028807E-01
   5.6282392          424853.53         0.13033125E-01     0.13037958E-01
   5.6345403          431062.52         0.13042374E-01     0.13047114E-01
   5.6408413          437362.25         0.13051648E-01     0.13056277E-01
   5.6471423          443754.04         0.13060949E-01     0.13065447E-01
   5.6534434          450239.25         0.13070276E-01     0.13074624E-01
   5.6597444          456819.23         0.13079629E-01     0.13083809E-01
   5.6660454          463495.38         0.13089009E-01     0.13093003E-01
   5.6723464          470269.10         0.13098415E-01     0.13102208E-01
   5.6786475          477141.81         0.13107848E-01     0.13111423E-01
   5.6849485          484114.96         0.13117307E-01     0.13120651E-01
   5.6912495          491190.02         0.13126793E-01     0.13129893E-01
   5.6975506          498368.47         0.13136307E-01     0.13139149E-01
   5.7038516          505651.84         0.13145847E-01     0.13148422E-01
   5.7101526          513041.65         0.13155415E-01     0.13157713E-01
   5.7164537          520539.45         0.13165010E-01     0.13167024E-01
   5.7227547          528146.83         0.13174632E-01     0.13176357E-01
   5.7290557          535865.39         0.13184282E-01     0.13185712E-01
   5.7353567          543696.75         0.13193959E-01     0.13195094E-01
   5.7416578          551642.57         0.13203665E-01     0.13204502E-01
   5.7479588          559704.50         0.13213398E-01     0.13213940E-01
   5.7542598          567884.26         0.13223160E-01     0.13223409E-01
   5.7605609          576183.56         0.13232949E-01     0.13232913E-01
   5.7668619          584604.14         0.13242767E-01     0.13242452E-01
   5.7731629          593147.79         0.13252613E-01     0.13252031E-01
   5.7794640          601816.31         0.13262488E-01     0.13261650E-01
   5.7857650          610611.50         0.13272391E-01     0.13271313E-01
   5.7920660          619535.23         0.13282323E-01     0.13281022E-01
   5.7983670          628589.38         0.13292284E-01     0.13290779E-01
   5.8046681          637775.85         0.13302273E-01     0.13300588E-01
   5.8109691          647096.57         0.13312292E-01     0.13310452E-01
   5.8172701          656553.51         0.13322340E-01     0.13320372E-01
   5.8235712          666148.66         0.13332418E-01     0.13330351E-01
   5.8298722          675884.04         0.13342524E-01     0.13340393E-01
   5.8361732          685761.69         0.13352661E-01     0.13350501E-01
   5.8424743          695783.70         0.13362827E-01     0.13360676E-01
   5.8487753          705952.17         0.13373022E-01     0.13370922E-01
   5.8550763          716269.26         0.13383248E-01     0.13381242E-01
   5.8613773          726737.11         0.13393503E-01     0.13391639E-01
   5.8676784          737357.96         0.13403789E-01     0.13402115E-01
   5.8739794          748134.01         0.13414105E-01     0.13412673E-01
   5.8802804          759067.56         0.13424451E-01     0.13423316E-01
   5.8865815          770160.89         0.13434828E-01     0.13434047E-01
   5.8928825          781416.34         0.13445235E-01     0.13444869E-01
   5.8991835          792836.29         0.13455672E-01     0.13455783E-01
   5.9054846          804423.13         0.13466141E-01     0.13466794E-01
   5.9117856          816179.31         0.13476640E-01     0.13477903E-01
   5.9180866          828107.29         0.13487171E-01     0.13489113E-01
   5.9243876          840209.60         0.13497732E-01     0.13500426E-01
   5.9306887          852488.78         0.13508325E-01     0.13511846E-01
   5.9369897          864947.40         0.13518949E-01     0.13523373E-01
   5.9432907          877588.11         0.13529604E-01     0.13535011E-01
   5.9495918          890413.55         0.13540291E-01     0.13546761E-01
   5.9558928          903426.43         0.13551009E-01     0.13558626E-01
   5.9621938          916629.48         0.13561759E-01     0.13570608E-01
   5.9684949          930025.49         0.13572541E-01     0.13582707E-01
   5.9747959          943617.27         0.13583355E-01     0.13594927E-01
   5.9810969          957407.69         0.13594200E-01     0.13607269E-01
   5.9873979          971399.64         0.13605078E-01     0.13619733E-01
   5.9936990          985596.09         0.13615988E-01     0.13632322E-01
   6.0000000          1000000.0         0.13626931E-01     0.13645036E-01
