   LOG10(FN) FN  Magnitudes: Y11, Y12 ... Y21, Y22 ... [mhos]
 -0.30103000         0.50000000         0.63130010E-09
 -0.29472897         0.50730721         0.64052618E-09
 -0.28842794         0.51472121         0.64988710E-09
 -0.28212691         0.52224356         0.65938482E-09
 -0.27582588         0.52987585         0.66902135E-09
 -0.26952485         0.53761968         0.67879871E-09
 -0.26322382         0.54547667         0.68871895E-09
 -0.25692279         0.55344850         0.69878418E-09
 -0.25062176         0.56153683         0.70899651E-09
 -0.24432073         0.56974336         0.71935808E-09
 -0.23801970         0.57806983         0.72987108E-09
 -0.23171867         0.58651799         0.74053772E-09
 -0.22541764         0.59508961         0.75136025E-09
 -0.21911661         0.60378649         0.76234094E-09
 -0.21281558         0.61261048         0.77348211E-09
 -0.20651455         0.62156343         0.78478611E-09
 -0.20021352         0.63064722         0.79625530E-09
 -0.19391249         0.63986376         0.80789211E-09
 -0.18761146         0.64921500         0.81969898E-09
 -0.18131043         0.65870290         0.83167841E-09
 -0.17500940         0.66832946         0.84383290E-09
 -0.16870837         0.67809671         0.85616503E-09
 -0.16240734         0.68800669         0.86867739E-09
 -0.15610631         0.69806151         0.88137260E-09
 -0.14980528         0.70826328         0.89425335E-09
 -0.14350425         0.71861413         0.90732234E-09
 -0.13720322         0.72911626         0.92058233E-09
 -0.13090219         0.73977187         0.93403611E-09
 -0.12460116         0.75058321         0.94768650E-09
 -0.11830013         0.76155255         0.96153639E-09
 -0.11199910         0.77268219         0.97558869E-09
 -0.10569807         0.78397450         0.98984635E-09
 -0.99397036E-01     0.79543183         0.10043124E-08
 -0.93096006E-01     0.80705660         0.10189898E-08
 -0.86794976E-01     0.81885126         0.10338818E-08
 -0.80493946E-01     0.83081830         0.10489913E-08
 -0.74192916E-01     0.84296023         0.10643217E-08
 -0.67891886E-01     0.85527960         0.10798762E-08
 -0.61590856E-01     0.86777902         0.10956580E-08
 -0.55289826E-01     0.88046110         0.11116704E-08
 -0.48988796E-01     0.89332853         0.11279168E-08
 -0.42687766E-01     0.90638401         0.11444006E-08
 -0.36386736E-01     0.91963028         0.11611254E-08
 -0.30085706E-01     0.93307015         0.11780945E-08
 -0.23784676E-01     0.94670642         0.11953117E-08
 -0.17483646E-01     0.96054199         0.12127805E-08
 -0.11182616E-01     0.97457975         0.12305046E-08
 -0.48815859E-02     0.98882267         0.12484877E-08
  0.14194441E-02      1.0032737         0.12667336E-08
  0.77204741E-02      1.0179360         0.12852462E-08
  0.14021504E-01      1.0328125         0.13040293E-08
  0.20322534E-01      1.0479065         0.13230869E-08
  0.26623564E-01      1.0632210         0.13424231E-08
  0.32924594E-01      1.0787594         0.13620418E-08
  0.39225624E-01      1.0945248         0.13819473E-08
  0.45526654E-01      1.1105207         0.14021436E-08
  0.51827684E-01      1.1267503         0.14226352E-08
  0.58128714E-01      1.1432171         0.14434261E-08
  0.64429744E-01      1.1599246         0.14645210E-08
  0.70730774E-01      1.1768762         0.14859241E-08
  0.77031804E-01      1.1940755         0.15076400E-08
  0.83332834E-01      1.2115263         0.15296733E-08
  0.89633864E-01      1.2292320         0.15520286E-08
  0.95934894E-01      1.2471965         0.15747106E-08
  0.10223592          1.2654236         0.15977241E-08
  0.10853695          1.2839170         0.16210739E-08
  0.11483798          1.3026807         0.16447649E-08
  0.12113901          1.3217186         0.16688022E-08
  0.12744004          1.3410348         0.16931908E-08
  0.13374107          1.3606332         0.17179358E-08
  0.14004210          1.3805181         0.17430424E-08
  0.14634313          1.4006936         0.17685160E-08
  0.15264416          1.4211639         0.17943618E-08
  0.15894519          1.4419334         0.18205854E-08
  0.16524622          1.4630064         0.18471922E-08
  0.17154725          1.4843874         0.18741878E-08
  0.17784828          1.5060808         0.19015780E-08
  0.18414931          1.5280913         0.19293684E-08
  0.19045034          1.5504235         0.19575650E-08
  0.19675137          1.5730820         0.19861737E-08
  0.20305240          1.5960717         0.20152005E-08
  0.20935343          1.6193974         0.20446515E-08
  0.21565446          1.6430639         0.20745328E-08
  0.22195549          1.6670764         0.21048509E-08
  0.22825652          1.6914397         0.21356121E-08
  0.23455755          1.7161591         0.21668228E-08
  0.24085858          1.7412398         0.21984897E-08
  0.24715961          1.7666870         0.22306193E-08
  0.25346064          1.7925061         0.22632186E-08
  0.25976167          1.8187025         0.22962942E-08
  0.26606270          1.8452818         0.23298532E-08
  0.27236373          1.8722495         0.23639026E-08
  0.27866476          1.8996114         0.23984497E-08
  0.28496579          1.9273731         0.24335016E-08
  0.29126682          1.9555405         0.24690659E-08
  0.29756785          1.9841196         0.25051498E-08
  0.30386888          2.0131164         0.25417611E-08
  0.31016991          2.0425369         0.25789075E-08
  0.31647094          2.0723874         0.26165967E-08
  0.32277197          2.1026741         0.26548368E-08
  0.32907300          2.1334035         0.26936357E-08
  0.33537403          2.1645820         0.27330016E-08
  0.34167506          2.1962161         0.27729428E-08
  0.34797609          2.2283125         0.28134678E-08
  0.35427712          2.2608780         0.28545850E-08
  0.36057815          2.2939194         0.28963031E-08
  0.36687918          2.3274437         0.29386309E-08
  0.37318021          2.3614579         0.29815772E-08
  0.37948124          2.3959693         0.30251513E-08
  0.38578227          2.4309850         0.30693621E-08
  0.39208330          2.4665124         0.31142190E-08
  0.39838433          2.5025591         0.31597315E-08
  0.40468536          2.5391325         0.32059092E-08
  0.41098639          2.5762404         0.32527617E-08
  0.41728742          2.6138907         0.33002989E-08
  0.42358845          2.6520912         0.33485309E-08
  0.42988948          2.6908500         0.33974677E-08
  0.43619051          2.7301752         0.34471197E-08
  0.44249154          2.7700751         0.34974974E-08
  0.44879257          2.8105581         0.35486112E-08
  0.45509360          2.8516328         0.36004721E-08
  0.46139463          2.8933078         0.36530910E-08
  0.46769566          2.9355918         0.37064788E-08
  0.47399669          2.9784938         0.37606468E-08
  0.48029772          3.0220227         0.38156065E-08
  0.48659875          3.0661878         0.38713693E-08
  0.49289978          3.1109984         0.39279471E-08
  0.49920081          3.1564638         0.39853518E-08
  0.50550184          3.2025937         0.40435954E-08
  0.51180287          3.2493977         0.41026902E-08
  0.51810390          3.2968858         0.41626486E-08
  0.52440493          3.3450679         0.42234833E-08
  0.53070596          3.3939541         0.42852071E-08
  0.53700699          3.4435548         0.43478329E-08
  0.54330802          3.4938803         0.44113740E-08
  0.54960905          3.5449413         0.44758436E-08
  0.55591008          3.5967486         0.45412555E-08
  0.56221111          3.6493130         0.46076233E-08
  0.56851214          3.7026456         0.46749610E-08
  0.57481317          3.7567576         0.47432829E-08
  0.58111420          3.8116604         0.48126032E-08
  0.58741523          3.8673656         0.48829366E-08
  0.59371626          3.9238849         0.49542979E-08
  0.60001729          3.9812302         0.50267021E-08
  0.60631832          4.0394136         0.51001644E-08
  0.61261935          4.0984473         0.51747003E-08
  0.61892038          4.1583437         0.52503256E-08
  0.62522141          4.2191155         0.53270560E-08
  0.63152244          4.2807754         0.54049079E-08
  0.63782347          4.3433365         0.54838974E-08
  0.64412450          4.4068118         0.55640414E-08
  0.65042553          4.4712148         0.56453567E-08
  0.65672656          4.5365590         0.57278603E-08
  0.66302759          4.6028582         0.58115696E-08
  0.66932862          4.6701263         0.58965023E-08
  0.67562965          4.7383775         0.59826763E-08
  0.68193068          4.8076261         0.60701096E-08
  0.68823171          4.8778868         0.61588208E-08
  0.69453274          4.9491742         0.62488283E-08
  0.70083377          5.0215035         0.63401513E-08
  0.70713480          5.0948899         0.64328090E-08
  0.71343583          5.1693488         0.65268207E-08
  0.71973686          5.2448958         0.66222064E-08
  0.72603789          5.3215469         0.67189861E-08
  0.73233892          5.3993182         0.68171802E-08
  0.73863995          5.4782261         0.69168093E-08
  0.74494098          5.5582872         0.70178945E-08
  0.75124201          5.6395183         0.71204569E-08
  0.75754304          5.7219366         0.72245183E-08
  0.76384407          5.8055594         0.73301004E-08
  0.77014510          5.8904043         0.74372256E-08
  0.77644613          5.9764891         0.75459163E-08
  0.78274716          6.0638320         0.76561955E-08
  0.78904819          6.1524514         0.77680864E-08
  0.79534922          6.2423659         0.78816124E-08
  0.80165025          6.3335945         0.79967976E-08
  0.80795128          6.4261563         0.81136662E-08
  0.81425231          6.5200708         0.82322427E-08
  0.82055334          6.6153579         0.83525521E-08
  0.82685437          6.7120375         0.84746198E-08
  0.83315540          6.8101300         0.85984715E-08
  0.83945643          6.9096561         0.87241331E-08
  0.84575746          7.0106367         0.88516313E-08
  0.85205849          7.1130931         0.89809927E-08
  0.85835952          7.2170468         0.91122447E-08
  0.86466055          7.3225198         0.92454149E-08
  0.87096158          7.4295342         0.93805313E-08
  0.87726261          7.5381125         0.95176223E-08
  0.88356364          7.6482776         0.96567168E-08
  0.88986467          7.7600528         0.97978441E-08
  0.89616570          7.8734614         0.99410339E-08
  0.90246673          7.9885275         0.10086316E-07
  0.90876776          8.1052752         0.10233722E-07
  0.91506879          8.2237291         0.10383282E-07
  0.92136982          8.3439141         0.10535028E-07
  0.92767085          8.4658555         0.10688991E-07
  0.93397188          8.5895791         0.10845204E-07
  0.94027291          8.7151108         0.11003701E-07
  0.94657394          8.8424771         0.11164513E-07
  0.95287497          8.9717048         0.11327676E-07
  0.95917600          9.1028210         0.11493224E-07
  0.96547703          9.2358535         0.11661190E-07
  0.97177806          9.3708301         0.11831612E-07
  0.97807909          9.5077793         0.12004524E-07
  0.98438012          9.6467300         0.12179963E-07
  0.99068115          9.7877114         0.12357966E-07
  0.99698218          9.9307531         0.12538571E-07
   1.0032832          10.075885         0.12721815E-07
   1.0095842          10.223138         0.12907737E-07
   1.0158853          10.372544         0.13096376E-07
   1.0221863          10.524132         0.13287772E-07
   1.0284873          10.677936         0.13481965E-07
   1.0347884          10.833988         0.13678996E-07
   1.0410894          10.992321         0.13878906E-07
   1.0473904          11.152967         0.14081738E-07
   1.0536915          11.315961         0.14287535E-07
   1.0599925          11.481337         0.14496339E-07
   1.0662935          11.649131         0.14708195E-07
   1.0725945          11.819376         0.14923146E-07
   1.0788956          11.992109         0.15141239E-07
   1.0851966          12.167367         0.15362520E-07
   1.0914976          12.345186         0.15587034E-07
   1.0977987          12.525604         0.15814830E-07
   1.1040997          12.708658         0.16045954E-07
   1.1104007          12.894388         0.16280456E-07
   1.1167018          13.082832         0.16518386E-07
   1.1230028          13.274030         0.16759792E-07
   1.1293038          13.468022         0.17004727E-07
   1.1356048          13.664849         0.17253241E-07
   1.1419059          13.864553         0.17505387E-07
   1.1482069          14.067175         0.17761218E-07
   1.1545079          14.272759         0.18020788E-07
   1.1608090          14.481347         0.18284152E-07
   1.1671100          14.692984         0.18551364E-07
   1.1734110          14.907713         0.18822481E-07
   1.1797121          15.125581         0.19097561E-07
   1.1860131          15.346632         0.19376661E-07
   1.1923141          15.570914         0.19659839E-07
   1.1986151          15.798474         0.19947156E-07
   1.2049162          16.029360         0.20238673E-07
   1.2112172          16.263619         0.20534449E-07
   1.2175182          16.501303         0.20834548E-07
   1.2238193          16.742460         0.21139033E-07
   1.2301203          16.987141         0.21447968E-07
   1.2364213          17.235398         0.21761417E-07
   1.2427224          17.487284         0.22079448E-07
   1.2490234          17.742850         0.22402126E-07
   1.2553244          18.002152         0.22729520E-07
   1.2616254          18.265243         0.23061699E-07
   1.2679265          18.532178         0.23398732E-07
   1.2742275          18.803015         0.23740691E-07
   1.2805285          19.077811         0.24087647E-07
   1.2868296          19.356622         0.24439674E-07
   1.2931306          19.639508         0.24796846E-07
   1.2994316          19.926528         0.25159237E-07
   1.3057327          20.217742         0.25526925E-07
   1.3120337          20.513213         0.25899986E-07
   1.3183347          20.813001         0.26278500E-07
   1.3246357          21.117171         0.26662545E-07
   1.3309368          21.425787         0.27052202E-07
   1.3372378          21.738912         0.27447554E-07
   1.3435388          22.056614         0.27848684E-07
   1.3498399          22.378958         0.28255677E-07
   1.3561409          22.706014         0.28668617E-07
   1.3624419          23.037849         0.29087592E-07
   1.3687430          23.374534         0.29512691E-07
   1.3750440          23.716139         0.29944001E-07
   1.3813450          24.062736         0.30381616E-07
   1.3876460          24.414399         0.30825625E-07
   1.3939471          24.771202         0.31276124E-07
   1.4002481          25.133218         0.31733206E-07
   1.4065491          25.500526         0.32196969E-07
   1.4128502          25.873201         0.32667509E-07
   1.4191512          26.251323         0.33144925E-07
   1.4254522          26.634971         0.33629319E-07
   1.4317533          27.024225         0.34120792E-07
   1.4380543          27.419169         0.34619448E-07
   1.4443553          27.819884         0.35125391E-07
   1.4506563          28.226455         0.35638728E-07
   1.4569574          28.638969         0.36159567E-07
   1.4632584          29.057510         0.36688018E-07
   1.4695594          29.482169         0.37224192E-07
   1.4758605          29.913034         0.37768202E-07
   1.4821615          30.350196         0.38320163E-07
   1.4884625          30.793746         0.38880190E-07
   1.4947636          31.243779         0.39448401E-07
   1.5010646          31.700388         0.40024916E-07
   1.5073656          32.163671         0.40609857E-07
   1.5136666          32.633725         0.41203347E-07
   1.5199677          33.110647         0.41805510E-07
   1.5262687          33.594540         0.42416473E-07
   1.5325697          34.085505         0.43036365E-07
   1.5388708          34.583645         0.43665317E-07
   1.5451718          35.089065         0.44303460E-07
   1.5514728          35.601871         0.44950929E-07
   1.5577739          36.122172         0.45607861E-07
   1.5640749          36.650076         0.46274393E-07
   1.5703759          37.185696         0.46950667E-07
   1.5766769          37.729143         0.47636823E-07
   1.5829780          38.280533         0.48333008E-07
   1.5892790          38.839980         0.49039367E-07
   1.5955800          39.407604         0.49756049E-07
   1.6018811          39.983523         0.50483204E-07
   1.6081821          40.567859         0.51220987E-07
   1.6144831          41.160735         0.51969552E-07
   1.6207842          41.762275         0.52729057E-07
   1.6270852          42.372607         0.53499661E-07
   1.6333862          42.991858         0.54281528E-07
   1.6396872          43.620159         0.55074821E-07
   1.6459883          44.257642         0.55879707E-07
   1.6522893          44.904442         0.56696357E-07
   1.6585903          45.560694         0.57524941E-07
   1.6648914          46.226537         0.58365635E-07
   1.6711924          46.902111         0.59218615E-07
   1.6774934          47.587558         0.60084060E-07
   1.6837945          48.283023         0.60962154E-07
   1.6900955          48.988651         0.61853081E-07
   1.6963965          49.704592         0.62757027E-07
   1.7026975          50.430996         0.63674185E-07
   1.7089986          51.168015         0.64604746E-07
   1.7152996          51.915806         0.65548907E-07
   1.7216006          52.674526         0.66506866E-07
   1.7279017          53.444333         0.67478825E-07
   1.7342027          54.225391         0.68464989E-07
   1.7405037          55.017864         0.69465565E-07
   1.7468048          55.821918         0.70480764E-07
   1.7531058          56.637723         0.71510800E-07
   1.7594068          57.465450         0.72555888E-07
   1.7657078          58.305274         0.73616251E-07
   1.7720089          59.157372         0.74692109E-07
   1.7783099          60.021923         0.75783691E-07
   1.7846109          60.899108         0.76891226E-07
   1.7909120          61.789113         0.78014946E-07
   1.7972130          62.692125         0.79155089E-07
   1.8035140          63.608334         0.80311895E-07
   1.8098151          64.537933         0.81485607E-07
   1.8161161          65.481118         0.82676472E-07
   1.8224171          66.438086         0.83884740E-07
   1.8287181          67.409040         0.85110667E-07
   1.8350192          68.394184         0.86354510E-07
   1.8413202          69.393725         0.87616531E-07
   1.8476212          70.407874         0.88896996E-07
   1.8539223          71.436845         0.90196174E-07
   1.8602233          72.480853         0.91514338E-07
   1.8665243          73.540118         0.92851767E-07
   1.8728254          74.614864         0.94208742E-07
   1.8791264          75.705317         0.95585548E-07
   1.8854274          76.811706         0.96982475E-07
   1.8917284          77.934265         0.98399818E-07
   1.8980295          79.073229         0.99837874E-07
   1.9043305          80.228838         0.10129695E-06
   1.9106315          81.401336         0.10277734E-06
   1.9169326          82.590969         0.10427937E-06
   1.9232336          83.797988         0.10580336E-06
   1.9295346          85.022647         0.10734961E-06
   1.9358357          86.265204         0.10891846E-06
   1.9421367          87.525920         0.11051024E-06
   1.9484377          88.805060         0.11212529E-06
   1.9547387          90.102895         0.11376393E-06
   1.9610398          91.419696         0.11542653E-06
   1.9673408          92.755742         0.11711342E-06
   1.9736418          94.111313         0.11882496E-06
   1.9799429          95.486695         0.12056152E-06
   1.9862439          96.882178         0.12232346E-06
   1.9925449          98.298055         0.12411114E-06
   1.9988460          99.734624         0.12592495E-06
   2.0051470          101.19219         0.12776527E-06
   2.0114480          102.67105         0.12963249E-06
   2.0177490          104.17153         0.13152699E-06
   2.0240501          105.69394         0.13344918E-06
   2.0303511          107.23859         0.13539947E-06
   2.0366521          108.80582         0.13737825E-06
   2.0429532          110.39596         0.13938595E-06
   2.0492542          112.00933         0.14142300E-06
   2.0555552          113.64628         0.14348981E-06
   2.0618563          115.30715         0.14558683E-06
   2.0681573          116.99230         0.14771450E-06
   2.0744583          118.70208         0.14987326E-06
   2.0807593          120.43684         0.15206357E-06
   2.0870604          122.19695         0.15428589E-06
   2.0933614          123.98279         0.15654069E-06
   2.0996624          125.79473         0.15882844E-06
   2.1059635          127.63314         0.16114963E-06
   2.1122645          129.49843         0.16350474E-06
   2.1185655          131.39097         0.16589427E-06
   2.1248666          133.31117         0.16831871E-06
   2.1311676          135.25944         0.17077859E-06
   2.1374686          137.23618         0.17327442E-06
   2.1437696          139.24180         0.17580673E-06
   2.1500707          141.27674         0.17837604E-06
   2.1563717          143.34142         0.18098290E-06
   2.1626727          145.43627         0.18362786E-06
   2.1689738          147.56174         0.18631148E-06
   2.1752748          149.71827         0.18903431E-06
   2.1815758          151.90631         0.19179694E-06
   2.1878769          154.12634         0.19459994E-06
   2.1941779          156.37880         0.19744391E-06
   2.2004789          158.66419         0.20032943E-06
   2.2067799          160.98297         0.20325713E-06
   2.2130810          163.33565         0.20622762E-06
   2.2193820          165.72270         0.20924151E-06
   2.2256830          168.14464         0.21229946E-06
   2.2319841          170.60198         0.21540209E-06
   2.2382851          173.09523         0.21855007E-06
   2.2445861          175.62491         0.22174405E-06
   2.2508872          178.19157         0.22498471E-06
   2.2571882          180.79574         0.22827273E-06
   2.2634892          183.43796         0.23160880E-06
   2.2697902          186.11880         0.23499363E-06
   2.2760913          188.83882         0.23842793E-06
   2.2823923          191.59859         0.24191241E-06
   2.2886933          194.39869         0.24544782E-06
   2.2949944          197.23971         0.24903490E-06
   2.3012954          200.12226         0.25267440E-06
   2.3075964          203.04693         0.25636709E-06
   2.3138975          206.01434         0.26011375E-06
   2.3201985          209.02512         0.26391516E-06
   2.3264995          212.07990         0.26777212E-06
   2.3328005          215.17933         0.27168546E-06
   2.3391016          218.32405         0.27565598E-06
   2.3454026          221.51473         0.27968454E-06
   2.3517036          224.75203         0.28377196E-06
   2.3580047          228.03666         0.28791912E-06
   2.3643057          231.36928         0.29212690E-06
   2.3706067          234.75061         0.29639616E-06
   2.3769078          238.18135         0.30072782E-06
   2.3832088          241.66223         0.30512278E-06
   2.3895098          245.19399         0.30958197E-06
   2.3958108          248.77735         0.31410633E-06
   2.4021119          252.41309         0.31869682E-06
   2.4084129          256.10196         0.32335438E-06
   2.4147139          259.84474         0.32808002E-06
   2.4210150          263.64222         0.33287472E-06
   2.4273160          267.49520         0.33773949E-06
   2.4336170          271.40449         0.34267536E-06
   2.4399181          275.37091         0.34768336E-06
   2.4462191          279.39529         0.35276455E-06
   2.4525201          283.47849         0.35792000E-06
   2.4588211          287.62136         0.36315079E-06
   2.4651222          291.82478         0.36845803E-06
   2.4714232          296.08963         0.37384283E-06
   2.4777242          300.41681         0.37930632E-06
   2.4840253          304.80723         0.38484967E-06
   2.4903263          309.26181         0.39047402E-06
   2.4966273          313.78149         0.39618057E-06
   2.5029284          318.36723         0.40197052E-06
   2.5092294          323.01998         0.40784509E-06
   2.5155304          327.74073         0.41380550E-06
   2.5218314          332.53047         0.41985303E-06
   2.5281325          337.39021         0.42598894E-06
   2.5344335          342.32097         0.43221452E-06
   2.5407345          347.32379         0.43853108E-06
   2.5470356          352.39973         0.44493996E-06
   2.5533366          357.54984         0.45144250E-06
   2.5596376          362.77523         0.45804007E-06
   2.5659387          368.07698         0.46473406E-06
   2.5722397          373.45621         0.47152588E-06
   2.5785407          378.91405         0.47841696E-06
   2.5848417          384.45166         0.48540874E-06
   2.5911428          390.07020         0.49250271E-06
   2.5974438          395.77085         0.49970035E-06
   2.6037448          401.55481         0.50700318E-06
   2.6100459          407.42330         0.51441274E-06
   2.6163469          413.37756         0.52193058E-06
   2.6226479          419.41883         0.52955829E-06
   2.6289490          425.54839         0.53729748E-06
   2.6352500          431.76753         0.54514977E-06
   2.6415510          438.07756         0.55311682E-06
   2.6478520          444.47981         0.56120030E-06
   2.6541531          450.97563         0.56940191E-06
   2.6604541          457.56638         0.57772339E-06
   2.6667551          464.25344         0.58616649E-06
   2.6730562          471.03824         0.59473297E-06
   2.6793572          477.92219         0.60342464E-06
   2.6856582          484.90674         0.61224335E-06
   2.6919593          491.99337         0.62119093E-06
   2.6982603          499.18357         0.63026927E-06
   2.7045613          506.47885         0.63948029E-06
   2.7108623          513.88074         0.64882592E-06
   2.7171634          521.39081         0.65830814E-06
   2.7234644          529.01063         0.66792893E-06
   2.7297654          536.74182         0.67769032E-06
   2.7360665          544.58599         0.68759437E-06
   2.7423675          552.54480         0.69764316E-06
   2.7486685          560.61992         0.70783881E-06
   2.7549696          568.81305         0.71818347E-06
   2.7612706          577.12592         0.72867930E-06
   2.7675716          585.56028         0.73932853E-06
   2.7738726          594.11791         0.75013338E-06
   2.7801737          602.80059         0.76109615E-06
   2.7864747          611.61018         0.77221913E-06
   2.7927757          620.54850         0.78350466E-06
   2.7990768          629.61746         0.79495512E-06
   2.8053778          638.81895         0.80657293E-06
   2.8116788          648.15492         0.81836053E-06
   2.8179799          657.62733         0.83032039E-06
   2.8242809          667.23817         0.84245504E-06
   2.8305819          676.98947         0.85476703E-06
   2.8368829          686.88328         0.86725896E-06
   2.8431840          696.92168         0.87993344E-06
   2.8494850          707.10678         0.89279316E-06
   2.8557860          717.44074         0.90584081E-06
   2.8620871          727.92572         0.91907915E-06
   2.8683881          738.56393         0.93251096E-06
   2.8746891          749.35761         0.94613906E-06
   2.8809902          760.30904         0.95996634E-06
   2.8872912          771.42051         0.97399569E-06
   2.8935922          782.69437         0.98823007E-06
   2.8998932          794.13300         0.10026725E-05
   2.9061943          805.73879         0.10173260E-05
   2.9124953          817.51419         0.10321936E-05
   2.9187963          829.46169         0.10472785E-05
   2.9250974          841.58379         0.10625839E-05
   2.9313984          853.88305         0.10781129E-05
   2.9376994          866.36205         0.10938689E-05
   2.9440005          879.02343         0.11098552E-05
   2.9503015          891.86985         0.11260750E-05
   2.9566025          904.90401         0.11425320E-05
   2.9629035          918.12866         0.11592294E-05
   2.9692046          931.54657         0.11761709E-05
   2.9755056          945.16058         0.11933599E-05
   2.9818066          958.97356         0.12108002E-05
   2.9881077          972.98840         0.12284953E-05
   2.9944087          987.20806         0.12464491E-05
   3.0007097          1001.6355         0.12646652E-05
   3.0070108          1016.2739         0.12831476E-05
   3.0133118          1031.1261         0.13019000E-05
   3.0196128          1046.1954         0.13209265E-05
   3.0259138          1061.4850         0.13402311E-05
   3.0322149          1076.9979         0.13598178E-05
   3.0385159          1092.7376         0.13796908E-05
   3.0448169          1108.7074         0.13998541E-05
   3.0511180          1124.9105         0.14203122E-05
   3.0574190          1141.3504         0.14410692E-05
   3.0637200          1158.0306         0.14621296E-05
   3.0700211          1174.9545         0.14834978E-05
   3.0763221          1192.1258         0.15051782E-05
   3.0826231          1209.5480         0.15271756E-05
   3.0889241          1227.2249         0.15494943E-05
   3.0952252          1245.1600         0.15721393E-05
   3.1015262          1263.3573         0.15951152E-05
   3.1078272          1281.8206         0.16184269E-05
   3.1141283          1300.5536         0.16420792E-05
   3.1204293          1319.5605         0.16660773E-05
   3.1267303          1338.8451         0.16904260E-05
   3.1330314          1358.4115         0.17151306E-05
   3.1393324          1378.2639         0.17401963E-05
   3.1456334          1398.4064         0.17656282E-05
   3.1519344          1418.8433         0.17914319E-05
   3.1582355          1439.5789         0.18176126E-05
   3.1645365          1460.6175         0.18441759E-05
   3.1708375          1481.9636         0.18711275E-05
   3.1771386          1503.6216         0.18984729E-05
   3.1834396          1525.5962         0.19262180E-05
   3.1897406          1547.8919         0.19543686E-05
   3.1960417          1570.5134         0.19829305E-05
   3.2023427          1593.4656         0.20119099E-05
   3.2086437          1616.7531         0.20413128E-05
   3.2149447          1640.3810         0.20711454E-05
   3.2212458          1664.3543         0.21014140E-05
   3.2275468          1688.6778         0.21321250E-05
   3.2338478          1713.3569         0.21632847E-05
   3.2401489          1738.3966         0.21948999E-05
   3.2464499          1763.8022         0.22269771E-05
   3.2527509          1789.5792         0.22595230E-05
   3.2590520          1815.7329         0.22925447E-05
   3.2653530          1842.2687         0.23260489E-05
   3.2716540          1869.1924         0.23600427E-05
   3.2779550          1896.5096         0.23945334E-05
   3.2842561          1924.2260         0.24295281E-05
   3.2905571          1952.3474         0.24650342E-05
   3.2968581          1980.8798         0.25010593E-05
   3.3031592          2009.8292         0.25376108E-05
   3.3094602          2039.2017         0.25746965E-05
   3.3157612          2069.0035         0.26123242E-05
   3.3220623          2099.2408         0.26505018E-05
   3.3283633          2129.9200         0.26892373E-05
   3.3346643          2161.0475         0.27285390E-05
   3.3409653          2192.6299         0.27684150E-05
   3.3472664          2224.6740         0.28088738E-05
   3.3535674          2257.1863         0.28499238E-05
   3.3598684          2290.1737         0.28915738E-05
   3.3661695          2323.6433         0.29338325E-05
   3.3724705          2357.6020         0.29767087E-05
   3.3787715          2392.0570         0.30202116E-05
   3.3850726          2427.0155         0.30643502E-05
   3.3913736          2462.4849         0.31091339E-05
   3.3976746          2498.4727         0.31545721E-05
   3.4039756          2534.9864         0.32006744E-05
   3.4102767          2572.0338         0.32474504E-05
   3.4165777          2609.6226         0.32949100E-05
   3.4228787          2647.7607         0.33430632E-05
   3.4291798          2686.4562         0.33919201E-05
   3.4354808          2725.7172         0.34414910E-05
   3.4417818          2765.5520         0.34917864E-05
   3.4480829          2805.9689         0.35428169E-05
   3.4543839          2846.9765         0.35945931E-05
   3.4606849          2888.5834         0.36471260E-05
   3.4669859          2930.7984         0.37004266E-05
   3.4732870          2973.6303         0.37545062E-05
   3.4795880          3017.0882         0.38093761E-05
   3.4858890          3061.1812         0.38650479E-05
   3.4921901          3105.9185         0.39215334E-05
   3.4984911          3151.3097         0.39788443E-05
   3.5047921          3197.3643         0.40369928E-05
   3.5110932          3244.0919         0.40959911E-05
   3.5173942          3291.5024         0.41558516E-05
   3.5236952          3339.6058         0.42165870E-05
   3.5299962          3388.4122         0.42782099E-05
   3.5362973          3437.9319         0.43407335E-05
   3.5425983          3488.1753         0.44041708E-05
   3.5488993          3539.1529         0.44685352E-05
   3.5552004          3590.8756         0.45338402E-05
   3.5615014          3643.3542         0.46000997E-05
   3.5678024          3696.5997         0.46673275E-05
   3.5741035          3750.6233         0.47355377E-05
   3.5804045          3805.4365         0.48047449E-05
   3.5867055          3861.0508         0.48749634E-05
   3.5930065          3917.4778         0.49462082E-05
   3.5993076          3974.7294         0.50184942E-05
   3.6056086          4032.8178         0.50918365E-05
   3.6119096          4091.7551         0.51662508E-05
   3.6182107          4151.5537         0.52417525E-05
   3.6245117          4212.2263         0.53183577E-05
   3.6308127          4273.7855         0.53960824E-05
   3.6371138          4336.2444         0.54749430E-05
   3.6434148          4399.6161         0.55549561E-05
   3.6497158          4463.9139         0.56361386E-05
   3.6560168          4529.1514         0.57185075E-05
   3.6623179          4595.3424         0.58020801E-05
   3.6686189          4662.5006         0.58868742E-05
   3.6749199          4730.6403         0.59729074E-05
   3.6812210          4799.7759         0.60601980E-05
   3.6875220          4869.9218         0.61487643E-05
   3.6938230          4941.0929         0.62386249E-05
   3.7001241          5013.3041         0.63297988E-05
   3.7064251          5086.5707         0.64223051E-05
   3.7127261          5160.9079         0.65161633E-05
   3.7190271          5236.3316         0.66113933E-05
   3.7253282          5312.8575         0.67080150E-05
   3.7316292          5390.5019         0.68060487E-05
   3.7379302          5469.2809         0.69055152E-05
   3.7442313          5549.2113         0.70064352E-05
   3.7505323          5630.3098         0.71088302E-05
   3.7568333          5712.5935         0.72127217E-05
   3.7631344          5796.0797         0.73181314E-05
   3.7694354          5880.7861         0.74250816E-05
   3.7757364          5966.7303         0.75335949E-05
   3.7820374          6053.9306         0.76436940E-05
   3.7883385          6142.4053         0.77554021E-05
   3.7946395          6232.1730         0.78687428E-05
   3.8009405          6323.2526         0.79837400E-05
   3.8072416          6415.6633         0.81004177E-05
   3.8135426          6509.4245         0.82188006E-05
   3.8198436          6604.5559         0.83389136E-05
   3.8261447          6701.0777         0.84607819E-05
   3.8324457          6799.0100         0.85844314E-05
   3.8387467          6898.3736         0.87098878E-05
   3.8450477          6999.1893         0.88371778E-05
   3.8513488          7101.4784         0.89663280E-05
   3.8576498          7205.2624         0.90973657E-05
   3.8639508          7310.5631         0.92303184E-05
   3.8702519          7417.4028         0.93652141E-05
   3.8765529          7525.8038         0.95020813E-05
   3.8828539          7635.7890         0.96409487E-05
   3.8891550          7747.3817         0.97818456E-05
   3.8954560          7860.6051         0.99248016E-05
   3.9017570          7975.4833         0.10069847E-04
   3.9080580          8092.0404         0.10217012E-04
   3.9143591          8210.3009         0.10366327E-04
   3.9206601          8330.2896         0.10517825E-04
   3.9269611          8452.0320         0.10671537E-04
   3.9332622          8575.5535         0.10827496E-04
   3.9395632          8700.8802         0.10985733E-04
   3.9458642          8828.0386         0.11146283E-04
   3.9521653          8957.0552         0.11309180E-04
   3.9584663          9087.9574         0.11474457E-04
   3.9647673          9220.7726         0.11642149E-04
   3.9710683          9355.5288         0.11812292E-04
   3.9773694          9492.2544         0.11984922E-04
   3.9836704          9630.9782         0.12160075E-04
   3.9899714          9771.7294         0.12337787E-04
   3.9962725          9914.5375         0.12518097E-04
   4.0025735          10059.433         0.12701042E-04
   4.0088745          10206.446         0.12886660E-04
   4.0151756          10355.607         0.13074991E-04
   4.0214766          10506.948         0.13266075E-04
   4.0277776          10660.501         0.13459950E-04
   4.0340786          10816.298         0.13656660E-04
   4.0403797          10974.372         0.13856244E-04
   4.0466807          11134.756         0.14058745E-04
   4.0529817          11297.484         0.14264205E-04
   4.0592828          11462.590         0.14472668E-04
   4.0655838          11630.109         0.14684178E-04
   4.0718848          11800.076         0.14898779E-04
   4.0781859          11972.528         0.15116516E-04
   4.0844869          12147.499         0.15337435E-04
   4.0907879          12325.028         0.15561583E-04
   4.0970889          12505.151         0.15789006E-04
   4.1033900          12687.907         0.16019753E-04
   4.1096910          12873.333         0.16253873E-04
   4.1159920          13061.469         0.16491414E-04
   4.1222931          13252.355         0.16732426E-04
   4.1285941          13446.030         0.16976961E-04
   4.1348951          13642.536         0.17225069E-04
   4.1411962          13841.914         0.17476803E-04
   4.1474972          14044.206         0.17732217E-04
   4.1537982          14249.454         0.17991363E-04
   4.1600992          14457.701         0.18254296E-04
   4.1664003          14668.992         0.18521072E-04
   4.1727013          14883.371         0.18791747E-04
   4.1790023          15100.883         0.19066377E-04
   4.1853034          15321.573         0.19345021E-04
   4.1916044          15545.489         0.19627738E-04
   4.1979054          15772.677         0.19914586E-04
   4.2042065          16003.186         0.20205626E-04
   4.2105075          16237.063         0.20500919E-04
   4.2168085          16474.358         0.20800528E-04
   4.2231095          16715.122         0.21104516E-04
   4.2294106          16959.403         0.21412946E-04
   4.2357116          17207.255         0.21725884E-04
   4.2420126          17458.729         0.22043395E-04
   4.2483137          17713.878         0.22365546E-04
   4.2546147          17972.757         0.22692406E-04
   4.2609157          18235.418         0.23024042E-04
   4.2672168          18501.918         0.23360525E-04
   4.2735178          18772.313         0.23701926E-04
   4.2798188          19046.659         0.24048316E-04
   4.2861198          19325.015         0.24399768E-04
   4.2924209          19607.439         0.24756356E-04
   4.2987219          19893.990         0.25118156E-04
   4.3050229          20184.729         0.25485243E-04
   4.3113240          20479.717         0.25857695E-04
   4.3176250          20779.017         0.26235590E-04
   4.3239260          21082.690         0.26619008E-04
   4.3302271          21390.801         0.27008030E-04
   4.3365281          21703.415         0.27402736E-04
   4.3428291          22020.598         0.27803211E-04
   4.3491301          22342.416         0.28209539E-04
   4.3554312          22668.938         0.28621805E-04
   4.3617322          23000.231         0.29040096E-04
   4.3680332          23336.366         0.29464500E-04
   4.3743343          23677.414         0.29895107E-04
   4.3806353          24023.445         0.30332007E-04
   4.3869363          24374.534         0.30775291E-04
   4.3932374          24730.754         0.31225054E-04
   4.3995384          25092.179         0.31681390E-04
   4.4058394          25458.887         0.32144395E-04
   4.4121404          25830.954         0.32614167E-04
   4.4184415          26208.458         0.33090804E-04
   4.4247425          26591.479         0.33574407E-04
   4.4310435          26980.099         0.34065078E-04
   4.4373446          27374.397         0.34562919E-04
   4.4436456          27774.458         0.35068036E-04
   4.4499466          28180.365         0.35580535E-04
   4.4562477          28592.205         0.36100524E-04
   4.4625487          29010.064         0.36628112E-04
   4.4688497          29434.029         0.37163410E-04
   4.4751507          29864.190         0.37706532E-04
   4.4814518          30300.638         0.38257591E-04
   4.4877528          30743.464         0.38816704E-04
   4.4940538          31192.762         0.39383987E-04
   4.5003549          31648.626         0.39959561E-04
   4.5066559          32111.152         0.40543547E-04
   4.5129569          32580.438         0.41136068E-04
   4.5192580          33056.582         0.41737247E-04
   4.5255590          33539.685         0.42347213E-04
   4.5318600          34029.848         0.42966093E-04
   4.5381610          34527.175         0.43594017E-04
   4.5444621          35031.769         0.44231119E-04
   4.5507631          35543.738         0.44877531E-04
   4.5570641          36063.189         0.45533390E-04
   4.5633652          36590.232         0.46198834E-04
   4.5696662          37124.977         0.46874003E-04
   4.5759672          37667.537         0.47559039E-04
   4.5822683          38218.026         0.48254087E-04
   4.5885693          38776.560         0.48959292E-04
   4.5948703          39343.257         0.49674804E-04
   4.6011713          39918.236         0.50400772E-04
   4.6074724          40501.618         0.51137350E-04
   4.6137734          41093.525         0.51884693E-04
   4.6200744          41694.083         0.52642958E-04
   4.6263755          42303.418         0.53412304E-04
   4.6326765          42921.658         0.54192894E-04
   4.6389775          43548.933         0.54984891E-04
   4.6452786          44185.376         0.55788464E-04
   4.6515796          44831.119         0.56603780E-04
   4.6578806          45486.300         0.57431011E-04
   4.6641816          46151.056         0.58270332E-04
   4.6704827          46825.527         0.59121919E-04
   4.6767837          47509.855         0.59985951E-04
   4.6830847          48204.183         0.60862611E-04
   4.6893858          48908.660         0.61752083E-04
   4.6956868          49623.431         0.62654554E-04
   4.7019878          50348.649         0.63570214E-04
   4.7082889          51084.465         0.64499256E-04
   4.7145899          51831.035         0.65441875E-04
   4.7208909          52588.515         0.66398270E-04
   4.7271919          53357.066         0.67368642E-04
   4.7334930          54136.849         0.68353195E-04
   4.7397940          54928.027         0.69352138E-04
   4.7460950          55730.768         0.70365679E-04
   4.7523961          56545.241         0.71394032E-04
   4.7586971          57371.617         0.72437415E-04
   4.7649981          58210.070         0.73496045E-04
   4.7712992          59060.776         0.74570147E-04
   4.7776002          59923.915         0.75659947E-04
   4.7839012          60799.668         0.76765673E-04
   4.7902022          61688.220         0.77887559E-04
   4.7965033          62589.758         0.79025840E-04
   4.8028043          63504.471         0.80180757E-04
   4.8091053          64432.552         0.81352552E-04
   4.8154064          65374.196         0.82541472E-04
   4.8217074          66329.602         0.83747768E-04
   4.8280084          67298.971         0.84971693E-04
   4.8343095          68282.506         0.86213505E-04
   4.8406105          69280.415         0.87473465E-04
   4.8469115          70292.908         0.88751839E-04
   4.8532125          71320.198         0.90048896E-04
   4.8595136          72362.501         0.91364908E-04
   4.8658146          73420.037         0.92700153E-04
   4.8721156          74493.028         0.94054912E-04
   4.8784167          75581.701         0.95429470E-04
   4.8847177          76686.283         0.96824116E-04
   4.8910187          77807.009         0.98239145E-04
   4.8973198          78944.113         0.99674853E-04
   4.9036208          80097.836         0.10113154E-03
   4.9099218          81268.419         0.10260952E-03
   4.9162228          82456.110         0.10410910E-03
   4.9225239          83661.158         0.10563059E-03
   4.9288249          84883.817         0.10717432E-03
   4.9351259          86124.345         0.10874061E-03
   4.9414270          87383.002         0.11032980E-03
   4.9477280          88660.054         0.11194220E-03
   4.9540290          89955.769         0.11357817E-03
   4.9603301          91270.420         0.11523805E-03
   4.9666311          92604.285         0.11692219E-03
   4.9729321          93957.642         0.11863094E-03
   4.9792331          95330.779         0.12036466E-03
   4.9855342          96723.983         0.12212372E-03
   4.9918352          98137.548         0.12390849E-03
   4.9981362          99571.771         0.12571934E-03
   5.0044373          101026.95         0.12755665E-03
   5.0107383          102503.40         0.12942082E-03
   5.0170393          104001.43         0.13131223E-03
   5.0233404          105521.35         0.13323128E-03
   5.0296414          107063.49         0.13517838E-03
   5.0359424          108628.16         0.13715393E-03
   5.0422434          110215.69         0.13915836E-03
   5.0485445          111826.43         0.14119208E-03
   5.0548455          113460.71         0.14325552E-03
   5.0611465          115118.87         0.14534911E-03
   5.0674476          116801.27         0.14747330E-03
   5.0737486          118508.25         0.14962854E-03
   5.0800496          120240.18         0.15181528E-03
   5.0863507          121997.42         0.15403397E-03
   5.0926517          123780.34         0.15628508E-03
   5.0989527          125589.32         0.15856910E-03
   5.1052537          127424.74         0.16088650E-03
   5.1115548          129286.97         0.16323776E-03
   5.1178558          131176.43         0.16562338E-03
   5.1241568          133093.50         0.16804387E-03
   5.1304579          135038.58         0.17049974E-03
   5.1367589          137012.09         0.17299149E-03
   5.1430599          139014.44         0.17551966E-03
   5.1493610          141046.06         0.17808478E-03
   5.1556620          143107.36         0.18068738E-03
   5.1619630          145198.79         0.18332803E-03
   5.1682640          147320.79         0.18600726E-03
   5.1745651          149473.80         0.18872565E-03
   5.1808661          151658.27         0.19148376E-03
   5.1871671          153874.67         0.19428219E-03
   5.1934682          156123.46         0.19712151E-03
   5.1997692          158405.11         0.20000232E-03
   5.2060702          160720.11         0.20292524E-03
   5.2123713          163068.94         0.20589088E-03
   5.2186723          165452.10         0.20889985E-03
   5.2249733          167870.09         0.21195280E-03
   5.2312743          170323.41         0.21505037E-03
   5.2375754          172812.59         0.21819320E-03
   5.2438764          175338.14         0.22138197E-03
   5.2501774          177900.61         0.22461734E-03
   5.2564785          180500.52         0.22789999E-03
   5.2627795          183138.43         0.23123062E-03
   5.2690805          185814.89         0.23460992E-03
   5.2753816          188530.47         0.23803861E-03
   5.2816826          191285.73         0.24151740E-03
   5.2879836          194081.26         0.24504704E-03
   5.2942846          196917.65         0.24862826E-03
   5.3005857          199795.49         0.25226182E-03
   5.3068867          202715.38         0.25594848E-03
   5.3131877          205677.95         0.25968902E-03
   5.3194888          208683.81         0.26348422E-03
   5.3257898          211733.60         0.26733489E-03
   5.3320908          214827.97         0.27124183E-03
   5.3383919          217967.55         0.27520588E-03
   5.3446929          221153.02         0.27922785E-03
   5.3509939          224385.05         0.28330860E-03
   5.3572949          227664.30         0.28744899E-03
   5.3635960          230991.48         0.29164989E-03
   5.3698970          234367.29         0.29591219E-03
   5.3761980          237792.43         0.30023677E-03
   5.3824991          241267.63         0.30462456E-03
   5.3888001          244793.62         0.30907647E-03
   5.3951011          248371.13         0.31359344E-03
   5.4014022          252000.93         0.31817643E-03
   5.4077032          255683.78         0.32282639E-03
   5.4140042          259420.45         0.32754431E-03
   5.4203052          263211.73         0.33233118E-03
   5.4266063          267058.42         0.33718801E-03
   5.4329073          270961.32         0.34211582E-03
   5.4392083          274921.26         0.34711564E-03
   5.4455094          278939.08         0.35218853E-03
   5.4518104          283015.61         0.35733556E-03
   5.4581114          287151.72         0.36255782E-03
   5.4644125          291348.27         0.36785639E-03
   5.4707135          295606.16         0.37323239E-03
   5.4770145          299926.27         0.37868697E-03
   5.4833155          304309.52         0.38422126E-03
   5.4896166          308756.83         0.38983643E-03
   5.4959176          313269.13         0.39553366E-03
   5.5022186          317847.38         0.40131416E-03
   5.5085197          322492.53         0.40717913E-03
   5.5148207          327205.57         0.41312982E-03
   5.5211217          331987.49         0.41916747E-03
   5.5274228          336839.30         0.42529336E-03
   5.5337238          341762.01         0.43150877E-03
   5.5400248          346756.66         0.43781502E-03
   5.5463258          351824.31         0.44421344E-03
   5.5526269          356966.01         0.45070536E-03
   5.5589279          362182.87         0.45729216E-03
   5.5652289          367475.96         0.46397521E-03
   5.5715300          372846.41         0.47075594E-03
   5.5778310          378295.34         0.47763577E-03
   5.5841320          383823.91         0.48461614E-03
   5.5904331          389433.27         0.49169852E-03
   5.5967341          395124.61         0.49888441E-03
   5.6030351          400899.13         0.50617531E-03
   5.6093361          406758.03         0.51357277E-03
   5.6156372          412702.57         0.52107834E-03
   5.6219382          418733.98         0.52869360E-03
   5.6282392          424853.53         0.53642015E-03
   5.6345403          431062.52         0.54425962E-03
   5.6408413          437362.25         0.55221365E-03
   5.6471423          443754.04         0.56028394E-03
   5.6534434          450239.25         0.56847216E-03
   5.6597444          456819.23         0.57678005E-03
   5.6660454          463495.38         0.58520936E-03
   5.6723464          470269.10         0.59376185E-03
   5.6786475          477141.81         0.60243934E-03
   5.6849485          484114.96         0.61124364E-03
   5.6912495          491190.02         0.62017661E-03
   5.6975506          498368.47         0.62924013E-03
   5.7038516          505651.84         0.63843611E-03
   5.7101526          513041.65         0.64776648E-03
   5.7164537          520539.45         0.65723321E-03
   5.7227547          528146.83         0.66683829E-03
   5.7290557          535865.39         0.67658375E-03
   5.7353567          543696.75         0.68647163E-03
   5.7416578          551642.57         0.69650401E-03
   5.7479588          559704.50         0.70668301E-03
   5.7542598          567884.26         0.71701077E-03
   5.7605609          576183.56         0.72748947E-03
   5.7668619          584604.14         0.73812131E-03
   5.7731629          593147.79         0.74890852E-03
   5.7794640          601816.31         0.75985338E-03
   5.7857650          610611.50         0.77095820E-03
   5.7920660          619535.23         0.78222530E-03
   5.7983670          628589.38         0.79365707E-03
   5.8046681          637775.85         0.80525591E-03
   5.8109691          647096.57         0.81702426E-03
   5.8172701          656553.51         0.82896459E-03
   5.8235712          666148.66         0.84107943E-03
   5.8298722          675884.04         0.85337132E-03
   5.8361732          685761.69         0.86584284E-03
   5.8424743          695783.70         0.87849663E-03
   5.8487753          705952.17         0.89133535E-03
   5.8550763          716269.26         0.90436170E-03
   5.8613773          726737.11         0.91757842E-03
   5.8676784          737357.96         0.93098830E-03
   5.8739794          748134.01         0.94459415E-03
   5.8802804          759067.56         0.95839884E-03
   5.8865815          770160.89         0.97240529E-03
   5.8928825          781416.34         0.98661642E-03
   5.8991835          792836.29         0.10010353E-02
   5.9054846          804423.13         0.10156648E-02
   5.9117856          816179.31         0.10305082E-02
   5.9180866          828107.29         0.10455684E-02
   5.9243876          840209.60         0.10608488E-02
   5.9306887          852488.78         0.10763525E-02
   5.9369897          864947.40         0.10920828E-02
   5.9432907          877588.11         0.11080429E-02
   5.9495918          890413.55         0.11242363E-02
   5.9558928          903426.43         0.11406664E-02
   5.9621938          916629.48         0.11573366E-02
   5.9684949          930025.49         0.11742504E-02
   5.9747959          943617.27         0.11914113E-02
   5.9810969          957407.69         0.12088231E-02
   5.9873979          971399.64         0.12264894E-02
   5.9936990          985596.09         0.12444138E-02
   6.0000000          1000000.0         0.12626002E-02
