   LOG10(FN) FN  Magnitudes: Lamda11, Lamda22 ...
 -0.30103000         0.50000000         0.11450161E-13
 -0.29472897         0.50730721         0.11655510E-13
 -0.28842794         0.51472121         0.11865322E-13
 -0.28212691         0.52224356         0.12079714E-13
 -0.27582588         0.52987585         0.12298811E-13
 -0.26952485         0.53761968         0.12522738E-13
 -0.26322382         0.54547667         0.12751627E-13
 -0.25692279         0.55344850         0.12985610E-13
 -0.25062176         0.56153683         0.13224828E-13
 -0.24432073         0.56974336         0.13469423E-13
 -0.23801970         0.57806983         0.13719541E-13
 -0.23171867         0.58651799         0.13975335E-13
 -0.22541764         0.59508961         0.14236961E-13
 -0.21911661         0.60378649         0.14504578E-13
 -0.21281558         0.61261048         0.14778354E-13
 -0.20651455         0.62156343         0.15058458E-13
 -0.20021352         0.63064722         0.15345067E-13
 -0.19391249         0.63986376         0.15638362E-13
 -0.18761146         0.64921500         0.15938530E-13
 -0.18131043         0.65870290         0.16245763E-13
 -0.17500940         0.66832946         0.16560259E-13
 -0.16870837         0.67809671         0.16882223E-13
 -0.16240734         0.68800669         0.17211864E-13
 -0.15610631         0.69806151         0.17549400E-13
 -0.14980528         0.70826328         0.17895054E-13
 -0.14350425         0.71861413         0.18249056E-13
 -0.13720322         0.72911626         0.18611643E-13
 -0.13090219         0.73977187         0.18983058E-13
 -0.12460116         0.75058321         0.19363554E-13
 -0.11830013         0.76155255         0.19753388E-13
 -0.11199910         0.77268219         0.20152828E-13
 -0.10569807         0.78397450         0.20562149E-13
 -0.99397036E-01     0.79543183         0.20981632E-13
 -0.93096006E-01     0.80705660         0.21411570E-13
 -0.86794976E-01     0.81885126         0.21852263E-13
 -0.80493946E-01     0.83081830         0.22304018E-13
 -0.74192916E-01     0.84296023         0.22767156E-13
 -0.67891886E-01     0.85527960         0.23242002E-13
 -0.61590856E-01     0.86777902         0.23728895E-13
 -0.55289826E-01     0.88046110         0.24228182E-13
 -0.48988796E-01     0.89332853         0.24740221E-13
 -0.42687766E-01     0.90638401         0.25265380E-13
 -0.36386736E-01     0.91963028         0.25804037E-13
 -0.30085706E-01     0.93307015         0.26356584E-13
 -0.23784676E-01     0.94670642         0.26923422E-13
 -0.17483646E-01     0.96054199         0.27504965E-13
 -0.11182616E-01     0.97457975         0.28101640E-13
 -0.48815859E-02     0.98882267         0.28713883E-13
  0.14194441E-02      1.0032737         0.29342148E-13
  0.77204741E-02      1.0179360         0.29986898E-13
  0.14021504E-01      1.0328125         0.30648612E-13
  0.20322534E-01      1.0479065         0.31327781E-13
  0.26623564E-01      1.0632210         0.32024914E-13
  0.32924594E-01      1.0787594         0.32740531E-13
  0.39225624E-01      1.0945248         0.33475168E-13
  0.45526654E-01      1.1105207         0.34229379E-13
  0.51827684E-01      1.1267503         0.35003732E-13
  0.58128714E-01      1.1432171         0.35798812E-13
  0.64429744E-01      1.1599246         0.36615221E-13
  0.70730774E-01      1.1768762         0.37453578E-13
  0.77031804E-01      1.1940755         0.38314523E-13
  0.83332834E-01      1.2115263         0.39198709E-13
  0.89633864E-01      1.2292320         0.40106814E-13
  0.95934894E-01      1.2471965         0.41039532E-13
  0.10223592          1.2654236         0.41997577E-13
  0.10853695          1.2839170         0.42981686E-13
  0.11483798          1.3026807         0.43992615E-13
  0.12113901          1.3217186         0.45031144E-13
  0.12744004          1.3410348         0.46098073E-13
  0.13374107          1.3606332         0.47194228E-13
  0.14004210          1.3805181         0.48320457E-13
  0.14634313          1.4006936         0.49477632E-13
  0.15264416          1.4211639         0.50666653E-13
  0.15894519          1.4419334         0.51888442E-13
  0.16524622          1.4630064         0.53143950E-13
  0.17154725          1.4843874         0.54434157E-13
  0.17784828          1.5060808         0.55760066E-13
  0.18414931          1.5280913         0.57122715E-13
  0.19045034          1.5504235         0.58523168E-13
  0.19675137          1.5730820         0.59962521E-13
  0.20305240          1.5960717         0.61441900E-13
  0.20935343          1.6193974         0.62962467E-13
  0.21565446          1.6430639         0.64525412E-13
  0.22195549          1.6670764         0.66131964E-13
  0.22825652          1.6914397         0.67783386E-13
  0.23455755          1.7161591         0.69480975E-13
  0.24085858          1.7412398         0.71226069E-13
  0.24715961          1.7666870         0.73020042E-13
  0.25346064          1.7925061         0.74864308E-13
  0.25976167          1.8187025         0.76760321E-13
  0.26606270          1.8452818         0.78709578E-13
  0.27236373          1.8722495         0.80713619E-13
  0.27866476          1.8996114         0.82774026E-13
  0.28496579          1.9273731         0.84892430E-13
  0.29126682          1.9555405         0.87070505E-13
  0.29756785          1.9841196         0.89309976E-13
  0.30386888          2.0131164         0.91612616E-13
  0.31016991          2.0425369         0.93980250E-13
  0.31647094          2.0723874         0.96414753E-13
  0.32277197          2.1026741         0.98918057E-13
  0.32907300          2.1334035         0.10149215E-12
  0.33537403          2.1645820         0.10413907E-12
  0.34167506          2.1962161         0.10686092E-12
  0.34797609          2.2283125         0.10965986E-12
  0.35427712          2.2608780         0.11253813E-12
  0.36057815          2.2939194         0.11549799E-12
  0.36687918          2.3274437         0.11854181E-12
  0.37318021          2.3614579         0.12167202E-12
  0.37948124          2.3959693         0.12489109E-12
  0.38578227          2.4309850         0.12820159E-12
  0.39208330          2.4665124         0.13160616E-12
  0.39838433          2.5025591         0.13510751E-12
  0.40468536          2.5391325         0.13870842E-12
  0.41098639          2.5762404         0.14241177E-12
  0.41728742          2.6138907         0.14622050E-12
  0.42358845          2.6520912         0.15013766E-12
  0.42988948          2.6908500         0.15416636E-12
  0.43619051          2.7301752         0.15830983E-12
  0.44249154          2.7700751         0.16257135E-12
  0.44879257          2.8105581         0.16695434E-12
  0.45509360          2.8516328         0.17146229E-12
  0.46139463          2.8933078         0.17609880E-12
  0.46769566          2.9355918         0.18086757E-12
  0.47399669          2.9784938         0.18577240E-12
  0.48029772          3.0220227         0.19081722E-12
  0.48659875          3.0661878         0.19600605E-12
  0.49289978          3.1109984         0.20134305E-12
  0.49920081          3.1564638         0.20683246E-12
  0.50550184          3.2025937         0.21247868E-12
  0.51180287          3.2493977         0.21828623E-12
  0.51810390          3.2968858         0.22425974E-12
  0.52440493          3.3450679         0.23040399E-12
  0.53070596          3.3939541         0.23672389E-12
  0.53700699          3.4435548         0.24322449E-12
  0.54330802          3.4938803         0.24991100E-12
  0.54960905          3.5449413         0.25678876E-12
  0.55591008          3.5967486         0.26386328E-12
  0.56221111          3.6493130         0.27114021E-12
  0.56851214          3.7026456         0.27862537E-12
  0.57481317          3.7567576         0.28632476E-12
  0.58111420          3.8116604         0.29424454E-12
  0.58741523          3.8673656         0.30239105E-12
  0.59371626          3.9238849         0.31077080E-12
  0.60001729          3.9812302         0.31939051E-12
  0.60631832          4.0394136         0.32825708E-12
  0.61261935          4.0984473         0.33737760E-12
  0.61892038          4.1583437         0.34675939E-12
  0.62522141          4.2191155         0.35640994E-12
  0.63152244          4.2807754         0.36633700E-12
  0.63782347          4.3433365         0.37654851E-12
  0.64412450          4.4068118         0.38705265E-12
  0.65042553          4.4712148         0.39785785E-12
  0.65672656          4.5365590         0.40897274E-12
  0.66302759          4.6028582         0.42040624E-12
  0.66932862          4.6701263         0.43216752E-12
  0.67562965          4.7383775         0.44426599E-12
  0.68193068          4.8076261         0.45671135E-12
  0.68823171          4.8778868         0.46951357E-12
  0.69453274          4.9491742         0.48268292E-12
  0.70083377          5.0215035         0.49622995E-12
  0.70713480          5.0948899         0.51016552E-12
  0.71343583          5.1693488         0.52450080E-12
  0.71973686          5.2448958         0.53924727E-12
  0.72603789          5.3215469         0.55441678E-12
  0.73233892          5.3993182         0.57002146E-12
  0.73863995          5.4782261         0.58607385E-12
  0.74494098          5.5582872         0.60258680E-12
  0.75124201          5.6395183         0.61957356E-12
  0.75754304          5.7219366         0.63704776E-12
  0.76384407          5.8055594         0.65502339E-12
  0.77014510          5.8904043         0.67351489E-12
  0.77644613          5.9764891         0.69253707E-12
  0.78274716          6.0638320         0.71210520E-12
  0.78904819          6.1524514         0.73223497E-12
  0.79534922          6.2423659         0.75294252E-12
  0.80165025          6.3335945         0.77424447E-12
  0.80795128          6.4261563         0.79615790E-12
  0.81425231          6.5200708         0.81870039E-12
  0.82055334          6.6153579         0.84189002E-12
  0.82685437          6.7120375         0.86574540E-12
  0.83315540          6.8101300         0.89028566E-12
  0.83945643          6.9096561         0.91553049E-12
  0.84575746          7.0106367         0.94150015E-12
  0.85205849          7.1130931         0.96821547E-12
  0.85835952          7.2170468         0.99569788E-12
  0.86466055          7.3225198         0.10239694E-11
  0.87096158          7.4295342         0.10530528E-11
  0.87726261          7.5381125         0.10829714E-11
  0.88356364          7.6482776         0.11137491E-11
  0.88986467          7.7600528         0.11454106E-11
  0.89616570          7.8734614         0.11779815E-11
  0.90246673          7.9885275         0.12114877E-11
  0.90876776          8.1052752         0.12459563E-11
  0.91506879          8.2237291         0.12814148E-11
  0.92136982          8.3439141         0.13178917E-11
  0.92767085          8.4658555         0.13554162E-11
  0.93397188          8.5895791         0.13940186E-11
  0.94027291          8.7151108         0.14337297E-11
  0.94657394          8.8424771         0.14745814E-11
  0.95287497          8.9717048         0.15166066E-11
  0.95917600          9.1028210         0.15598389E-11
  0.96547703          9.2358535         0.16043130E-11
  0.97177806          9.3708301         0.16500647E-11
  0.97807909          9.5077793         0.16971305E-11
  0.98438012          9.6467300         0.17455484E-11
  0.99068115          9.7877114         0.17953572E-11
  0.99698218          9.9307531         0.18465967E-11
   1.0032832          10.075885         0.18993083E-11
   1.0095842          10.223138         0.19535340E-11
   1.0158853          10.372544         0.20093176E-11
   1.0221863          10.524132         0.20667037E-11
   1.0284873          10.677936         0.21257383E-11
   1.0347884          10.833988         0.21864689E-11
   1.0410894          10.992321         0.22489442E-11
   1.0473904          11.152967         0.23132143E-11
   1.0536915          11.315961         0.23793308E-11
   1.0599925          11.481337         0.24473467E-11
   1.0662935          11.649131         0.25173167E-11
   1.0725945          11.819376         0.25892968E-11
   1.0788956          11.992109         0.26633449E-11
   1.0851966          12.167367         0.27395202E-11
   1.0914976          12.345186         0.28178841E-11
   1.0977987          12.525604         0.28984992E-11
   1.1040997          12.708658         0.29814304E-11
   1.1104007          12.894388         0.30667441E-11
   1.1167018          13.082832         0.31545088E-11
   1.1230028          13.274030         0.32447949E-11
   1.1293038          13.468022         0.33376748E-11
   1.1356048          13.664849         0.34332230E-11
   1.1419059          13.864553         0.35315163E-11
   1.1482069          14.067175         0.36326334E-11
   1.1545079          14.272759         0.37366554E-11
   1.1608090          14.481347         0.38436658E-11
   1.1671100          14.692984         0.39537504E-11
   1.1734110          14.907713         0.40669976E-11
   1.1797121          15.125581         0.41834980E-11
   1.1860131          15.346632         0.43033453E-11
   1.1923141          15.570914         0.44266354E-11
   1.1986151          15.798474         0.45534673E-11
   1.2049162          16.029360         0.46839427E-11
   1.2112172          16.263619         0.48181661E-11
   1.2175182          16.501303         0.49562453E-11
   1.2238193          16.742460         0.50982908E-11
   1.2301203          16.987141         0.52444167E-11
   1.2364213          17.235398         0.53947401E-11
   1.2427224          17.487284         0.55493814E-11
   1.2490234          17.742850         0.57084647E-11
   1.2553244          18.002152         0.58721174E-11
   1.2616254          18.265243         0.60404707E-11
   1.2679265          18.532178         0.62136596E-11
   1.2742275          18.803015         0.63918229E-11
   1.2805285          19.077811         0.65751033E-11
   1.2868296          19.356622         0.67636477E-11
   1.2931306          19.639508         0.69576072E-11
   1.2994316          19.926528         0.71571372E-11
   1.3057327          20.217742         0.73623976E-11
   1.3120337          20.513213         0.75735527E-11
   1.3183347          20.813001         0.77907719E-11
   1.3246357          21.117171         0.80142289E-11
   1.3309368          21.425787         0.82441029E-11
   1.3372378          21.738912         0.84805780E-11
   1.3435388          22.056614         0.87238434E-11
   1.3498399          22.378958         0.89740940E-11
   1.3561409          22.706014         0.92315302E-11
   1.3624419          23.037849         0.94963581E-11
   1.3687430          23.374534         0.97687897E-11
   1.3750440          23.716139         0.10049043E-10
   1.3813450          24.062736         0.10337342E-10
   1.3876460          24.414399         0.10633919E-10
   1.3939471          24.771202         0.10939009E-10
   1.4002481          25.133218         0.11252858E-10
   1.4065491          25.500526         0.11575716E-10
   1.4128502          25.873201         0.11907842E-10
   1.4191512          26.251323         0.12249501E-10
   1.4254522          26.634971         0.12600967E-10
   1.4317533          27.024225         0.12962521E-10
   1.4380543          27.419169         0.13334451E-10
   1.4443553          27.819884         0.13717056E-10
   1.4506563          28.226455         0.14110641E-10
   1.4569574          28.638969         0.14515521E-10
   1.4632584          29.057510         0.14932019E-10
   1.4695594          29.482169         0.15360469E-10
   1.4758605          29.913034         0.15801212E-10
   1.4821615          30.350196         0.16254601E-10
   1.4884625          30.793746         0.16720999E-10
   1.4947636          31.243779         0.17200776E-10
   1.5010646          31.700388         0.17694318E-10
   1.5073656          32.163671         0.18202018E-10
   1.5136666          32.633725         0.18724282E-10
   1.5199677          33.110647         0.19261525E-10
   1.5262687          33.594540         0.19814178E-10
   1.5325697          34.085505         0.20382682E-10
   1.5388708          34.583645         0.20967490E-10
   1.5451718          35.089065         0.21569068E-10
   1.5514728          35.601871         0.22187898E-10
   1.5577739          36.122172         0.22824471E-10
   1.5640749          36.650076         0.23479297E-10
   1.5703759          37.185696         0.24152898E-10
   1.5766769          37.729143         0.24845810E-10
   1.5829780          38.280533         0.25558586E-10
   1.5892790          38.839980         0.26291794E-10
   1.5955800          39.407604         0.27046019E-10
   1.6018811          39.983523         0.27821862E-10
   1.6081821          40.567859         0.28619940E-10
   1.6144831          41.160735         0.29440890E-10
   1.6207842          41.762275         0.30285366E-10
   1.6270852          42.372607         0.31154040E-10
   1.6333862          42.991858         0.32047604E-10
   1.6396872          43.620159         0.32966769E-10
   1.6459883          44.257642         0.33912267E-10
   1.6522893          44.904442         0.34884851E-10
   1.6585903          45.560694         0.35885294E-10
   1.6648914          46.226537         0.36914393E-10
   1.6711924          46.902111         0.37972967E-10
   1.6774934          47.587558         0.39061856E-10
   1.6837945          48.283023         0.40181929E-10
   1.6900955          48.988651         0.41334075E-10
   1.6963965          49.704592         0.42519209E-10
   1.7026975          50.430996         0.43738276E-10
   1.7089986          51.168015         0.44992243E-10
   1.7152996          51.915806         0.46282107E-10
   1.7216006          52.674526         0.47608893E-10
   1.7279017          53.444333         0.48973655E-10
   1.7342027          54.225391         0.50377477E-10
   1.7405037          55.017864         0.51821475E-10
   1.7468048          55.821918         0.53306796E-10
   1.7531058          56.637723         0.54834619E-10
   1.7594068          57.465450         0.56406156E-10
   1.7657078          58.305274         0.58022656E-10
   1.7720089          59.157372         0.59685403E-10
   1.7783099          60.021923         0.61395715E-10
   1.7846109          60.899108         0.63154950E-10
   1.7909120          61.789113         0.64964505E-10
   1.7972130          62.692125         0.66825815E-10
   1.8035140          63.608334         0.68740357E-10
   1.8098151          64.537933         0.70709650E-10
   1.8161161          65.481118         0.72735256E-10
   1.8224171          66.438086         0.74818782E-10
   1.8287181          67.409040         0.76961880E-10
   1.8350192          68.394184         0.79166251E-10
   1.8413202          69.393725         0.81433642E-10
   1.8476212          70.407874         0.83765851E-10
   1.8539223          71.436845         0.86164729E-10
   1.8602233          72.480853         0.88632176E-10
   1.8665243          73.540118         0.91170150E-10
   1.8728254          74.614864         0.93780663E-10
   1.8791264          75.705317         0.96465784E-10
   1.8854274          76.811706         0.99227643E-10
   1.8917284          77.934265         0.10206843E-09
   1.8980295          79.073229         0.10499039E-09
   1.9043305          80.228838         0.10799585E-09
   1.9106315          81.401336         0.11108719E-09
   1.9169326          82.590969         0.11426686E-09
   1.9232336          83.797988         0.11753738E-09
   1.9295346          85.022647         0.12090134E-09
   1.9358357          86.265204         0.12436141E-09
   1.9421367          87.525920         0.12792034E-09
   1.9484377          88.805060         0.13158094E-09
   1.9547387          90.102895         0.13534612E-09
   1.9610398          91.419696         0.13921886E-09
   1.9673408          92.755742         0.14320224E-09
   1.9736418          94.111313         0.14729941E-09
   1.9799429          95.486695         0.15151363E-09
   1.9862439          96.882178         0.15584823E-09
   1.9925449          98.298055         0.16030665E-09
   1.9988460          99.734624         0.16489244E-09
   2.0051470          101.19219         0.16960922E-09
   2.0114480          102.67105         0.17446074E-09
   2.0177490          104.17153         0.17945085E-09
   2.0240501          105.69394         0.18458352E-09
   2.0303511          107.23859         0.18986280E-09
   2.0366521          108.80582         0.19529289E-09
   2.0429532          110.39596         0.20087811E-09
   2.0492542          112.00933         0.20662288E-09
   2.0555552          113.64628         0.21253177E-09
   2.0618563          115.30715         0.21860946E-09
   2.0681573          116.99230         0.22486078E-09
   2.0744583          118.70208         0.23129070E-09
   2.0807593          120.43684         0.23790432E-09
   2.0870604          122.19695         0.24470689E-09
   2.0933614          123.98279         0.25170382E-09
   2.0996624          125.79473         0.25890066E-09
   2.1059635          127.63314         0.26630314E-09
   2.1122645          129.49843         0.27391712E-09
   2.1185655          131.39097         0.28174867E-09
   2.1248666          133.31117         0.28980400E-09
   2.1311676          135.25944         0.29808951E-09
   2.1374686          137.23618         0.30661179E-09
   2.1437696          139.24180         0.31537762E-09
   2.1500707          141.27674         0.32439395E-09
   2.1563717          143.34142         0.33366797E-09
   2.1626727          145.43627         0.34320703E-09
   2.1689738          147.56174         0.35301872E-09
   2.1752748          149.71827         0.36311084E-09
   2.1815758          151.90631         0.37349142E-09
   2.1878769          154.12634         0.38416871E-09
   2.1941779          156.37880         0.39515120E-09
   2.2004789          158.66419         0.40644762E-09
   2.2067799          160.98297         0.41806695E-09
   2.2130810          163.33565         0.43001844E-09
   2.2193820          165.72270         0.44231160E-09
   2.2256830          168.14464         0.45495619E-09
   2.2319841          170.60198         0.46796227E-09
   2.2382851          173.09523         0.48134019E-09
   2.2445861          175.62491         0.49510059E-09
   2.2508872          178.19157         0.50925441E-09
   2.2571882          180.79574         0.52381291E-09
   2.2634892          183.43796         0.53878767E-09
   2.2697902          186.11880         0.55419060E-09
   2.2760913          188.83882         0.57003395E-09
   2.2823923          191.59859         0.58633033E-09
   2.2886933          194.39869         0.60309269E-09
   2.2949944          197.23971         0.62033437E-09
   2.3012954          200.12226         0.63806908E-09
   2.3075964          203.04693         0.65631093E-09
   2.3138975          206.01434         0.67507442E-09
   2.3201985          209.02512         0.69437449E-09
   2.3264995          212.07990         0.71422647E-09
   2.3328005          215.17933         0.73464616E-09
   2.3391016          218.32405         0.75564980E-09
   2.3454026          221.51473         0.77725409E-09
   2.3517036          224.75203         0.79947621E-09
   2.3580047          228.03666         0.82233384E-09
   2.3643057          231.36928         0.84584514E-09
   2.3706067          234.75061         0.87002883E-09
   2.3769078          238.18135         0.89490411E-09
   2.3832088          241.66223         0.92049078E-09
   2.3895098          245.19399         0.94680918E-09
   2.3958108          248.77735         0.97388023E-09
   2.4021119          252.41309         0.10017255E-08
   2.4084129          256.10196         0.10303670E-08
   2.4147139          259.84474         0.10598276E-08
   2.4210150          263.64222         0.10901307E-08
   2.4273160          267.49520         0.11213004E-08
   2.4336170          271.40449         0.11533615E-08
   2.4399181          275.37091         0.11863394E-08
   2.4462191          279.39529         0.12202604E-08
   2.4525201          283.47849         0.12551514E-08
   2.4588211          287.62136         0.12910401E-08
   2.4651222          291.82478         0.13279551E-08
   2.4714232          296.08963         0.13659257E-08
   2.4777242          300.41681         0.14049821E-08
   2.4840253          304.80723         0.14451553E-08
   2.4903263          309.26181         0.14864772E-08
   2.4966273          313.78149         0.15289806E-08
   2.5029284          318.36723         0.15726994E-08
   2.5092294          323.01998         0.16176683E-08
   2.5155304          327.74073         0.16639229E-08
   2.5218314          332.53047         0.17115001E-08
   2.5281325          337.39021         0.17604376E-08
   2.5344335          342.32097         0.18107743E-08
   2.5407345          347.32379         0.18625502E-08
   2.5470356          352.39973         0.19158064E-08
   2.5533366          357.54984         0.19705853E-08
   2.5596376          362.77523         0.20269302E-08
   2.5659387          368.07698         0.20848860E-08
   2.5722397          373.45621         0.21444987E-08
   2.5785407          378.91405         0.22058156E-08
   2.5848417          384.45166         0.22688854E-08
   2.5911428          390.07020         0.23337583E-08
   2.5974438          395.77085         0.24004857E-08
   2.6037448          401.55481         0.24691206E-08
   2.6100459          407.42330         0.25397175E-08
   2.6163469          413.37756         0.26123325E-08
   2.6226479          419.41883         0.26870233E-08
   2.6289490          425.54839         0.27638490E-08
   2.6352500          431.76753         0.28428708E-08
   2.6415510          438.07756         0.29241513E-08
   2.6478520          444.47981         0.30077551E-08
   2.6541531          450.97563         0.30937486E-08
   2.6604541          457.56638         0.31822000E-08
   2.6667551          464.25344         0.32731796E-08
   2.6730562          471.03824         0.33667595E-08
   2.6793572          477.92219         0.34630140E-08
   2.6856582          484.90674         0.35620197E-08
   2.6919593          491.99337         0.36638549E-08
   2.6982603          499.18357         0.37686006E-08
   2.7045613          506.47885         0.38763400E-08
   2.7108623          513.88074         0.39871584E-08
   2.7171634          521.39081         0.41011440E-08
   2.7234644          529.01063         0.42183870E-08
   2.7297654          536.74182         0.43389807E-08
   2.7360665          544.58599         0.44630206E-08
   2.7423675          552.54480         0.45906053E-08
   2.7486685          560.61992         0.47218359E-08
   2.7549696          568.81305         0.48568166E-08
   2.7612706          577.12592         0.49956546E-08
   2.7675716          585.56028         0.51384599E-08
   2.7738726          594.11791         0.52853459E-08
   2.7801737          602.80059         0.54364292E-08
   2.7864747          611.61018         0.55918296E-08
   2.7927757          620.54850         0.57516703E-08
   2.7990768          629.61746         0.59160783E-08
   2.8053778          638.81895         0.60851839E-08
   2.8116788          648.15492         0.62591213E-08
   2.8179799          657.62733         0.64380285E-08
   2.8242809          667.23817         0.66220473E-08
   2.8305819          676.98947         0.68113239E-08
   2.8368829          686.88328         0.70060082E-08
   2.8431840          696.92168         0.72062547E-08
   2.8494850          707.10678         0.74122223E-08
   2.8557860          717.44074         0.76240743E-08
   2.8620871          727.92572         0.78419787E-08
   2.8683881          738.56393         0.80661083E-08
   2.8746891          749.35761         0.82966408E-08
   2.8809902          760.30904         0.85337592E-08
   2.8872912          771.42051         0.87776513E-08
   2.8935922          782.69437         0.90285107E-08
   2.8998932          794.13300         0.92865361E-08
   2.9061943          805.73879         0.95519322E-08
   2.9124953          817.51419         0.98249094E-08
   2.9187963          829.46169         0.10105684E-07
   2.9250974          841.58379         0.10394479E-07
   2.9313984          853.88305         0.10691523E-07
   2.9376994          866.36205         0.10997051E-07
   2.9440005          879.02343         0.11311306E-07
   2.9503015          891.86985         0.11634537E-07
   2.9566025          904.90401         0.11967000E-07
   2.9629035          918.12866         0.12308959E-07
   2.9692046          931.54657         0.12660684E-07
   2.9755056          945.16058         0.13022454E-07
   2.9818066          958.97356         0.13394556E-07
   2.9881077          972.98840         0.13777285E-07
   2.9944087          987.20806         0.14170945E-07
   3.0007097          1001.6355         0.14575846E-07
   3.0070108          1016.2739         0.14992310E-07
   3.0133118          1031.1261         0.15420667E-07
   3.0196128          1046.1954         0.15861256E-07
   3.0259138          1061.4850         0.16314427E-07
   3.0322149          1076.9979         0.16780538E-07
   3.0385159          1092.7376         0.17259958E-07
   3.0448169          1108.7074         0.17753068E-07
   3.0511180          1124.9105         0.18260258E-07
   3.0574190          1141.3504         0.18781929E-07
   3.0637200          1158.0306         0.19318496E-07
   3.0700211          1174.9545         0.19870382E-07
   3.0763221          1192.1258         0.20438025E-07
   3.0826231          1209.5480         0.21021874E-07
   3.0889241          1227.2249         0.21622392E-07
   3.0952252          1245.1600         0.22240055E-07
   3.1015262          1263.3573         0.22875351E-07
   3.1078272          1281.8206         0.23528783E-07
   3.1141283          1300.5536         0.24200869E-07
   3.1204293          1319.5605         0.24892141E-07
   3.1267303          1338.8451         0.25603146E-07
   3.1330314          1358.4115         0.26334447E-07
   3.1393324          1378.2639         0.27086623E-07
   3.1456334          1398.4064         0.27860269E-07
   3.1519344          1418.8433         0.28655998E-07
   3.1582355          1439.5789         0.29474439E-07
   3.1645365          1460.6175         0.30316240E-07
   3.1708375          1481.9636         0.31182068E-07
   3.1771386          1503.6216         0.32072608E-07
   3.1834396          1525.5962         0.32988564E-07
   3.1897406          1547.8919         0.33930661E-07
   3.1960417          1570.5134         0.34899645E-07
   3.2023427          1593.4656         0.35896281E-07
   3.2086437          1616.7531         0.36921360E-07
   3.2149447          1640.3810         0.37975692E-07
   3.2212458          1664.3543         0.39060110E-07
   3.2275468          1688.6778         0.40175473E-07
   3.2338478          1713.3569         0.41322663E-07
   3.2401489          1738.3966         0.42502587E-07
   3.2464499          1763.8022         0.43716179E-07
   3.2527509          1789.5792         0.44964398E-07
   3.2590520          1815.7329         0.46248232E-07
   3.2653530          1842.2687         0.47568696E-07
   3.2716540          1869.1924         0.48926833E-07
   3.2779550          1896.5096         0.50323719E-07
   3.2842561          1924.2260         0.51760457E-07
   3.2905571          1952.3474         0.53238184E-07
   3.2968581          1980.8798         0.54758067E-07
   3.3031592          2009.8292         0.56321309E-07
   3.3094602          2039.2017         0.57929145E-07
   3.3157612          2069.0035         0.59582845E-07
   3.3220623          2099.2408         0.61283718E-07
   3.3283633          2129.9200         0.63033107E-07
   3.3346643          2161.0475         0.64832396E-07
   3.3409653          2192.6299         0.66683005E-07
   3.3472664          2224.6740         0.68586398E-07
   3.3535674          2257.1863         0.70544079E-07
   3.3598684          2290.1737         0.72557594E-07
   3.3661695          2323.6433         0.74628535E-07
   3.3724705          2357.6020         0.76758538E-07
   3.3787715          2392.0570         0.78949284E-07
   3.3850726          2427.0155         0.81202506E-07
   3.3913736          2462.4849         0.83519984E-07
   3.3976746          2498.4727         0.85903546E-07
   3.4039756          2534.9864         0.88355077E-07
   3.4102767          2572.0338         0.90876513E-07
   3.4165777          2609.6226         0.93469845E-07
   3.4228787          2647.7607         0.96137120E-07
   3.4291798          2686.4562         0.98880446E-07
   3.4354808          2725.7172         0.10170199E-06
   3.4417818          2765.5520         0.10460397E-06
   3.4480829          2805.9689         0.10758870E-06
   3.4543839          2846.9765         0.11065851E-06
   3.4606849          2888.5834         0.11381584E-06
   3.4669859          2930.7984         0.11706317E-06
   3.4732870          2973.6303         0.12040308E-06
   3.4795880          3017.0882         0.12383819E-06
   3.4858890          3061.1812         0.12737123E-06
   3.4921901          3105.9185         0.13100497E-06
   3.4984911          3151.3097         0.13474228E-06
   3.5047921          3197.3643         0.13858611E-06
   3.5110932          3244.0919         0.14253951E-06
   3.5173942          3291.5024         0.14660557E-06
   3.5236952          3339.6058         0.15078752E-06
   3.5299962          3388.4122         0.15508866E-06
   3.5362973          3437.9319         0.15951237E-06
   3.5425983          3488.1753         0.16406214E-06
   3.5488993          3539.1529         0.16874157E-06
   3.5552004          3590.8756         0.17355434E-06
   3.5615014          3643.3542         0.17850425E-06
   3.5678024          3696.5997         0.18359520E-06
   3.5741035          3750.6233         0.18883122E-06
   3.5804045          3805.4365         0.19421642E-06
   3.5867055          3861.0508         0.19975505E-06
   3.5930065          3917.4778         0.20545148E-06
   3.5993076          3974.7294         0.21131020E-06
   3.6056086          4032.8178         0.21733583E-06
   3.6119096          4091.7551         0.22353312E-06
   3.6182107          4151.5537         0.22990695E-06
   3.6245117          4212.2263         0.23646234E-06
   3.6308127          4273.7855         0.24320447E-06
   3.6371138          4336.2444         0.25013865E-06
   3.6434148          4399.6161         0.25727033E-06
   3.6497158          4463.9139         0.26460514E-06
   3.6560168          4529.1514         0.27214886E-06
   3.6623179          4595.3424         0.27990744E-06
   3.6686189          4662.5006         0.28788697E-06
   3.6749199          4730.6403         0.29609375E-06
   3.6812210          4799.7759         0.30453425E-06
   3.6875220          4869.9218         0.31321511E-06
   3.6938230          4941.0929         0.32214316E-06
   3.7001241          5013.3041         0.33132544E-06
   3.7064251          5086.5707         0.34076918E-06
   3.7127261          5160.9079         0.35048182E-06
   3.7190271          5236.3316         0.36047100E-06
   3.7253282          5312.8575         0.37074458E-06
   3.7316292          5390.5019         0.38131066E-06
   3.7379302          5469.2809         0.39217755E-06
   3.7442313          5549.2113         0.40335380E-06
   3.7505323          5630.3098         0.41484821E-06
   3.7568333          5712.5935         0.42666983E-06
   3.7631344          5796.0797         0.43882796E-06
   3.7694354          5880.7861         0.45133217E-06
   3.7757364          5966.7303         0.46419229E-06
   3.7820374          6053.9306         0.47741845E-06
   3.7883385          6142.4053         0.49102104E-06
   3.7946395          6232.1730         0.50501078E-06
   3.8009405          6323.2526         0.51939866E-06
   3.8072416          6415.6633         0.53419600E-06
   3.8135426          6509.4245         0.54941443E-06
   3.8198436          6604.5559         0.56506593E-06
   3.8261447          6701.0777         0.58116281E-06
   3.8324457          6799.0100         0.59771772E-06
   3.8387467          6898.3736         0.61474367E-06
   3.8450477          6999.1893         0.63225406E-06
   3.8513488          7101.4784         0.65026265E-06
   3.8576498          7205.2624         0.66878358E-06
   3.8639508          7310.5631         0.68783144E-06
   3.8702519          7417.4028         0.70742117E-06
   3.8765529          7525.8038         0.72756818E-06
   3.8828539          7635.7890         0.74828830E-06
   3.8891550          7747.3817         0.76959780E-06
   3.8954560          7860.6051         0.79151344E-06
   3.9017570          7975.4833         0.81405243E-06
   3.9080580          8092.0404         0.83723248E-06
   3.9143591          8210.3009         0.86107179E-06
   3.9206601          8330.2896         0.88558909E-06
   3.9269611          8452.0320         0.91080364E-06
   3.9332622          8575.5535         0.93673523E-06
   3.9395632          8700.8802         0.96340423E-06
   3.9458642          8828.0386         0.99083157E-06
   3.9521653          8957.0552         0.10190388E-05
   3.9584663          9087.9574         0.10480481E-05
   3.9647673          9220.7726         0.10778821E-05
   3.9710683          9355.5288         0.11085644E-05
   3.9773694          9492.2544         0.11401189E-05
   3.9836704          9630.9782         0.11725706E-05
   3.9899714          9771.7294         0.12059447E-05
   3.9962725          9914.5375         0.12402676E-05
   4.0025735          10059.433         0.12755661E-05
   4.0088745          10206.446         0.13118680E-05
   4.0151756          10355.607         0.13492017E-05
   4.0214766          10506.948         0.13875964E-05
   4.0277776          10660.501         0.14270824E-05
   4.0340786          10816.298         0.14676906E-05
   4.0403797          10974.372         0.15094527E-05
   4.0466807          11134.756         0.15524017E-05
   4.0529817          11297.484         0.15965711E-05
   4.0592828          11462.590         0.16419956E-05
   4.0655838          11630.109         0.16887108E-05
   4.0718848          11800.076         0.17367532E-05
   4.0781859          11972.528         0.17861606E-05
   4.0844869          12147.499         0.18369717E-05
   4.0907879          12325.028         0.18892263E-05
   4.0970889          12505.151         0.19429653E-05
   4.1033900          12687.907         0.19982309E-05
   4.1096910          12873.333         0.20550663E-05
   4.1159920          13061.469         0.21135160E-05
   4.1222931          13252.355         0.21736259E-05
   4.1285941          13446.030         0.22354430E-05
   4.1348951          13642.536         0.22990158E-05
   4.1411962          13841.914         0.23643939E-05
   4.1474972          14044.206         0.24316286E-05
   4.1537982          14249.454         0.25007726E-05
   4.1600992          14457.701         0.25718800E-05
   4.1664003          14668.992         0.26450063E-05
   4.1727013          14883.371         0.27202090E-05
   4.1790023          15100.883         0.27975467E-05
   4.1853034          15321.573         0.28770801E-05
   4.1916044          15545.489         0.29588713E-05
   4.1979054          15772.677         0.30429844E-05
   4.2042065          16003.186         0.31294851E-05
   4.2105075          16237.063         0.32184412E-05
   4.2168085          16474.358         0.33099221E-05
   4.2231095          16715.122         0.34039995E-05
   4.2294106          16959.403         0.35007469E-05
   4.2357116          17207.255         0.36002399E-05
   4.2420126          17458.729         0.37025563E-05
   4.2483137          17713.878         0.38077762E-05
   4.2546147          17972.757         0.39159818E-05
   4.2609157          18235.418         0.40272576E-05
   4.2672168          18501.918         0.41416906E-05
   4.2735178          18772.313         0.42593702E-05
   4.2798188          19046.659         0.43803884E-05
   4.2861198          19325.015         0.45048398E-05
   4.2924209          19607.439         0.46328214E-05
   4.2987219          19893.990         0.47644334E-05
   4.3050229          20184.729         0.48997785E-05
   4.3113240          20479.717         0.50389623E-05
   4.3176250          20779.017         0.51820937E-05
   4.3239260          21082.690         0.53292843E-05
   4.3302271          21390.801         0.54806490E-05
   4.3365281          21703.415         0.56363060E-05
   4.3428291          22020.598         0.57963768E-05
   4.3491301          22342.416         0.59609863E-05
   4.3554312          22668.938         0.61302630E-05
   4.3617322          23000.231         0.63043389E-05
   4.3680332          23336.366         0.64833499E-05
   4.3743343          23677.414         0.66674355E-05
   4.3806353          24023.445         0.68567395E-05
   4.3869363          24374.534         0.70514094E-05
   4.3932374          24730.754         0.72515970E-05
   4.3995384          25092.179         0.74574584E-05
   4.4058394          25458.887         0.76691542E-05
   4.4121404          25830.954         0.78868493E-05
   4.4184415          26208.458         0.81107135E-05
   4.4247425          26591.479         0.83409212E-05
   4.4310435          26980.099         0.85776519E-05
   4.4373446          27374.397         0.88210899E-05
   4.4436456          27774.458         0.90714249E-05
   4.4499466          28180.365         0.93288521E-05
   4.4562477          28592.205         0.95935718E-05
   4.4625487          29010.064         0.98657903E-05
   4.4688497          29434.029         0.10145719E-04
   4.4751507          29864.190         0.10433577E-04
   4.4814518          30300.638         0.10729588E-04
   4.4877528          30743.464         0.11033982E-04
   4.4940538          31192.762         0.11346996E-04
   4.5003549          31648.626         0.11668875E-04
   4.5066559          32111.152         0.11999867E-04
   4.5129569          32580.438         0.12340231E-04
   4.5192580          33056.582         0.12690232E-04
   4.5255590          33539.685         0.13050142E-04
   4.5318600          34029.848         0.13420240E-04
   4.5381610          34527.175         0.13800815E-04
   4.5444621          35031.769         0.14192163E-04
   4.5507631          35543.738         0.14594588E-04
   4.5570641          36063.189         0.15008402E-04
   4.5633652          36590.232         0.15433928E-04
   4.5696662          37124.977         0.15871496E-04
   4.5759672          37667.537         0.16321446E-04
   4.5822683          38218.026         0.16784128E-04
   4.5885693          38776.560         0.17259901E-04
   4.5948703          39343.257         0.17749135E-04
   4.6011713          39918.236         0.18252210E-04
   4.6074724          40501.618         0.18769517E-04
   4.6137734          41093.525         0.19301456E-04
   4.6200744          41694.083         0.19848442E-04
   4.6263755          42303.418         0.20410899E-04
   4.6326765          42921.658         0.20989263E-04
   4.6389775          43548.933         0.21583983E-04
   4.6452786          44185.376         0.22195521E-04
   4.6515796          44831.119         0.22824352E-04
   4.6578806          45486.300         0.23470962E-04
   4.6641816          46151.056         0.24135854E-04
   4.6704827          46825.527         0.24819544E-04
   4.6767837          47509.855         0.25522561E-04
   4.6830847          48204.183         0.26245451E-04
   4.6893858          48908.660         0.26988774E-04
   4.6956868          49623.431         0.27753106E-04
   4.7019878          50348.649         0.28539039E-04
   4.7082889          51084.465         0.29347184E-04
   4.7145899          51831.035         0.30178165E-04
   4.7208909          52588.515         0.31032626E-04
   4.7271919          53357.066         0.31911230E-04
   4.7334930          54136.849         0.32814657E-04
   4.7397940          54928.027         0.33743607E-04
   4.7460950          55730.768         0.34698798E-04
   4.7523961          56545.241         0.35680970E-04
   4.7586971          57371.617         0.36690884E-04
   4.7649981          58210.070         0.37729321E-04
   4.7712992          59060.776         0.38797084E-04
   4.7776002          59923.915         0.39895001E-04
   4.7839012          60799.668         0.41023919E-04
   4.7902022          61688.220         0.42184712E-04
   4.7965033          62589.758         0.43378278E-04
   4.8028043          63504.471         0.44605540E-04
   4.8091053          64432.552         0.45867447E-04
   4.8154064          65374.196         0.47164974E-04
   4.8217074          66329.602         0.48499123E-04
   4.8280084          67298.971         0.49870926E-04
   4.8343095          68282.506         0.51281444E-04
   4.8406105          69280.415         0.52731764E-04
   4.8469115          70292.908         0.54223008E-04
   4.8532125          71320.198         0.55756328E-04
   4.8595136          72362.501         0.57332907E-04
   4.8658146          73420.037         0.58953962E-04
   4.8721156          74493.028         0.60620745E-04
   4.8784167          75581.701         0.62334542E-04
   4.8847177          76686.283         0.64096675E-04
   4.8910187          77807.009         0.65908505E-04
   4.8973198          78944.113         0.67771429E-04
   4.9036208          80097.836         0.69686883E-04
   4.9099218          81268.419         0.71656345E-04
   4.9162228          82456.110         0.73681334E-04
   4.9225239          83661.158         0.75763409E-04
   4.9288249          84883.817         0.77904178E-04
   4.9351259          86124.345         0.80105288E-04
   4.9414270          87383.002         0.82368436E-04
   4.9477280          88660.054         0.84695366E-04
   4.9540290          89955.769         0.87087870E-04
   4.9603301          91270.420         0.89547791E-04
   4.9666311          92604.285         0.92077022E-04
   4.9729321          93957.642         0.94677511E-04
   4.9792331          95330.779         0.97351260E-04
   4.9855342          96723.983         0.10010033E-03
   4.9918352          98137.548         0.10292682E-03
   4.9981362          99571.771         0.10583293E-03
   5.0044373          101026.95         0.10882088E-03
   5.0107383          102503.40         0.11189297E-03
   5.0170393          104001.43         0.11505156E-03
   5.0233404          105521.35         0.11829908E-03
   5.0296414          107063.49         0.12163803E-03
   5.0359424          108628.16         0.12507098E-03
   5.0422434          110215.69         0.12860055E-03
   5.0485445          111826.43         0.13222947E-03
   5.0548455          113460.71         0.13596052E-03
   5.0611465          115118.87         0.13979656E-03
   5.0674476          116801.27         0.14374055E-03
   5.0737486          118508.25         0.14779550E-03
   5.0800496          120240.18         0.15196454E-03
   5.0863507          121997.42         0.15625085E-03
   5.0926517          123780.34         0.16065774E-03
   5.0989527          125589.32         0.16518857E-03
   5.1052537          127424.74         0.16984683E-03
   5.1115548          129286.97         0.17463609E-03
   5.1178558          131176.43         0.17956002E-03
   5.1241568          133093.50         0.18462239E-03
   5.1304579          135038.58         0.18982708E-03
   5.1367589          137012.09         0.19517808E-03
   5.1430599          139014.44         0.20067950E-03
   5.1493610          141046.06         0.20633553E-03
   5.1556620          143107.36         0.21215053E-03
   5.1619630          145198.79         0.21812893E-03
   5.1682640          147320.79         0.22427532E-03
   5.1745651          149473.80         0.23059439E-03
   5.1808661          151658.27         0.23709099E-03
   5.1871671          153874.67         0.24377008E-03
   5.1934682          156123.46         0.25063678E-03
   5.1997692          158405.11         0.25769633E-03
   5.2060702          160720.11         0.26495413E-03
   5.2123713          163068.94         0.27241573E-03
   5.2186723          165452.10         0.28008683E-03
   5.2249733          167870.09         0.28797330E-03
   5.2312743          170323.41         0.29608116E-03
   5.2375754          172812.59         0.30441659E-03
   5.2438764          175338.14         0.31298598E-03
   5.2501774          177900.61         0.32179585E-03
   5.2564785          180500.52         0.33085294E-03
   5.2627795          183138.43         0.34016416E-03
   5.2690805          185814.89         0.34973661E-03
   5.2753816          188530.47         0.35957759E-03
   5.2816826          191285.73         0.36969461E-03
   5.2879836          194081.26         0.38009538E-03
   5.2942846          196917.65         0.39078783E-03
   5.3005857          199795.49         0.40178012E-03
   5.3068867          202715.38         0.41308062E-03
   5.3131877          205677.95         0.42469793E-03
   5.3194888          208683.81         0.43664091E-03
   5.3257898          211733.60         0.44891866E-03
   5.3320908          214827.97         0.46154051E-03
   5.3383919          217967.55         0.47451608E-03
   5.3446929          221153.02         0.48785524E-03
   5.3509939          224385.05         0.50156814E-03
   5.3572949          227664.30         0.51566522E-03
   5.3635960          230991.48         0.53015719E-03
   5.3698970          234367.29         0.54505507E-03
   5.3761980          237792.43         0.56037019E-03
   5.3824991          241267.63         0.57611419E-03
   5.3888001          244793.62         0.59229903E-03
   5.3951011          248371.13         0.60893700E-03
   5.4014022          252000.93         0.62604075E-03
   5.4077032          255683.78         0.64362325E-03
   5.4140042          259420.45         0.66169786E-03
   5.4203052          263211.73         0.68027830E-03
   5.4266063          267058.42         0.69937865E-03
   5.4329073          270961.32         0.71901342E-03
   5.4392083          274921.26         0.73919749E-03
   5.4455094          278939.08         0.75994617E-03
   5.4518104          283015.61         0.78127519E-03
   5.4581114          287151.72         0.80320071E-03
   5.4644125          291348.27         0.82573934E-03
   5.4707135          295606.16         0.84890817E-03
   5.4770145          299926.27         0.87272473E-03
   5.4833155          304309.52         0.89720706E-03
   5.4896166          308756.83         0.92237370E-03
   5.4959176          313269.13         0.94824368E-03
   5.5022186          317847.38         0.97483658E-03
   5.5085197          322492.53         0.10021725E-02
   5.5148207          327205.57         0.10302722E-02
   5.5211217          331987.49         0.10591568E-02
   5.5274228          336839.30         0.10888482E-02
   5.5337238          341762.01         0.11193688E-02
   5.5400248          346756.66         0.11507417E-02
   5.5463258          351824.31         0.11829906E-02
   5.5526269          356966.01         0.12161398E-02
   5.5589279          362182.87         0.12502144E-02
   5.5652289          367475.96         0.12852401E-02
   5.5715300          372846.41         0.13212433E-02
   5.5778310          378295.34         0.13582511E-02
   5.5841320          383823.91         0.13962915E-02
   5.5904331          389433.27         0.14353932E-02
   5.5967341          395124.61         0.14755856E-02
   5.6030351          400899.13         0.15168991E-02
   5.6093361          406758.03         0.15593647E-02
   5.6156372          412702.57         0.16030144E-02
   5.6219382          418733.98         0.16478811E-02
   5.6282392          424853.53         0.16939986E-02
   5.6345403          431062.52         0.17414017E-02
   5.6408413          437362.25         0.17901258E-02
   5.6471423          443754.04         0.18402078E-02
   5.6534434          450239.25         0.18916853E-02
   5.6597444          456819.23         0.19445970E-02
   5.6660454          463495.38         0.19989826E-02
   5.6723464          470269.10         0.20548830E-02
   5.6786475          477141.81         0.21123403E-02
   5.6849485          484114.96         0.21713975E-02
   5.6912495          491190.02         0.22320991E-02
   5.6975506          498368.47         0.22944905E-02
   5.7038516          505651.84         0.23586187E-02
   5.7101526          513041.65         0.24245317E-02
   5.7164537          520539.45         0.24922789E-02
   5.7227547          528146.83         0.25619112E-02
   5.7290557          535865.39         0.26334808E-02
   5.7353567          543696.75         0.27070414E-02
   5.7416578          551642.57         0.27826479E-02
   5.7479588          559704.50         0.28603571E-02
   5.7542598          567884.26         0.29402272E-02
   5.7605609          576183.56         0.30223179E-02
   5.7668619          584604.14         0.31066907E-02
   5.7731629          593147.79         0.31934088E-02
   5.7794640          601816.31         0.32825369E-02
   5.7857650          610611.50         0.33741419E-02
   5.7920660          619535.23         0.34682920E-02
   5.7983670          628589.38         0.35650579E-02
   5.8046681          637775.85         0.36645116E-02
   5.8109691          647096.57         0.37667276E-02
   5.8172701          656553.51         0.38717822E-02
   5.8235712          666148.66         0.39797538E-02
   5.8298722          675884.04         0.40907230E-02
   5.8361732          685761.69         0.42047726E-02
   5.8424743          695783.70         0.43219878E-02
   5.8487753          705952.17         0.44424559E-02
   5.8550763          716269.26         0.45662668E-02
   5.8613773          726737.11         0.46935127E-02
   5.8676784          737357.96         0.48242886E-02
   5.8739794          748134.01         0.49586917E-02
   5.8802804          759067.56         0.50968223E-02
   5.8865815          770160.89         0.52387832E-02
   5.8928825          781416.34         0.53846801E-02
   5.8991835          792836.29         0.55346215E-02
   5.9054846          804423.13         0.56887191E-02
   5.9117856          816179.31         0.58470874E-02
   5.9180866          828107.29         0.60098442E-02
   5.9243876          840209.60         0.61771105E-02
   5.9306887          852488.78         0.63490107E-02
   5.9369897          864947.40         0.65256724E-02
   5.9432907          877588.11         0.67072269E-02
   5.9495918          890413.55         0.68938090E-02
   5.9558928          903426.43         0.70855573E-02
   5.9621938          916629.48         0.72826140E-02
   5.9684949          930025.49         0.74851254E-02
   5.9747959          943617.27         0.76932417E-02
   5.9810969          957407.69         0.79071173E-02
   5.9873979          971399.64         0.81269107E-02
   5.9936990          985596.09         0.83527849E-02
   6.0000000          1000000.0         0.85849073E-02
