   LOG10(FN) FN  Calc. Arg.: Z11, Z12 ... Z21, Z22 ... [deg]
 -0.30103000         0.50000000          27.027205    
 -0.29472897         0.50730721          27.341731    
 -0.28842794         0.51472121          27.658565    
 -0.28212691         0.52224356          27.977683    
 -0.27582588         0.52987585          28.299058    
 -0.26952485         0.53761968          28.622661    
 -0.26322382         0.54547667          28.948462    
 -0.25692279         0.55344850          29.276431    
 -0.25062176         0.56153683          29.606536    
 -0.24432073         0.56974336          29.938741    
 -0.23801970         0.57806983          30.273013    
 -0.23171867         0.58651799          30.609314    
 -0.22541764         0.59508961          30.947606    
 -0.21911661         0.60378649          31.287849    
 -0.21281558         0.61261048          31.630004    
 -0.20651455         0.62156343          31.974026    
 -0.20021352         0.63064722          32.319874    
 -0.19391249         0.63986376          32.667501    
 -0.18761146         0.64921500          33.016861    
 -0.18131043         0.65870290          33.367907    
 -0.17500940         0.66832946          33.720590    
 -0.16870837         0.67809671          34.074859    
 -0.16240734         0.68800669          34.430663    
 -0.15610631         0.69806151          34.787948    
 -0.14980528         0.70826328          35.146662    
 -0.14350425         0.71861413          35.506749    
 -0.13720322         0.72911626          35.868152    
 -0.13090219         0.73977187          36.230815    
 -0.12460116         0.75058321          36.594678    
 -0.11830013         0.76155255          36.959683    
 -0.11199910         0.77268219          37.325769    
 -0.10569807         0.78397450          37.692875    
 -0.99397036E-01     0.79543183          38.060938    
 -0.93096006E-01     0.80705660          38.429896    
 -0.86794976E-01     0.81885126          38.799684    
 -0.80493946E-01     0.83081830          39.170239    
 -0.74192916E-01     0.84296023          39.541494    
 -0.67891886E-01     0.85527960          39.913385    
 -0.61590856E-01     0.86777902          40.285844    
 -0.55289826E-01     0.88046110          40.658805    
 -0.48988796E-01     0.89332853          41.032200    
 -0.42687766E-01     0.90638401          41.405961    
 -0.36386736E-01     0.91963028          41.780021    
 -0.30085706E-01     0.93307015          42.154310    
 -0.23784676E-01     0.94670642          42.528761    
 -0.17483646E-01     0.96054199          42.903304    
 -0.11182616E-01     0.97457975          43.277871    
 -0.48815859E-02     0.98882267          43.652393    
  0.14194441E-02      1.0032737          44.026801    
  0.77204741E-02      1.0179360          44.401026    
  0.14021504E-01      1.0328125          44.774999    
  0.20322534E-01      1.0479065          45.148653    
  0.26623564E-01      1.0632210          45.521918    
  0.32924594E-01      1.0787594          45.894728    
  0.39225624E-01      1.0945248          46.267015    
  0.45526654E-01      1.1105207          46.638712    
  0.51827684E-01      1.1267503          47.009753    
  0.58128714E-01      1.1432171          47.380072    
  0.64429744E-01      1.1599246          47.749603    
  0.70730774E-01      1.1768762          48.118283    
  0.77031804E-01      1.1940755          48.486047    
  0.83332834E-01      1.2115263          48.852833    
  0.89633864E-01      1.2292320          49.218579    
  0.95934894E-01      1.2471965          49.583222    
  0.10223592          1.2654236          49.946704    
  0.10853695          1.2839170          50.308964    
  0.11483798          1.3026807          50.669945    
  0.12113901          1.3217186          51.029589    
  0.12744004          1.3410348          51.387839    
  0.13374107          1.3606332          51.744642    
  0.14004210          1.3805181          52.099943    
  0.14634313          1.4006936          52.453689    
  0.15264416          1.4211639          52.805830    
  0.15894519          1.4419334          53.156315    
  0.16524622          1.4630064          53.505094    
  0.17154725          1.4843874          53.852122    
  0.17784828          1.5060808          54.197350    
  0.18414931          1.5280913          54.540735    
  0.19045034          1.5504235          54.882233    
  0.19675137          1.5730820          55.221802    
  0.20305240          1.5960717          55.559401    
  0.20935343          1.6193974          55.894990    
  0.21565446          1.6430639          56.228532    
  0.22195549          1.6670764          56.559990    
  0.22825652          1.6914397          56.889329    
  0.23455755          1.7161591          57.216516    
  0.24085858          1.7412398          57.541517    
  0.24715961          1.7666870          57.864302    
  0.25346064          1.7925061          58.184842    
  0.25976167          1.8187025          58.503108    
  0.26606270          1.8452818          58.819074    
  0.27236373          1.8722495          59.132714    
  0.27866476          1.8996114          59.444005    
  0.28496579          1.9273731          59.752923    
  0.29126682          1.9555405          60.059448    
  0.29756785          1.9841196          60.363560    
  0.30386888          2.0131164          60.665240    
  0.31016991          2.0425369          60.964471    
  0.31647094          2.0723874          61.261237    
  0.32277197          2.1026741          61.555523    
  0.32907300          2.1334035          61.847316    
  0.33537403          2.1645820          62.136603    
  0.34167506          2.1962161          62.423373    
  0.34797609          2.2283125          62.707617    
  0.35427712          2.2608780          62.989326    
  0.36057815          2.2939194          63.268492    
  0.36687918          2.3274437          63.545109    
  0.37318021          2.3614579          63.819171    
  0.37948124          2.3959693          64.090674    
  0.38578227          2.4309850          64.359615    
  0.39208330          2.4665124          64.625991    
  0.39838433          2.5025591          64.889802    
  0.40468536          2.5391325          65.151046    
  0.41098639          2.5762404          65.409725    
  0.41728742          2.6138907          65.665839    
  0.42358845          2.6520912          65.919392    
  0.42988948          2.6908500          66.170385    
  0.43619051          2.7301752          66.418825    
  0.44249154          2.7700751          66.664714    
  0.44879257          2.8105581          66.908060    
  0.45509360          2.8516328          67.148867    
  0.46139463          2.8933078          67.387144    
  0.46769566          2.9355918          67.622897    
  0.47399669          2.9784938          67.856136    
  0.48029772          3.0220227          68.086869    
  0.48659875          3.0661878          68.315106    
  0.49289978          3.1109984          68.540857    
  0.49920081          3.1564638          68.764133    
  0.50550184          3.2025937          68.984946    
  0.51180287          3.2493977          69.203307    
  0.51810390          3.2968858          69.419229    
  0.52440493          3.3450679          69.632724    
  0.53070596          3.3939541          69.843806    
  0.53700699          3.4435548          70.052488    
  0.54330802          3.4938803          70.258785    
  0.54960905          3.5449413          70.462712    
  0.55591008          3.5967486          70.664282    
  0.56221111          3.6493130          70.863512    
  0.56851214          3.7026456          71.060417    
  0.57481317          3.7567576          71.255012    
  0.58111420          3.8116604          71.447314    
  0.58741523          3.8673656          71.637340    
  0.59371626          3.9238849          71.825106    
  0.60001729          3.9812302          72.010629    
  0.60631832          4.0394136          72.193926    
  0.61261935          4.0984473          72.375014    
  0.61892038          4.1583437          72.553912    
  0.62522141          4.2191155          72.730636    
  0.63152244          4.2807754          72.905205    
  0.63782347          4.3433365          73.077637    
  0.64412450          4.4068118          73.247949    
  0.65042553          4.4712148          73.416161    
  0.65672656          4.5365590          73.582290    
  0.66302759          4.6028582          73.746355    
  0.66932862          4.6701263          73.908375    
  0.67562965          4.7383775          74.068368    
  0.68193068          4.8076261          74.226352    
  0.68823171          4.8778868          74.382347    
  0.69453274          4.9491742          74.536372    
  0.70083377          5.0215035          74.688444    
  0.70713480          5.0948899          74.838583    
  0.71343583          5.1693488          74.986808    
  0.71973686          5.2448958          75.133138    
  0.72603789          5.3215469          75.277591    
  0.73233892          5.3993182          75.420186    
  0.73863995          5.4782261          75.560942    
  0.74494098          5.5582872          75.699878    
  0.75124201          5.6395183          75.837012    
  0.75754304          5.7219366          75.972362    
  0.76384407          5.8055594          76.105949    
  0.77014510          5.8904043          76.237789    
  0.77644613          5.9764891          76.367902    
  0.78274716          6.0638320          76.496306    
  0.78904819          6.1524514          76.623019    
  0.79534922          6.2423659          76.748060    
  0.80165025          6.3335945          76.871446    
  0.80795128          6.4261563          76.993196    
  0.81425231          6.5200708          77.113327    
  0.82055334          6.6153579          77.231858    
  0.82685437          6.7120375          77.348806    
  0.83315540          6.8101300          77.464189    
  0.83945643          6.9096561          77.578025    
  0.84575746          7.0106367          77.690330    
  0.85205849          7.1130931          77.801123    
  0.85835952          7.2170468          77.910420    
  0.86466055          7.3225198          78.018238    
  0.87096158          7.4295342          78.124595    
  0.87726261          7.5381125          78.229507    
  0.88356364          7.6482776          78.332991    
  0.88986467          7.7600528          78.435063    
  0.89616570          7.8734614          78.535740    
  0.90246673          7.9885275          78.635038    
  0.90876776          8.1052752          78.732974    
  0.91506879          8.2237291          78.829563    
  0.92136982          8.3439141          78.924821    
  0.92767085          8.4658555          79.018763    
  0.93397188          8.5895791          79.111407    
  0.94027291          8.7151108          79.202766    
  0.94657394          8.8424771          79.292856    
  0.95287497          8.9717048          79.381693    
  0.95917600          9.1028210          79.469291    
  0.96547703          9.2358535          79.555666    
  0.97177806          9.3708301          79.640831    
  0.97807909          9.5077793          79.724802    
  0.98438012          9.6467300          79.807593    
  0.99068115          9.7877114          79.889218    
  0.99698218          9.9307531          79.969692    
   1.0032832          10.075885          80.049027    
   1.0095842          10.223138          80.127240    
   1.0158853          10.372544          80.204342    
   1.0221863          10.524132          80.280347    
   1.0284873          10.677936          80.355270    
   1.0347884          10.833988          80.429122    
   1.0410894          10.992321          80.501918    
   1.0473904          11.152967          80.573670    
   1.0536915          11.315961          80.644391    
   1.0599925          11.481337          80.714093    
   1.0662935          11.649131          80.782790    
   1.0725945          11.819376          80.850494    
   1.0788956          11.992109          80.917216    
   1.0851966          12.167367          80.982970    
   1.0914976          12.345186          81.047766    
   1.0977987          12.525604          81.111617    
   1.1040997          12.708658          81.174535    
   1.1104007          12.894388          81.236530    
   1.1167018          13.082832          81.297615    
   1.1230028          13.274030          81.357801    
   1.1293038          13.468022          81.417099    
   1.1356048          13.664849          81.475519    
   1.1419059          13.864553          81.533074    
   1.1482069          14.067175          81.589772    
   1.1545079          14.272759          81.645626    
   1.1608090          14.481347          81.700646    
   1.1671100          14.692984          81.754841    
   1.1734110          14.907713          81.808223    
   1.1797121          15.125581          81.860801    
   1.1860131          15.346632          81.912585    
   1.1923141          15.570914          81.963585    
   1.1986151          15.798474          82.013812    
   1.2049162          16.029360          82.063273    
   1.2112172          16.263619          82.111980    
   1.2175182          16.501303          82.159940    
   1.2238193          16.742460          82.207165    
   1.2301203          16.987141          82.253662    
   1.2364213          17.235398          82.299440    
   1.2427224          17.487284          82.344509    
   1.2490234          17.742850          82.388878    
   1.2553244          18.002152          82.432555    
   1.2616254          18.265243          82.475548    
   1.2679265          18.532178          82.517866    
   1.2742275          18.803015          82.559518    
   1.2805285          19.077811          82.600511    
   1.2868296          19.356622          82.640854    
   1.2931306          19.639508          82.680555    
   1.2994316          19.926528          82.719622    
   1.3057327          20.217742          82.758062    
   1.3120337          20.513213          82.795884    
   1.3183347          20.813001          82.833095    
   1.3246357          21.117171          82.869702    
   1.3309368          21.425787          82.905713    
   1.3372378          21.738912          82.941135    
   1.3435388          22.056614          82.975976    
   1.3498399          22.378958          83.010242    
   1.3561409          22.706014          83.043942    
   1.3624419          23.037849          83.077081    
   1.3687430          23.374534          83.109666    
   1.3750440          23.716139          83.141706    
   1.3813450          24.062736          83.173205    
   1.3876460          24.414399          83.204172    
   1.3939471          24.771202          83.234611    
   1.4002481          25.133218          83.264531    
   1.4065491          25.500526          83.293938    
   1.4128502          25.873201          83.322836    
   1.4191512          26.251323          83.351234    
   1.4254522          26.634971          83.379137    
   1.4317533          27.024225          83.406552    
   1.4380543          27.419169          83.433484    
   1.4443553          27.819884          83.459939    
   1.4506563          28.226455          83.485924    
   1.4569574          28.638969          83.511443    
   1.4632584          29.057510          83.536504    
   1.4695594          29.482169          83.561111    
   1.4758605          29.913034          83.585271    
   1.4821615          30.350196          83.608989    
   1.4884625          30.793746          83.632270    
   1.4947636          31.243779          83.655121    
   1.5010646          31.700388          83.677546    
   1.5073656          32.163671          83.699551    
   1.5136666          32.633725          83.721142    
   1.5199677          33.110647          83.742323    
   1.5262687          33.594540          83.763100    
   1.5325697          34.085505          83.783478    
   1.5388708          34.583645          83.803463    
   1.5451718          35.089065          83.823059    
   1.5514728          35.601871          83.842271    
   1.5577739          36.122172          83.861106    
   1.5640749          36.650076          83.879567    
   1.5703759          37.185696          83.897660    
   1.5766769          37.729143          83.915389    
   1.5829780          38.280533          83.932760    
   1.5892790          38.839980          83.949778    
   1.5955800          39.407604          83.966447    
   1.6018811          39.983523          83.982773    
   1.6081821          40.567859          83.998759    
   1.6144831          41.160735          84.014411    
   1.6207842          41.762275          84.029735    
   1.6270852          42.372607          84.044733    
   1.6333862          42.991858          84.059412    
   1.6396872          43.620159          84.073776    
   1.6459883          44.257642          84.087829    
   1.6522893          44.904442          84.101577    
   1.6585903          45.560694          84.115024    
   1.6648914          46.226537          84.128175    
   1.6711924          46.902111          84.141034    
   1.6774934          47.587558          84.153607    
   1.6837945          48.283023          84.165897    
   1.6900955          48.988651          84.177909    
   1.6963965          49.704592          84.189649    
   1.7026975          50.430996          84.201120    
   1.7089986          51.168015          84.212327    
   1.7152996          51.915806          84.223275    
   1.7216006          52.674526          84.233969    
   1.7279017          53.444333          84.244413    
   1.7342027          54.225391          84.254611    
   1.7405037          55.017864          84.264569    
   1.7468048          55.821918          84.274291    
   1.7531058          56.637723          84.283781    
   1.7594068          57.465450          84.293044    
   1.7657078          58.305274          84.302085    
   1.7720089          59.157372          84.310908    
   1.7783099          60.021923          84.319518    
   1.7846109          60.899108          84.327919    
   1.7909120          61.789113          84.336116    
   1.7972130          62.692125          84.344113    
   1.8035140          63.608334          84.351915    
   1.8098151          64.537933          84.359527    
   1.8161161          65.481118          84.366953    
   1.8224171          66.438086          84.374197    
   1.8287181          67.409040          84.381264    
   1.8350192          68.394184          84.388159    
   1.8413202          69.393725          84.394885    
   1.8476212          70.407874          84.401447    
   1.8539223          71.436845          84.407850    
   1.8602233          72.480853          84.414099    
   1.8665243          73.540118          84.420196    
   1.8728254          74.614864          84.426147    
   1.8791264          75.705317          84.431956    
   1.8854274          76.811706          84.437627    
   1.8917284          77.934265          84.443164    
   1.8980295          79.073229          84.448572    
   1.9043305          80.228838          84.453854    
   1.9106315          81.401336          84.459015    
   1.9169326          82.590969          84.464058    
   1.9232336          83.797988          84.468988    
   1.9295346          85.022647          84.473809    
   1.9358357          86.265204          84.478523    
   1.9421367          87.525920          84.483136    
   1.9484377          88.805060          84.487650    
   1.9547387          90.102895          84.492070    
   1.9610398          91.419696          84.496398    
   1.9673408          92.755742          84.500639    
   1.9736418          94.111313          84.504796    
   1.9799429          95.486695          84.508871    
   1.9862439          96.882178          84.512869    
   1.9925449          98.298055          84.516792    
   1.9988460          99.734624          84.520644    
   2.0051470          101.19219          84.524427    
   2.0114480          102.67105          84.528144    
   2.0177490          104.17153          84.531799    
   2.0240501          105.69394          84.535393    
   2.0303511          107.23859          84.538929    
   2.0366521          108.80582          84.542410    
   2.0429532          110.39596          84.545838    
   2.0492542          112.00933          84.549215    
   2.0555552          113.64628          84.552544    
   2.0618563          115.30715          84.555826    
   2.0681573          116.99230          84.559064    
   2.0744583          118.70208          84.562259    
   2.0807593          120.43684          84.565413    
   2.0870604          122.19695          84.568527    
   2.0933614          123.98279          84.571604    
   2.0996624          125.79473          84.574644    
   2.1059635          127.63314          84.577648    
   2.1122645          129.49843          84.580619    
   2.1185655          131.39097          84.583557    
   2.1248666          133.31117          84.586462    
   2.1311676          135.25944          84.589337    
   2.1374686          137.23618          84.592181    
   2.1437696          139.24180          84.594996    
   2.1500707          141.27674          84.597782    
   2.1563717          143.34142          84.600539    
   2.1626727          145.43627          84.603268    
   2.1689738          147.56174          84.605970    
   2.1752748          149.71827          84.608644    
   2.1815758          151.90631          84.611290    
   2.1878769          154.12634          84.613910    
   2.1941779          156.37880          84.616502    
   2.2004789          158.66419          84.619068    
   2.2067799          160.98297          84.621605    
   2.2130810          163.33565          84.624116    
   2.2193820          165.72270          84.626599    
   2.2256830          168.14464          84.629054    
   2.2319841          170.60198          84.631481    
   2.2382851          173.09523          84.633879    
   2.2445861          175.62491          84.636248    
   2.2508872          178.19157          84.638588    
   2.2571882          180.79574          84.640898    
   2.2634892          183.43796          84.643177    
   2.2697902          186.11880          84.645425    
   2.2760913          188.83882          84.647642    
   2.2823923          191.59859          84.649827    
   2.2886933          194.39869          84.651979    
   2.2949944          197.23971          84.654098    
   2.3012954          200.12226          84.656183    
   2.3075964          203.04693          84.658234    
   2.3138975          206.01434          84.660249    
   2.3201985          209.02512          84.662229    
   2.3264995          212.07990          84.664172    
   2.3328005          215.17933          84.666078    
   2.3391016          218.32405          84.667946    
   2.3454026          221.51473          84.669777    
   2.3517036          224.75203          84.671568    
   2.3580047          228.03666          84.673320    
   2.3643057          231.36928          84.675032    
   2.3706067          234.75061          84.676704    
   2.3769078          238.18135          84.678334    
   2.3832088          241.66223          84.679924    
   2.3895098          245.19399          84.681471    
   2.3958108          248.77735          84.682976    
   2.4021119          252.41309          84.684438    
   2.4084129          256.10196          84.685856    
   2.4147139          259.84474          84.687231    
   2.4210150          263.64222          84.688563    
   2.4273160          267.49520          84.689850    
   2.4336170          271.40449          84.691092    
   2.4399181          275.37091          84.692290    
   2.4462191          279.39529          84.693442    
   2.4525201          283.47849          84.694550    
   2.4588211          287.62136          84.695612    
   2.4651222          291.82478          84.696629    
   2.4714232          296.08963          84.697600    
   2.4777242          300.41681          84.698525    
   2.4840253          304.80723          84.699405    
   2.4903263          309.26181          84.700239    
   2.4966273          313.78149          84.701028    
   2.5029284          318.36723          84.701771    
   2.5092294          323.01998          84.702468    
   2.5155304          327.74073          84.703119    
   2.5218314          332.53047          84.703726    
   2.5281325          337.39021          84.704287    
   2.5344335          342.32097          84.704803    
   2.5407345          347.32379          84.705274    
   2.5470356          352.39973          84.705700    
   2.5533366          357.54984          84.706082    
   2.5596376          362.77523          84.706419    
   2.5659387          368.07698          84.706712    
   2.5722397          373.45621          84.706962    
   2.5785407          378.91405          84.707168    
   2.5848417          384.45166          84.707331    
   2.5911428          390.07020          84.707451    
   2.5974438          395.77085          84.707528    
   2.6037448          401.55481          84.707563    
   2.6100459          407.42330          84.707556    
   2.6163469          413.37756          84.707507    
   2.6226479          419.41883          84.707417    
   2.6289490          425.54839          84.707286    
   2.6352500          431.76753          84.707114    
   2.6415510          438.07756          84.706902    
   2.6478520          444.47981          84.706650    
   2.6541531          450.97563          84.706358    
   2.6604541          457.56638          84.706027    
   2.6667551          464.25344          84.705656    
   2.6730562          471.03824          84.705247    
   2.6793572          477.92219          84.704800    
   2.6856582          484.90674          84.704315    
   2.6919593          491.99337          84.703792    
   2.6982603          499.18357          84.703232    
   2.7045613          506.47885          84.702634    
   2.7108623          513.88074          84.702000    
   2.7171634          521.39081          84.701329    
   2.7234644          529.01063          84.700622    
   2.7297654          536.74182          84.699880    
   2.7360665          544.58599          84.699101    
   2.7423675          552.54480          84.698287    
   2.7486685          560.61992          84.697438    
   2.7549696          568.81305          84.696554    
   2.7612706          577.12592          84.695636    
   2.7675716          585.56028          84.694683    
   2.7738726          594.11791          84.693696    
   2.7801737          602.80059          84.692675    
   2.7864747          611.61018          84.691621    
   2.7927757          620.54850          84.690532    
   2.7990768          629.61746          84.689411    
   2.8053778          638.81895          84.688256    
   2.8116788          648.15492          84.687069    
   2.8179799          657.62733          84.685848    
   2.8242809          667.23817          84.684596    
   2.8305819          676.98947          84.683310    
   2.8368829          686.88328          84.681993    
   2.8431840          696.92168          84.680643    
   2.8494850          707.10678          84.679261    
   2.8557860          717.44074          84.677848    
   2.8620871          727.92572          84.676403    
   2.8683881          738.56393          84.674926    
   2.8746891          749.35761          84.673419    
   2.8809902          760.30904          84.671879    
   2.8872912          771.42051          84.670309    
   2.8935922          782.69437          84.668708    
   2.8998932          794.13300          84.667076    
   2.9061943          805.73879          84.665413    
   2.9124953          817.51419          84.663720    
   2.9187963          829.46169          84.661996    
   2.9250974          841.58379          84.660241    
   2.9313984          853.88305          84.658457    
   2.9376994          866.36205          84.656642    
   2.9440005          879.02343          84.654797    
   2.9503015          891.86985          84.652923    
   2.9566025          904.90401          84.651018    
   2.9629035          918.12866          84.649084    
   2.9692046          931.54657          84.647120    
   2.9755056          945.16058          84.645126    
   2.9818066          958.97356          84.643104    
   2.9881077          972.98840          84.641051    
   2.9944087          987.20806          84.638970    
   3.0007097          1001.6355          84.636859    
   3.0070108          1016.2739          84.634720    
   3.0133118          1031.1261          84.632551    
   3.0196128          1046.1954          84.630354    
   3.0259138          1061.4850          84.628128    
   3.0322149          1076.9979          84.625873    
   3.0385159          1092.7376          84.623590    
   3.0448169          1108.7074          84.621278    
   3.0511180          1124.9105          84.618938    
   3.0574190          1141.3504          84.616569    
   3.0637200          1158.0306          84.614173    
   3.0700211          1174.9545          84.611748    
   3.0763221          1192.1258          84.609295    
   3.0826231          1209.5480          84.606814    
   3.0889241          1227.2249          84.604305    
   3.0952252          1245.1600          84.601769    
   3.1015262          1263.3573          84.599204    
   3.1078272          1281.8206          84.596612    
   3.1141283          1300.5536          84.593993    
   3.1204293          1319.5605          84.591346    
   3.1267303          1338.8451          84.588671    
   3.1330314          1358.4115          84.585969    
   3.1393324          1378.2639          84.583240    
   3.1456334          1398.4064          84.580484    
   3.1519344          1418.8433          84.577700    
   3.1582355          1439.5789          84.574890    
   3.1645365          1460.6175          84.572052    
   3.1708375          1481.9636          84.569188    
   3.1771386          1503.6216          84.566296    
   3.1834396          1525.5962          84.563378    
   3.1897406          1547.8919          84.560433    
   3.1960417          1570.5134          84.557461    
   3.2023427          1593.4656          84.554462    
   3.2086437          1616.7531          84.551437    
   3.2149447          1640.3810          84.548385    
   3.2212458          1664.3543          84.545307    
   3.2275468          1688.6778          84.542203    
   3.2338478          1713.3569          84.539071    
   3.2401489          1738.3966          84.535914    
   3.2464499          1763.8022          84.532730    
   3.2527509          1789.5792          84.529520    
   3.2590520          1815.7329          84.526284    
   3.2653530          1842.2687          84.523022    
   3.2716540          1869.1924          84.519733    
   3.2779550          1896.5096          84.516418    
   3.2842561          1924.2260          84.513078    
   3.2905571          1952.3474          84.509711    
   3.2968581          1980.8798          84.506318    
   3.3031592          2009.8292          84.502900    
   3.3094602          2039.2017          84.499455    
   3.3157612          2069.0035          84.495985    
   3.3220623          2099.2408          84.492489    
   3.3283633          2129.9200          84.488967    
   3.3346643          2161.0475          84.485419    
   3.3409653          2192.6299          84.481845    
   3.3472664          2224.6740          84.478246    
   3.3535674          2257.1863          84.474621    
   3.3598684          2290.1737          84.470971    
   3.3661695          2323.6433          84.467295    
   3.3724705          2357.6020          84.463593    
   3.3787715          2392.0570          84.459866    
   3.3850726          2427.0155          84.456113    
   3.3913736          2462.4849          84.452335    
   3.3976746          2498.4727          84.448531    
   3.4039756          2534.9864          84.444702    
   3.4102767          2572.0338          84.440847    
   3.4165777          2609.6226          84.436967    
   3.4228787          2647.7607          84.433061    
   3.4291798          2686.4562          84.429130    
   3.4354808          2725.7172          84.425174    
   3.4417818          2765.5520          84.421192    
   3.4480829          2805.9689          84.417185    
   3.4543839          2846.9765          84.413153    
   3.4606849          2888.5834          84.409095    
   3.4669859          2930.7984          84.405012    
   3.4732870          2973.6303          84.400904    
   3.4795880          3017.0882          84.396771    
   3.4858890          3061.1812          84.392612    
   3.4921901          3105.9185          84.388428    
   3.4984911          3151.3097          84.384218    
   3.5047921          3197.3643          84.379984    
   3.5110932          3244.0919          84.375724    
   3.5173942          3291.5024          84.371439    
   3.5236952          3339.6058          84.367129    
   3.5299962          3388.4122          84.362793    
   3.5362973          3437.9319          84.358432    
   3.5425983          3488.1753          84.354046    
   3.5488993          3539.1529          84.349635    
   3.5552004          3590.8756          84.345198    
   3.5615014          3643.3542          84.340737    
   3.5678024          3696.5997          84.336250    
   3.5741035          3750.6233          84.331738    
   3.5804045          3805.4365          84.327200    
   3.5867055          3861.0508          84.322637    
   3.5930065          3917.4778          84.318049    
   3.5993076          3974.7294          84.313436    
   3.6056086          4032.8178          84.308797    
   3.6119096          4091.7551          84.304134    
   3.6182107          4151.5537          84.299444    
   3.6245117          4212.2263          84.294730    
   3.6308127          4273.7855          84.289990    
   3.6371138          4336.2444          84.285225    
   3.6434148          4399.6161          84.280434    
   3.6497158          4463.9139          84.275618    
   3.6560168          4529.1514          84.270777    
   3.6623179          4595.3424          84.265910    
   3.6686189          4662.5006          84.261018    
   3.6749199          4730.6403          84.256100    
   3.6812210          4799.7759          84.251157    
   3.6875220          4869.9218          84.246188    
   3.6938230          4941.0929          84.241194    
   3.7001241          5013.3041          84.236174    
   3.7064251          5086.5707          84.231129    
   3.7127261          5160.9079          84.226057    
   3.7190271          5236.3316          84.220961    
   3.7253282          5312.8575          84.215838    
   3.7316292          5390.5019          84.210690    
   3.7379302          5469.2809          84.205516    
   3.7442313          5549.2113          84.200316    
   3.7505323          5630.3098          84.195091    
   3.7568333          5712.5935          84.189839    
   3.7631344          5796.0797          84.184562    
   3.7694354          5880.7861          84.179258    
   3.7757364          5966.7303          84.173929    
   3.7820374          6053.9306          84.168573    
   3.7883385          6142.4053          84.163192    
   3.7946395          6232.1730          84.157784    
   3.8009405          6323.2526          84.152350    
   3.8072416          6415.6633          84.146890    
   3.8135426          6509.4245          84.141404    
   3.8198436          6604.5559          84.135891    
   3.8261447          6701.0777          84.130352    
   3.8324457          6799.0100          84.124786    
   3.8387467          6898.3736          84.119194    
   3.8450477          6999.1893          84.113575    
   3.8513488          7101.4784          84.107930    
   3.8576498          7205.2624          84.102258    
   3.8639508          7310.5631          84.096559    
   3.8702519          7417.4028          84.090834    
   3.8765529          7525.8038          84.085082    
   3.8828539          7635.7890          84.079302    
   3.8891550          7747.3817          84.073496    
   3.8954560          7860.6051          84.067663    
   3.9017570          7975.4833          84.061802    
   3.9080580          8092.0404          84.055915    
   3.9143591          8210.3009          84.050000    
   3.9206601          8330.2896          84.044057    
   3.9269611          8452.0320          84.038088    
   3.9332622          8575.5535          84.032091    
   3.9395632          8700.8802          84.026066    
   3.9458642          8828.0386          84.020013    
   3.9521653          8957.0552          84.013933    
   3.9584663          9087.9574          84.007826    
   3.9647673          9220.7726          84.001690    
   3.9710683          9355.5288          83.995526    
   3.9773694          9492.2544          83.989334    
   3.9836704          9630.9782          83.983115    
   3.9899714          9771.7294          83.976867    
   3.9962725          9914.5375          83.970590    
   4.0025735          10059.433          83.964286    
   4.0088745          10206.446          83.957953    
   4.0151756          10355.607          83.951591    
   4.0214766          10506.948          83.945201    
   4.0277776          10660.501          83.938782    
   4.0340786          10816.298          83.932334    
   4.0403797          10974.372          83.925857    
   4.0466807          11134.756          83.919352    
   4.0529817          11297.484          83.912817    
   4.0592828          11462.590          83.906253    
   4.0655838          11630.109          83.899660    
   4.0718848          11800.076          83.893037    
   4.0781859          11972.528          83.886385    
   4.0844869          12147.499          83.879704    
   4.0907879          12325.028          83.872993    
   4.0970889          12505.151          83.866252    
   4.1033900          12687.907          83.859481    
   4.1096910          12873.333          83.852680    
   4.1159920          13061.469          83.845850    
   4.1222931          13252.355          83.838989    
   4.1285941          13446.030          83.832098    
   4.1348951          13642.536          83.825176    
   4.1411962          13841.914          83.818224    
   4.1474972          14044.206          83.811242    
   4.1537982          14249.454          83.804229    
   4.1600992          14457.701          83.797185    
   4.1664003          14668.992          83.790111    
   4.1727013          14883.371          83.783005    
   4.1790023          15100.883          83.775868    
   4.1853034          15321.573          83.768701    
   4.1916044          15545.489          83.761501    
   4.1979054          15772.677          83.754271    
   4.2042065          16003.186          83.747009    
   4.2105075          16237.063          83.739716    
   4.2168085          16474.358          83.732390    
   4.2231095          16715.122          83.725034    
   4.2294106          16959.403          83.717645    
   4.2357116          17207.255          83.710224    
   4.2420126          17458.729          83.702771    
   4.2483137          17713.878          83.695285    
   4.2546147          17972.757          83.687768    
   4.2609157          18235.418          83.680218    
   4.2672168          18501.918          83.672635    
   4.2735178          18772.313          83.665020    
   4.2798188          19046.659          83.657372    
   4.2861198          19325.015          83.649691    
   4.2924209          19607.439          83.641977    
   4.2987219          19893.990          83.634230    
   4.3050229          20184.729          83.626450    
   4.3113240          20479.717          83.618636    
   4.3176250          20779.017          83.610789    
   4.3239260          21082.690          83.602908    
   4.3302271          21390.801          83.594994    
   4.3365281          21703.415          83.587046    
   4.3428291          22020.598          83.579063    
   4.3491301          22342.416          83.571047    
   4.3554312          22668.938          83.562997    
   4.3617322          23000.231          83.554913    
   4.3680332          23336.366          83.546794    
   4.3743343          23677.414          83.538640    
   4.3806353          24023.445          83.530452    
   4.3869363          24374.534          83.522230    
   4.3932374          24730.754          83.513972    
   4.3995384          25092.179          83.505679    
   4.4058394          25458.887          83.497352    
   4.4121404          25830.954          83.488989    
   4.4184415          26208.458          83.480591    
   4.4247425          26591.479          83.472157    
   4.4310435          26980.099          83.463688    
   4.4373446          27374.397          83.455184    
   4.4436456          27774.458          83.446643    
   4.4499466          28180.365          83.438067    
   4.4562477          28592.205          83.429454    
   4.4625487          29010.064          83.420806    
   4.4688497          29434.029          83.412121    
   4.4751507          29864.190          83.403399    
   4.4814518          30300.638          83.394642    
   4.4877528          30743.464          83.385847    
   4.4940538          31192.762          83.377016    
   4.5003549          31648.626          83.368148    
   4.5066559          32111.152          83.359243    
   4.5129569          32580.438          83.350301    
   4.5192580          33056.582          83.341321    
   4.5255590          33539.685          83.332305    
   4.5318600          34029.848          83.323250    
   4.5381610          34527.175          83.314159    
   4.5444621          35031.769          83.305029    
   4.5507631          35543.738          83.295861    
   4.5570641          36063.189          83.286656    
   4.5633652          36590.232          83.277412    
   4.5696662          37124.977          83.268131    
   4.5759672          37667.537          83.258811    
   4.5822683          38218.026          83.249452    
   4.5885693          38776.560          83.240055    
   4.5948703          39343.257          83.230619    
   4.6011713          39918.236          83.221144    
   4.6074724          40501.618          83.211630    
   4.6137734          41093.525          83.202077    
   4.6200744          41694.083          83.192485    
   4.6263755          42303.418          83.182854    
   4.6326765          42921.658          83.173183    
   4.6389775          43548.933          83.163473    
   4.6452786          44185.376          83.153722    
   4.6515796          44831.119          83.143932    
   4.6578806          45486.300          83.134102    
   4.6641816          46151.056          83.124232    
   4.6704827          46825.527          83.114322    
   4.6767837          47509.855          83.104371    
   4.6830847          48204.183          83.094380    
   4.6893858          48908.660          83.084348    
   4.6956868          49623.431          83.074276    
   4.7019878          50348.649          83.064163    
   4.7082889          51084.465          83.054008    
   4.7145899          51831.035          83.043813    
   4.7208909          52588.515          83.033576    
   4.7271919          53357.066          83.023299    
   4.7334930          54136.849          83.012979    
   4.7397940          54928.027          83.002618    
   4.7460950          55730.768          82.992216    
   4.7523961          56545.241          82.981771    
   4.7586971          57371.617          82.971285    
   4.7649981          58210.070          82.960757    
   4.7712992          59060.776          82.950186    
   4.7776002          59923.915          82.939573    
   4.7839012          60799.668          82.928918    
   4.7902022          61688.220          82.918220    
   4.7965033          62589.758          82.907480    
   4.8028043          63504.471          82.896696    
   4.8091053          64432.552          82.885870    
   4.8154064          65374.196          82.875001    
   4.8217074          66329.602          82.864089    
   4.8280084          67298.971          82.853133    
   4.8343095          68282.506          82.842134    
   4.8406105          69280.415          82.831092    
   4.8469115          70292.908          82.820006    
   4.8532125          71320.198          82.808877    
   4.8595136          72362.501          82.797703    
   4.8658146          73420.037          82.786486    
   4.8721156          74493.028          82.775225    
   4.8784167          75581.701          82.763919    
   4.8847177          76686.283          82.752570    
   4.8910187          77807.009          82.741176    
   4.8973198          78944.113          82.729737    
   4.9036208          80097.836          82.718254    
   4.9099218          81268.419          82.706726    
   4.9162228          82456.110          82.695154    
   4.9225239          83661.158          82.683537    
   4.9288249          84883.817          82.671874    
   4.9351259          86124.345          82.660167    
   4.9414270          87383.002          82.648414    
   4.9477280          88660.054          82.636617    
   4.9540290          89955.769          82.624774    
   4.9603301          91270.420          82.612885    
   4.9666311          92604.285          82.600951    
   4.9729321          93957.642          82.588971    
   4.9792331          95330.779          82.576946    
   4.9855342          96723.983          82.564875    
   4.9918352          98137.548          82.552757    
   4.9981362          99571.771          82.540594    
   5.0044373          101026.95          82.528385    
   5.0107383          102503.40          82.516130    
   5.0170393          104001.43          82.503828    
   5.0233404          105521.35          82.491480    
   5.0296414          107063.49          82.479086    
   5.0359424          108628.16          82.466645    
   5.0422434          110215.69          82.454158    
   5.0485445          111826.43          82.441624    
   5.0548455          113460.71          82.429044    
   5.0611465          115118.87          82.416417    
   5.0674476          116801.27          82.403743    
   5.0737486          118508.25          82.391022    
   5.0800496          120240.18          82.378254    
   5.0863507          121997.42          82.365439    
   5.0926517          123780.34          82.352577    
   5.0989527          125589.32          82.339668    
   5.1052537          127424.74          82.326712    
   5.1115548          129286.97          82.313709    
   5.1178558          131176.43          82.300659    
   5.1241568          133093.50          82.287561    
   5.1304579          135038.58          82.274416    
   5.1367589          137012.09          82.261223    
   5.1430599          139014.44          82.247984    
   5.1493610          141046.06          82.234696    
   5.1556620          143107.36          82.221362    
   5.1619630          145198.79          82.207979    
   5.1682640          147320.79          82.194550    
   5.1745651          149473.80          82.181072    
   5.1808661          151658.27          82.167548    
   5.1871671          153874.67          82.153975    
   5.1934682          156123.46          82.140355    
   5.1997692          158405.11          82.126688    
   5.2060702          160720.11          82.112972    
   5.2123713          163068.94          82.099210    
   5.2186723          165452.10          82.085399    
   5.2249733          167870.09          82.071541    
   5.2312743          170323.41          82.057636    
   5.2375754          172812.59          82.043683    
   5.2438764          175338.14          82.029682    
   5.2501774          177900.61          82.015634    
   5.2564785          180500.52          82.001538    
   5.2627795          183138.43          81.987394    
   5.2690805          185814.89          81.973204    
   5.2753816          188530.47          81.958965    
   5.2816826          191285.73          81.944680    
   5.2879836          194081.26          81.930347    
   5.2942846          196917.65          81.915966    
   5.3005857          199795.49          81.901539    
   5.3068867          202715.38          81.887064    
   5.3131877          205677.95          81.872542    
   5.3194888          208683.81          81.857973    
   5.3257898          211733.60          81.843357    
   5.3320908          214827.97          81.828694    
   5.3383919          217967.55          81.813984    
   5.3446929          221153.02          81.799227    
   5.3509939          224385.05          81.784424    
   5.3572949          227664.30          81.769574    
   5.3635960          230991.48          81.754677    
   5.3698970          234367.29          81.739734    
   5.3761980          237792.43          81.724745    
   5.3824991          241267.63          81.709709    
   5.3888001          244793.62          81.694628    
   5.3951011          248371.13          81.679500    
   5.4014022          252000.93          81.664326    
   5.4077032          255683.78          81.649107    
   5.4140042          259420.45          81.633842    
   5.4203052          263211.73          81.618532    
   5.4266063          267058.42          81.603177    
   5.4329073          270961.32          81.587776    
   5.4392083          274921.26          81.572330    
   5.4455094          278939.08          81.556840    
   5.4518104          283015.61          81.541305    
   5.4581114          287151.72          81.525725    
   5.4644125          291348.27          81.510101    
   5.4707135          295606.16          81.494434    
   5.4770145          299926.27          81.478722    
   5.4833155          304309.52          81.462966    
   5.4896166          308756.83          81.447167    
   5.4959176          313269.13          81.431325    
   5.5022186          317847.38          81.415440    
   5.5085197          322492.53          81.399512    
   5.5148207          327205.57          81.383541    
   5.5211217          331987.49          81.367528    
   5.5274228          336839.30          81.351473    
   5.5337238          341762.01          81.335376    
   5.5400248          346756.66          81.319238    
   5.5463258          351824.31          81.303058    
   5.5526269          356966.01          81.286838    
   5.5589279          362182.87          81.270576    
   5.5652289          367475.96          81.254274    
   5.5715300          372846.41          81.237933    
   5.5778310          378295.34          81.221551    
   5.5841320          383823.91          81.205130    
   5.5904331          389433.27          81.188669    
   5.5967341          395124.61          81.172170    
   5.6030351          400899.13          81.155632    
   5.6093361          406758.03          81.139056    
   5.6156372          412702.57          81.122443    
   5.6219382          418733.98          81.105792    
   5.6282392          424853.53          81.089104    
   5.6345403          431062.52          81.072379    
   5.6408413          437362.25          81.055618    
   5.6471423          443754.04          81.038821    
   5.6534434          450239.25          81.021989    
   5.6597444          456819.23          81.005121    
   5.6660454          463495.38          80.988219    
   5.6723464          470269.10          80.971283    
   5.6786475          477141.81          80.954313    
   5.6849485          484114.96          80.937310    
   5.6912495          491190.02          80.920274    
   5.6975506          498368.47          80.903205    
   5.7038516          505651.84          80.886105    
   5.7101526          513041.65          80.868974    
   5.7164537          520539.45          80.851811    
   5.7227547          528146.83          80.834618    
   5.7290557          535865.39          80.817396    
   5.7353567          543696.75          80.800144    
   5.7416578          551642.57          80.782863    
   5.7479588          559704.50          80.765554    
   5.7542598          567884.26          80.748218    
   5.7605609          576183.56          80.730854    
   5.7668619          584604.14          80.713464    
   5.7731629          593147.79          80.696048    
   5.7794640          601816.31          80.678606    
   5.7857650          610611.50          80.661140    
   5.7920660          619535.23          80.643650    
   5.7983670          628589.38          80.626137    
   5.8046681          637775.85          80.608600    
   5.8109691          647096.57          80.591042    
   5.8172701          656553.51          80.573462    
   5.8235712          666148.66          80.555861    
   5.8298722          675884.04          80.538240    
   5.8361732          685761.69          80.520600    
   5.8424743          695783.70          80.502941    
   5.8487753          705952.17          80.485264    
   5.8550763          716269.26          80.467569    
   5.8613773          726737.11          80.449859    
   5.8676784          737357.96          80.432132    
   5.8739794          748134.01          80.414391    
   5.8802804          759067.56          80.396635    
   5.8865815          770160.89          80.378866    
   5.8928825          781416.34          80.361084    
   5.8991835          792836.29          80.343290    
   5.9054846          804423.13          80.325486    
   5.9117856          816179.31          80.307671    
   5.9180866          828107.29          80.289847    
   5.9243876          840209.60          80.272014    
   5.9306887          852488.78          80.254174    
   5.9369897          864947.40          80.236327    
   5.9432907          877588.11          80.218475    
   5.9495918          890413.55          80.200617    
   5.9558928          903426.43          80.182755    
   5.9621938          916629.48          80.164891    
   5.9684949          930025.49          80.147024    
   5.9747959          943617.27          80.129156    
   5.9810969          957407.69          80.111288    
   5.9873979          971399.64          80.093420    
   5.9936990          985596.09          80.075554    
   6.0000000          1000000.0          80.057691    
