 =====================================================
  PSCAD LINE CONSTANTS PROGRAM OUTPUT FILE (*.out)

  NOTE: This file is auto-generated.  Any manual
        changes will be lost once the Line Constants
        Program is re-run.
 =====================================================

  Display Format: M,N denotes a complex number M + jN



 -----------------------------------------------------
  LOAD FLOW RXB FORMATTED DATA @       50.00 Hz:
 -----------------------------------------------------

  Base of Per-Unit Quantities :  66.00 kV (L-L)  ,100.00 MVA
  NOTE: Base values could be changed using Additional Options Component
      
   Positive Sequence (Long-Line Corrected)
   ................. 

   Resistance      Rsq   [pu]:       0.108910757E-01
   Reactance       Xsq   [pu]:       0.485189182E-01
   Susceptance     Bsq   [pu]:       0.410611510E-01
   Surge Impedance Zcsq  [pu]:        1.08702616    
      
   Zero Sequence (Long-Line Corrected)
   ............. 

   Resistance      Rsq   [pu]:       0.447335061E-01
   Reactance       Xsq   [pu]:       0.373416758    
   Susceptance     Bsq   [pu]:       0.411069934E-01
   Surge Impedance Zcsq  [pu]:        3.01397083    
      
   Positive Sequence 
   ................. 

   Resistance      Rsq   [pu]:       0.108983131E-01
   Reactance       Xsq   [pu]:       0.485342219E-01
   Susceptance     Bsq   [pu]:       0.410543328E-01
   Surge Impedance Zcsq  [pu]:        1.08728785    
      
   Zero Sequence 
   ............. 

   Resistance      Rsq   [pu]:       0.449635926E-01
   Reactance       Xsq   [pu]:       0.374361155    
   Susceptance     Bsq   [pu]:       0.410543328E-01
   Surge Impedance Zcsq  [pu]:        3.01971454    
      
 
 
 -----------------------------------------------------
  PHASE DOMAIN DATA @      50.000 Hz:
 -----------------------------------------------------

 SERIES IMPEDANCE MATRIX (Z) [ohms/m]: 
    0.969031895E-04,0.684549622E-03   0.494546672E-04,0.473108677E-03   0.494546672E-04,0.473108677E-03
    0.494546672E-04,0.473108677E-03   0.969521618E-04,0.684498855E-03   0.494790234E-04,0.473084765E-03
    0.494546672E-04,0.473108677E-03   0.494790234E-04,0.473084765E-03   0.969521618E-04,0.684498855E-03

 SHUNT ADMITTANCE MATRIX (Y) [mhos/m]: 
    0.000000000E+00,0.942477796E-07   0.000000000E+00,0.000000000E+00   0.000000000E+00,0.000000000E+00
    0.000000000E+00,0.000000000E+00   0.000000000E+00,0.942477796E-07   0.000000000E+00,0.000000000E+00
    0.000000000E+00,0.000000000E+00   0.000000000E+00,0.000000000E+00   0.000000000E+00,0.942477796E-07

 LONG-LINE CORRECTED SERIES IMPEDANCE MATRIX [ohms]: 
    0.965481680E+00,0.683133806E+01   0.491311106E+00,0.471759607E+01   0.491311106E+00,0.471759607E+01
    0.491311106E+00,0.471759607E+01   0.965970180E+00,0.683083203E+01   0.491554055E+00,0.471735775E+01
    0.491311106E+00,0.471759607E+01   0.491554055E+00,0.471735775E+01   0.965970180E+00,0.683083203E+01

 LONG-LINE CORRECTED SHUNT ADMITTANCE MATRIX [mhos]: 
    0.718879074E-07,0.942985144E-03   0.367515658E-07,0.350805200E-06   0.367515658E-07,0.350805200E-06
    0.367515658E-07,0.350805200E-06   0.719242121E-07,0.942985106E-03   0.367696220E-07,0.350787464E-06
    0.367515658E-07,0.350805200E-06   0.367696220E-07,0.350787464E-06   0.719242121E-07,0.942985106E-03

 -----------------------------------------------------
  SEQUENCE COMPONENT DATA @       50.00 Hz:
 -----------------------------------------------------

 SEQUENCE TRANSFORM MATRIX: 
    0.577350269E+00,0.000000000E+00   0.577350269E+00,0.000000000E+00   0.577350269E+00,0.000000000E+00
    0.577350269E+00,0.000000000E+00   -.288675135E+00,-.500000000E+00   -.288675135E+00,0.500000000E+00
    0.577350269E+00,0.000000000E+00   -.288675135E+00,0.500000000E+00   -.288675135E+00,-.500000000E+00

 SEQUENCE IMPEDANCE MATRIX (Zsq) [ohms/m]: 
    0.195861410E-03,0.163071719E-02   -.244428253E-07,0.248928579E-07   -.244428253E-07,0.248928579E-07
    -.244428253E-07,0.248928579E-07   0.474730518E-04,0.211415070E-03   -.865949555E-10,0.981002567E-09
    -.244428253E-07,0.248928579E-07   -.865949555E-10,0.981002567E-09   0.474730518E-04,0.211415070E-03

 SEQUENCE ADMITTANCE MATRIX (Ysq) [mhos/m]: 
    0.000000000E+00,0.942477796E-07   0.000000000E+00,0.000000000E+00   0.000000000E+00,0.000000000E+00
    0.000000000E+00,0.000000000E+00   0.000000000E+00,0.942477796E-07   0.000000000E+00,0.000000000E+00
    0.000000000E+00,0.000000000E+00   0.000000000E+00,0.000000000E+00   0.000000000E+00,0.942477796E-07

 -----------------------------------------------------
  MINIMUM TIME DELAY AND RECOMMENDED TIME STEP
 -----------------------------------------------------
   
   Minimum Time Delay for the Line    [ms]:     0.136071998
   Recommended Time Step for the Line [ms]:     0.013607200
   
